[2022-10-24T23:32:49.982+0200] {processor.py:154} INFO - Started process (PID=19292) to work on /home/batata/PycharmProjects/Restitution_python_test_de/test_de/lib/python3.8/site-packages/airflow/example_dags/example_trigger_target_dag.py
[2022-10-24T23:32:49.983+0200] {processor.py:756} INFO - Processing file /home/batata/PycharmProjects/Restitution_python_test_de/test_de/lib/python3.8/site-packages/airflow/example_dags/example_trigger_target_dag.py for tasks to queue
[2022-10-24T23:32:49.984+0200] {logging_mixin.py:120} INFO - [2022-10-24T23:32:49.984+0200] {dagbag.py:537} INFO - Filling up the DagBag from /home/batata/PycharmProjects/Restitution_python_test_de/test_de/lib/python3.8/site-packages/airflow/example_dags/example_trigger_target_dag.py
[2022-10-24T23:32:50.008+0200] {processor.py:766} INFO - DAG(s) dict_keys(['example_trigger_target_dag']) retrieved from /home/batata/PycharmProjects/Restitution_python_test_de/test_de/lib/python3.8/site-packages/airflow/example_dags/example_trigger_target_dag.py
[2022-10-24T23:32:50.120+0200] {logging_mixin.py:120} INFO - [2022-10-24T23:32:50.120+0200] {manager.py:507} INFO - Created Permission View: can read on DAG:example_trigger_target_dag
[2022-10-24T23:32:50.136+0200] {logging_mixin.py:120} INFO - [2022-10-24T23:32:50.136+0200] {manager.py:507} INFO - Created Permission View: can delete on DAG:example_trigger_target_dag
[2022-10-24T23:32:50.152+0200] {logging_mixin.py:120} INFO - [2022-10-24T23:32:50.152+0200] {manager.py:507} INFO - Created Permission View: can edit on DAG:example_trigger_target_dag
[2022-10-24T23:32:50.152+0200] {logging_mixin.py:120} INFO - [2022-10-24T23:32:50.152+0200] {dag.py:2585} INFO - Sync 1 DAGs
[2022-10-24T23:32:50.164+0200] {logging_mixin.py:120} INFO - [2022-10-24T23:32:50.164+0200] {dag.py:2606} INFO - Creating ORM DAG for example_trigger_target_dag
[2022-10-24T23:32:50.173+0200] {logging_mixin.py:120} INFO - [2022-10-24T23:32:50.173+0200] {dag.py:3336} INFO - Setting next_dagrun for example_trigger_target_dag to None, run_after=None
[2022-10-24T23:32:50.198+0200] {processor.py:176} INFO - Processing /home/batata/PycharmProjects/Restitution_python_test_de/test_de/lib/python3.8/site-packages/airflow/example_dags/example_trigger_target_dag.py took 0.218 seconds
[2022-10-24T23:33:37.197+0200] {processor.py:154} INFO - Started process (PID=19769) to work on /home/batata/PycharmProjects/Restitution_python_test_de/test_de/lib/python3.8/site-packages/airflow/example_dags/example_trigger_target_dag.py
[2022-10-24T23:33:37.199+0200] {processor.py:756} INFO - Processing file /home/batata/PycharmProjects/Restitution_python_test_de/test_de/lib/python3.8/site-packages/airflow/example_dags/example_trigger_target_dag.py for tasks to queue
[2022-10-24T23:33:37.201+0200] {logging_mixin.py:120} INFO - [2022-10-24T23:33:37.201+0200] {dagbag.py:537} INFO - Filling up the DagBag from /home/batata/PycharmProjects/Restitution_python_test_de/test_de/lib/python3.8/site-packages/airflow/example_dags/example_trigger_target_dag.py
[2022-10-24T23:33:37.225+0200] {processor.py:766} INFO - DAG(s) dict_keys(['example_trigger_target_dag']) retrieved from /home/batata/PycharmProjects/Restitution_python_test_de/test_de/lib/python3.8/site-packages/airflow/example_dags/example_trigger_target_dag.py
[2022-10-24T23:33:37.248+0200] {logging_mixin.py:120} INFO - [2022-10-24T23:33:37.248+0200] {dag.py:2585} INFO - Sync 1 DAGs
[2022-10-24T23:33:37.267+0200] {logging_mixin.py:120} INFO - [2022-10-24T23:33:37.267+0200] {dag.py:3336} INFO - Setting next_dagrun for example_trigger_target_dag to None, run_after=None
[2022-10-24T23:33:37.291+0200] {processor.py:176} INFO - Processing /home/batata/PycharmProjects/Restitution_python_test_de/test_de/lib/python3.8/site-packages/airflow/example_dags/example_trigger_target_dag.py took 0.098 seconds
[2022-10-24T23:34:18.939+0200] {processor.py:154} INFO - Started process (PID=20084) to work on /home/batata/PycharmProjects/Restitution_python_test_de/test_de/lib/python3.8/site-packages/airflow/example_dags/example_trigger_target_dag.py
[2022-10-24T23:34:18.942+0200] {processor.py:756} INFO - Processing file /home/batata/PycharmProjects/Restitution_python_test_de/test_de/lib/python3.8/site-packages/airflow/example_dags/example_trigger_target_dag.py for tasks to queue
[2022-10-24T23:34:18.944+0200] {logging_mixin.py:120} INFO - [2022-10-24T23:34:18.943+0200] {dagbag.py:537} INFO - Filling up the DagBag from /home/batata/PycharmProjects/Restitution_python_test_de/test_de/lib/python3.8/site-packages/airflow/example_dags/example_trigger_target_dag.py
[2022-10-24T23:34:18.969+0200] {processor.py:766} INFO - DAG(s) dict_keys(['example_trigger_target_dag']) retrieved from /home/batata/PycharmProjects/Restitution_python_test_de/test_de/lib/python3.8/site-packages/airflow/example_dags/example_trigger_target_dag.py
[2022-10-24T23:34:18.991+0200] {logging_mixin.py:120} INFO - [2022-10-24T23:34:18.991+0200] {dag.py:2585} INFO - Sync 1 DAGs
[2022-10-24T23:34:19.009+0200] {logging_mixin.py:120} INFO - [2022-10-24T23:34:19.009+0200] {dag.py:3336} INFO - Setting next_dagrun for example_trigger_target_dag to None, run_after=None
[2022-10-24T23:34:19.034+0200] {processor.py:176} INFO - Processing /home/batata/PycharmProjects/Restitution_python_test_de/test_de/lib/python3.8/site-packages/airflow/example_dags/example_trigger_target_dag.py took 0.098 seconds
[2022-10-24T23:34:59.036+0200] {processor.py:154} INFO - Started process (PID=20304) to work on /home/batata/PycharmProjects/Restitution_python_test_de/test_de/lib/python3.8/site-packages/airflow/example_dags/example_trigger_target_dag.py
[2022-10-24T23:34:59.039+0200] {processor.py:756} INFO - Processing file /home/batata/PycharmProjects/Restitution_python_test_de/test_de/lib/python3.8/site-packages/airflow/example_dags/example_trigger_target_dag.py for tasks to queue
[2022-10-24T23:34:59.040+0200] {logging_mixin.py:120} INFO - [2022-10-24T23:34:59.040+0200] {dagbag.py:537} INFO - Filling up the DagBag from /home/batata/PycharmProjects/Restitution_python_test_de/test_de/lib/python3.8/site-packages/airflow/example_dags/example_trigger_target_dag.py
[2022-10-24T23:34:59.060+0200] {processor.py:766} INFO - DAG(s) dict_keys(['example_trigger_target_dag']) retrieved from /home/batata/PycharmProjects/Restitution_python_test_de/test_de/lib/python3.8/site-packages/airflow/example_dags/example_trigger_target_dag.py
[2022-10-24T23:34:59.083+0200] {logging_mixin.py:120} INFO - [2022-10-24T23:34:59.083+0200] {dag.py:2585} INFO - Sync 1 DAGs
[2022-10-24T23:34:59.102+0200] {logging_mixin.py:120} INFO - [2022-10-24T23:34:59.102+0200] {dag.py:3336} INFO - Setting next_dagrun for example_trigger_target_dag to None, run_after=None
[2022-10-24T23:34:59.133+0200] {processor.py:176} INFO - Processing /home/batata/PycharmProjects/Restitution_python_test_de/test_de/lib/python3.8/site-packages/airflow/example_dags/example_trigger_target_dag.py took 0.100 seconds
[2022-10-24T23:35:37.921+0200] {processor.py:154} INFO - Started process (PID=20529) to work on /home/batata/PycharmProjects/Restitution_python_test_de/test_de/lib/python3.8/site-packages/airflow/example_dags/example_trigger_target_dag.py
[2022-10-24T23:35:37.924+0200] {processor.py:756} INFO - Processing file /home/batata/PycharmProjects/Restitution_python_test_de/test_de/lib/python3.8/site-packages/airflow/example_dags/example_trigger_target_dag.py for tasks to queue
[2022-10-24T23:35:37.925+0200] {logging_mixin.py:120} INFO - [2022-10-24T23:35:37.925+0200] {dagbag.py:537} INFO - Filling up the DagBag from /home/batata/PycharmProjects/Restitution_python_test_de/test_de/lib/python3.8/site-packages/airflow/example_dags/example_trigger_target_dag.py
[2022-10-24T23:35:37.946+0200] {processor.py:766} INFO - DAG(s) dict_keys(['example_trigger_target_dag']) retrieved from /home/batata/PycharmProjects/Restitution_python_test_de/test_de/lib/python3.8/site-packages/airflow/example_dags/example_trigger_target_dag.py
[2022-10-24T23:35:37.969+0200] {logging_mixin.py:120} INFO - [2022-10-24T23:35:37.969+0200] {dag.py:2585} INFO - Sync 1 DAGs
[2022-10-24T23:35:37.987+0200] {logging_mixin.py:120} INFO - [2022-10-24T23:35:37.987+0200] {dag.py:3336} INFO - Setting next_dagrun for example_trigger_target_dag to None, run_after=None
[2022-10-24T23:35:38.014+0200] {processor.py:176} INFO - Processing /home/batata/PycharmProjects/Restitution_python_test_de/test_de/lib/python3.8/site-packages/airflow/example_dags/example_trigger_target_dag.py took 0.096 seconds
[2022-10-24T23:36:32.546+0200] {processor.py:154} INFO - Started process (PID=21029) to work on /home/batata/PycharmProjects/Restitution_python_test_de/test_de/lib/python3.8/site-packages/airflow/example_dags/example_trigger_target_dag.py
[2022-10-24T23:36:32.550+0200] {processor.py:756} INFO - Processing file /home/batata/PycharmProjects/Restitution_python_test_de/test_de/lib/python3.8/site-packages/airflow/example_dags/example_trigger_target_dag.py for tasks to queue
[2022-10-24T23:36:32.551+0200] {logging_mixin.py:120} INFO - [2022-10-24T23:36:32.551+0200] {dagbag.py:537} INFO - Filling up the DagBag from /home/batata/PycharmProjects/Restitution_python_test_de/test_de/lib/python3.8/site-packages/airflow/example_dags/example_trigger_target_dag.py
[2022-10-24T23:36:32.609+0200] {processor.py:766} INFO - DAG(s) dict_keys(['example_trigger_target_dag']) retrieved from /home/batata/PycharmProjects/Restitution_python_test_de/test_de/lib/python3.8/site-packages/airflow/example_dags/example_trigger_target_dag.py
[2022-10-24T23:36:32.658+0200] {logging_mixin.py:120} INFO - [2022-10-24T23:36:32.658+0200] {dag.py:2585} INFO - Sync 1 DAGs
[2022-10-24T23:36:32.697+0200] {logging_mixin.py:120} INFO - [2022-10-24T23:36:32.697+0200] {dag.py:3336} INFO - Setting next_dagrun for example_trigger_target_dag to None, run_after=None
[2022-10-24T23:36:32.748+0200] {processor.py:176} INFO - Processing /home/batata/PycharmProjects/Restitution_python_test_de/test_de/lib/python3.8/site-packages/airflow/example_dags/example_trigger_target_dag.py took 0.210 seconds
[2022-10-24T23:37:10.788+0200] {processor.py:154} INFO - Started process (PID=21255) to work on /home/batata/PycharmProjects/Restitution_python_test_de/test_de/lib/python3.8/site-packages/airflow/example_dags/example_trigger_target_dag.py
[2022-10-24T23:37:10.791+0200] {processor.py:756} INFO - Processing file /home/batata/PycharmProjects/Restitution_python_test_de/test_de/lib/python3.8/site-packages/airflow/example_dags/example_trigger_target_dag.py for tasks to queue
[2022-10-24T23:37:10.791+0200] {logging_mixin.py:120} INFO - [2022-10-24T23:37:10.791+0200] {dagbag.py:537} INFO - Filling up the DagBag from /home/batata/PycharmProjects/Restitution_python_test_de/test_de/lib/python3.8/site-packages/airflow/example_dags/example_trigger_target_dag.py
[2022-10-24T23:37:10.817+0200] {processor.py:766} INFO - DAG(s) dict_keys(['example_trigger_target_dag']) retrieved from /home/batata/PycharmProjects/Restitution_python_test_de/test_de/lib/python3.8/site-packages/airflow/example_dags/example_trigger_target_dag.py
[2022-10-24T23:37:10.839+0200] {logging_mixin.py:120} INFO - [2022-10-24T23:37:10.839+0200] {dag.py:2585} INFO - Sync 1 DAGs
[2022-10-24T23:37:10.859+0200] {logging_mixin.py:120} INFO - [2022-10-24T23:37:10.859+0200] {dag.py:3336} INFO - Setting next_dagrun for example_trigger_target_dag to None, run_after=None
[2022-10-24T23:37:10.888+0200] {processor.py:176} INFO - Processing /home/batata/PycharmProjects/Restitution_python_test_de/test_de/lib/python3.8/site-packages/airflow/example_dags/example_trigger_target_dag.py took 0.103 seconds
[2022-10-24T23:37:48.977+0200] {processor.py:154} INFO - Started process (PID=21438) to work on /home/batata/PycharmProjects/Restitution_python_test_de/test_de/lib/python3.8/site-packages/airflow/example_dags/example_trigger_target_dag.py
[2022-10-24T23:37:48.980+0200] {processor.py:756} INFO - Processing file /home/batata/PycharmProjects/Restitution_python_test_de/test_de/lib/python3.8/site-packages/airflow/example_dags/example_trigger_target_dag.py for tasks to queue
[2022-10-24T23:37:48.980+0200] {logging_mixin.py:120} INFO - [2022-10-24T23:37:48.980+0200] {dagbag.py:537} INFO - Filling up the DagBag from /home/batata/PycharmProjects/Restitution_python_test_de/test_de/lib/python3.8/site-packages/airflow/example_dags/example_trigger_target_dag.py
[2022-10-24T23:37:49.002+0200] {processor.py:766} INFO - DAG(s) dict_keys(['example_trigger_target_dag']) retrieved from /home/batata/PycharmProjects/Restitution_python_test_de/test_de/lib/python3.8/site-packages/airflow/example_dags/example_trigger_target_dag.py
[2022-10-24T23:37:49.026+0200] {logging_mixin.py:120} INFO - [2022-10-24T23:37:49.026+0200] {dag.py:2585} INFO - Sync 1 DAGs
[2022-10-24T23:37:49.053+0200] {logging_mixin.py:120} INFO - [2022-10-24T23:37:49.052+0200] {dag.py:3336} INFO - Setting next_dagrun for example_trigger_target_dag to None, run_after=None
[2022-10-24T23:37:49.084+0200] {processor.py:176} INFO - Processing /home/batata/PycharmProjects/Restitution_python_test_de/test_de/lib/python3.8/site-packages/airflow/example_dags/example_trigger_target_dag.py took 0.109 seconds
