[2022-10-24T23:32:46.010+0200] {processor.py:154} INFO - Started process (PID=19245) to work on /home/batata/PycharmProjects/Restitution_python_test_de/test_de/lib/python3.8/site-packages/airflow/example_dags/example_subdag_operator.py
[2022-10-24T23:32:46.011+0200] {processor.py:756} INFO - Processing file /home/batata/PycharmProjects/Restitution_python_test_de/test_de/lib/python3.8/site-packages/airflow/example_dags/example_subdag_operator.py for tasks to queue
[2022-10-24T23:32:46.012+0200] {logging_mixin.py:120} INFO - [2022-10-24T23:32:46.012+0200] {dagbag.py:537} INFO - Filling up the DagBag from /home/batata/PycharmProjects/Restitution_python_test_de/test_de/lib/python3.8/site-packages/airflow/example_dags/example_subdag_operator.py
[2022-10-24T23:32:46.037+0200] {processor.py:766} INFO - DAG(s) dict_keys(['example_subdag_operator.section-1', 'example_subdag_operator.section-2', 'example_subdag_operator']) retrieved from /home/batata/PycharmProjects/Restitution_python_test_de/test_de/lib/python3.8/site-packages/airflow/example_dags/example_subdag_operator.py
[2022-10-24T23:32:46.225+0200] {logging_mixin.py:120} INFO - [2022-10-24T23:32:46.224+0200] {manager.py:507} INFO - Created Permission View: can read on DAG:example_subdag_operator
[2022-10-24T23:32:46.240+0200] {logging_mixin.py:120} INFO - [2022-10-24T23:32:46.239+0200] {manager.py:507} INFO - Created Permission View: can delete on DAG:example_subdag_operator
[2022-10-24T23:32:46.258+0200] {logging_mixin.py:120} INFO - [2022-10-24T23:32:46.257+0200] {manager.py:507} INFO - Created Permission View: can edit on DAG:example_subdag_operator
[2022-10-24T23:32:46.258+0200] {logging_mixin.py:120} INFO - [2022-10-24T23:32:46.258+0200] {dag.py:2585} INFO - Sync 3 DAGs
[2022-10-24T23:32:46.278+0200] {logging_mixin.py:120} INFO - [2022-10-24T23:32:46.277+0200] {dag.py:2606} INFO - Creating ORM DAG for example_subdag_operator.section-2
[2022-10-24T23:32:46.279+0200] {logging_mixin.py:120} INFO - [2022-10-24T23:32:46.278+0200] {dag.py:2606} INFO - Creating ORM DAG for example_subdag_operator
[2022-10-24T23:32:46.279+0200] {logging_mixin.py:120} INFO - [2022-10-24T23:32:46.279+0200] {dag.py:2606} INFO - Creating ORM DAG for example_subdag_operator.section-1
[2022-10-24T23:32:46.293+0200] {logging_mixin.py:120} INFO - [2022-10-24T23:32:46.292+0200] {dag.py:3336} INFO - Setting next_dagrun for example_subdag_operator to 2022-01-01T00:00:00+00:00, run_after=2022-01-01T00:00:00+00:00
[2022-10-24T23:32:46.294+0200] {logging_mixin.py:120} INFO - [2022-10-24T23:32:46.294+0200] {dag.py:3336} INFO - Setting next_dagrun for example_subdag_operator.section-1 to None, run_after=None
[2022-10-24T23:32:46.294+0200] {logging_mixin.py:120} INFO - [2022-10-24T23:32:46.294+0200] {dag.py:3336} INFO - Setting next_dagrun for example_subdag_operator.section-2 to None, run_after=None
[2022-10-24T23:32:46.304+0200] {logging_mixin.py:120} INFO - [2022-10-24T23:32:46.304+0200] {dag.py:2585} INFO - Sync 2 DAGs
[2022-10-24T23:32:46.312+0200] {logging_mixin.py:120} INFO - [2022-10-24T23:32:46.312+0200] {dag.py:3336} INFO - Setting next_dagrun for example_subdag_operator.section-1 to None, run_after=None
[2022-10-24T23:32:46.316+0200] {logging_mixin.py:120} INFO - [2022-10-24T23:32:46.316+0200] {dag.py:3336} INFO - Setting next_dagrun for example_subdag_operator.section-2 to None, run_after=None
[2022-10-24T23:32:46.351+0200] {processor.py:176} INFO - Processing /home/batata/PycharmProjects/Restitution_python_test_de/test_de/lib/python3.8/site-packages/airflow/example_dags/example_subdag_operator.py took 0.343 seconds
[2022-10-24T23:33:34.522+0200] {processor.py:154} INFO - Started process (PID=19732) to work on /home/batata/PycharmProjects/Restitution_python_test_de/test_de/lib/python3.8/site-packages/airflow/example_dags/example_subdag_operator.py
[2022-10-24T23:33:34.524+0200] {processor.py:756} INFO - Processing file /home/batata/PycharmProjects/Restitution_python_test_de/test_de/lib/python3.8/site-packages/airflow/example_dags/example_subdag_operator.py for tasks to queue
[2022-10-24T23:33:34.526+0200] {logging_mixin.py:120} INFO - [2022-10-24T23:33:34.526+0200] {dagbag.py:537} INFO - Filling up the DagBag from /home/batata/PycharmProjects/Restitution_python_test_de/test_de/lib/python3.8/site-packages/airflow/example_dags/example_subdag_operator.py
[2022-10-24T23:33:34.564+0200] {processor.py:766} INFO - DAG(s) dict_keys(['example_subdag_operator.section-1', 'example_subdag_operator.section-2', 'example_subdag_operator']) retrieved from /home/batata/PycharmProjects/Restitution_python_test_de/test_de/lib/python3.8/site-packages/airflow/example_dags/example_subdag_operator.py
[2022-10-24T23:33:34.725+0200] {logging_mixin.py:120} INFO - [2022-10-24T23:33:34.724+0200] {dag.py:2585} INFO - Sync 3 DAGs
[2022-10-24T23:33:34.754+0200] {logging_mixin.py:120} INFO - [2022-10-24T23:33:34.754+0200] {dag.py:3336} INFO - Setting next_dagrun for example_subdag_operator to 2022-01-01T00:00:00+00:00, run_after=2022-01-01T00:00:00+00:00
[2022-10-24T23:33:34.758+0200] {logging_mixin.py:120} INFO - [2022-10-24T23:33:34.758+0200] {dag.py:3336} INFO - Setting next_dagrun for example_subdag_operator.section-1 to None, run_after=None
[2022-10-24T23:33:34.760+0200] {logging_mixin.py:120} INFO - [2022-10-24T23:33:34.760+0200] {dag.py:3336} INFO - Setting next_dagrun for example_subdag_operator.section-2 to None, run_after=None
[2022-10-24T23:33:34.768+0200] {logging_mixin.py:120} INFO - [2022-10-24T23:33:34.768+0200] {dag.py:2585} INFO - Sync 2 DAGs
[2022-10-24T23:33:34.775+0200] {logging_mixin.py:120} INFO - [2022-10-24T23:33:34.774+0200] {dag.py:3336} INFO - Setting next_dagrun for example_subdag_operator.section-1 to None, run_after=None
[2022-10-24T23:33:34.775+0200] {logging_mixin.py:120} INFO - [2022-10-24T23:33:34.775+0200] {dag.py:3336} INFO - Setting next_dagrun for example_subdag_operator.section-2 to None, run_after=None
[2022-10-24T23:33:34.799+0200] {processor.py:176} INFO - Processing /home/batata/PycharmProjects/Restitution_python_test_de/test_de/lib/python3.8/site-packages/airflow/example_dags/example_subdag_operator.py took 0.281 seconds
[2022-10-24T23:34:15.428+0200] {processor.py:154} INFO - Started process (PID=20081) to work on /home/batata/PycharmProjects/Restitution_python_test_de/test_de/lib/python3.8/site-packages/airflow/example_dags/example_subdag_operator.py
[2022-10-24T23:34:15.431+0200] {processor.py:756} INFO - Processing file /home/batata/PycharmProjects/Restitution_python_test_de/test_de/lib/python3.8/site-packages/airflow/example_dags/example_subdag_operator.py for tasks to queue
[2022-10-24T23:34:15.433+0200] {logging_mixin.py:120} INFO - [2022-10-24T23:34:15.433+0200] {dagbag.py:537} INFO - Filling up the DagBag from /home/batata/PycharmProjects/Restitution_python_test_de/test_de/lib/python3.8/site-packages/airflow/example_dags/example_subdag_operator.py
[2022-10-24T23:34:15.462+0200] {processor.py:766} INFO - DAG(s) dict_keys(['example_subdag_operator.section-1', 'example_subdag_operator.section-2', 'example_subdag_operator']) retrieved from /home/batata/PycharmProjects/Restitution_python_test_de/test_de/lib/python3.8/site-packages/airflow/example_dags/example_subdag_operator.py
[2022-10-24T23:34:15.547+0200] {logging_mixin.py:120} INFO - [2022-10-24T23:34:15.547+0200] {dag.py:2585} INFO - Sync 3 DAGs
[2022-10-24T23:34:15.565+0200] {logging_mixin.py:120} INFO - [2022-10-24T23:34:15.565+0200] {dag.py:3336} INFO - Setting next_dagrun for example_subdag_operator to 2022-01-01T00:00:00+00:00, run_after=2022-01-01T00:00:00+00:00
[2022-10-24T23:34:15.567+0200] {logging_mixin.py:120} INFO - [2022-10-24T23:34:15.567+0200] {dag.py:3336} INFO - Setting next_dagrun for example_subdag_operator.section-1 to None, run_after=None
[2022-10-24T23:34:15.568+0200] {logging_mixin.py:120} INFO - [2022-10-24T23:34:15.568+0200] {dag.py:3336} INFO - Setting next_dagrun for example_subdag_operator.section-2 to None, run_after=None
[2022-10-24T23:34:15.573+0200] {logging_mixin.py:120} INFO - [2022-10-24T23:34:15.573+0200] {dag.py:2585} INFO - Sync 2 DAGs
[2022-10-24T23:34:15.577+0200] {logging_mixin.py:120} INFO - [2022-10-24T23:34:15.577+0200] {dag.py:3336} INFO - Setting next_dagrun for example_subdag_operator.section-1 to None, run_after=None
[2022-10-24T23:34:15.577+0200] {logging_mixin.py:120} INFO - [2022-10-24T23:34:15.577+0200] {dag.py:3336} INFO - Setting next_dagrun for example_subdag_operator.section-2 to None, run_after=None
[2022-10-24T23:34:15.597+0200] {processor.py:176} INFO - Processing /home/batata/PycharmProjects/Restitution_python_test_de/test_de/lib/python3.8/site-packages/airflow/example_dags/example_subdag_operator.py took 0.172 seconds
[2022-10-24T23:34:55.337+0200] {processor.py:154} INFO - Started process (PID=20284) to work on /home/batata/PycharmProjects/Restitution_python_test_de/test_de/lib/python3.8/site-packages/airflow/example_dags/example_subdag_operator.py
[2022-10-24T23:34:55.340+0200] {processor.py:756} INFO - Processing file /home/batata/PycharmProjects/Restitution_python_test_de/test_de/lib/python3.8/site-packages/airflow/example_dags/example_subdag_operator.py for tasks to queue
[2022-10-24T23:34:55.342+0200] {logging_mixin.py:120} INFO - [2022-10-24T23:34:55.342+0200] {dagbag.py:537} INFO - Filling up the DagBag from /home/batata/PycharmProjects/Restitution_python_test_de/test_de/lib/python3.8/site-packages/airflow/example_dags/example_subdag_operator.py
[2022-10-24T23:34:55.370+0200] {processor.py:766} INFO - DAG(s) dict_keys(['example_subdag_operator.section-1', 'example_subdag_operator.section-2', 'example_subdag_operator']) retrieved from /home/batata/PycharmProjects/Restitution_python_test_de/test_de/lib/python3.8/site-packages/airflow/example_dags/example_subdag_operator.py
[2022-10-24T23:34:55.455+0200] {logging_mixin.py:120} INFO - [2022-10-24T23:34:55.455+0200] {dag.py:2585} INFO - Sync 3 DAGs
[2022-10-24T23:34:55.473+0200] {logging_mixin.py:120} INFO - [2022-10-24T23:34:55.472+0200] {dag.py:3336} INFO - Setting next_dagrun for example_subdag_operator to 2022-01-01T00:00:00+00:00, run_after=2022-01-01T00:00:00+00:00
[2022-10-24T23:34:55.475+0200] {logging_mixin.py:120} INFO - [2022-10-24T23:34:55.475+0200] {dag.py:3336} INFO - Setting next_dagrun for example_subdag_operator.section-1 to None, run_after=None
[2022-10-24T23:34:55.476+0200] {logging_mixin.py:120} INFO - [2022-10-24T23:34:55.476+0200] {dag.py:3336} INFO - Setting next_dagrun for example_subdag_operator.section-2 to None, run_after=None
[2022-10-24T23:34:55.481+0200] {logging_mixin.py:120} INFO - [2022-10-24T23:34:55.481+0200] {dag.py:2585} INFO - Sync 2 DAGs
[2022-10-24T23:34:55.485+0200] {logging_mixin.py:120} INFO - [2022-10-24T23:34:55.485+0200] {dag.py:3336} INFO - Setting next_dagrun for example_subdag_operator.section-1 to None, run_after=None
[2022-10-24T23:34:55.485+0200] {logging_mixin.py:120} INFO - [2022-10-24T23:34:55.485+0200] {dag.py:3336} INFO - Setting next_dagrun for example_subdag_operator.section-2 to None, run_after=None
[2022-10-24T23:34:55.504+0200] {processor.py:176} INFO - Processing /home/batata/PycharmProjects/Restitution_python_test_de/test_de/lib/python3.8/site-packages/airflow/example_dags/example_subdag_operator.py took 0.170 seconds
[2022-10-24T23:35:34.863+0200] {processor.py:154} INFO - Started process (PID=20524) to work on /home/batata/PycharmProjects/Restitution_python_test_de/test_de/lib/python3.8/site-packages/airflow/example_dags/example_subdag_operator.py
[2022-10-24T23:35:34.866+0200] {processor.py:756} INFO - Processing file /home/batata/PycharmProjects/Restitution_python_test_de/test_de/lib/python3.8/site-packages/airflow/example_dags/example_subdag_operator.py for tasks to queue
[2022-10-24T23:35:34.867+0200] {logging_mixin.py:120} INFO - [2022-10-24T23:35:34.867+0200] {dagbag.py:537} INFO - Filling up the DagBag from /home/batata/PycharmProjects/Restitution_python_test_de/test_de/lib/python3.8/site-packages/airflow/example_dags/example_subdag_operator.py
[2022-10-24T23:35:34.892+0200] {processor.py:766} INFO - DAG(s) dict_keys(['example_subdag_operator.section-1', 'example_subdag_operator.section-2', 'example_subdag_operator']) retrieved from /home/batata/PycharmProjects/Restitution_python_test_de/test_de/lib/python3.8/site-packages/airflow/example_dags/example_subdag_operator.py
[2022-10-24T23:35:34.988+0200] {logging_mixin.py:120} INFO - [2022-10-24T23:35:34.988+0200] {dag.py:2585} INFO - Sync 3 DAGs
[2022-10-24T23:35:35.009+0200] {logging_mixin.py:120} INFO - [2022-10-24T23:35:35.009+0200] {dag.py:3336} INFO - Setting next_dagrun for example_subdag_operator to 2022-01-01T00:00:00+00:00, run_after=2022-01-01T00:00:00+00:00
[2022-10-24T23:35:35.012+0200] {logging_mixin.py:120} INFO - [2022-10-24T23:35:35.012+0200] {dag.py:3336} INFO - Setting next_dagrun for example_subdag_operator.section-1 to None, run_after=None
[2022-10-24T23:35:35.013+0200] {logging_mixin.py:120} INFO - [2022-10-24T23:35:35.013+0200] {dag.py:3336} INFO - Setting next_dagrun for example_subdag_operator.section-2 to None, run_after=None
[2022-10-24T23:35:35.020+0200] {logging_mixin.py:120} INFO - [2022-10-24T23:35:35.019+0200] {dag.py:2585} INFO - Sync 2 DAGs
[2022-10-24T23:35:35.026+0200] {logging_mixin.py:120} INFO - [2022-10-24T23:35:35.026+0200] {dag.py:3336} INFO - Setting next_dagrun for example_subdag_operator.section-1 to None, run_after=None
[2022-10-24T23:35:35.026+0200] {logging_mixin.py:120} INFO - [2022-10-24T23:35:35.026+0200] {dag.py:3336} INFO - Setting next_dagrun for example_subdag_operator.section-2 to None, run_after=None
[2022-10-24T23:35:35.047+0200] {processor.py:176} INFO - Processing /home/batata/PycharmProjects/Restitution_python_test_de/test_de/lib/python3.8/site-packages/airflow/example_dags/example_subdag_operator.py took 0.187 seconds
[2022-10-24T23:36:28.857+0200] {processor.py:154} INFO - Started process (PID=20967) to work on /home/batata/PycharmProjects/Restitution_python_test_de/test_de/lib/python3.8/site-packages/airflow/example_dags/example_subdag_operator.py
[2022-10-24T23:36:28.860+0200] {processor.py:756} INFO - Processing file /home/batata/PycharmProjects/Restitution_python_test_de/test_de/lib/python3.8/site-packages/airflow/example_dags/example_subdag_operator.py for tasks to queue
[2022-10-24T23:36:28.861+0200] {logging_mixin.py:120} INFO - [2022-10-24T23:36:28.860+0200] {dagbag.py:537} INFO - Filling up the DagBag from /home/batata/PycharmProjects/Restitution_python_test_de/test_de/lib/python3.8/site-packages/airflow/example_dags/example_subdag_operator.py
[2022-10-24T23:36:28.892+0200] {processor.py:766} INFO - DAG(s) dict_keys(['example_subdag_operator.section-1', 'example_subdag_operator.section-2', 'example_subdag_operator']) retrieved from /home/batata/PycharmProjects/Restitution_python_test_de/test_de/lib/python3.8/site-packages/airflow/example_dags/example_subdag_operator.py
[2022-10-24T23:36:28.979+0200] {logging_mixin.py:120} INFO - [2022-10-24T23:36:28.979+0200] {dag.py:2585} INFO - Sync 3 DAGs
[2022-10-24T23:36:29.005+0200] {logging_mixin.py:120} INFO - [2022-10-24T23:36:29.005+0200] {dag.py:3336} INFO - Setting next_dagrun for example_subdag_operator to 2022-01-01T00:00:00+00:00, run_after=2022-01-01T00:00:00+00:00
[2022-10-24T23:36:29.008+0200] {logging_mixin.py:120} INFO - [2022-10-24T23:36:29.008+0200] {dag.py:3336} INFO - Setting next_dagrun for example_subdag_operator.section-1 to None, run_after=None
[2022-10-24T23:36:29.009+0200] {logging_mixin.py:120} INFO - [2022-10-24T23:36:29.009+0200] {dag.py:3336} INFO - Setting next_dagrun for example_subdag_operator.section-2 to None, run_after=None
[2022-10-24T23:36:29.014+0200] {logging_mixin.py:120} INFO - [2022-10-24T23:36:29.014+0200] {dag.py:2585} INFO - Sync 2 DAGs
[2022-10-24T23:36:29.018+0200] {logging_mixin.py:120} INFO - [2022-10-24T23:36:29.018+0200] {dag.py:3336} INFO - Setting next_dagrun for example_subdag_operator.section-1 to None, run_after=None
[2022-10-24T23:36:29.018+0200] {logging_mixin.py:120} INFO - [2022-10-24T23:36:29.018+0200] {dag.py:3336} INFO - Setting next_dagrun for example_subdag_operator.section-2 to None, run_after=None
[2022-10-24T23:36:29.039+0200] {processor.py:176} INFO - Processing /home/batata/PycharmProjects/Restitution_python_test_de/test_de/lib/python3.8/site-packages/airflow/example_dags/example_subdag_operator.py took 0.185 seconds
[2022-10-24T23:37:08.057+0200] {processor.py:154} INFO - Started process (PID=21251) to work on /home/batata/PycharmProjects/Restitution_python_test_de/test_de/lib/python3.8/site-packages/airflow/example_dags/example_subdag_operator.py
[2022-10-24T23:37:08.059+0200] {processor.py:756} INFO - Processing file /home/batata/PycharmProjects/Restitution_python_test_de/test_de/lib/python3.8/site-packages/airflow/example_dags/example_subdag_operator.py for tasks to queue
[2022-10-24T23:37:08.060+0200] {logging_mixin.py:120} INFO - [2022-10-24T23:37:08.060+0200] {dagbag.py:537} INFO - Filling up the DagBag from /home/batata/PycharmProjects/Restitution_python_test_de/test_de/lib/python3.8/site-packages/airflow/example_dags/example_subdag_operator.py
[2022-10-24T23:37:08.090+0200] {processor.py:766} INFO - DAG(s) dict_keys(['example_subdag_operator.section-1', 'example_subdag_operator.section-2', 'example_subdag_operator']) retrieved from /home/batata/PycharmProjects/Restitution_python_test_de/test_de/lib/python3.8/site-packages/airflow/example_dags/example_subdag_operator.py
[2022-10-24T23:37:08.177+0200] {logging_mixin.py:120} INFO - [2022-10-24T23:37:08.177+0200] {dag.py:2585} INFO - Sync 3 DAGs
[2022-10-24T23:37:08.196+0200] {logging_mixin.py:120} INFO - [2022-10-24T23:37:08.196+0200] {dag.py:3336} INFO - Setting next_dagrun for example_subdag_operator to 2022-01-01T00:00:00+00:00, run_after=2022-01-01T00:00:00+00:00
[2022-10-24T23:37:08.199+0200] {logging_mixin.py:120} INFO - [2022-10-24T23:37:08.199+0200] {dag.py:3336} INFO - Setting next_dagrun for example_subdag_operator.section-1 to None, run_after=None
[2022-10-24T23:37:08.200+0200] {logging_mixin.py:120} INFO - [2022-10-24T23:37:08.200+0200] {dag.py:3336} INFO - Setting next_dagrun for example_subdag_operator.section-2 to None, run_after=None
[2022-10-24T23:37:08.205+0200] {logging_mixin.py:120} INFO - [2022-10-24T23:37:08.205+0200] {dag.py:2585} INFO - Sync 2 DAGs
[2022-10-24T23:37:08.209+0200] {logging_mixin.py:120} INFO - [2022-10-24T23:37:08.209+0200] {dag.py:3336} INFO - Setting next_dagrun for example_subdag_operator.section-1 to None, run_after=None
[2022-10-24T23:37:08.209+0200] {logging_mixin.py:120} INFO - [2022-10-24T23:37:08.209+0200] {dag.py:3336} INFO - Setting next_dagrun for example_subdag_operator.section-2 to None, run_after=None
[2022-10-24T23:37:08.228+0200] {processor.py:176} INFO - Processing /home/batata/PycharmProjects/Restitution_python_test_de/test_de/lib/python3.8/site-packages/airflow/example_dags/example_subdag_operator.py took 0.175 seconds
[2022-10-24T23:37:46.329+0200] {processor.py:154} INFO - Started process (PID=21416) to work on /home/batata/PycharmProjects/Restitution_python_test_de/test_de/lib/python3.8/site-packages/airflow/example_dags/example_subdag_operator.py
[2022-10-24T23:37:46.331+0200] {processor.py:756} INFO - Processing file /home/batata/PycharmProjects/Restitution_python_test_de/test_de/lib/python3.8/site-packages/airflow/example_dags/example_subdag_operator.py for tasks to queue
[2022-10-24T23:37:46.332+0200] {logging_mixin.py:120} INFO - [2022-10-24T23:37:46.332+0200] {dagbag.py:537} INFO - Filling up the DagBag from /home/batata/PycharmProjects/Restitution_python_test_de/test_de/lib/python3.8/site-packages/airflow/example_dags/example_subdag_operator.py
[2022-10-24T23:37:46.362+0200] {processor.py:766} INFO - DAG(s) dict_keys(['example_subdag_operator.section-1', 'example_subdag_operator.section-2', 'example_subdag_operator']) retrieved from /home/batata/PycharmProjects/Restitution_python_test_de/test_de/lib/python3.8/site-packages/airflow/example_dags/example_subdag_operator.py
[2022-10-24T23:37:46.447+0200] {logging_mixin.py:120} INFO - [2022-10-24T23:37:46.446+0200] {dag.py:2585} INFO - Sync 3 DAGs
[2022-10-24T23:37:46.464+0200] {logging_mixin.py:120} INFO - [2022-10-24T23:37:46.464+0200] {dag.py:3336} INFO - Setting next_dagrun for example_subdag_operator to 2022-01-01T00:00:00+00:00, run_after=2022-01-01T00:00:00+00:00
[2022-10-24T23:37:46.467+0200] {logging_mixin.py:120} INFO - [2022-10-24T23:37:46.467+0200] {dag.py:3336} INFO - Setting next_dagrun for example_subdag_operator.section-1 to None, run_after=None
[2022-10-24T23:37:46.467+0200] {logging_mixin.py:120} INFO - [2022-10-24T23:37:46.467+0200] {dag.py:3336} INFO - Setting next_dagrun for example_subdag_operator.section-2 to None, run_after=None
[2022-10-24T23:37:46.473+0200] {logging_mixin.py:120} INFO - [2022-10-24T23:37:46.472+0200] {dag.py:2585} INFO - Sync 2 DAGs
[2022-10-24T23:37:46.476+0200] {logging_mixin.py:120} INFO - [2022-10-24T23:37:46.476+0200] {dag.py:3336} INFO - Setting next_dagrun for example_subdag_operator.section-1 to None, run_after=None
[2022-10-24T23:37:46.477+0200] {logging_mixin.py:120} INFO - [2022-10-24T23:37:46.477+0200] {dag.py:3336} INFO - Setting next_dagrun for example_subdag_operator.section-2 to None, run_after=None
[2022-10-24T23:37:46.500+0200] {processor.py:176} INFO - Processing /home/batata/PycharmProjects/Restitution_python_test_de/test_de/lib/python3.8/site-packages/airflow/example_dags/example_subdag_operator.py took 0.174 seconds
