[2022-10-24T23:32:34.020+0200] {processor.py:154} INFO - Started process (PID=19165) to work on /home/batata/PycharmProjects/Restitution_python_test_de/test_de/lib/python3.8/site-packages/airflow/example_dags/example_nested_branch_dag.py
[2022-10-24T23:32:34.021+0200] {processor.py:756} INFO - Processing file /home/batata/PycharmProjects/Restitution_python_test_de/test_de/lib/python3.8/site-packages/airflow/example_dags/example_nested_branch_dag.py for tasks to queue
[2022-10-24T23:32:34.034+0200] {logging_mixin.py:120} INFO - [2022-10-24T23:32:34.034+0200] {dagbag.py:537} INFO - Filling up the DagBag from /home/batata/PycharmProjects/Restitution_python_test_de/test_de/lib/python3.8/site-packages/airflow/example_dags/example_nested_branch_dag.py
[2022-10-24T23:32:34.075+0200] {processor.py:766} INFO - DAG(s) dict_keys(['example_nested_branch_dag']) retrieved from /home/batata/PycharmProjects/Restitution_python_test_de/test_de/lib/python3.8/site-packages/airflow/example_dags/example_nested_branch_dag.py
[2022-10-24T23:32:34.260+0200] {logging_mixin.py:120} INFO - [2022-10-24T23:32:34.260+0200] {manager.py:507} INFO - Created Permission View: can read on DAG:example_nested_branch_dag
[2022-10-24T23:32:34.275+0200] {logging_mixin.py:120} INFO - [2022-10-24T23:32:34.275+0200] {manager.py:507} INFO - Created Permission View: can delete on DAG:example_nested_branch_dag
[2022-10-24T23:32:34.294+0200] {logging_mixin.py:120} INFO - [2022-10-24T23:32:34.293+0200] {manager.py:507} INFO - Created Permission View: can edit on DAG:example_nested_branch_dag
[2022-10-24T23:32:34.294+0200] {logging_mixin.py:120} INFO - [2022-10-24T23:32:34.294+0200] {dag.py:2585} INFO - Sync 1 DAGs
[2022-10-24T23:32:34.311+0200] {logging_mixin.py:120} INFO - [2022-10-24T23:32:34.310+0200] {dag.py:2606} INFO - Creating ORM DAG for example_nested_branch_dag
[2022-10-24T23:32:34.329+0200] {logging_mixin.py:120} INFO - [2022-10-24T23:32:34.328+0200] {dag.py:3336} INFO - Setting next_dagrun for example_nested_branch_dag to 2022-10-23T00:00:00+00:00, run_after=2022-10-24T00:00:00+00:00
[2022-10-24T23:32:34.362+0200] {processor.py:176} INFO - Processing /home/batata/PycharmProjects/Restitution_python_test_de/test_de/lib/python3.8/site-packages/airflow/example_dags/example_nested_branch_dag.py took 0.344 seconds
[2022-10-24T23:32:38.778+0200] {processor.py:154} INFO - Started process (PID=19201) to work on /home/batata/PycharmProjects/Restitution_python_test_de/test_de/lib/python3.8/site-packages/airflow/example_dags/example_nested_branch_dag.py
[2022-10-24T23:32:38.778+0200] {processor.py:756} INFO - Processing file /home/batata/PycharmProjects/Restitution_python_test_de/test_de/lib/python3.8/site-packages/airflow/example_dags/example_nested_branch_dag.py for tasks to queue
[2022-10-24T23:32:38.779+0200] {logging_mixin.py:120} INFO - [2022-10-24T23:32:38.779+0200] {dagbag.py:537} INFO - Filling up the DagBag from /home/batata/PycharmProjects/Restitution_python_test_de/test_de/lib/python3.8/site-packages/airflow/example_dags/example_nested_branch_dag.py
[2022-10-24T23:32:38.810+0200] {processor.py:766} INFO - DAG(s) dict_keys(['example_nested_branch_dag']) retrieved from /home/batata/PycharmProjects/Restitution_python_test_de/test_de/lib/python3.8/site-packages/airflow/example_dags/example_nested_branch_dag.py
[2022-10-24T23:32:38.821+0200] {logging_mixin.py:120} INFO - [2022-10-24T23:32:38.821+0200] {dag.py:2585} INFO - Sync 1 DAGs
[2022-10-24T23:32:38.842+0200] {logging_mixin.py:120} INFO - [2022-10-24T23:32:38.842+0200] {dag.py:3336} INFO - Setting next_dagrun for example_nested_branch_dag to 2022-10-23T00:00:00+00:00, run_after=2022-10-24T00:00:00+00:00
[2022-10-24T23:32:38.874+0200] {processor.py:176} INFO - Processing /home/batata/PycharmProjects/Restitution_python_test_de/test_de/lib/python3.8/site-packages/airflow/example_dags/example_nested_branch_dag.py took 0.100 seconds
[2022-10-24T23:33:21.358+0200] {processor.py:154} INFO - Started process (PID=19583) to work on /home/batata/PycharmProjects/Restitution_python_test_de/test_de/lib/python3.8/site-packages/airflow/example_dags/example_nested_branch_dag.py
[2022-10-24T23:33:21.365+0200] {processor.py:756} INFO - Processing file /home/batata/PycharmProjects/Restitution_python_test_de/test_de/lib/python3.8/site-packages/airflow/example_dags/example_nested_branch_dag.py for tasks to queue
[2022-10-24T23:33:21.368+0200] {logging_mixin.py:120} INFO - [2022-10-24T23:33:21.367+0200] {dagbag.py:537} INFO - Filling up the DagBag from /home/batata/PycharmProjects/Restitution_python_test_de/test_de/lib/python3.8/site-packages/airflow/example_dags/example_nested_branch_dag.py
[2022-10-24T23:33:21.412+0200] {processor.py:766} INFO - DAG(s) dict_keys(['example_nested_branch_dag']) retrieved from /home/batata/PycharmProjects/Restitution_python_test_de/test_de/lib/python3.8/site-packages/airflow/example_dags/example_nested_branch_dag.py
[2022-10-24T23:33:21.448+0200] {logging_mixin.py:120} INFO - [2022-10-24T23:33:21.448+0200] {dag.py:2585} INFO - Sync 1 DAGs
[2022-10-24T23:33:21.484+0200] {logging_mixin.py:120} INFO - [2022-10-24T23:33:21.483+0200] {dag.py:3336} INFO - Setting next_dagrun for example_nested_branch_dag to 2022-10-23T00:00:00+00:00, run_after=2022-10-24T00:00:00+00:00
[2022-10-24T23:33:21.531+0200] {processor.py:176} INFO - Processing /home/batata/PycharmProjects/Restitution_python_test_de/test_de/lib/python3.8/site-packages/airflow/example_dags/example_nested_branch_dag.py took 0.177 seconds
[2022-10-24T23:34:03.897+0200] {processor.py:154} INFO - Started process (PID=19948) to work on /home/batata/PycharmProjects/Restitution_python_test_de/test_de/lib/python3.8/site-packages/airflow/example_dags/example_nested_branch_dag.py
[2022-10-24T23:34:03.900+0200] {processor.py:756} INFO - Processing file /home/batata/PycharmProjects/Restitution_python_test_de/test_de/lib/python3.8/site-packages/airflow/example_dags/example_nested_branch_dag.py for tasks to queue
[2022-10-24T23:34:03.902+0200] {logging_mixin.py:120} INFO - [2022-10-24T23:34:03.902+0200] {dagbag.py:537} INFO - Filling up the DagBag from /home/batata/PycharmProjects/Restitution_python_test_de/test_de/lib/python3.8/site-packages/airflow/example_dags/example_nested_branch_dag.py
[2022-10-24T23:34:03.932+0200] {processor.py:766} INFO - DAG(s) dict_keys(['example_nested_branch_dag']) retrieved from /home/batata/PycharmProjects/Restitution_python_test_de/test_de/lib/python3.8/site-packages/airflow/example_dags/example_nested_branch_dag.py
[2022-10-24T23:34:03.955+0200] {logging_mixin.py:120} INFO - [2022-10-24T23:34:03.955+0200] {dag.py:2585} INFO - Sync 1 DAGs
[2022-10-24T23:34:03.975+0200] {logging_mixin.py:120} INFO - [2022-10-24T23:34:03.974+0200] {dag.py:3336} INFO - Setting next_dagrun for example_nested_branch_dag to 2022-10-23T00:00:00+00:00, run_after=2022-10-24T00:00:00+00:00
[2022-10-24T23:34:04.000+0200] {processor.py:176} INFO - Processing /home/batata/PycharmProjects/Restitution_python_test_de/test_de/lib/python3.8/site-packages/airflow/example_dags/example_nested_branch_dag.py took 0.106 seconds
[2022-10-24T23:34:43.297+0200] {processor.py:154} INFO - Started process (PID=20238) to work on /home/batata/PycharmProjects/Restitution_python_test_de/test_de/lib/python3.8/site-packages/airflow/example_dags/example_nested_branch_dag.py
[2022-10-24T23:34:43.299+0200] {processor.py:756} INFO - Processing file /home/batata/PycharmProjects/Restitution_python_test_de/test_de/lib/python3.8/site-packages/airflow/example_dags/example_nested_branch_dag.py for tasks to queue
[2022-10-24T23:34:43.301+0200] {logging_mixin.py:120} INFO - [2022-10-24T23:34:43.301+0200] {dagbag.py:537} INFO - Filling up the DagBag from /home/batata/PycharmProjects/Restitution_python_test_de/test_de/lib/python3.8/site-packages/airflow/example_dags/example_nested_branch_dag.py
[2022-10-24T23:34:43.327+0200] {processor.py:766} INFO - DAG(s) dict_keys(['example_nested_branch_dag']) retrieved from /home/batata/PycharmProjects/Restitution_python_test_de/test_de/lib/python3.8/site-packages/airflow/example_dags/example_nested_branch_dag.py
[2022-10-24T23:34:43.351+0200] {logging_mixin.py:120} INFO - [2022-10-24T23:34:43.351+0200] {dag.py:2585} INFO - Sync 1 DAGs
[2022-10-24T23:34:43.372+0200] {logging_mixin.py:120} INFO - [2022-10-24T23:34:43.372+0200] {dag.py:3336} INFO - Setting next_dagrun for example_nested_branch_dag to 2022-10-23T00:00:00+00:00, run_after=2022-10-24T00:00:00+00:00
[2022-10-24T23:34:43.401+0200] {processor.py:176} INFO - Processing /home/batata/PycharmProjects/Restitution_python_test_de/test_de/lib/python3.8/site-packages/airflow/example_dags/example_nested_branch_dag.py took 0.110 seconds
[2022-10-24T23:35:23.417+0200] {processor.py:154} INFO - Started process (PID=20469) to work on /home/batata/PycharmProjects/Restitution_python_test_de/test_de/lib/python3.8/site-packages/airflow/example_dags/example_nested_branch_dag.py
[2022-10-24T23:35:23.419+0200] {processor.py:756} INFO - Processing file /home/batata/PycharmProjects/Restitution_python_test_de/test_de/lib/python3.8/site-packages/airflow/example_dags/example_nested_branch_dag.py for tasks to queue
[2022-10-24T23:35:23.420+0200] {logging_mixin.py:120} INFO - [2022-10-24T23:35:23.420+0200] {dagbag.py:537} INFO - Filling up the DagBag from /home/batata/PycharmProjects/Restitution_python_test_de/test_de/lib/python3.8/site-packages/airflow/example_dags/example_nested_branch_dag.py
[2022-10-24T23:35:23.445+0200] {processor.py:766} INFO - DAG(s) dict_keys(['example_nested_branch_dag']) retrieved from /home/batata/PycharmProjects/Restitution_python_test_de/test_de/lib/python3.8/site-packages/airflow/example_dags/example_nested_branch_dag.py
[2022-10-24T23:35:23.467+0200] {logging_mixin.py:120} INFO - [2022-10-24T23:35:23.467+0200] {dag.py:2585} INFO - Sync 1 DAGs
[2022-10-24T23:35:23.494+0200] {logging_mixin.py:120} INFO - [2022-10-24T23:35:23.494+0200] {dag.py:3336} INFO - Setting next_dagrun for example_nested_branch_dag to 2022-10-23T00:00:00+00:00, run_after=2022-10-24T00:00:00+00:00
[2022-10-24T23:35:23.519+0200] {processor.py:176} INFO - Processing /home/batata/PycharmProjects/Restitution_python_test_de/test_de/lib/python3.8/site-packages/airflow/example_dags/example_nested_branch_dag.py took 0.105 seconds
[2022-10-24T23:36:17.743+0200] {processor.py:154} INFO - Started process (PID=20898) to work on /home/batata/PycharmProjects/Restitution_python_test_de/test_de/lib/python3.8/site-packages/airflow/example_dags/example_nested_branch_dag.py
[2022-10-24T23:36:17.746+0200] {processor.py:756} INFO - Processing file /home/batata/PycharmProjects/Restitution_python_test_de/test_de/lib/python3.8/site-packages/airflow/example_dags/example_nested_branch_dag.py for tasks to queue
[2022-10-24T23:36:17.747+0200] {logging_mixin.py:120} INFO - [2022-10-24T23:36:17.747+0200] {dagbag.py:537} INFO - Filling up the DagBag from /home/batata/PycharmProjects/Restitution_python_test_de/test_de/lib/python3.8/site-packages/airflow/example_dags/example_nested_branch_dag.py
[2022-10-24T23:36:17.817+0200] {processor.py:766} INFO - DAG(s) dict_keys(['example_nested_branch_dag']) retrieved from /home/batata/PycharmProjects/Restitution_python_test_de/test_de/lib/python3.8/site-packages/airflow/example_dags/example_nested_branch_dag.py
[2022-10-24T23:36:17.876+0200] {logging_mixin.py:120} INFO - [2022-10-24T23:36:17.875+0200] {dag.py:2585} INFO - Sync 1 DAGs
[2022-10-24T23:36:17.947+0200] {logging_mixin.py:120} INFO - [2022-10-24T23:36:17.946+0200] {dag.py:3336} INFO - Setting next_dagrun for example_nested_branch_dag to 2022-10-23T00:00:00+00:00, run_after=2022-10-24T00:00:00+00:00
[2022-10-24T23:36:18.035+0200] {processor.py:176} INFO - Processing /home/batata/PycharmProjects/Restitution_python_test_de/test_de/lib/python3.8/site-packages/airflow/example_dags/example_nested_branch_dag.py took 0.296 seconds
[2022-10-24T23:36:56.353+0200] {processor.py:154} INFO - Started process (PID=21188) to work on /home/batata/PycharmProjects/Restitution_python_test_de/test_de/lib/python3.8/site-packages/airflow/example_dags/example_nested_branch_dag.py
[2022-10-24T23:36:56.356+0200] {processor.py:756} INFO - Processing file /home/batata/PycharmProjects/Restitution_python_test_de/test_de/lib/python3.8/site-packages/airflow/example_dags/example_nested_branch_dag.py for tasks to queue
[2022-10-24T23:36:56.357+0200] {logging_mixin.py:120} INFO - [2022-10-24T23:36:56.357+0200] {dagbag.py:537} INFO - Filling up the DagBag from /home/batata/PycharmProjects/Restitution_python_test_de/test_de/lib/python3.8/site-packages/airflow/example_dags/example_nested_branch_dag.py
[2022-10-24T23:36:56.383+0200] {processor.py:766} INFO - DAG(s) dict_keys(['example_nested_branch_dag']) retrieved from /home/batata/PycharmProjects/Restitution_python_test_de/test_de/lib/python3.8/site-packages/airflow/example_dags/example_nested_branch_dag.py
[2022-10-24T23:36:56.413+0200] {logging_mixin.py:120} INFO - [2022-10-24T23:36:56.413+0200] {dag.py:2585} INFO - Sync 1 DAGs
[2022-10-24T23:36:56.443+0200] {logging_mixin.py:120} INFO - [2022-10-24T23:36:56.443+0200] {dag.py:3336} INFO - Setting next_dagrun for example_nested_branch_dag to 2022-10-23T00:00:00+00:00, run_after=2022-10-24T00:00:00+00:00
[2022-10-24T23:36:56.473+0200] {processor.py:176} INFO - Processing /home/batata/PycharmProjects/Restitution_python_test_de/test_de/lib/python3.8/site-packages/airflow/example_dags/example_nested_branch_dag.py took 0.125 seconds
[2022-10-24T23:37:34.797+0200] {processor.py:154} INFO - Started process (PID=21363) to work on /home/batata/PycharmProjects/Restitution_python_test_de/test_de/lib/python3.8/site-packages/airflow/example_dags/example_nested_branch_dag.py
[2022-10-24T23:37:34.799+0200] {processor.py:756} INFO - Processing file /home/batata/PycharmProjects/Restitution_python_test_de/test_de/lib/python3.8/site-packages/airflow/example_dags/example_nested_branch_dag.py for tasks to queue
[2022-10-24T23:37:34.800+0200] {logging_mixin.py:120} INFO - [2022-10-24T23:37:34.800+0200] {dagbag.py:537} INFO - Filling up the DagBag from /home/batata/PycharmProjects/Restitution_python_test_de/test_de/lib/python3.8/site-packages/airflow/example_dags/example_nested_branch_dag.py
[2022-10-24T23:37:34.827+0200] {processor.py:766} INFO - DAG(s) dict_keys(['example_nested_branch_dag']) retrieved from /home/batata/PycharmProjects/Restitution_python_test_de/test_de/lib/python3.8/site-packages/airflow/example_dags/example_nested_branch_dag.py
[2022-10-24T23:37:34.852+0200] {logging_mixin.py:120} INFO - [2022-10-24T23:37:34.852+0200] {dag.py:2585} INFO - Sync 1 DAGs
[2022-10-24T23:37:34.877+0200] {logging_mixin.py:120} INFO - [2022-10-24T23:37:34.876+0200] {dag.py:3336} INFO - Setting next_dagrun for example_nested_branch_dag to 2022-10-23T00:00:00+00:00, run_after=2022-10-24T00:00:00+00:00
[2022-10-24T23:37:34.905+0200] {processor.py:176} INFO - Processing /home/batata/PycharmProjects/Restitution_python_test_de/test_de/lib/python3.8/site-packages/airflow/example_dags/example_nested_branch_dag.py took 0.111 seconds
