[2022-10-24T23:32:56.070+0200] {processor.py:154} INFO - Started process (PID=19351) to work on /home/batata/PycharmProjects/Restitution_python_test_de/test_de/lib/python3.8/site-packages/airflow/example_dags/example_branch_operator.py
[2022-10-24T23:32:56.072+0200] {processor.py:756} INFO - Processing file /home/batata/PycharmProjects/Restitution_python_test_de/test_de/lib/python3.8/site-packages/airflow/example_dags/example_branch_operator.py for tasks to queue
[2022-10-24T23:32:56.075+0200] {logging_mixin.py:120} INFO - [2022-10-24T23:32:56.075+0200] {dagbag.py:537} INFO - Filling up the DagBag from /home/batata/PycharmProjects/Restitution_python_test_de/test_de/lib/python3.8/site-packages/airflow/example_dags/example_branch_operator.py
[2022-10-24T23:32:56.119+0200] {processor.py:766} INFO - DAG(s) dict_keys(['example_branch_operator']) retrieved from /home/batata/PycharmProjects/Restitution_python_test_de/test_de/lib/python3.8/site-packages/airflow/example_dags/example_branch_operator.py
[2022-10-24T23:32:56.395+0200] {logging_mixin.py:120} INFO - [2022-10-24T23:32:56.395+0200] {manager.py:507} INFO - Created Permission View: can read on DAG:example_branch_operator
[2022-10-24T23:32:56.414+0200] {logging_mixin.py:120} INFO - [2022-10-24T23:32:56.414+0200] {manager.py:507} INFO - Created Permission View: can delete on DAG:example_branch_operator
[2022-10-24T23:32:56.536+0200] {logging_mixin.py:120} INFO - [2022-10-24T23:32:56.535+0200] {manager.py:507} INFO - Created Permission View: can edit on DAG:example_branch_operator
[2022-10-24T23:32:56.536+0200] {logging_mixin.py:120} INFO - [2022-10-24T23:32:56.536+0200] {dag.py:2585} INFO - Sync 1 DAGs
[2022-10-24T23:32:56.546+0200] {logging_mixin.py:120} INFO - [2022-10-24T23:32:56.546+0200] {dag.py:2606} INFO - Creating ORM DAG for example_branch_operator
[2022-10-24T23:32:56.612+0200] {logging_mixin.py:120} INFO - [2022-10-24T23:32:56.612+0200] {dag.py:3336} INFO - Setting next_dagrun for example_branch_operator to 2022-10-23T00:00:00+00:00, run_after=2022-10-24T00:00:00+00:00
[2022-10-24T23:32:56.745+0200] {processor.py:176} INFO - Processing /home/batata/PycharmProjects/Restitution_python_test_de/test_de/lib/python3.8/site-packages/airflow/example_dags/example_branch_operator.py took 0.692 seconds
[2022-10-24T23:33:42.068+0200] {processor.py:154} INFO - Started process (PID=19773) to work on /home/batata/PycharmProjects/Restitution_python_test_de/test_de/lib/python3.8/site-packages/airflow/example_dags/example_branch_operator.py
[2022-10-24T23:33:42.071+0200] {processor.py:756} INFO - Processing file /home/batata/PycharmProjects/Restitution_python_test_de/test_de/lib/python3.8/site-packages/airflow/example_dags/example_branch_operator.py for tasks to queue
[2022-10-24T23:33:42.073+0200] {logging_mixin.py:120} INFO - [2022-10-24T23:33:42.072+0200] {dagbag.py:537} INFO - Filling up the DagBag from /home/batata/PycharmProjects/Restitution_python_test_de/test_de/lib/python3.8/site-packages/airflow/example_dags/example_branch_operator.py
[2022-10-24T23:33:42.088+0200] {processor.py:766} INFO - DAG(s) dict_keys(['example_branch_operator']) retrieved from /home/batata/PycharmProjects/Restitution_python_test_de/test_de/lib/python3.8/site-packages/airflow/example_dags/example_branch_operator.py
[2022-10-24T23:33:42.111+0200] {logging_mixin.py:120} INFO - [2022-10-24T23:33:42.110+0200] {dag.py:2585} INFO - Sync 1 DAGs
[2022-10-24T23:33:42.131+0200] {logging_mixin.py:120} INFO - [2022-10-24T23:33:42.131+0200] {dag.py:3336} INFO - Setting next_dagrun for example_branch_operator to 2022-10-23T00:00:00+00:00, run_after=2022-10-24T00:00:00+00:00
[2022-10-24T23:33:42.162+0200] {processor.py:176} INFO - Processing /home/batata/PycharmProjects/Restitution_python_test_de/test_de/lib/python3.8/site-packages/airflow/example_dags/example_branch_operator.py took 0.097 seconds
[2022-10-24T23:34:23.168+0200] {processor.py:154} INFO - Started process (PID=20143) to work on /home/batata/PycharmProjects/Restitution_python_test_de/test_de/lib/python3.8/site-packages/airflow/example_dags/example_branch_operator.py
[2022-10-24T23:34:23.172+0200] {processor.py:756} INFO - Processing file /home/batata/PycharmProjects/Restitution_python_test_de/test_de/lib/python3.8/site-packages/airflow/example_dags/example_branch_operator.py for tasks to queue
[2022-10-24T23:34:23.177+0200] {logging_mixin.py:120} INFO - [2022-10-24T23:34:23.176+0200] {dagbag.py:537} INFO - Filling up the DagBag from /home/batata/PycharmProjects/Restitution_python_test_de/test_de/lib/python3.8/site-packages/airflow/example_dags/example_branch_operator.py
[2022-10-24T23:34:23.204+0200] {processor.py:766} INFO - DAG(s) dict_keys(['example_branch_operator']) retrieved from /home/batata/PycharmProjects/Restitution_python_test_de/test_de/lib/python3.8/site-packages/airflow/example_dags/example_branch_operator.py
[2022-10-24T23:34:23.246+0200] {logging_mixin.py:120} INFO - [2022-10-24T23:34:23.246+0200] {dag.py:2585} INFO - Sync 1 DAGs
[2022-10-24T23:34:23.286+0200] {logging_mixin.py:120} INFO - [2022-10-24T23:34:23.285+0200] {dag.py:3336} INFO - Setting next_dagrun for example_branch_operator to 2022-10-23T00:00:00+00:00, run_after=2022-10-24T00:00:00+00:00
[2022-10-24T23:34:23.345+0200] {processor.py:176} INFO - Processing /home/batata/PycharmProjects/Restitution_python_test_de/test_de/lib/python3.8/site-packages/airflow/example_dags/example_branch_operator.py took 0.180 seconds
[2022-10-24T23:35:03.960+0200] {processor.py:154} INFO - Started process (PID=20341) to work on /home/batata/PycharmProjects/Restitution_python_test_de/test_de/lib/python3.8/site-packages/airflow/example_dags/example_branch_operator.py
[2022-10-24T23:35:03.962+0200] {processor.py:756} INFO - Processing file /home/batata/PycharmProjects/Restitution_python_test_de/test_de/lib/python3.8/site-packages/airflow/example_dags/example_branch_operator.py for tasks to queue
[2022-10-24T23:35:03.964+0200] {logging_mixin.py:120} INFO - [2022-10-24T23:35:03.964+0200] {dagbag.py:537} INFO - Filling up the DagBag from /home/batata/PycharmProjects/Restitution_python_test_de/test_de/lib/python3.8/site-packages/airflow/example_dags/example_branch_operator.py
[2022-10-24T23:35:03.985+0200] {processor.py:766} INFO - DAG(s) dict_keys(['example_branch_operator']) retrieved from /home/batata/PycharmProjects/Restitution_python_test_de/test_de/lib/python3.8/site-packages/airflow/example_dags/example_branch_operator.py
[2022-10-24T23:35:04.010+0200] {logging_mixin.py:120} INFO - [2022-10-24T23:35:04.010+0200] {dag.py:2585} INFO - Sync 1 DAGs
[2022-10-24T23:35:04.030+0200] {logging_mixin.py:120} INFO - [2022-10-24T23:35:04.030+0200] {dag.py:3336} INFO - Setting next_dagrun for example_branch_operator to 2022-10-23T00:00:00+00:00, run_after=2022-10-24T00:00:00+00:00
[2022-10-24T23:35:04.055+0200] {processor.py:176} INFO - Processing /home/batata/PycharmProjects/Restitution_python_test_de/test_de/lib/python3.8/site-packages/airflow/example_dags/example_branch_operator.py took 0.098 seconds
[2022-10-24T23:35:41.944+0200] {processor.py:154} INFO - Started process (PID=20558) to work on /home/batata/PycharmProjects/Restitution_python_test_de/test_de/lib/python3.8/site-packages/airflow/example_dags/example_branch_operator.py
[2022-10-24T23:35:41.947+0200] {processor.py:756} INFO - Processing file /home/batata/PycharmProjects/Restitution_python_test_de/test_de/lib/python3.8/site-packages/airflow/example_dags/example_branch_operator.py for tasks to queue
[2022-10-24T23:35:41.949+0200] {logging_mixin.py:120} INFO - [2022-10-24T23:35:41.948+0200] {dagbag.py:537} INFO - Filling up the DagBag from /home/batata/PycharmProjects/Restitution_python_test_de/test_de/lib/python3.8/site-packages/airflow/example_dags/example_branch_operator.py
[2022-10-24T23:35:41.971+0200] {processor.py:766} INFO - DAG(s) dict_keys(['example_branch_operator']) retrieved from /home/batata/PycharmProjects/Restitution_python_test_de/test_de/lib/python3.8/site-packages/airflow/example_dags/example_branch_operator.py
[2022-10-24T23:35:42.002+0200] {logging_mixin.py:120} INFO - [2022-10-24T23:35:42.001+0200] {dag.py:2585} INFO - Sync 1 DAGs
[2022-10-24T23:35:42.031+0200] {logging_mixin.py:120} INFO - [2022-10-24T23:35:42.031+0200] {dag.py:3336} INFO - Setting next_dagrun for example_branch_operator to 2022-10-23T00:00:00+00:00, run_after=2022-10-24T00:00:00+00:00
[2022-10-24T23:35:42.067+0200] {processor.py:176} INFO - Processing /home/batata/PycharmProjects/Restitution_python_test_de/test_de/lib/python3.8/site-packages/airflow/example_dags/example_branch_operator.py took 0.126 seconds
[2022-10-24T23:36:35.380+0200] {processor.py:154} INFO - Started process (PID=21050) to work on /home/batata/PycharmProjects/Restitution_python_test_de/test_de/lib/python3.8/site-packages/airflow/example_dags/example_branch_operator.py
[2022-10-24T23:36:35.382+0200] {processor.py:756} INFO - Processing file /home/batata/PycharmProjects/Restitution_python_test_de/test_de/lib/python3.8/site-packages/airflow/example_dags/example_branch_operator.py for tasks to queue
[2022-10-24T23:36:35.383+0200] {logging_mixin.py:120} INFO - [2022-10-24T23:36:35.383+0200] {dagbag.py:537} INFO - Filling up the DagBag from /home/batata/PycharmProjects/Restitution_python_test_de/test_de/lib/python3.8/site-packages/airflow/example_dags/example_branch_operator.py
[2022-10-24T23:36:35.403+0200] {processor.py:766} INFO - DAG(s) dict_keys(['example_branch_operator']) retrieved from /home/batata/PycharmProjects/Restitution_python_test_de/test_de/lib/python3.8/site-packages/airflow/example_dags/example_branch_operator.py
[2022-10-24T23:36:35.427+0200] {logging_mixin.py:120} INFO - [2022-10-24T23:36:35.427+0200] {dag.py:2585} INFO - Sync 1 DAGs
[2022-10-24T23:36:35.449+0200] {logging_mixin.py:120} INFO - [2022-10-24T23:36:35.449+0200] {dag.py:3336} INFO - Setting next_dagrun for example_branch_operator to 2022-10-23T00:00:00+00:00, run_after=2022-10-24T00:00:00+00:00
[2022-10-24T23:36:35.476+0200] {processor.py:176} INFO - Processing /home/batata/PycharmProjects/Restitution_python_test_de/test_de/lib/python3.8/site-packages/airflow/example_dags/example_branch_operator.py took 0.099 seconds
[2022-10-24T23:37:15.556+0200] {processor.py:154} INFO - Started process (PID=21280) to work on /home/batata/PycharmProjects/Restitution_python_test_de/test_de/lib/python3.8/site-packages/airflow/example_dags/example_branch_operator.py
[2022-10-24T23:37:15.559+0200] {processor.py:756} INFO - Processing file /home/batata/PycharmProjects/Restitution_python_test_de/test_de/lib/python3.8/site-packages/airflow/example_dags/example_branch_operator.py for tasks to queue
[2022-10-24T23:37:15.560+0200] {logging_mixin.py:120} INFO - [2022-10-24T23:37:15.560+0200] {dagbag.py:537} INFO - Filling up the DagBag from /home/batata/PycharmProjects/Restitution_python_test_de/test_de/lib/python3.8/site-packages/airflow/example_dags/example_branch_operator.py
[2022-10-24T23:37:15.576+0200] {processor.py:766} INFO - DAG(s) dict_keys(['example_branch_operator']) retrieved from /home/batata/PycharmProjects/Restitution_python_test_de/test_de/lib/python3.8/site-packages/airflow/example_dags/example_branch_operator.py
[2022-10-24T23:37:15.607+0200] {logging_mixin.py:120} INFO - [2022-10-24T23:37:15.607+0200] {dag.py:2585} INFO - Sync 1 DAGs
[2022-10-24T23:37:15.636+0200] {logging_mixin.py:120} INFO - [2022-10-24T23:37:15.636+0200] {dag.py:3336} INFO - Setting next_dagrun for example_branch_operator to 2022-10-23T00:00:00+00:00, run_after=2022-10-24T00:00:00+00:00
[2022-10-24T23:37:15.672+0200] {processor.py:176} INFO - Processing /home/batata/PycharmProjects/Restitution_python_test_de/test_de/lib/python3.8/site-packages/airflow/example_dags/example_branch_operator.py took 0.119 seconds
[2022-10-24T23:37:53.798+0200] {processor.py:154} INFO - Started process (PID=21450) to work on /home/batata/PycharmProjects/Restitution_python_test_de/test_de/lib/python3.8/site-packages/airflow/example_dags/example_branch_operator.py
[2022-10-24T23:37:53.801+0200] {processor.py:756} INFO - Processing file /home/batata/PycharmProjects/Restitution_python_test_de/test_de/lib/python3.8/site-packages/airflow/example_dags/example_branch_operator.py for tasks to queue
[2022-10-24T23:37:53.802+0200] {logging_mixin.py:120} INFO - [2022-10-24T23:37:53.802+0200] {dagbag.py:537} INFO - Filling up the DagBag from /home/batata/PycharmProjects/Restitution_python_test_de/test_de/lib/python3.8/site-packages/airflow/example_dags/example_branch_operator.py
[2022-10-24T23:37:53.823+0200] {processor.py:766} INFO - DAG(s) dict_keys(['example_branch_operator']) retrieved from /home/batata/PycharmProjects/Restitution_python_test_de/test_de/lib/python3.8/site-packages/airflow/example_dags/example_branch_operator.py
[2022-10-24T23:37:53.852+0200] {logging_mixin.py:120} INFO - [2022-10-24T23:37:53.852+0200] {dag.py:2585} INFO - Sync 1 DAGs
[2022-10-24T23:37:53.881+0200] {logging_mixin.py:120} INFO - [2022-10-24T23:37:53.881+0200] {dag.py:3336} INFO - Setting next_dagrun for example_branch_operator to 2022-10-23T00:00:00+00:00, run_after=2022-10-24T00:00:00+00:00
[2022-10-24T23:37:53.908+0200] {processor.py:176} INFO - Processing /home/batata/PycharmProjects/Restitution_python_test_de/test_de/lib/python3.8/site-packages/airflow/example_dags/example_branch_operator.py took 0.114 seconds
