[2022-10-24T23:32:43.589+0200] {processor.py:154} INFO - Started process (PID=19229) to work on /home/batata/PycharmProjects/Restitution_python_test_de/test_de/lib/python3.8/site-packages/airflow/example_dags/example_trigger_controller_dag.py
[2022-10-24T23:32:43.590+0200] {processor.py:756} INFO - Processing file /home/batata/PycharmProjects/Restitution_python_test_de/test_de/lib/python3.8/site-packages/airflow/example_dags/example_trigger_controller_dag.py for tasks to queue
[2022-10-24T23:32:43.591+0200] {logging_mixin.py:120} INFO - [2022-10-24T23:32:43.591+0200] {dagbag.py:537} INFO - Filling up the DagBag from /home/batata/PycharmProjects/Restitution_python_test_de/test_de/lib/python3.8/site-packages/airflow/example_dags/example_trigger_controller_dag.py
[2022-10-24T23:32:43.603+0200] {processor.py:766} INFO - DAG(s) dict_keys(['example_trigger_controller_dag']) retrieved from /home/batata/PycharmProjects/Restitution_python_test_de/test_de/lib/python3.8/site-packages/airflow/example_dags/example_trigger_controller_dag.py
[2022-10-24T23:32:43.726+0200] {logging_mixin.py:120} INFO - [2022-10-24T23:32:43.725+0200] {manager.py:507} INFO - Created Permission View: can read on DAG:example_trigger_controller_dag
[2022-10-24T23:32:43.739+0200] {logging_mixin.py:120} INFO - [2022-10-24T23:32:43.738+0200] {manager.py:507} INFO - Created Permission View: can delete on DAG:example_trigger_controller_dag
[2022-10-24T23:32:43.749+0200] {logging_mixin.py:120} INFO - [2022-10-24T23:32:43.748+0200] {manager.py:507} INFO - Created Permission View: can edit on DAG:example_trigger_controller_dag
[2022-10-24T23:32:43.749+0200] {logging_mixin.py:120} INFO - [2022-10-24T23:32:43.749+0200] {dag.py:2585} INFO - Sync 1 DAGs
[2022-10-24T23:32:43.759+0200] {logging_mixin.py:120} INFO - [2022-10-24T23:32:43.759+0200] {dag.py:2606} INFO - Creating ORM DAG for example_trigger_controller_dag
[2022-10-24T23:32:43.768+0200] {logging_mixin.py:120} INFO - [2022-10-24T23:32:43.768+0200] {dag.py:3336} INFO - Setting next_dagrun for example_trigger_controller_dag to 2021-01-01T00:00:00+00:00, run_after=2021-01-01T00:00:00+00:00
[2022-10-24T23:32:43.797+0200] {processor.py:176} INFO - Processing /home/batata/PycharmProjects/Restitution_python_test_de/test_de/lib/python3.8/site-packages/airflow/example_dags/example_trigger_controller_dag.py took 0.211 seconds
[2022-10-24T23:33:31.564+0200] {processor.py:154} INFO - Started process (PID=19711) to work on /home/batata/PycharmProjects/Restitution_python_test_de/test_de/lib/python3.8/site-packages/airflow/example_dags/example_trigger_controller_dag.py
[2022-10-24T23:33:31.567+0200] {processor.py:756} INFO - Processing file /home/batata/PycharmProjects/Restitution_python_test_de/test_de/lib/python3.8/site-packages/airflow/example_dags/example_trigger_controller_dag.py for tasks to queue
[2022-10-24T23:33:31.569+0200] {logging_mixin.py:120} INFO - [2022-10-24T23:33:31.569+0200] {dagbag.py:537} INFO - Filling up the DagBag from /home/batata/PycharmProjects/Restitution_python_test_de/test_de/lib/python3.8/site-packages/airflow/example_dags/example_trigger_controller_dag.py
[2022-10-24T23:33:31.592+0200] {processor.py:766} INFO - DAG(s) dict_keys(['example_trigger_controller_dag']) retrieved from /home/batata/PycharmProjects/Restitution_python_test_de/test_de/lib/python3.8/site-packages/airflow/example_dags/example_trigger_controller_dag.py
[2022-10-24T23:33:31.761+0200] {logging_mixin.py:120} INFO - [2022-10-24T23:33:31.761+0200] {dag.py:2585} INFO - Sync 1 DAGs
[2022-10-24T23:33:31.934+0200] {logging_mixin.py:120} INFO - [2022-10-24T23:33:31.934+0200] {dag.py:3336} INFO - Setting next_dagrun for example_trigger_controller_dag to 2021-01-01T00:00:00+00:00, run_after=2021-01-01T00:00:00+00:00
[2022-10-24T23:33:32.065+0200] {processor.py:176} INFO - Processing /home/batata/PycharmProjects/Restitution_python_test_de/test_de/lib/python3.8/site-packages/airflow/example_dags/example_trigger_controller_dag.py took 0.507 seconds
[2022-10-24T23:34:12.897+0200] {processor.py:154} INFO - Started process (PID=20062) to work on /home/batata/PycharmProjects/Restitution_python_test_de/test_de/lib/python3.8/site-packages/airflow/example_dags/example_trigger_controller_dag.py
[2022-10-24T23:34:12.899+0200] {processor.py:756} INFO - Processing file /home/batata/PycharmProjects/Restitution_python_test_de/test_de/lib/python3.8/site-packages/airflow/example_dags/example_trigger_controller_dag.py for tasks to queue
[2022-10-24T23:34:12.901+0200] {logging_mixin.py:120} INFO - [2022-10-24T23:34:12.901+0200] {dagbag.py:537} INFO - Filling up the DagBag from /home/batata/PycharmProjects/Restitution_python_test_de/test_de/lib/python3.8/site-packages/airflow/example_dags/example_trigger_controller_dag.py
[2022-10-24T23:34:12.917+0200] {processor.py:766} INFO - DAG(s) dict_keys(['example_trigger_controller_dag']) retrieved from /home/batata/PycharmProjects/Restitution_python_test_de/test_de/lib/python3.8/site-packages/airflow/example_dags/example_trigger_controller_dag.py
[2022-10-24T23:34:12.945+0200] {logging_mixin.py:120} INFO - [2022-10-24T23:34:12.945+0200] {dag.py:2585} INFO - Sync 1 DAGs
[2022-10-24T23:34:12.965+0200] {logging_mixin.py:120} INFO - [2022-10-24T23:34:12.965+0200] {dag.py:3336} INFO - Setting next_dagrun for example_trigger_controller_dag to 2021-01-01T00:00:00+00:00, run_after=2021-01-01T00:00:00+00:00
[2022-10-24T23:34:12.995+0200] {processor.py:176} INFO - Processing /home/batata/PycharmProjects/Restitution_python_test_de/test_de/lib/python3.8/site-packages/airflow/example_dags/example_trigger_controller_dag.py took 0.102 seconds
[2022-10-24T23:34:53.198+0200] {processor.py:154} INFO - Started process (PID=20266) to work on /home/batata/PycharmProjects/Restitution_python_test_de/test_de/lib/python3.8/site-packages/airflow/example_dags/example_trigger_controller_dag.py
[2022-10-24T23:34:53.201+0200] {processor.py:756} INFO - Processing file /home/batata/PycharmProjects/Restitution_python_test_de/test_de/lib/python3.8/site-packages/airflow/example_dags/example_trigger_controller_dag.py for tasks to queue
[2022-10-24T23:34:53.202+0200] {logging_mixin.py:120} INFO - [2022-10-24T23:34:53.202+0200] {dagbag.py:537} INFO - Filling up the DagBag from /home/batata/PycharmProjects/Restitution_python_test_de/test_de/lib/python3.8/site-packages/airflow/example_dags/example_trigger_controller_dag.py
[2022-10-24T23:34:53.212+0200] {processor.py:766} INFO - DAG(s) dict_keys(['example_trigger_controller_dag']) retrieved from /home/batata/PycharmProjects/Restitution_python_test_de/test_de/lib/python3.8/site-packages/airflow/example_dags/example_trigger_controller_dag.py
[2022-10-24T23:34:53.234+0200] {logging_mixin.py:120} INFO - [2022-10-24T23:34:53.233+0200] {dag.py:2585} INFO - Sync 1 DAGs
[2022-10-24T23:34:53.251+0200] {logging_mixin.py:120} INFO - [2022-10-24T23:34:53.251+0200] {dag.py:3336} INFO - Setting next_dagrun for example_trigger_controller_dag to 2021-01-01T00:00:00+00:00, run_after=2021-01-01T00:00:00+00:00
[2022-10-24T23:34:53.277+0200] {processor.py:176} INFO - Processing /home/batata/PycharmProjects/Restitution_python_test_de/test_de/lib/python3.8/site-packages/airflow/example_dags/example_trigger_controller_dag.py took 0.081 seconds
[2022-10-24T23:35:32.700+0200] {processor.py:154} INFO - Started process (PID=20522) to work on /home/batata/PycharmProjects/Restitution_python_test_de/test_de/lib/python3.8/site-packages/airflow/example_dags/example_trigger_controller_dag.py
[2022-10-24T23:35:32.704+0200] {processor.py:756} INFO - Processing file /home/batata/PycharmProjects/Restitution_python_test_de/test_de/lib/python3.8/site-packages/airflow/example_dags/example_trigger_controller_dag.py for tasks to queue
[2022-10-24T23:35:32.707+0200] {logging_mixin.py:120} INFO - [2022-10-24T23:35:32.706+0200] {dagbag.py:537} INFO - Filling up the DagBag from /home/batata/PycharmProjects/Restitution_python_test_de/test_de/lib/python3.8/site-packages/airflow/example_dags/example_trigger_controller_dag.py
[2022-10-24T23:35:32.723+0200] {processor.py:766} INFO - DAG(s) dict_keys(['example_trigger_controller_dag']) retrieved from /home/batata/PycharmProjects/Restitution_python_test_de/test_de/lib/python3.8/site-packages/airflow/example_dags/example_trigger_controller_dag.py
[2022-10-24T23:35:32.753+0200] {logging_mixin.py:120} INFO - [2022-10-24T23:35:32.753+0200] {dag.py:2585} INFO - Sync 1 DAGs
[2022-10-24T23:35:32.778+0200] {logging_mixin.py:120} INFO - [2022-10-24T23:35:32.777+0200] {dag.py:3336} INFO - Setting next_dagrun for example_trigger_controller_dag to 2021-01-01T00:00:00+00:00, run_after=2021-01-01T00:00:00+00:00
[2022-10-24T23:35:32.820+0200] {processor.py:176} INFO - Processing /home/batata/PycharmProjects/Restitution_python_test_de/test_de/lib/python3.8/site-packages/airflow/example_dags/example_trigger_controller_dag.py took 0.123 seconds
[2022-10-24T23:36:27.284+0200] {processor.py:154} INFO - Started process (PID=20965) to work on /home/batata/PycharmProjects/Restitution_python_test_de/test_de/lib/python3.8/site-packages/airflow/example_dags/example_trigger_controller_dag.py
[2022-10-24T23:36:27.286+0200] {processor.py:756} INFO - Processing file /home/batata/PycharmProjects/Restitution_python_test_de/test_de/lib/python3.8/site-packages/airflow/example_dags/example_trigger_controller_dag.py for tasks to queue
[2022-10-24T23:36:27.287+0200] {logging_mixin.py:120} INFO - [2022-10-24T23:36:27.287+0200] {dagbag.py:537} INFO - Filling up the DagBag from /home/batata/PycharmProjects/Restitution_python_test_de/test_de/lib/python3.8/site-packages/airflow/example_dags/example_trigger_controller_dag.py
[2022-10-24T23:36:27.300+0200] {processor.py:766} INFO - DAG(s) dict_keys(['example_trigger_controller_dag']) retrieved from /home/batata/PycharmProjects/Restitution_python_test_de/test_de/lib/python3.8/site-packages/airflow/example_dags/example_trigger_controller_dag.py
[2022-10-24T23:36:27.320+0200] {logging_mixin.py:120} INFO - [2022-10-24T23:36:27.320+0200] {dag.py:2585} INFO - Sync 1 DAGs
[2022-10-24T23:36:27.339+0200] {logging_mixin.py:120} INFO - [2022-10-24T23:36:27.339+0200] {dag.py:3336} INFO - Setting next_dagrun for example_trigger_controller_dag to 2021-01-01T00:00:00+00:00, run_after=2021-01-01T00:00:00+00:00
[2022-10-24T23:36:27.372+0200] {processor.py:176} INFO - Processing /home/batata/PycharmProjects/Restitution_python_test_de/test_de/lib/python3.8/site-packages/airflow/example_dags/example_trigger_controller_dag.py took 0.092 seconds
[2022-10-24T23:37:05.619+0200] {processor.py:154} INFO - Started process (PID=21245) to work on /home/batata/PycharmProjects/Restitution_python_test_de/test_de/lib/python3.8/site-packages/airflow/example_dags/example_trigger_controller_dag.py
[2022-10-24T23:37:05.621+0200] {processor.py:756} INFO - Processing file /home/batata/PycharmProjects/Restitution_python_test_de/test_de/lib/python3.8/site-packages/airflow/example_dags/example_trigger_controller_dag.py for tasks to queue
[2022-10-24T23:37:05.622+0200] {logging_mixin.py:120} INFO - [2022-10-24T23:37:05.621+0200] {dagbag.py:537} INFO - Filling up the DagBag from /home/batata/PycharmProjects/Restitution_python_test_de/test_de/lib/python3.8/site-packages/airflow/example_dags/example_trigger_controller_dag.py
[2022-10-24T23:37:05.633+0200] {processor.py:766} INFO - DAG(s) dict_keys(['example_trigger_controller_dag']) retrieved from /home/batata/PycharmProjects/Restitution_python_test_de/test_de/lib/python3.8/site-packages/airflow/example_dags/example_trigger_controller_dag.py
[2022-10-24T23:37:05.658+0200] {logging_mixin.py:120} INFO - [2022-10-24T23:37:05.657+0200] {dag.py:2585} INFO - Sync 1 DAGs
[2022-10-24T23:37:05.679+0200] {logging_mixin.py:120} INFO - [2022-10-24T23:37:05.679+0200] {dag.py:3336} INFO - Setting next_dagrun for example_trigger_controller_dag to 2021-01-01T00:00:00+00:00, run_after=2021-01-01T00:00:00+00:00
[2022-10-24T23:37:05.711+0200] {processor.py:176} INFO - Processing /home/batata/PycharmProjects/Restitution_python_test_de/test_de/lib/python3.8/site-packages/airflow/example_dags/example_trigger_controller_dag.py took 0.095 seconds
[2022-10-24T23:37:44.557+0200] {processor.py:154} INFO - Started process (PID=21413) to work on /home/batata/PycharmProjects/Restitution_python_test_de/test_de/lib/python3.8/site-packages/airflow/example_dags/example_trigger_controller_dag.py
[2022-10-24T23:37:44.559+0200] {processor.py:756} INFO - Processing file /home/batata/PycharmProjects/Restitution_python_test_de/test_de/lib/python3.8/site-packages/airflow/example_dags/example_trigger_controller_dag.py for tasks to queue
[2022-10-24T23:37:44.560+0200] {logging_mixin.py:120} INFO - [2022-10-24T23:37:44.560+0200] {dagbag.py:537} INFO - Filling up the DagBag from /home/batata/PycharmProjects/Restitution_python_test_de/test_de/lib/python3.8/site-packages/airflow/example_dags/example_trigger_controller_dag.py
[2022-10-24T23:37:44.572+0200] {processor.py:766} INFO - DAG(s) dict_keys(['example_trigger_controller_dag']) retrieved from /home/batata/PycharmProjects/Restitution_python_test_de/test_de/lib/python3.8/site-packages/airflow/example_dags/example_trigger_controller_dag.py
[2022-10-24T23:37:44.594+0200] {logging_mixin.py:120} INFO - [2022-10-24T23:37:44.594+0200] {dag.py:2585} INFO - Sync 1 DAGs
[2022-10-24T23:37:44.614+0200] {logging_mixin.py:120} INFO - [2022-10-24T23:37:44.614+0200] {dag.py:3336} INFO - Setting next_dagrun for example_trigger_controller_dag to 2021-01-01T00:00:00+00:00, run_after=2021-01-01T00:00:00+00:00
[2022-10-24T23:37:44.644+0200] {processor.py:176} INFO - Processing /home/batata/PycharmProjects/Restitution_python_test_de/test_de/lib/python3.8/site-packages/airflow/example_dags/example_trigger_controller_dag.py took 0.090 seconds
