[2022-10-24T23:32:42.021+0200] {processor.py:154} INFO - Started process (PID=19207) to work on /home/batata/PycharmProjects/Restitution_python_test_de/test_de/lib/python3.8/site-packages/airflow/example_dags/example_time_delta_sensor_async.py
[2022-10-24T23:32:42.022+0200] {processor.py:756} INFO - Processing file /home/batata/PycharmProjects/Restitution_python_test_de/test_de/lib/python3.8/site-packages/airflow/example_dags/example_time_delta_sensor_async.py for tasks to queue
[2022-10-24T23:32:42.026+0200] {logging_mixin.py:120} INFO - [2022-10-24T23:32:42.025+0200] {dagbag.py:537} INFO - Filling up the DagBag from /home/batata/PycharmProjects/Restitution_python_test_de/test_de/lib/python3.8/site-packages/airflow/example_dags/example_time_delta_sensor_async.py
[2022-10-24T23:32:42.043+0200] {processor.py:766} INFO - DAG(s) dict_keys(['example_time_delta_sensor_async']) retrieved from /home/batata/PycharmProjects/Restitution_python_test_de/test_de/lib/python3.8/site-packages/airflow/example_dags/example_time_delta_sensor_async.py
[2022-10-24T23:32:42.293+0200] {logging_mixin.py:120} INFO - [2022-10-24T23:32:42.293+0200] {manager.py:507} INFO - Created Permission View: can read on DAG:example_time_delta_sensor_async
[2022-10-24T23:32:42.310+0200] {logging_mixin.py:120} INFO - [2022-10-24T23:32:42.310+0200] {manager.py:507} INFO - Created Permission View: can delete on DAG:example_time_delta_sensor_async
[2022-10-24T23:32:42.323+0200] {logging_mixin.py:120} INFO - [2022-10-24T23:32:42.323+0200] {manager.py:507} INFO - Created Permission View: can edit on DAG:example_time_delta_sensor_async
[2022-10-24T23:32:42.323+0200] {logging_mixin.py:120} INFO - [2022-10-24T23:32:42.323+0200] {dag.py:2585} INFO - Sync 1 DAGs
[2022-10-24T23:32:42.346+0200] {logging_mixin.py:120} INFO - [2022-10-24T23:32:42.346+0200] {dag.py:2606} INFO - Creating ORM DAG for example_time_delta_sensor_async
[2022-10-24T23:32:42.364+0200] {logging_mixin.py:120} INFO - [2022-10-24T23:32:42.364+0200] {dag.py:3336} INFO - Setting next_dagrun for example_time_delta_sensor_async to None, run_after=None
[2022-10-24T23:32:42.426+0200] {processor.py:176} INFO - Processing /home/batata/PycharmProjects/Restitution_python_test_de/test_de/lib/python3.8/site-packages/airflow/example_dags/example_time_delta_sensor_async.py took 0.408 seconds
[2022-10-24T23:33:29.921+0200] {processor.py:154} INFO - Started process (PID=19675) to work on /home/batata/PycharmProjects/Restitution_python_test_de/test_de/lib/python3.8/site-packages/airflow/example_dags/example_time_delta_sensor_async.py
[2022-10-24T23:33:29.936+0200] {processor.py:756} INFO - Processing file /home/batata/PycharmProjects/Restitution_python_test_de/test_de/lib/python3.8/site-packages/airflow/example_dags/example_time_delta_sensor_async.py for tasks to queue
[2022-10-24T23:33:29.938+0200] {logging_mixin.py:120} INFO - [2022-10-24T23:33:29.937+0200] {dagbag.py:537} INFO - Filling up the DagBag from /home/batata/PycharmProjects/Restitution_python_test_de/test_de/lib/python3.8/site-packages/airflow/example_dags/example_time_delta_sensor_async.py
[2022-10-24T23:33:29.973+0200] {processor.py:766} INFO - DAG(s) dict_keys(['example_time_delta_sensor_async']) retrieved from /home/batata/PycharmProjects/Restitution_python_test_de/test_de/lib/python3.8/site-packages/airflow/example_dags/example_time_delta_sensor_async.py
[2022-10-24T23:33:30.212+0200] {logging_mixin.py:120} INFO - [2022-10-24T23:33:30.212+0200] {dag.py:2585} INFO - Sync 1 DAGs
[2022-10-24T23:33:30.292+0200] {logging_mixin.py:120} INFO - [2022-10-24T23:33:30.292+0200] {dag.py:3336} INFO - Setting next_dagrun for example_time_delta_sensor_async to None, run_after=None
[2022-10-24T23:33:30.360+0200] {processor.py:176} INFO - Processing /home/batata/PycharmProjects/Restitution_python_test_de/test_de/lib/python3.8/site-packages/airflow/example_dags/example_time_delta_sensor_async.py took 0.443 seconds
[2022-10-24T23:34:12.418+0200] {processor.py:154} INFO - Started process (PID=20045) to work on /home/batata/PycharmProjects/Restitution_python_test_de/test_de/lib/python3.8/site-packages/airflow/example_dags/example_time_delta_sensor_async.py
[2022-10-24T23:34:12.421+0200] {processor.py:756} INFO - Processing file /home/batata/PycharmProjects/Restitution_python_test_de/test_de/lib/python3.8/site-packages/airflow/example_dags/example_time_delta_sensor_async.py for tasks to queue
[2022-10-24T23:34:12.425+0200] {logging_mixin.py:120} INFO - [2022-10-24T23:34:12.425+0200] {dagbag.py:537} INFO - Filling up the DagBag from /home/batata/PycharmProjects/Restitution_python_test_de/test_de/lib/python3.8/site-packages/airflow/example_dags/example_time_delta_sensor_async.py
[2022-10-24T23:34:12.448+0200] {processor.py:766} INFO - DAG(s) dict_keys(['example_time_delta_sensor_async']) retrieved from /home/batata/PycharmProjects/Restitution_python_test_de/test_de/lib/python3.8/site-packages/airflow/example_dags/example_time_delta_sensor_async.py
[2022-10-24T23:34:12.558+0200] {logging_mixin.py:120} INFO - [2022-10-24T23:34:12.557+0200] {dag.py:2585} INFO - Sync 1 DAGs
[2022-10-24T23:34:12.575+0200] {logging_mixin.py:120} INFO - [2022-10-24T23:34:12.575+0200] {dag.py:3336} INFO - Setting next_dagrun for example_time_delta_sensor_async to None, run_after=None
[2022-10-24T23:34:12.599+0200] {processor.py:176} INFO - Processing /home/batata/PycharmProjects/Restitution_python_test_de/test_de/lib/python3.8/site-packages/airflow/example_dags/example_time_delta_sensor_async.py took 0.187 seconds
[2022-10-24T23:34:52.152+0200] {processor.py:154} INFO - Started process (PID=20265) to work on /home/batata/PycharmProjects/Restitution_python_test_de/test_de/lib/python3.8/site-packages/airflow/example_dags/example_time_delta_sensor_async.py
[2022-10-24T23:34:52.155+0200] {processor.py:756} INFO - Processing file /home/batata/PycharmProjects/Restitution_python_test_de/test_de/lib/python3.8/site-packages/airflow/example_dags/example_time_delta_sensor_async.py for tasks to queue
[2022-10-24T23:34:52.156+0200] {logging_mixin.py:120} INFO - [2022-10-24T23:34:52.156+0200] {dagbag.py:537} INFO - Filling up the DagBag from /home/batata/PycharmProjects/Restitution_python_test_de/test_de/lib/python3.8/site-packages/airflow/example_dags/example_time_delta_sensor_async.py
[2022-10-24T23:34:52.168+0200] {processor.py:766} INFO - DAG(s) dict_keys(['example_time_delta_sensor_async']) retrieved from /home/batata/PycharmProjects/Restitution_python_test_de/test_de/lib/python3.8/site-packages/airflow/example_dags/example_time_delta_sensor_async.py
[2022-10-24T23:34:52.269+0200] {logging_mixin.py:120} INFO - [2022-10-24T23:34:52.269+0200] {dag.py:2585} INFO - Sync 1 DAGs
[2022-10-24T23:34:52.287+0200] {logging_mixin.py:120} INFO - [2022-10-24T23:34:52.287+0200] {dag.py:3336} INFO - Setting next_dagrun for example_time_delta_sensor_async to None, run_after=None
[2022-10-24T23:34:52.322+0200] {processor.py:176} INFO - Processing /home/batata/PycharmProjects/Restitution_python_test_de/test_de/lib/python3.8/site-packages/airflow/example_dags/example_time_delta_sensor_async.py took 0.173 seconds
[2022-10-24T23:35:31.449+0200] {processor.py:154} INFO - Started process (PID=20519) to work on /home/batata/PycharmProjects/Restitution_python_test_de/test_de/lib/python3.8/site-packages/airflow/example_dags/example_time_delta_sensor_async.py
[2022-10-24T23:35:31.451+0200] {processor.py:756} INFO - Processing file /home/batata/PycharmProjects/Restitution_python_test_de/test_de/lib/python3.8/site-packages/airflow/example_dags/example_time_delta_sensor_async.py for tasks to queue
[2022-10-24T23:35:31.453+0200] {logging_mixin.py:120} INFO - [2022-10-24T23:35:31.452+0200] {dagbag.py:537} INFO - Filling up the DagBag from /home/batata/PycharmProjects/Restitution_python_test_de/test_de/lib/python3.8/site-packages/airflow/example_dags/example_time_delta_sensor_async.py
[2022-10-24T23:35:31.469+0200] {processor.py:766} INFO - DAG(s) dict_keys(['example_time_delta_sensor_async']) retrieved from /home/batata/PycharmProjects/Restitution_python_test_de/test_de/lib/python3.8/site-packages/airflow/example_dags/example_time_delta_sensor_async.py
[2022-10-24T23:35:31.578+0200] {logging_mixin.py:120} INFO - [2022-10-24T23:35:31.578+0200] {dag.py:2585} INFO - Sync 1 DAGs
[2022-10-24T23:35:31.599+0200] {logging_mixin.py:120} INFO - [2022-10-24T23:35:31.599+0200] {dag.py:3336} INFO - Setting next_dagrun for example_time_delta_sensor_async to None, run_after=None
[2022-10-24T23:35:31.626+0200] {processor.py:176} INFO - Processing /home/batata/PycharmProjects/Restitution_python_test_de/test_de/lib/python3.8/site-packages/airflow/example_dags/example_time_delta_sensor_async.py took 0.180 seconds
[2022-10-24T23:36:26.009+0200] {processor.py:154} INFO - Started process (PID=20964) to work on /home/batata/PycharmProjects/Restitution_python_test_de/test_de/lib/python3.8/site-packages/airflow/example_dags/example_time_delta_sensor_async.py
[2022-10-24T23:36:26.011+0200] {processor.py:756} INFO - Processing file /home/batata/PycharmProjects/Restitution_python_test_de/test_de/lib/python3.8/site-packages/airflow/example_dags/example_time_delta_sensor_async.py for tasks to queue
[2022-10-24T23:36:26.012+0200] {logging_mixin.py:120} INFO - [2022-10-24T23:36:26.012+0200] {dagbag.py:537} INFO - Filling up the DagBag from /home/batata/PycharmProjects/Restitution_python_test_de/test_de/lib/python3.8/site-packages/airflow/example_dags/example_time_delta_sensor_async.py
[2022-10-24T23:36:26.029+0200] {processor.py:766} INFO - DAG(s) dict_keys(['example_time_delta_sensor_async']) retrieved from /home/batata/PycharmProjects/Restitution_python_test_de/test_de/lib/python3.8/site-packages/airflow/example_dags/example_time_delta_sensor_async.py
[2022-10-24T23:36:26.114+0200] {logging_mixin.py:120} INFO - [2022-10-24T23:36:26.114+0200] {dag.py:2585} INFO - Sync 1 DAGs
[2022-10-24T23:36:26.133+0200] {logging_mixin.py:120} INFO - [2022-10-24T23:36:26.133+0200] {dag.py:3336} INFO - Setting next_dagrun for example_time_delta_sensor_async to None, run_after=None
[2022-10-24T23:36:26.162+0200] {processor.py:176} INFO - Processing /home/batata/PycharmProjects/Restitution_python_test_de/test_de/lib/python3.8/site-packages/airflow/example_dags/example_time_delta_sensor_async.py took 0.156 seconds
[2022-10-24T23:37:05.309+0200] {processor.py:154} INFO - Started process (PID=21244) to work on /home/batata/PycharmProjects/Restitution_python_test_de/test_de/lib/python3.8/site-packages/airflow/example_dags/example_time_delta_sensor_async.py
[2022-10-24T23:37:05.312+0200] {processor.py:756} INFO - Processing file /home/batata/PycharmProjects/Restitution_python_test_de/test_de/lib/python3.8/site-packages/airflow/example_dags/example_time_delta_sensor_async.py for tasks to queue
[2022-10-24T23:37:05.313+0200] {logging_mixin.py:120} INFO - [2022-10-24T23:37:05.312+0200] {dagbag.py:537} INFO - Filling up the DagBag from /home/batata/PycharmProjects/Restitution_python_test_de/test_de/lib/python3.8/site-packages/airflow/example_dags/example_time_delta_sensor_async.py
[2022-10-24T23:37:05.327+0200] {processor.py:766} INFO - DAG(s) dict_keys(['example_time_delta_sensor_async']) retrieved from /home/batata/PycharmProjects/Restitution_python_test_de/test_de/lib/python3.8/site-packages/airflow/example_dags/example_time_delta_sensor_async.py
[2022-10-24T23:37:05.433+0200] {logging_mixin.py:120} INFO - [2022-10-24T23:37:05.433+0200] {dag.py:2585} INFO - Sync 1 DAGs
[2022-10-24T23:37:05.456+0200] {logging_mixin.py:120} INFO - [2022-10-24T23:37:05.456+0200] {dag.py:3336} INFO - Setting next_dagrun for example_time_delta_sensor_async to None, run_after=None
[2022-10-24T23:37:05.487+0200] {processor.py:176} INFO - Processing /home/batata/PycharmProjects/Restitution_python_test_de/test_de/lib/python3.8/site-packages/airflow/example_dags/example_time_delta_sensor_async.py took 0.180 seconds
[2022-10-24T23:37:43.312+0200] {processor.py:154} INFO - Started process (PID=21412) to work on /home/batata/PycharmProjects/Restitution_python_test_de/test_de/lib/python3.8/site-packages/airflow/example_dags/example_time_delta_sensor_async.py
[2022-10-24T23:37:43.315+0200] {processor.py:756} INFO - Processing file /home/batata/PycharmProjects/Restitution_python_test_de/test_de/lib/python3.8/site-packages/airflow/example_dags/example_time_delta_sensor_async.py for tasks to queue
[2022-10-24T23:37:43.315+0200] {logging_mixin.py:120} INFO - [2022-10-24T23:37:43.315+0200] {dagbag.py:537} INFO - Filling up the DagBag from /home/batata/PycharmProjects/Restitution_python_test_de/test_de/lib/python3.8/site-packages/airflow/example_dags/example_time_delta_sensor_async.py
[2022-10-24T23:37:43.328+0200] {processor.py:766} INFO - DAG(s) dict_keys(['example_time_delta_sensor_async']) retrieved from /home/batata/PycharmProjects/Restitution_python_test_de/test_de/lib/python3.8/site-packages/airflow/example_dags/example_time_delta_sensor_async.py
[2022-10-24T23:37:43.424+0200] {logging_mixin.py:120} INFO - [2022-10-24T23:37:43.424+0200] {dag.py:2585} INFO - Sync 1 DAGs
[2022-10-24T23:37:43.453+0200] {logging_mixin.py:120} INFO - [2022-10-24T23:37:43.453+0200] {dag.py:3336} INFO - Setting next_dagrun for example_time_delta_sensor_async to None, run_after=None
[2022-10-24T23:37:43.479+0200] {processor.py:176} INFO - Processing /home/batata/PycharmProjects/Restitution_python_test_de/test_de/lib/python3.8/site-packages/airflow/example_dags/example_time_delta_sensor_async.py took 0.169 seconds
