[2022-10-24T23:32:40.237+0200] {processor.py:154} INFO - Started process (PID=19204) to work on /home/batata/PycharmProjects/Restitution_python_test_de/test_de/lib/python3.8/site-packages/airflow/example_dags/example_task_group.py
[2022-10-24T23:32:40.238+0200] {processor.py:756} INFO - Processing file /home/batata/PycharmProjects/Restitution_python_test_de/test_de/lib/python3.8/site-packages/airflow/example_dags/example_task_group.py for tasks to queue
[2022-10-24T23:32:40.240+0200] {logging_mixin.py:120} INFO - [2022-10-24T23:32:40.239+0200] {dagbag.py:537} INFO - Filling up the DagBag from /home/batata/PycharmProjects/Restitution_python_test_de/test_de/lib/python3.8/site-packages/airflow/example_dags/example_task_group.py
[2022-10-24T23:32:40.256+0200] {processor.py:766} INFO - DAG(s) dict_keys(['example_task_group']) retrieved from /home/batata/PycharmProjects/Restitution_python_test_de/test_de/lib/python3.8/site-packages/airflow/example_dags/example_task_group.py
[2022-10-24T23:32:40.368+0200] {logging_mixin.py:120} INFO - [2022-10-24T23:32:40.368+0200] {manager.py:507} INFO - Created Permission View: can read on DAG:example_task_group
[2022-10-24T23:32:40.387+0200] {logging_mixin.py:120} INFO - [2022-10-24T23:32:40.387+0200] {manager.py:507} INFO - Created Permission View: can delete on DAG:example_task_group
[2022-10-24T23:32:40.401+0200] {logging_mixin.py:120} INFO - [2022-10-24T23:32:40.400+0200] {manager.py:507} INFO - Created Permission View: can edit on DAG:example_task_group
[2022-10-24T23:32:40.401+0200] {logging_mixin.py:120} INFO - [2022-10-24T23:32:40.401+0200] {dag.py:2585} INFO - Sync 1 DAGs
[2022-10-24T23:32:40.414+0200] {logging_mixin.py:120} INFO - [2022-10-24T23:32:40.414+0200] {dag.py:2606} INFO - Creating ORM DAG for example_task_group
[2022-10-24T23:32:40.424+0200] {logging_mixin.py:120} INFO - [2022-10-24T23:32:40.424+0200] {dag.py:3336} INFO - Setting next_dagrun for example_task_group to 2022-10-23T21:32:40.423849+00:00, run_after=2022-10-24T21:32:40.423849+00:00
[2022-10-24T23:32:40.448+0200] {processor.py:176} INFO - Processing /home/batata/PycharmProjects/Restitution_python_test_de/test_de/lib/python3.8/site-packages/airflow/example_dags/example_task_group.py took 0.214 seconds
[2022-10-24T23:33:27.502+0200] {processor.py:154} INFO - Started process (PID=19660) to work on /home/batata/PycharmProjects/Restitution_python_test_de/test_de/lib/python3.8/site-packages/airflow/example_dags/example_task_group.py
[2022-10-24T23:33:27.505+0200] {processor.py:756} INFO - Processing file /home/batata/PycharmProjects/Restitution_python_test_de/test_de/lib/python3.8/site-packages/airflow/example_dags/example_task_group.py for tasks to queue
[2022-10-24T23:33:27.507+0200] {logging_mixin.py:120} INFO - [2022-10-24T23:33:27.507+0200] {dagbag.py:537} INFO - Filling up the DagBag from /home/batata/PycharmProjects/Restitution_python_test_de/test_de/lib/python3.8/site-packages/airflow/example_dags/example_task_group.py
[2022-10-24T23:33:27.529+0200] {processor.py:766} INFO - DAG(s) dict_keys(['example_task_group']) retrieved from /home/batata/PycharmProjects/Restitution_python_test_de/test_de/lib/python3.8/site-packages/airflow/example_dags/example_task_group.py
[2022-10-24T23:33:27.567+0200] {logging_mixin.py:120} INFO - [2022-10-24T23:33:27.566+0200] {dag.py:2585} INFO - Sync 1 DAGs
[2022-10-24T23:33:27.598+0200] {logging_mixin.py:120} INFO - [2022-10-24T23:33:27.598+0200] {dag.py:3336} INFO - Setting next_dagrun for example_task_group to 2022-10-23T21:33:27.598056+00:00, run_after=2022-10-24T21:33:27.598056+00:00
[2022-10-24T23:33:27.643+0200] {processor.py:176} INFO - Processing /home/batata/PycharmProjects/Restitution_python_test_de/test_de/lib/python3.8/site-packages/airflow/example_dags/example_task_group.py took 0.156 seconds
[2022-10-24T23:34:10.273+0200] {processor.py:154} INFO - Started process (PID=20043) to work on /home/batata/PycharmProjects/Restitution_python_test_de/test_de/lib/python3.8/site-packages/airflow/example_dags/example_task_group.py
[2022-10-24T23:34:10.275+0200] {processor.py:756} INFO - Processing file /home/batata/PycharmProjects/Restitution_python_test_de/test_de/lib/python3.8/site-packages/airflow/example_dags/example_task_group.py for tasks to queue
[2022-10-24T23:34:10.280+0200] {logging_mixin.py:120} INFO - [2022-10-24T23:34:10.279+0200] {dagbag.py:537} INFO - Filling up the DagBag from /home/batata/PycharmProjects/Restitution_python_test_de/test_de/lib/python3.8/site-packages/airflow/example_dags/example_task_group.py
[2022-10-24T23:34:10.328+0200] {processor.py:766} INFO - DAG(s) dict_keys(['example_task_group']) retrieved from /home/batata/PycharmProjects/Restitution_python_test_de/test_de/lib/python3.8/site-packages/airflow/example_dags/example_task_group.py
[2022-10-24T23:34:10.363+0200] {logging_mixin.py:120} INFO - [2022-10-24T23:34:10.363+0200] {dag.py:2585} INFO - Sync 1 DAGs
[2022-10-24T23:34:10.395+0200] {logging_mixin.py:120} INFO - [2022-10-24T23:34:10.395+0200] {dag.py:3336} INFO - Setting next_dagrun for example_task_group to 2022-10-23T21:34:10.395092+00:00, run_after=2022-10-24T21:34:10.395092+00:00
[2022-10-24T23:34:10.429+0200] {processor.py:176} INFO - Processing /home/batata/PycharmProjects/Restitution_python_test_de/test_de/lib/python3.8/site-packages/airflow/example_dags/example_task_group.py took 0.161 seconds
[2022-10-24T23:34:49.837+0200] {processor.py:154} INFO - Started process (PID=20263) to work on /home/batata/PycharmProjects/Restitution_python_test_de/test_de/lib/python3.8/site-packages/airflow/example_dags/example_task_group.py
[2022-10-24T23:34:49.840+0200] {processor.py:756} INFO - Processing file /home/batata/PycharmProjects/Restitution_python_test_de/test_de/lib/python3.8/site-packages/airflow/example_dags/example_task_group.py for tasks to queue
[2022-10-24T23:34:49.841+0200] {logging_mixin.py:120} INFO - [2022-10-24T23:34:49.841+0200] {dagbag.py:537} INFO - Filling up the DagBag from /home/batata/PycharmProjects/Restitution_python_test_de/test_de/lib/python3.8/site-packages/airflow/example_dags/example_task_group.py
[2022-10-24T23:34:49.856+0200] {processor.py:766} INFO - DAG(s) dict_keys(['example_task_group']) retrieved from /home/batata/PycharmProjects/Restitution_python_test_de/test_de/lib/python3.8/site-packages/airflow/example_dags/example_task_group.py
[2022-10-24T23:34:49.881+0200] {logging_mixin.py:120} INFO - [2022-10-24T23:34:49.881+0200] {dag.py:2585} INFO - Sync 1 DAGs
[2022-10-24T23:34:49.901+0200] {logging_mixin.py:120} INFO - [2022-10-24T23:34:49.900+0200] {dag.py:3336} INFO - Setting next_dagrun for example_task_group to 2022-10-23T21:34:49.900659+00:00, run_after=2022-10-24T21:34:49.900659+00:00
[2022-10-24T23:34:49.930+0200] {processor.py:176} INFO - Processing /home/batata/PycharmProjects/Restitution_python_test_de/test_de/lib/python3.8/site-packages/airflow/example_dags/example_task_group.py took 0.095 seconds
[2022-10-24T23:35:29.986+0200] {processor.py:154} INFO - Started process (PID=20499) to work on /home/batata/PycharmProjects/Restitution_python_test_de/test_de/lib/python3.8/site-packages/airflow/example_dags/example_task_group.py
[2022-10-24T23:35:29.989+0200] {processor.py:756} INFO - Processing file /home/batata/PycharmProjects/Restitution_python_test_de/test_de/lib/python3.8/site-packages/airflow/example_dags/example_task_group.py for tasks to queue
[2022-10-24T23:35:29.991+0200] {logging_mixin.py:120} INFO - [2022-10-24T23:35:29.991+0200] {dagbag.py:537} INFO - Filling up the DagBag from /home/batata/PycharmProjects/Restitution_python_test_de/test_de/lib/python3.8/site-packages/airflow/example_dags/example_task_group.py
[2022-10-24T23:35:30.010+0200] {processor.py:766} INFO - DAG(s) dict_keys(['example_task_group']) retrieved from /home/batata/PycharmProjects/Restitution_python_test_de/test_de/lib/python3.8/site-packages/airflow/example_dags/example_task_group.py
[2022-10-24T23:35:30.032+0200] {logging_mixin.py:120} INFO - [2022-10-24T23:35:30.032+0200] {dag.py:2585} INFO - Sync 1 DAGs
[2022-10-24T23:35:30.052+0200] {logging_mixin.py:120} INFO - [2022-10-24T23:35:30.051+0200] {dag.py:3336} INFO - Setting next_dagrun for example_task_group to 2022-10-23T21:35:30.051617+00:00, run_after=2022-10-24T21:35:30.051617+00:00
[2022-10-24T23:35:30.076+0200] {processor.py:176} INFO - Processing /home/batata/PycharmProjects/Restitution_python_test_de/test_de/lib/python3.8/site-packages/airflow/example_dags/example_task_group.py took 0.095 seconds
[2022-10-24T23:36:23.552+0200] {processor.py:154} INFO - Started process (PID=20962) to work on /home/batata/PycharmProjects/Restitution_python_test_de/test_de/lib/python3.8/site-packages/airflow/example_dags/example_task_group.py
[2022-10-24T23:36:23.554+0200] {processor.py:756} INFO - Processing file /home/batata/PycharmProjects/Restitution_python_test_de/test_de/lib/python3.8/site-packages/airflow/example_dags/example_task_group.py for tasks to queue
[2022-10-24T23:36:23.555+0200] {logging_mixin.py:120} INFO - [2022-10-24T23:36:23.555+0200] {dagbag.py:537} INFO - Filling up the DagBag from /home/batata/PycharmProjects/Restitution_python_test_de/test_de/lib/python3.8/site-packages/airflow/example_dags/example_task_group.py
[2022-10-24T23:36:23.575+0200] {processor.py:766} INFO - DAG(s) dict_keys(['example_task_group']) retrieved from /home/batata/PycharmProjects/Restitution_python_test_de/test_de/lib/python3.8/site-packages/airflow/example_dags/example_task_group.py
[2022-10-24T23:36:23.597+0200] {logging_mixin.py:120} INFO - [2022-10-24T23:36:23.597+0200] {dag.py:2585} INFO - Sync 1 DAGs
[2022-10-24T23:36:23.627+0200] {logging_mixin.py:120} INFO - [2022-10-24T23:36:23.626+0200] {dag.py:3336} INFO - Setting next_dagrun for example_task_group to 2022-10-23T21:36:23.626598+00:00, run_after=2022-10-24T21:36:23.626598+00:00
[2022-10-24T23:36:23.665+0200] {processor.py:176} INFO - Processing /home/batata/PycharmProjects/Restitution_python_test_de/test_de/lib/python3.8/site-packages/airflow/example_dags/example_task_group.py took 0.116 seconds
[2022-10-24T23:37:02.871+0200] {processor.py:154} INFO - Started process (PID=21237) to work on /home/batata/PycharmProjects/Restitution_python_test_de/test_de/lib/python3.8/site-packages/airflow/example_dags/example_task_group.py
[2022-10-24T23:37:02.873+0200] {processor.py:756} INFO - Processing file /home/batata/PycharmProjects/Restitution_python_test_de/test_de/lib/python3.8/site-packages/airflow/example_dags/example_task_group.py for tasks to queue
[2022-10-24T23:37:02.874+0200] {logging_mixin.py:120} INFO - [2022-10-24T23:37:02.874+0200] {dagbag.py:537} INFO - Filling up the DagBag from /home/batata/PycharmProjects/Restitution_python_test_de/test_de/lib/python3.8/site-packages/airflow/example_dags/example_task_group.py
[2022-10-24T23:37:02.890+0200] {processor.py:766} INFO - DAG(s) dict_keys(['example_task_group']) retrieved from /home/batata/PycharmProjects/Restitution_python_test_de/test_de/lib/python3.8/site-packages/airflow/example_dags/example_task_group.py
[2022-10-24T23:37:02.913+0200] {logging_mixin.py:120} INFO - [2022-10-24T23:37:02.913+0200] {dag.py:2585} INFO - Sync 1 DAGs
[2022-10-24T23:37:02.935+0200] {logging_mixin.py:120} INFO - [2022-10-24T23:37:02.935+0200] {dag.py:3336} INFO - Setting next_dagrun for example_task_group to 2022-10-23T21:37:02.934793+00:00, run_after=2022-10-24T21:37:02.934793+00:00
[2022-10-24T23:37:02.960+0200] {processor.py:176} INFO - Processing /home/batata/PycharmProjects/Restitution_python_test_de/test_de/lib/python3.8/site-packages/airflow/example_dags/example_task_group.py took 0.092 seconds
[2022-10-24T23:37:41.882+0200] {processor.py:154} INFO - Started process (PID=21405) to work on /home/batata/PycharmProjects/Restitution_python_test_de/test_de/lib/python3.8/site-packages/airflow/example_dags/example_task_group.py
[2022-10-24T23:37:41.884+0200] {processor.py:756} INFO - Processing file /home/batata/PycharmProjects/Restitution_python_test_de/test_de/lib/python3.8/site-packages/airflow/example_dags/example_task_group.py for tasks to queue
[2022-10-24T23:37:41.885+0200] {logging_mixin.py:120} INFO - [2022-10-24T23:37:41.885+0200] {dagbag.py:537} INFO - Filling up the DagBag from /home/batata/PycharmProjects/Restitution_python_test_de/test_de/lib/python3.8/site-packages/airflow/example_dags/example_task_group.py
[2022-10-24T23:37:41.903+0200] {processor.py:766} INFO - DAG(s) dict_keys(['example_task_group']) retrieved from /home/batata/PycharmProjects/Restitution_python_test_de/test_de/lib/python3.8/site-packages/airflow/example_dags/example_task_group.py
[2022-10-24T23:37:41.928+0200] {logging_mixin.py:120} INFO - [2022-10-24T23:37:41.928+0200] {dag.py:2585} INFO - Sync 1 DAGs
[2022-10-24T23:37:41.950+0200] {logging_mixin.py:120} INFO - [2022-10-24T23:37:41.950+0200] {dag.py:3336} INFO - Setting next_dagrun for example_task_group to 2022-10-23T21:37:41.950567+00:00, run_after=2022-10-24T21:37:41.950567+00:00
[2022-10-24T23:37:41.982+0200] {processor.py:176} INFO - Processing /home/batata/PycharmProjects/Restitution_python_test_de/test_de/lib/python3.8/site-packages/airflow/example_dags/example_task_group.py took 0.104 seconds
