[2022-10-24T23:32:48.640+0200] {processor.py:154} INFO - Started process (PID=19278) to work on /home/batata/PycharmProjects/Restitution_python_test_de/test_de/lib/python3.8/site-packages/airflow/example_dags/example_task_group_decorator.py
[2022-10-24T23:32:48.641+0200] {processor.py:756} INFO - Processing file /home/batata/PycharmProjects/Restitution_python_test_de/test_de/lib/python3.8/site-packages/airflow/example_dags/example_task_group_decorator.py for tasks to queue
[2022-10-24T23:32:48.642+0200] {logging_mixin.py:120} INFO - [2022-10-24T23:32:48.642+0200] {dagbag.py:537} INFO - Filling up the DagBag from /home/batata/PycharmProjects/Restitution_python_test_de/test_de/lib/python3.8/site-packages/airflow/example_dags/example_task_group_decorator.py
[2022-10-24T23:32:48.670+0200] {processor.py:766} INFO - DAG(s) dict_keys(['example_task_group_decorator']) retrieved from /home/batata/PycharmProjects/Restitution_python_test_de/test_de/lib/python3.8/site-packages/airflow/example_dags/example_task_group_decorator.py
[2022-10-24T23:32:48.798+0200] {logging_mixin.py:120} INFO - [2022-10-24T23:32:48.797+0200] {manager.py:507} INFO - Created Permission View: can read on DAG:example_task_group_decorator
[2022-10-24T23:32:48.814+0200] {logging_mixin.py:120} INFO - [2022-10-24T23:32:48.813+0200] {manager.py:507} INFO - Created Permission View: can delete on DAG:example_task_group_decorator
[2022-10-24T23:32:48.830+0200] {logging_mixin.py:120} INFO - [2022-10-24T23:32:48.830+0200] {manager.py:507} INFO - Created Permission View: can edit on DAG:example_task_group_decorator
[2022-10-24T23:32:48.830+0200] {logging_mixin.py:120} INFO - [2022-10-24T23:32:48.830+0200] {dag.py:2585} INFO - Sync 1 DAGs
[2022-10-24T23:32:48.849+0200] {logging_mixin.py:120} INFO - [2022-10-24T23:32:48.849+0200] {dag.py:2606} INFO - Creating ORM DAG for example_task_group_decorator
[2022-10-24T23:32:48.858+0200] {logging_mixin.py:120} INFO - [2022-10-24T23:32:48.858+0200] {dag.py:3336} INFO - Setting next_dagrun for example_task_group_decorator to 2022-10-23T21:32:48.858283+00:00, run_after=2022-10-24T21:32:48.858283+00:00
[2022-10-24T23:32:48.884+0200] {processor.py:176} INFO - Processing /home/batata/PycharmProjects/Restitution_python_test_de/test_de/lib/python3.8/site-packages/airflow/example_dags/example_task_group_decorator.py took 0.247 seconds
[2022-10-24T23:33:36.764+0200] {processor.py:154} INFO - Started process (PID=19768) to work on /home/batata/PycharmProjects/Restitution_python_test_de/test_de/lib/python3.8/site-packages/airflow/example_dags/example_task_group_decorator.py
[2022-10-24T23:33:36.767+0200] {processor.py:756} INFO - Processing file /home/batata/PycharmProjects/Restitution_python_test_de/test_de/lib/python3.8/site-packages/airflow/example_dags/example_task_group_decorator.py for tasks to queue
[2022-10-24T23:33:36.768+0200] {logging_mixin.py:120} INFO - [2022-10-24T23:33:36.768+0200] {dagbag.py:537} INFO - Filling up the DagBag from /home/batata/PycharmProjects/Restitution_python_test_de/test_de/lib/python3.8/site-packages/airflow/example_dags/example_task_group_decorator.py
[2022-10-24T23:33:36.800+0200] {processor.py:766} INFO - DAG(s) dict_keys(['example_task_group_decorator']) retrieved from /home/batata/PycharmProjects/Restitution_python_test_de/test_de/lib/python3.8/site-packages/airflow/example_dags/example_task_group_decorator.py
[2022-10-24T23:33:36.825+0200] {logging_mixin.py:120} INFO - [2022-10-24T23:33:36.825+0200] {dag.py:2585} INFO - Sync 1 DAGs
[2022-10-24T23:33:36.843+0200] {logging_mixin.py:120} INFO - [2022-10-24T23:33:36.843+0200] {dag.py:3336} INFO - Setting next_dagrun for example_task_group_decorator to 2022-10-23T21:33:36.842978+00:00, run_after=2022-10-24T21:33:36.842978+00:00
[2022-10-24T23:33:36.871+0200] {processor.py:176} INFO - Processing /home/batata/PycharmProjects/Restitution_python_test_de/test_de/lib/python3.8/site-packages/airflow/example_dags/example_task_group_decorator.py took 0.110 seconds
[2022-10-24T23:34:17.669+0200] {processor.py:154} INFO - Started process (PID=20083) to work on /home/batata/PycharmProjects/Restitution_python_test_de/test_de/lib/python3.8/site-packages/airflow/example_dags/example_task_group_decorator.py
[2022-10-24T23:34:17.672+0200] {processor.py:756} INFO - Processing file /home/batata/PycharmProjects/Restitution_python_test_de/test_de/lib/python3.8/site-packages/airflow/example_dags/example_task_group_decorator.py for tasks to queue
[2022-10-24T23:34:17.673+0200] {logging_mixin.py:120} INFO - [2022-10-24T23:34:17.673+0200] {dagbag.py:537} INFO - Filling up the DagBag from /home/batata/PycharmProjects/Restitution_python_test_de/test_de/lib/python3.8/site-packages/airflow/example_dags/example_task_group_decorator.py
[2022-10-24T23:34:17.704+0200] {processor.py:766} INFO - DAG(s) dict_keys(['example_task_group_decorator']) retrieved from /home/batata/PycharmProjects/Restitution_python_test_de/test_de/lib/python3.8/site-packages/airflow/example_dags/example_task_group_decorator.py
[2022-10-24T23:34:17.729+0200] {logging_mixin.py:120} INFO - [2022-10-24T23:34:17.729+0200] {dag.py:2585} INFO - Sync 1 DAGs
[2022-10-24T23:34:17.747+0200] {logging_mixin.py:120} INFO - [2022-10-24T23:34:17.747+0200] {dag.py:3336} INFO - Setting next_dagrun for example_task_group_decorator to 2022-10-23T21:34:17.747463+00:00, run_after=2022-10-24T21:34:17.747463+00:00
[2022-10-24T23:34:17.773+0200] {processor.py:176} INFO - Processing /home/batata/PycharmProjects/Restitution_python_test_de/test_de/lib/python3.8/site-packages/airflow/example_dags/example_task_group_decorator.py took 0.107 seconds
[2022-10-24T23:34:57.780+0200] {processor.py:154} INFO - Started process (PID=20303) to work on /home/batata/PycharmProjects/Restitution_python_test_de/test_de/lib/python3.8/site-packages/airflow/example_dags/example_task_group_decorator.py
[2022-10-24T23:34:57.782+0200] {processor.py:756} INFO - Processing file /home/batata/PycharmProjects/Restitution_python_test_de/test_de/lib/python3.8/site-packages/airflow/example_dags/example_task_group_decorator.py for tasks to queue
[2022-10-24T23:34:57.786+0200] {logging_mixin.py:120} INFO - [2022-10-24T23:34:57.786+0200] {dagbag.py:537} INFO - Filling up the DagBag from /home/batata/PycharmProjects/Restitution_python_test_de/test_de/lib/python3.8/site-packages/airflow/example_dags/example_task_group_decorator.py
[2022-10-24T23:34:57.820+0200] {processor.py:766} INFO - DAG(s) dict_keys(['example_task_group_decorator']) retrieved from /home/batata/PycharmProjects/Restitution_python_test_de/test_de/lib/python3.8/site-packages/airflow/example_dags/example_task_group_decorator.py
[2022-10-24T23:34:57.851+0200] {logging_mixin.py:120} INFO - [2022-10-24T23:34:57.850+0200] {dag.py:2585} INFO - Sync 1 DAGs
[2022-10-24T23:34:57.874+0200] {logging_mixin.py:120} INFO - [2022-10-24T23:34:57.873+0200] {dag.py:3336} INFO - Setting next_dagrun for example_task_group_decorator to 2022-10-23T21:34:57.873727+00:00, run_after=2022-10-24T21:34:57.873727+00:00
[2022-10-24T23:34:57.903+0200] {processor.py:176} INFO - Processing /home/batata/PycharmProjects/Restitution_python_test_de/test_de/lib/python3.8/site-packages/airflow/example_dags/example_task_group_decorator.py took 0.126 seconds
[2022-10-24T23:35:36.649+0200] {processor.py:154} INFO - Started process (PID=20526) to work on /home/batata/PycharmProjects/Restitution_python_test_de/test_de/lib/python3.8/site-packages/airflow/example_dags/example_task_group_decorator.py
[2022-10-24T23:35:36.652+0200] {processor.py:756} INFO - Processing file /home/batata/PycharmProjects/Restitution_python_test_de/test_de/lib/python3.8/site-packages/airflow/example_dags/example_task_group_decorator.py for tasks to queue
[2022-10-24T23:35:36.654+0200] {logging_mixin.py:120} INFO - [2022-10-24T23:35:36.654+0200] {dagbag.py:537} INFO - Filling up the DagBag from /home/batata/PycharmProjects/Restitution_python_test_de/test_de/lib/python3.8/site-packages/airflow/example_dags/example_task_group_decorator.py
[2022-10-24T23:35:36.687+0200] {processor.py:766} INFO - DAG(s) dict_keys(['example_task_group_decorator']) retrieved from /home/batata/PycharmProjects/Restitution_python_test_de/test_de/lib/python3.8/site-packages/airflow/example_dags/example_task_group_decorator.py
[2022-10-24T23:35:36.713+0200] {logging_mixin.py:120} INFO - [2022-10-24T23:35:36.713+0200] {dag.py:2585} INFO - Sync 1 DAGs
[2022-10-24T23:35:36.732+0200] {logging_mixin.py:120} INFO - [2022-10-24T23:35:36.732+0200] {dag.py:3336} INFO - Setting next_dagrun for example_task_group_decorator to 2022-10-23T21:35:36.731776+00:00, run_after=2022-10-24T21:35:36.731776+00:00
[2022-10-24T23:35:36.761+0200] {processor.py:176} INFO - Processing /home/batata/PycharmProjects/Restitution_python_test_de/test_de/lib/python3.8/site-packages/airflow/example_dags/example_task_group_decorator.py took 0.115 seconds
[2022-10-24T23:36:31.284+0200] {processor.py:154} INFO - Started process (PID=21011) to work on /home/batata/PycharmProjects/Restitution_python_test_de/test_de/lib/python3.8/site-packages/airflow/example_dags/example_task_group_decorator.py
[2022-10-24T23:36:31.286+0200] {processor.py:756} INFO - Processing file /home/batata/PycharmProjects/Restitution_python_test_de/test_de/lib/python3.8/site-packages/airflow/example_dags/example_task_group_decorator.py for tasks to queue
[2022-10-24T23:36:31.287+0200] {logging_mixin.py:120} INFO - [2022-10-24T23:36:31.287+0200] {dagbag.py:537} INFO - Filling up the DagBag from /home/batata/PycharmProjects/Restitution_python_test_de/test_de/lib/python3.8/site-packages/airflow/example_dags/example_task_group_decorator.py
[2022-10-24T23:36:31.335+0200] {processor.py:766} INFO - DAG(s) dict_keys(['example_task_group_decorator']) retrieved from /home/batata/PycharmProjects/Restitution_python_test_de/test_de/lib/python3.8/site-packages/airflow/example_dags/example_task_group_decorator.py
[2022-10-24T23:36:31.384+0200] {logging_mixin.py:120} INFO - [2022-10-24T23:36:31.384+0200] {dag.py:2585} INFO - Sync 1 DAGs
[2022-10-24T23:36:31.415+0200] {logging_mixin.py:120} INFO - [2022-10-24T23:36:31.415+0200] {dag.py:3336} INFO - Setting next_dagrun for example_task_group_decorator to 2022-10-23T21:36:31.414949+00:00, run_after=2022-10-24T21:36:31.414949+00:00
[2022-10-24T23:36:31.450+0200] {processor.py:176} INFO - Processing /home/batata/PycharmProjects/Restitution_python_test_de/test_de/lib/python3.8/site-packages/airflow/example_dags/example_task_group_decorator.py took 0.170 seconds
[2022-10-24T23:37:10.492+0200] {processor.py:154} INFO - Started process (PID=21254) to work on /home/batata/PycharmProjects/Restitution_python_test_de/test_de/lib/python3.8/site-packages/airflow/example_dags/example_task_group_decorator.py
[2022-10-24T23:37:10.494+0200] {processor.py:756} INFO - Processing file /home/batata/PycharmProjects/Restitution_python_test_de/test_de/lib/python3.8/site-packages/airflow/example_dags/example_task_group_decorator.py for tasks to queue
[2022-10-24T23:37:10.495+0200] {logging_mixin.py:120} INFO - [2022-10-24T23:37:10.495+0200] {dagbag.py:537} INFO - Filling up the DagBag from /home/batata/PycharmProjects/Restitution_python_test_de/test_de/lib/python3.8/site-packages/airflow/example_dags/example_task_group_decorator.py
[2022-10-24T23:37:10.528+0200] {processor.py:766} INFO - DAG(s) dict_keys(['example_task_group_decorator']) retrieved from /home/batata/PycharmProjects/Restitution_python_test_de/test_de/lib/python3.8/site-packages/airflow/example_dags/example_task_group_decorator.py
[2022-10-24T23:37:10.552+0200] {logging_mixin.py:120} INFO - [2022-10-24T23:37:10.552+0200] {dag.py:2585} INFO - Sync 1 DAGs
[2022-10-24T23:37:10.571+0200] {logging_mixin.py:120} INFO - [2022-10-24T23:37:10.571+0200] {dag.py:3336} INFO - Setting next_dagrun for example_task_group_decorator to 2022-10-23T21:37:10.571508+00:00, run_after=2022-10-24T21:37:10.571508+00:00
[2022-10-24T23:37:10.598+0200] {processor.py:176} INFO - Processing /home/batata/PycharmProjects/Restitution_python_test_de/test_de/lib/python3.8/site-packages/airflow/example_dags/example_task_group_decorator.py took 0.109 seconds
[2022-10-24T23:37:48.525+0200] {processor.py:154} INFO - Started process (PID=21418) to work on /home/batata/PycharmProjects/Restitution_python_test_de/test_de/lib/python3.8/site-packages/airflow/example_dags/example_task_group_decorator.py
[2022-10-24T23:37:48.528+0200] {processor.py:756} INFO - Processing file /home/batata/PycharmProjects/Restitution_python_test_de/test_de/lib/python3.8/site-packages/airflow/example_dags/example_task_group_decorator.py for tasks to queue
[2022-10-24T23:37:48.528+0200] {logging_mixin.py:120} INFO - [2022-10-24T23:37:48.528+0200] {dagbag.py:537} INFO - Filling up the DagBag from /home/batata/PycharmProjects/Restitution_python_test_de/test_de/lib/python3.8/site-packages/airflow/example_dags/example_task_group_decorator.py
[2022-10-24T23:37:48.565+0200] {processor.py:766} INFO - DAG(s) dict_keys(['example_task_group_decorator']) retrieved from /home/batata/PycharmProjects/Restitution_python_test_de/test_de/lib/python3.8/site-packages/airflow/example_dags/example_task_group_decorator.py
[2022-10-24T23:37:48.595+0200] {logging_mixin.py:120} INFO - [2022-10-24T23:37:48.594+0200] {dag.py:2585} INFO - Sync 1 DAGs
[2022-10-24T23:37:48.615+0200] {logging_mixin.py:120} INFO - [2022-10-24T23:37:48.615+0200] {dag.py:3336} INFO - Setting next_dagrun for example_task_group_decorator to 2022-10-23T21:37:48.614789+00:00, run_after=2022-10-24T21:37:48.614789+00:00
[2022-10-24T23:37:48.646+0200] {processor.py:176} INFO - Processing /home/batata/PycharmProjects/Restitution_python_test_de/test_de/lib/python3.8/site-packages/airflow/example_dags/example_task_group_decorator.py took 0.125 seconds
