[2022-10-24T23:32:32.673+0200] {processor.py:154} INFO - Started process (PID=19163) to work on /home/batata/PycharmProjects/Restitution_python_test_de/test_de/lib/python3.8/site-packages/airflow/example_dags/example_latest_only_with_trigger.py
[2022-10-24T23:32:32.674+0200] {processor.py:756} INFO - Processing file /home/batata/PycharmProjects/Restitution_python_test_de/test_de/lib/python3.8/site-packages/airflow/example_dags/example_latest_only_with_trigger.py for tasks to queue
[2022-10-24T23:32:32.679+0200] {logging_mixin.py:120} INFO - [2022-10-24T23:32:32.679+0200] {dagbag.py:537} INFO - Filling up the DagBag from /home/batata/PycharmProjects/Restitution_python_test_de/test_de/lib/python3.8/site-packages/airflow/example_dags/example_latest_only_with_trigger.py
[2022-10-24T23:32:32.692+0200] {processor.py:766} INFO - DAG(s) dict_keys(['latest_only_with_trigger']) retrieved from /home/batata/PycharmProjects/Restitution_python_test_de/test_de/lib/python3.8/site-packages/airflow/example_dags/example_latest_only_with_trigger.py
[2022-10-24T23:32:32.808+0200] {logging_mixin.py:120} INFO - [2022-10-24T23:32:32.808+0200] {manager.py:507} INFO - Created Permission View: can read on DAG:latest_only_with_trigger
[2022-10-24T23:32:32.823+0200] {logging_mixin.py:120} INFO - [2022-10-24T23:32:32.822+0200] {manager.py:507} INFO - Created Permission View: can delete on DAG:latest_only_with_trigger
[2022-10-24T23:32:32.834+0200] {logging_mixin.py:120} INFO - [2022-10-24T23:32:32.833+0200] {manager.py:507} INFO - Created Permission View: can edit on DAG:latest_only_with_trigger
[2022-10-24T23:32:32.834+0200] {logging_mixin.py:120} INFO - [2022-10-24T23:32:32.834+0200] {dag.py:2585} INFO - Sync 1 DAGs
[2022-10-24T23:32:32.844+0200] {logging_mixin.py:120} INFO - [2022-10-24T23:32:32.844+0200] {dag.py:2606} INFO - Creating ORM DAG for latest_only_with_trigger
[2022-10-24T23:32:32.853+0200] {logging_mixin.py:120} INFO - [2022-10-24T23:32:32.853+0200] {dag.py:3336} INFO - Setting next_dagrun for latest_only_with_trigger to 2022-10-24T17:32:32.853176+00:00, run_after=2022-10-24T21:32:32.853176+00:00
[2022-10-24T23:32:32.881+0200] {processor.py:176} INFO - Processing /home/batata/PycharmProjects/Restitution_python_test_de/test_de/lib/python3.8/site-packages/airflow/example_dags/example_latest_only_with_trigger.py took 0.211 seconds
[2022-10-24T23:32:37.522+0200] {processor.py:154} INFO - Started process (PID=19199) to work on /home/batata/PycharmProjects/Restitution_python_test_de/test_de/lib/python3.8/site-packages/airflow/example_dags/example_latest_only_with_trigger.py
[2022-10-24T23:32:37.523+0200] {processor.py:756} INFO - Processing file /home/batata/PycharmProjects/Restitution_python_test_de/test_de/lib/python3.8/site-packages/airflow/example_dags/example_latest_only_with_trigger.py for tasks to queue
[2022-10-24T23:32:37.523+0200] {logging_mixin.py:120} INFO - [2022-10-24T23:32:37.523+0200] {dagbag.py:537} INFO - Filling up the DagBag from /home/batata/PycharmProjects/Restitution_python_test_de/test_de/lib/python3.8/site-packages/airflow/example_dags/example_latest_only_with_trigger.py
[2022-10-24T23:32:37.550+0200] {processor.py:766} INFO - DAG(s) dict_keys(['latest_only_with_trigger']) retrieved from /home/batata/PycharmProjects/Restitution_python_test_de/test_de/lib/python3.8/site-packages/airflow/example_dags/example_latest_only_with_trigger.py
[2022-10-24T23:32:37.567+0200] {logging_mixin.py:120} INFO - [2022-10-24T23:32:37.567+0200] {dag.py:2585} INFO - Sync 1 DAGs
[2022-10-24T23:32:37.595+0200] {logging_mixin.py:120} INFO - [2022-10-24T23:32:37.594+0200] {dag.py:3336} INFO - Setting next_dagrun for latest_only_with_trigger to 2022-10-24T17:32:37.594010+00:00, run_after=2022-10-24T21:32:37.594010+00:00
[2022-10-24T23:32:37.630+0200] {processor.py:176} INFO - Processing /home/batata/PycharmProjects/Restitution_python_test_de/test_de/lib/python3.8/site-packages/airflow/example_dags/example_latest_only_with_trigger.py took 0.110 seconds
[2022-10-24T23:33:19.819+0200] {processor.py:154} INFO - Started process (PID=19566) to work on /home/batata/PycharmProjects/Restitution_python_test_de/test_de/lib/python3.8/site-packages/airflow/example_dags/example_latest_only_with_trigger.py
[2022-10-24T23:33:19.820+0200] {processor.py:756} INFO - Processing file /home/batata/PycharmProjects/Restitution_python_test_de/test_de/lib/python3.8/site-packages/airflow/example_dags/example_latest_only_with_trigger.py for tasks to queue
[2022-10-24T23:33:19.822+0200] {logging_mixin.py:120} INFO - [2022-10-24T23:33:19.822+0200] {dagbag.py:537} INFO - Filling up the DagBag from /home/batata/PycharmProjects/Restitution_python_test_de/test_de/lib/python3.8/site-packages/airflow/example_dags/example_latest_only_with_trigger.py
[2022-10-24T23:33:19.834+0200] {processor.py:766} INFO - DAG(s) dict_keys(['latest_only_with_trigger']) retrieved from /home/batata/PycharmProjects/Restitution_python_test_de/test_de/lib/python3.8/site-packages/airflow/example_dags/example_latest_only_with_trigger.py
[2022-10-24T23:33:19.857+0200] {logging_mixin.py:120} INFO - [2022-10-24T23:33:19.857+0200] {dag.py:2585} INFO - Sync 1 DAGs
[2022-10-24T23:33:19.878+0200] {logging_mixin.py:120} INFO - [2022-10-24T23:33:19.878+0200] {dag.py:3336} INFO - Setting next_dagrun for latest_only_with_trigger to 2022-10-24T17:33:19.878105+00:00, run_after=2022-10-24T21:33:19.878105+00:00
[2022-10-24T23:33:19.903+0200] {processor.py:176} INFO - Processing /home/batata/PycharmProjects/Restitution_python_test_de/test_de/lib/python3.8/site-packages/airflow/example_dags/example_latest_only_with_trigger.py took 0.086 seconds
[2022-10-24T23:34:02.617+0200] {processor.py:154} INFO - Started process (PID=19947) to work on /home/batata/PycharmProjects/Restitution_python_test_de/test_de/lib/python3.8/site-packages/airflow/example_dags/example_latest_only_with_trigger.py
[2022-10-24T23:34:02.620+0200] {processor.py:756} INFO - Processing file /home/batata/PycharmProjects/Restitution_python_test_de/test_de/lib/python3.8/site-packages/airflow/example_dags/example_latest_only_with_trigger.py for tasks to queue
[2022-10-24T23:34:02.622+0200] {logging_mixin.py:120} INFO - [2022-10-24T23:34:02.622+0200] {dagbag.py:537} INFO - Filling up the DagBag from /home/batata/PycharmProjects/Restitution_python_test_de/test_de/lib/python3.8/site-packages/airflow/example_dags/example_latest_only_with_trigger.py
[2022-10-24T23:34:02.637+0200] {processor.py:766} INFO - DAG(s) dict_keys(['latest_only_with_trigger']) retrieved from /home/batata/PycharmProjects/Restitution_python_test_de/test_de/lib/python3.8/site-packages/airflow/example_dags/example_latest_only_with_trigger.py
[2022-10-24T23:34:02.661+0200] {logging_mixin.py:120} INFO - [2022-10-24T23:34:02.661+0200] {dag.py:2585} INFO - Sync 1 DAGs
[2022-10-24T23:34:02.688+0200] {logging_mixin.py:120} INFO - [2022-10-24T23:34:02.688+0200] {dag.py:3336} INFO - Setting next_dagrun for latest_only_with_trigger to 2022-10-24T17:34:02.688550+00:00, run_after=2022-10-24T21:34:02.688550+00:00
[2022-10-24T23:34:02.717+0200] {processor.py:176} INFO - Processing /home/batata/PycharmProjects/Restitution_python_test_de/test_de/lib/python3.8/site-packages/airflow/example_dags/example_latest_only_with_trigger.py took 0.103 seconds
[2022-10-24T23:34:42.047+0200] {processor.py:154} INFO - Started process (PID=20237) to work on /home/batata/PycharmProjects/Restitution_python_test_de/test_de/lib/python3.8/site-packages/airflow/example_dags/example_latest_only_with_trigger.py
[2022-10-24T23:34:42.049+0200] {processor.py:756} INFO - Processing file /home/batata/PycharmProjects/Restitution_python_test_de/test_de/lib/python3.8/site-packages/airflow/example_dags/example_latest_only_with_trigger.py for tasks to queue
[2022-10-24T23:34:42.051+0200] {logging_mixin.py:120} INFO - [2022-10-24T23:34:42.050+0200] {dagbag.py:537} INFO - Filling up the DagBag from /home/batata/PycharmProjects/Restitution_python_test_de/test_de/lib/python3.8/site-packages/airflow/example_dags/example_latest_only_with_trigger.py
[2022-10-24T23:34:42.063+0200] {processor.py:766} INFO - DAG(s) dict_keys(['latest_only_with_trigger']) retrieved from /home/batata/PycharmProjects/Restitution_python_test_de/test_de/lib/python3.8/site-packages/airflow/example_dags/example_latest_only_with_trigger.py
[2022-10-24T23:34:42.088+0200] {logging_mixin.py:120} INFO - [2022-10-24T23:34:42.087+0200] {dag.py:2585} INFO - Sync 1 DAGs
[2022-10-24T23:34:42.108+0200] {logging_mixin.py:120} INFO - [2022-10-24T23:34:42.108+0200] {dag.py:3336} INFO - Setting next_dagrun for latest_only_with_trigger to 2022-10-24T17:34:42.108037+00:00, run_after=2022-10-24T21:34:42.108037+00:00
[2022-10-24T23:34:42.142+0200] {processor.py:176} INFO - Processing /home/batata/PycharmProjects/Restitution_python_test_de/test_de/lib/python3.8/site-packages/airflow/example_dags/example_latest_only_with_trigger.py took 0.098 seconds
[2022-10-24T23:35:23.082+0200] {processor.py:154} INFO - Started process (PID=20468) to work on /home/batata/PycharmProjects/Restitution_python_test_de/test_de/lib/python3.8/site-packages/airflow/example_dags/example_latest_only_with_trigger.py
[2022-10-24T23:35:23.084+0200] {processor.py:756} INFO - Processing file /home/batata/PycharmProjects/Restitution_python_test_de/test_de/lib/python3.8/site-packages/airflow/example_dags/example_latest_only_with_trigger.py for tasks to queue
[2022-10-24T23:35:23.085+0200] {logging_mixin.py:120} INFO - [2022-10-24T23:35:23.085+0200] {dagbag.py:537} INFO - Filling up the DagBag from /home/batata/PycharmProjects/Restitution_python_test_de/test_de/lib/python3.8/site-packages/airflow/example_dags/example_latest_only_with_trigger.py
[2022-10-24T23:35:23.099+0200] {processor.py:766} INFO - DAG(s) dict_keys(['latest_only_with_trigger']) retrieved from /home/batata/PycharmProjects/Restitution_python_test_de/test_de/lib/python3.8/site-packages/airflow/example_dags/example_latest_only_with_trigger.py
[2022-10-24T23:35:23.126+0200] {logging_mixin.py:120} INFO - [2022-10-24T23:35:23.126+0200] {dag.py:2585} INFO - Sync 1 DAGs
[2022-10-24T23:35:23.145+0200] {logging_mixin.py:120} INFO - [2022-10-24T23:35:23.145+0200] {dag.py:3336} INFO - Setting next_dagrun for latest_only_with_trigger to 2022-10-24T17:35:23.145409+00:00, run_after=2022-10-24T21:35:23.145409+00:00
[2022-10-24T23:35:23.182+0200] {processor.py:176} INFO - Processing /home/batata/PycharmProjects/Restitution_python_test_de/test_de/lib/python3.8/site-packages/airflow/example_dags/example_latest_only_with_trigger.py took 0.103 seconds
[2022-10-24T23:36:16.242+0200] {processor.py:154} INFO - Started process (PID=20880) to work on /home/batata/PycharmProjects/Restitution_python_test_de/test_de/lib/python3.8/site-packages/airflow/example_dags/example_latest_only_with_trigger.py
[2022-10-24T23:36:16.292+0200] {processor.py:756} INFO - Processing file /home/batata/PycharmProjects/Restitution_python_test_de/test_de/lib/python3.8/site-packages/airflow/example_dags/example_latest_only_with_trigger.py for tasks to queue
[2022-10-24T23:36:16.293+0200] {logging_mixin.py:120} INFO - [2022-10-24T23:36:16.293+0200] {dagbag.py:537} INFO - Filling up the DagBag from /home/batata/PycharmProjects/Restitution_python_test_de/test_de/lib/python3.8/site-packages/airflow/example_dags/example_latest_only_with_trigger.py
[2022-10-24T23:36:16.329+0200] {processor.py:766} INFO - DAG(s) dict_keys(['latest_only_with_trigger']) retrieved from /home/batata/PycharmProjects/Restitution_python_test_de/test_de/lib/python3.8/site-packages/airflow/example_dags/example_latest_only_with_trigger.py
[2022-10-24T23:36:16.404+0200] {logging_mixin.py:120} INFO - [2022-10-24T23:36:16.404+0200] {dag.py:2585} INFO - Sync 1 DAGs
[2022-10-24T23:36:16.467+0200] {logging_mixin.py:120} INFO - [2022-10-24T23:36:16.467+0200] {dag.py:3336} INFO - Setting next_dagrun for latest_only_with_trigger to 2022-10-24T17:36:16.466823+00:00, run_after=2022-10-24T21:36:16.466823+00:00
[2022-10-24T23:36:16.544+0200] {processor.py:176} INFO - Processing /home/batata/PycharmProjects/Restitution_python_test_de/test_de/lib/python3.8/site-packages/airflow/example_dags/example_latest_only_with_trigger.py took 0.305 seconds
[2022-10-24T23:36:55.052+0200] {processor.py:154} INFO - Started process (PID=21186) to work on /home/batata/PycharmProjects/Restitution_python_test_de/test_de/lib/python3.8/site-packages/airflow/example_dags/example_latest_only_with_trigger.py
[2022-10-24T23:36:55.055+0200] {processor.py:756} INFO - Processing file /home/batata/PycharmProjects/Restitution_python_test_de/test_de/lib/python3.8/site-packages/airflow/example_dags/example_latest_only_with_trigger.py for tasks to queue
[2022-10-24T23:36:55.056+0200] {logging_mixin.py:120} INFO - [2022-10-24T23:36:55.056+0200] {dagbag.py:537} INFO - Filling up the DagBag from /home/batata/PycharmProjects/Restitution_python_test_de/test_de/lib/python3.8/site-packages/airflow/example_dags/example_latest_only_with_trigger.py
[2022-10-24T23:36:55.073+0200] {processor.py:766} INFO - DAG(s) dict_keys(['latest_only_with_trigger']) retrieved from /home/batata/PycharmProjects/Restitution_python_test_de/test_de/lib/python3.8/site-packages/airflow/example_dags/example_latest_only_with_trigger.py
[2022-10-24T23:36:55.097+0200] {logging_mixin.py:120} INFO - [2022-10-24T23:36:55.096+0200] {dag.py:2585} INFO - Sync 1 DAGs
[2022-10-24T23:36:55.115+0200] {logging_mixin.py:120} INFO - [2022-10-24T23:36:55.115+0200] {dag.py:3336} INFO - Setting next_dagrun for latest_only_with_trigger to 2022-10-24T17:36:55.115139+00:00, run_after=2022-10-24T21:36:55.115139+00:00
[2022-10-24T23:36:55.147+0200] {processor.py:176} INFO - Processing /home/batata/PycharmProjects/Restitution_python_test_de/test_de/lib/python3.8/site-packages/airflow/example_dags/example_latest_only_with_trigger.py took 0.098 seconds
[2022-10-24T23:37:33.837+0200] {processor.py:154} INFO - Started process (PID=21361) to work on /home/batata/PycharmProjects/Restitution_python_test_de/test_de/lib/python3.8/site-packages/airflow/example_dags/example_latest_only_with_trigger.py
[2022-10-24T23:37:33.839+0200] {processor.py:756} INFO - Processing file /home/batata/PycharmProjects/Restitution_python_test_de/test_de/lib/python3.8/site-packages/airflow/example_dags/example_latest_only_with_trigger.py for tasks to queue
[2022-10-24T23:37:33.839+0200] {logging_mixin.py:120} INFO - [2022-10-24T23:37:33.839+0200] {dagbag.py:537} INFO - Filling up the DagBag from /home/batata/PycharmProjects/Restitution_python_test_de/test_de/lib/python3.8/site-packages/airflow/example_dags/example_latest_only_with_trigger.py
[2022-10-24T23:37:33.853+0200] {processor.py:766} INFO - DAG(s) dict_keys(['latest_only_with_trigger']) retrieved from /home/batata/PycharmProjects/Restitution_python_test_de/test_de/lib/python3.8/site-packages/airflow/example_dags/example_latest_only_with_trigger.py
[2022-10-24T23:37:33.876+0200] {logging_mixin.py:120} INFO - [2022-10-24T23:37:33.876+0200] {dag.py:2585} INFO - Sync 1 DAGs
[2022-10-24T23:37:33.897+0200] {logging_mixin.py:120} INFO - [2022-10-24T23:37:33.897+0200] {dag.py:3336} INFO - Setting next_dagrun for latest_only_with_trigger to 2022-10-24T17:37:33.896805+00:00, run_after=2022-10-24T21:37:33.896805+00:00
[2022-10-24T23:37:33.926+0200] {processor.py:176} INFO - Processing /home/batata/PycharmProjects/Restitution_python_test_de/test_de/lib/python3.8/site-packages/airflow/example_dags/example_latest_only_with_trigger.py took 0.092 seconds
