[2022-10-24T23:33:04.244+0200] {processor.py:154} INFO - Started process (PID=19426) to work on /home/batata/PycharmProjects/Restitution_python_test_de/test_de/lib/python3.8/site-packages/airflow/example_dags/example_datasets.py
[2022-10-24T23:33:04.244+0200] {processor.py:756} INFO - Processing file /home/batata/PycharmProjects/Restitution_python_test_de/test_de/lib/python3.8/site-packages/airflow/example_dags/example_datasets.py for tasks to queue
[2022-10-24T23:33:04.246+0200] {logging_mixin.py:120} INFO - [2022-10-24T23:33:04.246+0200] {dagbag.py:537} INFO - Filling up the DagBag from /home/batata/PycharmProjects/Restitution_python_test_de/test_de/lib/python3.8/site-packages/airflow/example_dags/example_datasets.py
[2022-10-24T23:33:04.277+0200] {processor.py:766} INFO - DAG(s) dict_keys(['dataset_consumes_1', 'dataset_produces_2', 'dataset_produces_1', 'dataset_consumes_1_and_2', 'dataset_consumes_1_never_scheduled', 'dataset_consumes_unknown_never_scheduled']) retrieved from /home/batata/PycharmProjects/Restitution_python_test_de/test_de/lib/python3.8/site-packages/airflow/example_dags/example_datasets.py
[2022-10-24T23:33:04.567+0200] {logging_mixin.py:120} INFO - [2022-10-24T23:33:04.567+0200] {manager.py:507} INFO - Created Permission View: can read on DAG:dataset_consumes_1
[2022-10-24T23:33:04.736+0200] {logging_mixin.py:120} INFO - [2022-10-24T23:33:04.736+0200] {manager.py:507} INFO - Created Permission View: can delete on DAG:dataset_consumes_1
[2022-10-24T23:33:04.885+0200] {logging_mixin.py:120} INFO - [2022-10-24T23:33:04.884+0200] {manager.py:507} INFO - Created Permission View: can edit on DAG:dataset_consumes_1
[2022-10-24T23:33:05.167+0200] {logging_mixin.py:120} INFO - [2022-10-24T23:33:05.166+0200] {manager.py:507} INFO - Created Permission View: can read on DAG:dataset_produces_2
[2022-10-24T23:33:05.186+0200] {logging_mixin.py:120} INFO - [2022-10-24T23:33:05.186+0200] {manager.py:507} INFO - Created Permission View: can delete on DAG:dataset_produces_2
[2022-10-24T23:33:05.202+0200] {logging_mixin.py:120} INFO - [2022-10-24T23:33:05.202+0200] {manager.py:507} INFO - Created Permission View: can edit on DAG:dataset_produces_2
[2022-10-24T23:33:05.258+0200] {logging_mixin.py:120} INFO - [2022-10-24T23:33:05.257+0200] {manager.py:507} INFO - Created Permission View: can read on DAG:dataset_produces_1
[2022-10-24T23:33:05.275+0200] {logging_mixin.py:120} INFO - [2022-10-24T23:33:05.275+0200] {manager.py:507} INFO - Created Permission View: can delete on DAG:dataset_produces_1
[2022-10-24T23:33:05.291+0200] {logging_mixin.py:120} INFO - [2022-10-24T23:33:05.291+0200] {manager.py:507} INFO - Created Permission View: can edit on DAG:dataset_produces_1
[2022-10-24T23:33:05.821+0200] {logging_mixin.py:120} INFO - [2022-10-24T23:33:05.820+0200] {manager.py:507} INFO - Created Permission View: can read on DAG:dataset_consumes_1_and_2
[2022-10-24T23:33:05.836+0200] {logging_mixin.py:120} INFO - [2022-10-24T23:33:05.836+0200] {manager.py:507} INFO - Created Permission View: can delete on DAG:dataset_consumes_1_and_2
[2022-10-24T23:33:05.859+0200] {logging_mixin.py:120} INFO - [2022-10-24T23:33:05.858+0200] {manager.py:507} INFO - Created Permission View: can edit on DAG:dataset_consumes_1_and_2
[2022-10-24T23:33:05.985+0200] {logging_mixin.py:120} INFO - [2022-10-24T23:33:05.985+0200] {manager.py:507} INFO - Created Permission View: can read on DAG:dataset_consumes_1_never_scheduled
[2022-10-24T23:33:06.110+0200] {logging_mixin.py:120} INFO - [2022-10-24T23:33:06.109+0200] {manager.py:507} INFO - Created Permission View: can delete on DAG:dataset_consumes_1_never_scheduled
[2022-10-24T23:33:06.154+0200] {logging_mixin.py:120} INFO - [2022-10-24T23:33:06.154+0200] {manager.py:507} INFO - Created Permission View: can edit on DAG:dataset_consumes_1_never_scheduled
[2022-10-24T23:33:06.296+0200] {logging_mixin.py:120} INFO - [2022-10-24T23:33:06.295+0200] {manager.py:507} INFO - Created Permission View: can read on DAG:dataset_consumes_unknown_never_scheduled
[2022-10-24T23:33:06.371+0200] {logging_mixin.py:120} INFO - [2022-10-24T23:33:06.370+0200] {manager.py:507} INFO - Created Permission View: can delete on DAG:dataset_consumes_unknown_never_scheduled
[2022-10-24T23:33:06.436+0200] {logging_mixin.py:120} INFO - [2022-10-24T23:33:06.436+0200] {manager.py:507} INFO - Created Permission View: can edit on DAG:dataset_consumes_unknown_never_scheduled
[2022-10-24T23:33:06.437+0200] {logging_mixin.py:120} INFO - [2022-10-24T23:33:06.436+0200] {dag.py:2585} INFO - Sync 6 DAGs
[2022-10-24T23:33:06.498+0200] {logging_mixin.py:120} INFO - [2022-10-24T23:33:06.498+0200] {dag.py:2606} INFO - Creating ORM DAG for dataset_consumes_1_never_scheduled
[2022-10-24T23:33:06.499+0200] {logging_mixin.py:120} INFO - [2022-10-24T23:33:06.499+0200] {dag.py:2606} INFO - Creating ORM DAG for dataset_consumes_unknown_never_scheduled
[2022-10-24T23:33:06.501+0200] {logging_mixin.py:120} INFO - [2022-10-24T23:33:06.500+0200] {dag.py:2606} INFO - Creating ORM DAG for dataset_consumes_1
[2022-10-24T23:33:06.502+0200] {logging_mixin.py:120} INFO - [2022-10-24T23:33:06.501+0200] {dag.py:2606} INFO - Creating ORM DAG for dataset_consumes_1_and_2
[2022-10-24T23:33:06.502+0200] {logging_mixin.py:120} INFO - [2022-10-24T23:33:06.502+0200] {dag.py:2606} INFO - Creating ORM DAG for dataset_produces_1
[2022-10-24T23:33:06.503+0200] {logging_mixin.py:120} INFO - [2022-10-24T23:33:06.503+0200] {dag.py:2606} INFO - Creating ORM DAG for dataset_produces_2
[2022-10-24T23:33:06.535+0200] {logging_mixin.py:120} INFO - [2022-10-24T23:33:06.535+0200] {dag.py:3336} INFO - Setting next_dagrun for dataset_consumes_1 to None, run_after=None
[2022-10-24T23:33:06.547+0200] {logging_mixin.py:120} INFO - [2022-10-24T23:33:06.536+0200] {dag.py:3336} INFO - Setting next_dagrun for dataset_consumes_1_and_2 to None, run_after=None
[2022-10-24T23:33:06.556+0200] {logging_mixin.py:120} INFO - [2022-10-24T23:33:06.554+0200] {dag.py:3336} INFO - Setting next_dagrun for dataset_consumes_1_never_scheduled to None, run_after=None
[2022-10-24T23:33:06.560+0200] {logging_mixin.py:120} INFO - [2022-10-24T23:33:06.559+0200] {dag.py:3336} INFO - Setting next_dagrun for dataset_consumes_unknown_never_scheduled to None, run_after=None
[2022-10-24T23:33:06.570+0200] {logging_mixin.py:120} INFO - [2022-10-24T23:33:06.570+0200] {dag.py:3336} INFO - Setting next_dagrun for dataset_produces_1 to 2022-10-23T00:00:00+00:00, run_after=2022-10-24T00:00:00+00:00
[2022-10-24T23:33:06.571+0200] {logging_mixin.py:120} INFO - [2022-10-24T23:33:06.570+0200] {dag.py:3336} INFO - Setting next_dagrun for dataset_produces_2 to None, run_after=None
[2022-10-24T23:33:06.703+0200] {processor.py:176} INFO - Processing /home/batata/PycharmProjects/Restitution_python_test_de/test_de/lib/python3.8/site-packages/airflow/example_dags/example_datasets.py took 2.462 seconds
[2022-10-24T23:33:48.624+0200] {processor.py:154} INFO - Started process (PID=19811) to work on /home/batata/PycharmProjects/Restitution_python_test_de/test_de/lib/python3.8/site-packages/airflow/example_dags/example_datasets.py
[2022-10-24T23:33:48.626+0200] {processor.py:756} INFO - Processing file /home/batata/PycharmProjects/Restitution_python_test_de/test_de/lib/python3.8/site-packages/airflow/example_dags/example_datasets.py for tasks to queue
[2022-10-24T23:33:48.628+0200] {logging_mixin.py:120} INFO - [2022-10-24T23:33:48.628+0200] {dagbag.py:537} INFO - Filling up the DagBag from /home/batata/PycharmProjects/Restitution_python_test_de/test_de/lib/python3.8/site-packages/airflow/example_dags/example_datasets.py
[2022-10-24T23:33:48.646+0200] {processor.py:766} INFO - DAG(s) dict_keys(['dataset_produces_2', 'dataset_consumes_1', 'dataset_produces_1', 'dataset_consumes_1_never_scheduled', 'dataset_consumes_1_and_2', 'dataset_consumes_unknown_never_scheduled']) retrieved from /home/batata/PycharmProjects/Restitution_python_test_de/test_de/lib/python3.8/site-packages/airflow/example_dags/example_datasets.py
[2022-10-24T23:33:48.678+0200] {logging_mixin.py:120} INFO - [2022-10-24T23:33:48.678+0200] {dag.py:2585} INFO - Sync 6 DAGs
[2022-10-24T23:33:48.698+0200] {logging_mixin.py:120} INFO - [2022-10-24T23:33:48.698+0200] {dag.py:3336} INFO - Setting next_dagrun for dataset_consumes_1 to None, run_after=None
[2022-10-24T23:33:48.701+0200] {logging_mixin.py:120} INFO - [2022-10-24T23:33:48.700+0200] {dag.py:3336} INFO - Setting next_dagrun for dataset_consumes_1_and_2 to None, run_after=None
[2022-10-24T23:33:48.701+0200] {logging_mixin.py:120} INFO - [2022-10-24T23:33:48.701+0200] {dag.py:3336} INFO - Setting next_dagrun for dataset_consumes_1_never_scheduled to None, run_after=None
[2022-10-24T23:33:48.702+0200] {logging_mixin.py:120} INFO - [2022-10-24T23:33:48.702+0200] {dag.py:3336} INFO - Setting next_dagrun for dataset_consumes_unknown_never_scheduled to None, run_after=None
[2022-10-24T23:33:48.704+0200] {logging_mixin.py:120} INFO - [2022-10-24T23:33:48.704+0200] {dag.py:3336} INFO - Setting next_dagrun for dataset_produces_1 to 2022-10-23T00:00:00+00:00, run_after=2022-10-24T00:00:00+00:00
[2022-10-24T23:33:48.705+0200] {logging_mixin.py:120} INFO - [2022-10-24T23:33:48.705+0200] {dag.py:3336} INFO - Setting next_dagrun for dataset_produces_2 to None, run_after=None
[2022-10-24T23:33:48.734+0200] {processor.py:176} INFO - Processing /home/batata/PycharmProjects/Restitution_python_test_de/test_de/lib/python3.8/site-packages/airflow/example_dags/example_datasets.py took 0.113 seconds
[2022-10-24T23:34:29.335+0200] {processor.py:154} INFO - Started process (PID=20201) to work on /home/batata/PycharmProjects/Restitution_python_test_de/test_de/lib/python3.8/site-packages/airflow/example_dags/example_datasets.py
[2022-10-24T23:34:29.337+0200] {processor.py:756} INFO - Processing file /home/batata/PycharmProjects/Restitution_python_test_de/test_de/lib/python3.8/site-packages/airflow/example_dags/example_datasets.py for tasks to queue
[2022-10-24T23:34:29.339+0200] {logging_mixin.py:120} INFO - [2022-10-24T23:34:29.339+0200] {dagbag.py:537} INFO - Filling up the DagBag from /home/batata/PycharmProjects/Restitution_python_test_de/test_de/lib/python3.8/site-packages/airflow/example_dags/example_datasets.py
[2022-10-24T23:34:29.355+0200] {processor.py:766} INFO - DAG(s) dict_keys(['dataset_consumes_1_and_2', 'dataset_produces_1', 'dataset_consumes_1', 'dataset_produces_2', 'dataset_consumes_1_never_scheduled', 'dataset_consumes_unknown_never_scheduled']) retrieved from /home/batata/PycharmProjects/Restitution_python_test_de/test_de/lib/python3.8/site-packages/airflow/example_dags/example_datasets.py
[2022-10-24T23:34:29.399+0200] {logging_mixin.py:120} INFO - [2022-10-24T23:34:29.399+0200] {dag.py:2585} INFO - Sync 6 DAGs
[2022-10-24T23:34:29.430+0200] {logging_mixin.py:120} INFO - [2022-10-24T23:34:29.430+0200] {dag.py:3336} INFO - Setting next_dagrun for dataset_consumes_1 to None, run_after=None
[2022-10-24T23:34:29.437+0200] {logging_mixin.py:120} INFO - [2022-10-24T23:34:29.437+0200] {dag.py:3336} INFO - Setting next_dagrun for dataset_consumes_1_and_2 to None, run_after=None
[2022-10-24T23:34:29.438+0200] {logging_mixin.py:120} INFO - [2022-10-24T23:34:29.438+0200] {dag.py:3336} INFO - Setting next_dagrun for dataset_consumes_1_never_scheduled to None, run_after=None
[2022-10-24T23:34:29.439+0200] {logging_mixin.py:120} INFO - [2022-10-24T23:34:29.439+0200] {dag.py:3336} INFO - Setting next_dagrun for dataset_consumes_unknown_never_scheduled to None, run_after=None
[2022-10-24T23:34:29.442+0200] {logging_mixin.py:120} INFO - [2022-10-24T23:34:29.442+0200] {dag.py:3336} INFO - Setting next_dagrun for dataset_produces_1 to 2022-10-23T00:00:00+00:00, run_after=2022-10-24T00:00:00+00:00
[2022-10-24T23:34:29.443+0200] {logging_mixin.py:120} INFO - [2022-10-24T23:34:29.443+0200] {dag.py:3336} INFO - Setting next_dagrun for dataset_produces_2 to None, run_after=None
[2022-10-24T23:34:29.503+0200] {processor.py:176} INFO - Processing /home/batata/PycharmProjects/Restitution_python_test_de/test_de/lib/python3.8/site-packages/airflow/example_dags/example_datasets.py took 0.170 seconds
[2022-10-24T23:35:09.413+0200] {processor.py:154} INFO - Started process (PID=20368) to work on /home/batata/PycharmProjects/Restitution_python_test_de/test_de/lib/python3.8/site-packages/airflow/example_dags/example_datasets.py
[2022-10-24T23:35:09.417+0200] {processor.py:756} INFO - Processing file /home/batata/PycharmProjects/Restitution_python_test_de/test_de/lib/python3.8/site-packages/airflow/example_dags/example_datasets.py for tasks to queue
[2022-10-24T23:35:09.418+0200] {logging_mixin.py:120} INFO - [2022-10-24T23:35:09.418+0200] {dagbag.py:537} INFO - Filling up the DagBag from /home/batata/PycharmProjects/Restitution_python_test_de/test_de/lib/python3.8/site-packages/airflow/example_dags/example_datasets.py
[2022-10-24T23:35:09.445+0200] {processor.py:766} INFO - DAG(s) dict_keys(['dataset_consumes_1_never_scheduled', 'dataset_consumes_1', 'dataset_consumes_unknown_never_scheduled', 'dataset_produces_2', 'dataset_produces_1', 'dataset_consumes_1_and_2']) retrieved from /home/batata/PycharmProjects/Restitution_python_test_de/test_de/lib/python3.8/site-packages/airflow/example_dags/example_datasets.py
[2022-10-24T23:35:09.499+0200] {logging_mixin.py:120} INFO - [2022-10-24T23:35:09.499+0200] {dag.py:2585} INFO - Sync 6 DAGs
[2022-10-24T23:35:09.535+0200] {logging_mixin.py:120} INFO - [2022-10-24T23:35:09.534+0200] {dag.py:3336} INFO - Setting next_dagrun for dataset_consumes_1 to None, run_after=None
[2022-10-24T23:35:09.541+0200] {logging_mixin.py:120} INFO - [2022-10-24T23:35:09.540+0200] {dag.py:3336} INFO - Setting next_dagrun for dataset_consumes_1_and_2 to None, run_after=None
[2022-10-24T23:35:09.542+0200] {logging_mixin.py:120} INFO - [2022-10-24T23:35:09.542+0200] {dag.py:3336} INFO - Setting next_dagrun for dataset_consumes_1_never_scheduled to None, run_after=None
[2022-10-24T23:35:09.544+0200] {logging_mixin.py:120} INFO - [2022-10-24T23:35:09.544+0200] {dag.py:3336} INFO - Setting next_dagrun for dataset_consumes_unknown_never_scheduled to None, run_after=None
[2022-10-24T23:35:09.549+0200] {logging_mixin.py:120} INFO - [2022-10-24T23:35:09.549+0200] {dag.py:3336} INFO - Setting next_dagrun for dataset_produces_1 to 2022-10-23T00:00:00+00:00, run_after=2022-10-24T00:00:00+00:00
[2022-10-24T23:35:09.551+0200] {logging_mixin.py:120} INFO - [2022-10-24T23:35:09.551+0200] {dag.py:3336} INFO - Setting next_dagrun for dataset_produces_2 to None, run_after=None
[2022-10-24T23:35:09.607+0200] {processor.py:176} INFO - Processing /home/batata/PycharmProjects/Restitution_python_test_de/test_de/lib/python3.8/site-packages/airflow/example_dags/example_datasets.py took 0.198 seconds
[2022-10-24T23:35:47.245+0200] {processor.py:154} INFO - Started process (PID=20566) to work on /home/batata/PycharmProjects/Restitution_python_test_de/test_de/lib/python3.8/site-packages/airflow/example_dags/example_datasets.py
[2022-10-24T23:35:47.247+0200] {processor.py:756} INFO - Processing file /home/batata/PycharmProjects/Restitution_python_test_de/test_de/lib/python3.8/site-packages/airflow/example_dags/example_datasets.py for tasks to queue
[2022-10-24T23:35:47.249+0200] {logging_mixin.py:120} INFO - [2022-10-24T23:35:47.249+0200] {dagbag.py:537} INFO - Filling up the DagBag from /home/batata/PycharmProjects/Restitution_python_test_de/test_de/lib/python3.8/site-packages/airflow/example_dags/example_datasets.py
[2022-10-24T23:35:47.265+0200] {processor.py:766} INFO - DAG(s) dict_keys(['dataset_produces_2', 'dataset_consumes_1', 'dataset_consumes_unknown_never_scheduled', 'dataset_produces_1', 'dataset_consumes_1_and_2', 'dataset_consumes_1_never_scheduled']) retrieved from /home/batata/PycharmProjects/Restitution_python_test_de/test_de/lib/python3.8/site-packages/airflow/example_dags/example_datasets.py
[2022-10-24T23:35:47.298+0200] {logging_mixin.py:120} INFO - [2022-10-24T23:35:47.297+0200] {dag.py:2585} INFO - Sync 6 DAGs
[2022-10-24T23:35:47.317+0200] {logging_mixin.py:120} INFO - [2022-10-24T23:35:47.317+0200] {dag.py:3336} INFO - Setting next_dagrun for dataset_consumes_1 to None, run_after=None
[2022-10-24T23:35:47.320+0200] {logging_mixin.py:120} INFO - [2022-10-24T23:35:47.320+0200] {dag.py:3336} INFO - Setting next_dagrun for dataset_consumes_1_and_2 to None, run_after=None
[2022-10-24T23:35:47.320+0200] {logging_mixin.py:120} INFO - [2022-10-24T23:35:47.320+0200] {dag.py:3336} INFO - Setting next_dagrun for dataset_consumes_1_never_scheduled to None, run_after=None
[2022-10-24T23:35:47.321+0200] {logging_mixin.py:120} INFO - [2022-10-24T23:35:47.321+0200] {dag.py:3336} INFO - Setting next_dagrun for dataset_consumes_unknown_never_scheduled to None, run_after=None
[2022-10-24T23:35:47.324+0200] {logging_mixin.py:120} INFO - [2022-10-24T23:35:47.324+0200] {dag.py:3336} INFO - Setting next_dagrun for dataset_produces_1 to 2022-10-23T00:00:00+00:00, run_after=2022-10-24T00:00:00+00:00
[2022-10-24T23:35:47.324+0200] {logging_mixin.py:120} INFO - [2022-10-24T23:35:47.324+0200] {dag.py:3336} INFO - Setting next_dagrun for dataset_produces_2 to None, run_after=None
[2022-10-24T23:35:47.355+0200] {processor.py:176} INFO - Processing /home/batata/PycharmProjects/Restitution_python_test_de/test_de/lib/python3.8/site-packages/airflow/example_dags/example_datasets.py took 0.114 seconds
[2022-10-24T23:36:41.948+0200] {processor.py:154} INFO - Started process (PID=21111) to work on /home/batata/PycharmProjects/Restitution_python_test_de/test_de/lib/python3.8/site-packages/airflow/example_dags/example_datasets.py
[2022-10-24T23:36:41.951+0200] {processor.py:756} INFO - Processing file /home/batata/PycharmProjects/Restitution_python_test_de/test_de/lib/python3.8/site-packages/airflow/example_dags/example_datasets.py for tasks to queue
[2022-10-24T23:36:41.952+0200] {logging_mixin.py:120} INFO - [2022-10-24T23:36:41.951+0200] {dagbag.py:537} INFO - Filling up the DagBag from /home/batata/PycharmProjects/Restitution_python_test_de/test_de/lib/python3.8/site-packages/airflow/example_dags/example_datasets.py
[2022-10-24T23:36:41.971+0200] {processor.py:766} INFO - DAG(s) dict_keys(['dataset_consumes_1', 'dataset_consumes_1_and_2', 'dataset_consumes_1_never_scheduled', 'dataset_produces_1', 'dataset_produces_2', 'dataset_consumes_unknown_never_scheduled']) retrieved from /home/batata/PycharmProjects/Restitution_python_test_de/test_de/lib/python3.8/site-packages/airflow/example_dags/example_datasets.py
[2022-10-24T23:36:42.040+0200] {logging_mixin.py:120} INFO - [2022-10-24T23:36:42.040+0200] {dag.py:2585} INFO - Sync 6 DAGs
[2022-10-24T23:36:42.058+0200] {logging_mixin.py:120} INFO - [2022-10-24T23:36:42.058+0200] {dag.py:3336} INFO - Setting next_dagrun for dataset_consumes_1 to None, run_after=None
[2022-10-24T23:36:42.060+0200] {logging_mixin.py:120} INFO - [2022-10-24T23:36:42.060+0200] {dag.py:3336} INFO - Setting next_dagrun for dataset_consumes_1_and_2 to None, run_after=None
[2022-10-24T23:36:42.061+0200] {logging_mixin.py:120} INFO - [2022-10-24T23:36:42.061+0200] {dag.py:3336} INFO - Setting next_dagrun for dataset_consumes_1_never_scheduled to None, run_after=None
[2022-10-24T23:36:42.061+0200] {logging_mixin.py:120} INFO - [2022-10-24T23:36:42.061+0200] {dag.py:3336} INFO - Setting next_dagrun for dataset_consumes_unknown_never_scheduled to None, run_after=None
[2022-10-24T23:36:42.064+0200] {logging_mixin.py:120} INFO - [2022-10-24T23:36:42.064+0200] {dag.py:3336} INFO - Setting next_dagrun for dataset_produces_1 to 2022-10-23T00:00:00+00:00, run_after=2022-10-24T00:00:00+00:00
[2022-10-24T23:36:42.065+0200] {logging_mixin.py:120} INFO - [2022-10-24T23:36:42.065+0200] {dag.py:3336} INFO - Setting next_dagrun for dataset_produces_2 to None, run_after=None
[2022-10-24T23:36:42.099+0200] {processor.py:176} INFO - Processing /home/batata/PycharmProjects/Restitution_python_test_de/test_de/lib/python3.8/site-packages/airflow/example_dags/example_datasets.py took 0.154 seconds
[2022-10-24T23:37:21.091+0200] {processor.py:154} INFO - Started process (PID=21307) to work on /home/batata/PycharmProjects/Restitution_python_test_de/test_de/lib/python3.8/site-packages/airflow/example_dags/example_datasets.py
[2022-10-24T23:37:21.093+0200] {processor.py:756} INFO - Processing file /home/batata/PycharmProjects/Restitution_python_test_de/test_de/lib/python3.8/site-packages/airflow/example_dags/example_datasets.py for tasks to queue
[2022-10-24T23:37:21.094+0200] {logging_mixin.py:120} INFO - [2022-10-24T23:37:21.094+0200] {dagbag.py:537} INFO - Filling up the DagBag from /home/batata/PycharmProjects/Restitution_python_test_de/test_de/lib/python3.8/site-packages/airflow/example_dags/example_datasets.py
[2022-10-24T23:37:21.111+0200] {processor.py:766} INFO - DAG(s) dict_keys(['dataset_produces_2', 'dataset_consumes_unknown_never_scheduled', 'dataset_consumes_1_never_scheduled', 'dataset_produces_1', 'dataset_consumes_1_and_2', 'dataset_consumes_1']) retrieved from /home/batata/PycharmProjects/Restitution_python_test_de/test_de/lib/python3.8/site-packages/airflow/example_dags/example_datasets.py
[2022-10-24T23:37:21.153+0200] {logging_mixin.py:120} INFO - [2022-10-24T23:37:21.153+0200] {dag.py:2585} INFO - Sync 6 DAGs
[2022-10-24T23:37:21.176+0200] {logging_mixin.py:120} INFO - [2022-10-24T23:37:21.176+0200] {dag.py:3336} INFO - Setting next_dagrun for dataset_consumes_1 to None, run_after=None
[2022-10-24T23:37:21.179+0200] {logging_mixin.py:120} INFO - [2022-10-24T23:37:21.179+0200] {dag.py:3336} INFO - Setting next_dagrun for dataset_consumes_1_and_2 to None, run_after=None
[2022-10-24T23:37:21.180+0200] {logging_mixin.py:120} INFO - [2022-10-24T23:37:21.180+0200] {dag.py:3336} INFO - Setting next_dagrun for dataset_consumes_1_never_scheduled to None, run_after=None
[2022-10-24T23:37:21.181+0200] {logging_mixin.py:120} INFO - [2022-10-24T23:37:21.181+0200] {dag.py:3336} INFO - Setting next_dagrun for dataset_consumes_unknown_never_scheduled to None, run_after=None
[2022-10-24T23:37:21.184+0200] {logging_mixin.py:120} INFO - [2022-10-24T23:37:21.184+0200] {dag.py:3336} INFO - Setting next_dagrun for dataset_produces_1 to 2022-10-23T00:00:00+00:00, run_after=2022-10-24T00:00:00+00:00
[2022-10-24T23:37:21.185+0200] {logging_mixin.py:120} INFO - [2022-10-24T23:37:21.185+0200] {dag.py:3336} INFO - Setting next_dagrun for dataset_produces_2 to None, run_after=None
[2022-10-24T23:37:21.219+0200] {processor.py:176} INFO - Processing /home/batata/PycharmProjects/Restitution_python_test_de/test_de/lib/python3.8/site-packages/airflow/example_dags/example_datasets.py took 0.132 seconds
[2022-10-24T23:37:59.073+0200] {processor.py:154} INFO - Started process (PID=21474) to work on /home/batata/PycharmProjects/Restitution_python_test_de/test_de/lib/python3.8/site-packages/airflow/example_dags/example_datasets.py
[2022-10-24T23:37:59.076+0200] {processor.py:756} INFO - Processing file /home/batata/PycharmProjects/Restitution_python_test_de/test_de/lib/python3.8/site-packages/airflow/example_dags/example_datasets.py for tasks to queue
[2022-10-24T23:37:59.077+0200] {logging_mixin.py:120} INFO - [2022-10-24T23:37:59.077+0200] {dagbag.py:537} INFO - Filling up the DagBag from /home/batata/PycharmProjects/Restitution_python_test_de/test_de/lib/python3.8/site-packages/airflow/example_dags/example_datasets.py
[2022-10-24T23:37:59.097+0200] {processor.py:766} INFO - DAG(s) dict_keys(['dataset_produces_1', 'dataset_consumes_1', 'dataset_produces_2', 'dataset_consumes_1_never_scheduled', 'dataset_consumes_unknown_never_scheduled', 'dataset_consumes_1_and_2']) retrieved from /home/batata/PycharmProjects/Restitution_python_test_de/test_de/lib/python3.8/site-packages/airflow/example_dags/example_datasets.py
[2022-10-24T23:37:59.135+0200] {logging_mixin.py:120} INFO - [2022-10-24T23:37:59.135+0200] {dag.py:2585} INFO - Sync 6 DAGs
[2022-10-24T23:37:59.157+0200] {logging_mixin.py:120} INFO - [2022-10-24T23:37:59.157+0200] {dag.py:3336} INFO - Setting next_dagrun for dataset_consumes_1 to None, run_after=None
[2022-10-24T23:37:59.160+0200] {logging_mixin.py:120} INFO - [2022-10-24T23:37:59.160+0200] {dag.py:3336} INFO - Setting next_dagrun for dataset_consumes_1_and_2 to None, run_after=None
[2022-10-24T23:37:59.161+0200] {logging_mixin.py:120} INFO - [2022-10-24T23:37:59.161+0200] {dag.py:3336} INFO - Setting next_dagrun for dataset_consumes_1_never_scheduled to None, run_after=None
[2022-10-24T23:37:59.161+0200] {logging_mixin.py:120} INFO - [2022-10-24T23:37:59.161+0200] {dag.py:3336} INFO - Setting next_dagrun for dataset_consumes_unknown_never_scheduled to None, run_after=None
[2022-10-24T23:37:59.164+0200] {logging_mixin.py:120} INFO - [2022-10-24T23:37:59.164+0200] {dag.py:3336} INFO - Setting next_dagrun for dataset_produces_1 to 2022-10-23T00:00:00+00:00, run_after=2022-10-24T00:00:00+00:00
[2022-10-24T23:37:59.165+0200] {logging_mixin.py:120} INFO - [2022-10-24T23:37:59.165+0200] {dag.py:3336} INFO - Setting next_dagrun for dataset_produces_2 to None, run_after=None
[2022-10-24T23:37:59.209+0200] {processor.py:176} INFO - Processing /home/batata/PycharmProjects/Restitution_python_test_de/test_de/lib/python3.8/site-packages/airflow/example_dags/example_datasets.py took 0.140 seconds
