[2022-10-24T23:32:44.934+0200] {processor.py:154} INFO - Started process (PID=19231) to work on /home/batata/PycharmProjects/Restitution_python_test_de/test_de/lib/python3.8/site-packages/airflow/example_dags/example_python_operator.py
[2022-10-24T23:32:44.935+0200] {processor.py:756} INFO - Processing file /home/batata/PycharmProjects/Restitution_python_test_de/test_de/lib/python3.8/site-packages/airflow/example_dags/example_python_operator.py for tasks to queue
[2022-10-24T23:32:44.936+0200] {logging_mixin.py:120} INFO - [2022-10-24T23:32:44.936+0200] {dagbag.py:537} INFO - Filling up the DagBag from /home/batata/PycharmProjects/Restitution_python_test_de/test_de/lib/python3.8/site-packages/airflow/example_dags/example_python_operator.py
[2022-10-24T23:32:44.952+0200] {logging_mixin.py:120} INFO - [2022-10-24T23:32:44.951+0200] {taskmixin.py:205} WARNING - Dependency <Task(_PythonDecoratedOperator): print_the_context>, log_sql_query already registered for DAG: example_python_operator
[2022-10-24T23:32:44.952+0200] {logging_mixin.py:120} INFO - [2022-10-24T23:32:44.952+0200] {taskmixin.py:205} WARNING - Dependency <Task(_PythonDecoratedOperator): log_sql_query>, print_the_context already registered for DAG: example_python_operator
[2022-10-24T23:32:44.952+0200] {logging_mixin.py:120} INFO - [2022-10-24T23:32:44.952+0200] {taskmixin.py:205} WARNING - Dependency <Task(_PythonDecoratedOperator): print_the_context>, log_sql_query already registered for DAG: example_python_operator
[2022-10-24T23:32:44.953+0200] {logging_mixin.py:120} INFO - [2022-10-24T23:32:44.953+0200] {taskmixin.py:205} WARNING - Dependency <Task(_PythonDecoratedOperator): log_sql_query>, print_the_context already registered for DAG: example_python_operator
[2022-10-24T23:32:44.953+0200] {logging_mixin.py:120} INFO - [2022-10-24T23:32:44.953+0200] {taskmixin.py:205} WARNING - Dependency <Task(_PythonDecoratedOperator): print_the_context>, log_sql_query already registered for DAG: example_python_operator
[2022-10-24T23:32:44.953+0200] {logging_mixin.py:120} INFO - [2022-10-24T23:32:44.953+0200] {taskmixin.py:205} WARNING - Dependency <Task(_PythonDecoratedOperator): log_sql_query>, print_the_context already registered for DAG: example_python_operator
[2022-10-24T23:32:44.954+0200] {logging_mixin.py:120} INFO - [2022-10-24T23:32:44.954+0200] {taskmixin.py:205} WARNING - Dependency <Task(_PythonDecoratedOperator): print_the_context>, log_sql_query already registered for DAG: example_python_operator
[2022-10-24T23:32:44.954+0200] {logging_mixin.py:120} INFO - [2022-10-24T23:32:44.954+0200] {taskmixin.py:205} WARNING - Dependency <Task(_PythonDecoratedOperator): log_sql_query>, print_the_context already registered for DAG: example_python_operator
[2022-10-24T23:32:44.962+0200] {processor.py:766} INFO - DAG(s) dict_keys(['example_python_operator']) retrieved from /home/batata/PycharmProjects/Restitution_python_test_de/test_de/lib/python3.8/site-packages/airflow/example_dags/example_python_operator.py
[2022-10-24T23:32:45.074+0200] {logging_mixin.py:120} INFO - [2022-10-24T23:32:45.074+0200] {manager.py:507} INFO - Created Permission View: can read on DAG:example_python_operator
[2022-10-24T23:32:45.091+0200] {logging_mixin.py:120} INFO - [2022-10-24T23:32:45.091+0200] {manager.py:507} INFO - Created Permission View: can delete on DAG:example_python_operator
[2022-10-24T23:32:45.103+0200] {logging_mixin.py:120} INFO - [2022-10-24T23:32:45.103+0200] {manager.py:507} INFO - Created Permission View: can edit on DAG:example_python_operator
[2022-10-24T23:32:45.103+0200] {logging_mixin.py:120} INFO - [2022-10-24T23:32:45.103+0200] {dag.py:2585} INFO - Sync 1 DAGs
[2022-10-24T23:32:45.115+0200] {logging_mixin.py:120} INFO - [2022-10-24T23:32:45.115+0200] {dag.py:2606} INFO - Creating ORM DAG for example_python_operator
[2022-10-24T23:32:45.124+0200] {logging_mixin.py:120} INFO - [2022-10-24T23:32:45.123+0200] {dag.py:3336} INFO - Setting next_dagrun for example_python_operator to None, run_after=None
[2022-10-24T23:32:45.145+0200] {processor.py:176} INFO - Processing /home/batata/PycharmProjects/Restitution_python_test_de/test_de/lib/python3.8/site-packages/airflow/example_dags/example_python_operator.py took 0.214 seconds
[2022-10-24T23:33:33.281+0200] {processor.py:154} INFO - Started process (PID=19730) to work on /home/batata/PycharmProjects/Restitution_python_test_de/test_de/lib/python3.8/site-packages/airflow/example_dags/example_python_operator.py
[2022-10-24T23:33:33.283+0200] {processor.py:756} INFO - Processing file /home/batata/PycharmProjects/Restitution_python_test_de/test_de/lib/python3.8/site-packages/airflow/example_dags/example_python_operator.py for tasks to queue
[2022-10-24T23:33:33.284+0200] {logging_mixin.py:120} INFO - [2022-10-24T23:33:33.284+0200] {dagbag.py:537} INFO - Filling up the DagBag from /home/batata/PycharmProjects/Restitution_python_test_de/test_de/lib/python3.8/site-packages/airflow/example_dags/example_python_operator.py
[2022-10-24T23:33:33.301+0200] {logging_mixin.py:120} INFO - [2022-10-24T23:33:33.301+0200] {taskmixin.py:205} WARNING - Dependency <Task(_PythonDecoratedOperator): print_the_context>, log_sql_query already registered for DAG: example_python_operator
[2022-10-24T23:33:33.302+0200] {logging_mixin.py:120} INFO - [2022-10-24T23:33:33.302+0200] {taskmixin.py:205} WARNING - Dependency <Task(_PythonDecoratedOperator): log_sql_query>, print_the_context already registered for DAG: example_python_operator
[2022-10-24T23:33:33.303+0200] {logging_mixin.py:120} INFO - [2022-10-24T23:33:33.303+0200] {taskmixin.py:205} WARNING - Dependency <Task(_PythonDecoratedOperator): print_the_context>, log_sql_query already registered for DAG: example_python_operator
[2022-10-24T23:33:33.304+0200] {logging_mixin.py:120} INFO - [2022-10-24T23:33:33.303+0200] {taskmixin.py:205} WARNING - Dependency <Task(_PythonDecoratedOperator): log_sql_query>, print_the_context already registered for DAG: example_python_operator
[2022-10-24T23:33:33.304+0200] {logging_mixin.py:120} INFO - [2022-10-24T23:33:33.304+0200] {taskmixin.py:205} WARNING - Dependency <Task(_PythonDecoratedOperator): print_the_context>, log_sql_query already registered for DAG: example_python_operator
[2022-10-24T23:33:33.304+0200] {logging_mixin.py:120} INFO - [2022-10-24T23:33:33.304+0200] {taskmixin.py:205} WARNING - Dependency <Task(_PythonDecoratedOperator): log_sql_query>, print_the_context already registered for DAG: example_python_operator
[2022-10-24T23:33:33.305+0200] {logging_mixin.py:120} INFO - [2022-10-24T23:33:33.305+0200] {taskmixin.py:205} WARNING - Dependency <Task(_PythonDecoratedOperator): print_the_context>, log_sql_query already registered for DAG: example_python_operator
[2022-10-24T23:33:33.305+0200] {logging_mixin.py:120} INFO - [2022-10-24T23:33:33.305+0200] {taskmixin.py:205} WARNING - Dependency <Task(_PythonDecoratedOperator): log_sql_query>, print_the_context already registered for DAG: example_python_operator
[2022-10-24T23:33:33.315+0200] {processor.py:766} INFO - DAG(s) dict_keys(['example_python_operator']) retrieved from /home/batata/PycharmProjects/Restitution_python_test_de/test_de/lib/python3.8/site-packages/airflow/example_dags/example_python_operator.py
[2022-10-24T23:33:33.339+0200] {logging_mixin.py:120} INFO - [2022-10-24T23:33:33.339+0200] {dag.py:2585} INFO - Sync 1 DAGs
[2022-10-24T23:33:33.360+0200] {logging_mixin.py:120} INFO - [2022-10-24T23:33:33.360+0200] {dag.py:3336} INFO - Setting next_dagrun for example_python_operator to None, run_after=None
[2022-10-24T23:33:33.389+0200] {processor.py:176} INFO - Processing /home/batata/PycharmProjects/Restitution_python_test_de/test_de/lib/python3.8/site-packages/airflow/example_dags/example_python_operator.py took 0.110 seconds
[2022-10-24T23:34:14.177+0200] {processor.py:154} INFO - Started process (PID=20080) to work on /home/batata/PycharmProjects/Restitution_python_test_de/test_de/lib/python3.8/site-packages/airflow/example_dags/example_python_operator.py
[2022-10-24T23:34:14.180+0200] {processor.py:756} INFO - Processing file /home/batata/PycharmProjects/Restitution_python_test_de/test_de/lib/python3.8/site-packages/airflow/example_dags/example_python_operator.py for tasks to queue
[2022-10-24T23:34:14.182+0200] {logging_mixin.py:120} INFO - [2022-10-24T23:34:14.182+0200] {dagbag.py:537} INFO - Filling up the DagBag from /home/batata/PycharmProjects/Restitution_python_test_de/test_de/lib/python3.8/site-packages/airflow/example_dags/example_python_operator.py
[2022-10-24T23:34:14.199+0200] {logging_mixin.py:120} INFO - [2022-10-24T23:34:14.199+0200] {taskmixin.py:205} WARNING - Dependency <Task(_PythonDecoratedOperator): print_the_context>, log_sql_query already registered for DAG: example_python_operator
[2022-10-24T23:34:14.199+0200] {logging_mixin.py:120} INFO - [2022-10-24T23:34:14.199+0200] {taskmixin.py:205} WARNING - Dependency <Task(_PythonDecoratedOperator): log_sql_query>, print_the_context already registered for DAG: example_python_operator
[2022-10-24T23:34:14.200+0200] {logging_mixin.py:120} INFO - [2022-10-24T23:34:14.200+0200] {taskmixin.py:205} WARNING - Dependency <Task(_PythonDecoratedOperator): print_the_context>, log_sql_query already registered for DAG: example_python_operator
[2022-10-24T23:34:14.200+0200] {logging_mixin.py:120} INFO - [2022-10-24T23:34:14.200+0200] {taskmixin.py:205} WARNING - Dependency <Task(_PythonDecoratedOperator): log_sql_query>, print_the_context already registered for DAG: example_python_operator
[2022-10-24T23:34:14.201+0200] {logging_mixin.py:120} INFO - [2022-10-24T23:34:14.201+0200] {taskmixin.py:205} WARNING - Dependency <Task(_PythonDecoratedOperator): print_the_context>, log_sql_query already registered for DAG: example_python_operator
[2022-10-24T23:34:14.201+0200] {logging_mixin.py:120} INFO - [2022-10-24T23:34:14.201+0200] {taskmixin.py:205} WARNING - Dependency <Task(_PythonDecoratedOperator): log_sql_query>, print_the_context already registered for DAG: example_python_operator
[2022-10-24T23:34:14.202+0200] {logging_mixin.py:120} INFO - [2022-10-24T23:34:14.202+0200] {taskmixin.py:205} WARNING - Dependency <Task(_PythonDecoratedOperator): print_the_context>, log_sql_query already registered for DAG: example_python_operator
[2022-10-24T23:34:14.202+0200] {logging_mixin.py:120} INFO - [2022-10-24T23:34:14.202+0200] {taskmixin.py:205} WARNING - Dependency <Task(_PythonDecoratedOperator): log_sql_query>, print_the_context already registered for DAG: example_python_operator
[2022-10-24T23:34:14.210+0200] {processor.py:766} INFO - DAG(s) dict_keys(['example_python_operator']) retrieved from /home/batata/PycharmProjects/Restitution_python_test_de/test_de/lib/python3.8/site-packages/airflow/example_dags/example_python_operator.py
[2022-10-24T23:34:14.234+0200] {logging_mixin.py:120} INFO - [2022-10-24T23:34:14.234+0200] {dag.py:2585} INFO - Sync 1 DAGs
[2022-10-24T23:34:14.251+0200] {logging_mixin.py:120} INFO - [2022-10-24T23:34:14.251+0200] {dag.py:3336} INFO - Setting next_dagrun for example_python_operator to None, run_after=None
[2022-10-24T23:34:14.278+0200] {processor.py:176} INFO - Processing /home/batata/PycharmProjects/Restitution_python_test_de/test_de/lib/python3.8/site-packages/airflow/example_dags/example_python_operator.py took 0.104 seconds
[2022-10-24T23:34:53.846+0200] {processor.py:154} INFO - Started process (PID=20267) to work on /home/batata/PycharmProjects/Restitution_python_test_de/test_de/lib/python3.8/site-packages/airflow/example_dags/example_python_operator.py
[2022-10-24T23:34:53.849+0200] {processor.py:756} INFO - Processing file /home/batata/PycharmProjects/Restitution_python_test_de/test_de/lib/python3.8/site-packages/airflow/example_dags/example_python_operator.py for tasks to queue
[2022-10-24T23:34:53.850+0200] {logging_mixin.py:120} INFO - [2022-10-24T23:34:53.850+0200] {dagbag.py:537} INFO - Filling up the DagBag from /home/batata/PycharmProjects/Restitution_python_test_de/test_de/lib/python3.8/site-packages/airflow/example_dags/example_python_operator.py
[2022-10-24T23:34:53.869+0200] {logging_mixin.py:120} INFO - [2022-10-24T23:34:53.869+0200] {taskmixin.py:205} WARNING - Dependency <Task(_PythonDecoratedOperator): print_the_context>, log_sql_query already registered for DAG: example_python_operator
[2022-10-24T23:34:53.869+0200] {logging_mixin.py:120} INFO - [2022-10-24T23:34:53.869+0200] {taskmixin.py:205} WARNING - Dependency <Task(_PythonDecoratedOperator): log_sql_query>, print_the_context already registered for DAG: example_python_operator
[2022-10-24T23:34:53.870+0200] {logging_mixin.py:120} INFO - [2022-10-24T23:34:53.870+0200] {taskmixin.py:205} WARNING - Dependency <Task(_PythonDecoratedOperator): print_the_context>, log_sql_query already registered for DAG: example_python_operator
[2022-10-24T23:34:53.870+0200] {logging_mixin.py:120} INFO - [2022-10-24T23:34:53.870+0200] {taskmixin.py:205} WARNING - Dependency <Task(_PythonDecoratedOperator): log_sql_query>, print_the_context already registered for DAG: example_python_operator
[2022-10-24T23:34:53.871+0200] {logging_mixin.py:120} INFO - [2022-10-24T23:34:53.871+0200] {taskmixin.py:205} WARNING - Dependency <Task(_PythonDecoratedOperator): print_the_context>, log_sql_query already registered for DAG: example_python_operator
[2022-10-24T23:34:53.871+0200] {logging_mixin.py:120} INFO - [2022-10-24T23:34:53.871+0200] {taskmixin.py:205} WARNING - Dependency <Task(_PythonDecoratedOperator): log_sql_query>, print_the_context already registered for DAG: example_python_operator
[2022-10-24T23:34:53.872+0200] {logging_mixin.py:120} INFO - [2022-10-24T23:34:53.872+0200] {taskmixin.py:205} WARNING - Dependency <Task(_PythonDecoratedOperator): print_the_context>, log_sql_query already registered for DAG: example_python_operator
[2022-10-24T23:34:53.872+0200] {logging_mixin.py:120} INFO - [2022-10-24T23:34:53.872+0200] {taskmixin.py:205} WARNING - Dependency <Task(_PythonDecoratedOperator): log_sql_query>, print_the_context already registered for DAG: example_python_operator
[2022-10-24T23:34:53.880+0200] {processor.py:766} INFO - DAG(s) dict_keys(['example_python_operator']) retrieved from /home/batata/PycharmProjects/Restitution_python_test_de/test_de/lib/python3.8/site-packages/airflow/example_dags/example_python_operator.py
[2022-10-24T23:34:53.913+0200] {logging_mixin.py:120} INFO - [2022-10-24T23:34:53.913+0200] {dag.py:2585} INFO - Sync 1 DAGs
[2022-10-24T23:34:53.934+0200] {logging_mixin.py:120} INFO - [2022-10-24T23:34:53.934+0200] {dag.py:3336} INFO - Setting next_dagrun for example_python_operator to None, run_after=None
[2022-10-24T23:34:53.968+0200] {processor.py:176} INFO - Processing /home/batata/PycharmProjects/Restitution_python_test_de/test_de/lib/python3.8/site-packages/airflow/example_dags/example_python_operator.py took 0.126 seconds
[2022-10-24T23:35:33.960+0200] {processor.py:154} INFO - Started process (PID=20523) to work on /home/batata/PycharmProjects/Restitution_python_test_de/test_de/lib/python3.8/site-packages/airflow/example_dags/example_python_operator.py
[2022-10-24T23:35:33.963+0200] {processor.py:756} INFO - Processing file /home/batata/PycharmProjects/Restitution_python_test_de/test_de/lib/python3.8/site-packages/airflow/example_dags/example_python_operator.py for tasks to queue
[2022-10-24T23:35:33.966+0200] {logging_mixin.py:120} INFO - [2022-10-24T23:35:33.965+0200] {dagbag.py:537} INFO - Filling up the DagBag from /home/batata/PycharmProjects/Restitution_python_test_de/test_de/lib/python3.8/site-packages/airflow/example_dags/example_python_operator.py
[2022-10-24T23:35:33.991+0200] {logging_mixin.py:120} INFO - [2022-10-24T23:35:33.991+0200] {taskmixin.py:205} WARNING - Dependency <Task(_PythonDecoratedOperator): print_the_context>, log_sql_query already registered for DAG: example_python_operator
[2022-10-24T23:35:33.991+0200] {logging_mixin.py:120} INFO - [2022-10-24T23:35:33.991+0200] {taskmixin.py:205} WARNING - Dependency <Task(_PythonDecoratedOperator): log_sql_query>, print_the_context already registered for DAG: example_python_operator
[2022-10-24T23:35:33.992+0200] {logging_mixin.py:120} INFO - [2022-10-24T23:35:33.992+0200] {taskmixin.py:205} WARNING - Dependency <Task(_PythonDecoratedOperator): print_the_context>, log_sql_query already registered for DAG: example_python_operator
[2022-10-24T23:35:33.993+0200] {logging_mixin.py:120} INFO - [2022-10-24T23:35:33.993+0200] {taskmixin.py:205} WARNING - Dependency <Task(_PythonDecoratedOperator): log_sql_query>, print_the_context already registered for DAG: example_python_operator
[2022-10-24T23:35:33.994+0200] {logging_mixin.py:120} INFO - [2022-10-24T23:35:33.994+0200] {taskmixin.py:205} WARNING - Dependency <Task(_PythonDecoratedOperator): print_the_context>, log_sql_query already registered for DAG: example_python_operator
[2022-10-24T23:35:33.995+0200] {logging_mixin.py:120} INFO - [2022-10-24T23:35:33.994+0200] {taskmixin.py:205} WARNING - Dependency <Task(_PythonDecoratedOperator): log_sql_query>, print_the_context already registered for DAG: example_python_operator
[2022-10-24T23:35:33.996+0200] {logging_mixin.py:120} INFO - [2022-10-24T23:35:33.996+0200] {taskmixin.py:205} WARNING - Dependency <Task(_PythonDecoratedOperator): print_the_context>, log_sql_query already registered for DAG: example_python_operator
[2022-10-24T23:35:33.997+0200] {logging_mixin.py:120} INFO - [2022-10-24T23:35:33.997+0200] {taskmixin.py:205} WARNING - Dependency <Task(_PythonDecoratedOperator): log_sql_query>, print_the_context already registered for DAG: example_python_operator
[2022-10-24T23:35:34.008+0200] {processor.py:766} INFO - DAG(s) dict_keys(['example_python_operator']) retrieved from /home/batata/PycharmProjects/Restitution_python_test_de/test_de/lib/python3.8/site-packages/airflow/example_dags/example_python_operator.py
[2022-10-24T23:35:34.047+0200] {logging_mixin.py:120} INFO - [2022-10-24T23:35:34.047+0200] {dag.py:2585} INFO - Sync 1 DAGs
[2022-10-24T23:35:34.080+0200] {logging_mixin.py:120} INFO - [2022-10-24T23:35:34.080+0200] {dag.py:3336} INFO - Setting next_dagrun for example_python_operator to None, run_after=None
[2022-10-24T23:35:34.121+0200] {processor.py:176} INFO - Processing /home/batata/PycharmProjects/Restitution_python_test_de/test_de/lib/python3.8/site-packages/airflow/example_dags/example_python_operator.py took 0.165 seconds
[2022-10-24T23:36:28.454+0200] {processor.py:154} INFO - Started process (PID=20966) to work on /home/batata/PycharmProjects/Restitution_python_test_de/test_de/lib/python3.8/site-packages/airflow/example_dags/example_python_operator.py
[2022-10-24T23:36:28.457+0200] {processor.py:756} INFO - Processing file /home/batata/PycharmProjects/Restitution_python_test_de/test_de/lib/python3.8/site-packages/airflow/example_dags/example_python_operator.py for tasks to queue
[2022-10-24T23:36:28.458+0200] {logging_mixin.py:120} INFO - [2022-10-24T23:36:28.457+0200] {dagbag.py:537} INFO - Filling up the DagBag from /home/batata/PycharmProjects/Restitution_python_test_de/test_de/lib/python3.8/site-packages/airflow/example_dags/example_python_operator.py
[2022-10-24T23:36:28.483+0200] {logging_mixin.py:120} INFO - [2022-10-24T23:36:28.483+0200] {taskmixin.py:205} WARNING - Dependency <Task(_PythonDecoratedOperator): print_the_context>, log_sql_query already registered for DAG: example_python_operator
[2022-10-24T23:36:28.483+0200] {logging_mixin.py:120} INFO - [2022-10-24T23:36:28.483+0200] {taskmixin.py:205} WARNING - Dependency <Task(_PythonDecoratedOperator): log_sql_query>, print_the_context already registered for DAG: example_python_operator
[2022-10-24T23:36:28.484+0200] {logging_mixin.py:120} INFO - [2022-10-24T23:36:28.484+0200] {taskmixin.py:205} WARNING - Dependency <Task(_PythonDecoratedOperator): print_the_context>, log_sql_query already registered for DAG: example_python_operator
[2022-10-24T23:36:28.484+0200] {logging_mixin.py:120} INFO - [2022-10-24T23:36:28.484+0200] {taskmixin.py:205} WARNING - Dependency <Task(_PythonDecoratedOperator): log_sql_query>, print_the_context already registered for DAG: example_python_operator
[2022-10-24T23:36:28.485+0200] {logging_mixin.py:120} INFO - [2022-10-24T23:36:28.485+0200] {taskmixin.py:205} WARNING - Dependency <Task(_PythonDecoratedOperator): print_the_context>, log_sql_query already registered for DAG: example_python_operator
[2022-10-24T23:36:28.485+0200] {logging_mixin.py:120} INFO - [2022-10-24T23:36:28.485+0200] {taskmixin.py:205} WARNING - Dependency <Task(_PythonDecoratedOperator): log_sql_query>, print_the_context already registered for DAG: example_python_operator
[2022-10-24T23:36:28.486+0200] {logging_mixin.py:120} INFO - [2022-10-24T23:36:28.486+0200] {taskmixin.py:205} WARNING - Dependency <Task(_PythonDecoratedOperator): print_the_context>, log_sql_query already registered for DAG: example_python_operator
[2022-10-24T23:36:28.486+0200] {logging_mixin.py:120} INFO - [2022-10-24T23:36:28.486+0200] {taskmixin.py:205} WARNING - Dependency <Task(_PythonDecoratedOperator): log_sql_query>, print_the_context already registered for DAG: example_python_operator
[2022-10-24T23:36:28.493+0200] {processor.py:766} INFO - DAG(s) dict_keys(['example_python_operator']) retrieved from /home/batata/PycharmProjects/Restitution_python_test_de/test_de/lib/python3.8/site-packages/airflow/example_dags/example_python_operator.py
[2022-10-24T23:36:28.516+0200] {logging_mixin.py:120} INFO - [2022-10-24T23:36:28.516+0200] {dag.py:2585} INFO - Sync 1 DAGs
[2022-10-24T23:36:28.535+0200] {logging_mixin.py:120} INFO - [2022-10-24T23:36:28.534+0200] {dag.py:3336} INFO - Setting next_dagrun for example_python_operator to None, run_after=None
[2022-10-24T23:36:28.559+0200] {processor.py:176} INFO - Processing /home/batata/PycharmProjects/Restitution_python_test_de/test_de/lib/python3.8/site-packages/airflow/example_dags/example_python_operator.py took 0.109 seconds
[2022-10-24T23:37:06.788+0200] {processor.py:154} INFO - Started process (PID=21249) to work on /home/batata/PycharmProjects/Restitution_python_test_de/test_de/lib/python3.8/site-packages/airflow/example_dags/example_python_operator.py
[2022-10-24T23:37:06.791+0200] {processor.py:756} INFO - Processing file /home/batata/PycharmProjects/Restitution_python_test_de/test_de/lib/python3.8/site-packages/airflow/example_dags/example_python_operator.py for tasks to queue
[2022-10-24T23:37:06.792+0200] {logging_mixin.py:120} INFO - [2022-10-24T23:37:06.792+0200] {dagbag.py:537} INFO - Filling up the DagBag from /home/batata/PycharmProjects/Restitution_python_test_de/test_de/lib/python3.8/site-packages/airflow/example_dags/example_python_operator.py
[2022-10-24T23:37:06.811+0200] {logging_mixin.py:120} INFO - [2022-10-24T23:37:06.811+0200] {taskmixin.py:205} WARNING - Dependency <Task(_PythonDecoratedOperator): print_the_context>, log_sql_query already registered for DAG: example_python_operator
[2022-10-24T23:37:06.811+0200] {logging_mixin.py:120} INFO - [2022-10-24T23:37:06.811+0200] {taskmixin.py:205} WARNING - Dependency <Task(_PythonDecoratedOperator): log_sql_query>, print_the_context already registered for DAG: example_python_operator
[2022-10-24T23:37:06.812+0200] {logging_mixin.py:120} INFO - [2022-10-24T23:37:06.812+0200] {taskmixin.py:205} WARNING - Dependency <Task(_PythonDecoratedOperator): print_the_context>, log_sql_query already registered for DAG: example_python_operator
[2022-10-24T23:37:06.812+0200] {logging_mixin.py:120} INFO - [2022-10-24T23:37:06.812+0200] {taskmixin.py:205} WARNING - Dependency <Task(_PythonDecoratedOperator): log_sql_query>, print_the_context already registered for DAG: example_python_operator
[2022-10-24T23:37:06.813+0200] {logging_mixin.py:120} INFO - [2022-10-24T23:37:06.813+0200] {taskmixin.py:205} WARNING - Dependency <Task(_PythonDecoratedOperator): print_the_context>, log_sql_query already registered for DAG: example_python_operator
[2022-10-24T23:37:06.814+0200] {logging_mixin.py:120} INFO - [2022-10-24T23:37:06.813+0200] {taskmixin.py:205} WARNING - Dependency <Task(_PythonDecoratedOperator): log_sql_query>, print_the_context already registered for DAG: example_python_operator
[2022-10-24T23:37:06.814+0200] {logging_mixin.py:120} INFO - [2022-10-24T23:37:06.814+0200] {taskmixin.py:205} WARNING - Dependency <Task(_PythonDecoratedOperator): print_the_context>, log_sql_query already registered for DAG: example_python_operator
[2022-10-24T23:37:06.815+0200] {logging_mixin.py:120} INFO - [2022-10-24T23:37:06.815+0200] {taskmixin.py:205} WARNING - Dependency <Task(_PythonDecoratedOperator): log_sql_query>, print_the_context already registered for DAG: example_python_operator
[2022-10-24T23:37:06.823+0200] {processor.py:766} INFO - DAG(s) dict_keys(['example_python_operator']) retrieved from /home/batata/PycharmProjects/Restitution_python_test_de/test_de/lib/python3.8/site-packages/airflow/example_dags/example_python_operator.py
[2022-10-24T23:37:06.846+0200] {logging_mixin.py:120} INFO - [2022-10-24T23:37:06.846+0200] {dag.py:2585} INFO - Sync 1 DAGs
[2022-10-24T23:37:06.865+0200] {logging_mixin.py:120} INFO - [2022-10-24T23:37:06.865+0200] {dag.py:3336} INFO - Setting next_dagrun for example_python_operator to None, run_after=None
[2022-10-24T23:37:06.890+0200] {processor.py:176} INFO - Processing /home/batata/PycharmProjects/Restitution_python_test_de/test_de/lib/python3.8/site-packages/airflow/example_dags/example_python_operator.py took 0.104 seconds
[2022-10-24T23:37:45.077+0200] {processor.py:154} INFO - Started process (PID=21414) to work on /home/batata/PycharmProjects/Restitution_python_test_de/test_de/lib/python3.8/site-packages/airflow/example_dags/example_python_operator.py
[2022-10-24T23:37:45.079+0200] {processor.py:756} INFO - Processing file /home/batata/PycharmProjects/Restitution_python_test_de/test_de/lib/python3.8/site-packages/airflow/example_dags/example_python_operator.py for tasks to queue
[2022-10-24T23:37:45.080+0200] {logging_mixin.py:120} INFO - [2022-10-24T23:37:45.080+0200] {dagbag.py:537} INFO - Filling up the DagBag from /home/batata/PycharmProjects/Restitution_python_test_de/test_de/lib/python3.8/site-packages/airflow/example_dags/example_python_operator.py
[2022-10-24T23:37:45.096+0200] {logging_mixin.py:120} INFO - [2022-10-24T23:37:45.096+0200] {taskmixin.py:205} WARNING - Dependency <Task(_PythonDecoratedOperator): print_the_context>, log_sql_query already registered for DAG: example_python_operator
[2022-10-24T23:37:45.097+0200] {logging_mixin.py:120} INFO - [2022-10-24T23:37:45.097+0200] {taskmixin.py:205} WARNING - Dependency <Task(_PythonDecoratedOperator): log_sql_query>, print_the_context already registered for DAG: example_python_operator
[2022-10-24T23:37:45.097+0200] {logging_mixin.py:120} INFO - [2022-10-24T23:37:45.097+0200] {taskmixin.py:205} WARNING - Dependency <Task(_PythonDecoratedOperator): print_the_context>, log_sql_query already registered for DAG: example_python_operator
[2022-10-24T23:37:45.098+0200] {logging_mixin.py:120} INFO - [2022-10-24T23:37:45.097+0200] {taskmixin.py:205} WARNING - Dependency <Task(_PythonDecoratedOperator): log_sql_query>, print_the_context already registered for DAG: example_python_operator
[2022-10-24T23:37:45.098+0200] {logging_mixin.py:120} INFO - [2022-10-24T23:37:45.098+0200] {taskmixin.py:205} WARNING - Dependency <Task(_PythonDecoratedOperator): print_the_context>, log_sql_query already registered for DAG: example_python_operator
[2022-10-24T23:37:45.098+0200] {logging_mixin.py:120} INFO - [2022-10-24T23:37:45.098+0200] {taskmixin.py:205} WARNING - Dependency <Task(_PythonDecoratedOperator): log_sql_query>, print_the_context already registered for DAG: example_python_operator
[2022-10-24T23:37:45.099+0200] {logging_mixin.py:120} INFO - [2022-10-24T23:37:45.099+0200] {taskmixin.py:205} WARNING - Dependency <Task(_PythonDecoratedOperator): print_the_context>, log_sql_query already registered for DAG: example_python_operator
[2022-10-24T23:37:45.099+0200] {logging_mixin.py:120} INFO - [2022-10-24T23:37:45.099+0200] {taskmixin.py:205} WARNING - Dependency <Task(_PythonDecoratedOperator): log_sql_query>, print_the_context already registered for DAG: example_python_operator
[2022-10-24T23:37:45.107+0200] {processor.py:766} INFO - DAG(s) dict_keys(['example_python_operator']) retrieved from /home/batata/PycharmProjects/Restitution_python_test_de/test_de/lib/python3.8/site-packages/airflow/example_dags/example_python_operator.py
[2022-10-24T23:37:45.133+0200] {logging_mixin.py:120} INFO - [2022-10-24T23:37:45.133+0200] {dag.py:2585} INFO - Sync 1 DAGs
[2022-10-24T23:37:45.153+0200] {logging_mixin.py:120} INFO - [2022-10-24T23:37:45.153+0200] {dag.py:3336} INFO - Setting next_dagrun for example_python_operator to None, run_after=None
[2022-10-24T23:37:45.182+0200] {processor.py:176} INFO - Processing /home/batata/PycharmProjects/Restitution_python_test_de/test_de/lib/python3.8/site-packages/airflow/example_dags/example_python_operator.py took 0.108 seconds
