[2022-10-24T23:32:53.287+0200] {processor.py:154} INFO - Started process (PID=19334) to work on /home/batata/PycharmProjects/Restitution_python_test_de/test_de/lib/python3.8/site-packages/airflow/example_dags/example_branch_day_of_week_operator.py
[2022-10-24T23:32:53.288+0200] {processor.py:756} INFO - Processing file /home/batata/PycharmProjects/Restitution_python_test_de/test_de/lib/python3.8/site-packages/airflow/example_dags/example_branch_day_of_week_operator.py for tasks to queue
[2022-10-24T23:32:53.311+0200] {logging_mixin.py:120} INFO - [2022-10-24T23:32:53.311+0200] {dagbag.py:537} INFO - Filling up the DagBag from /home/batata/PycharmProjects/Restitution_python_test_de/test_de/lib/python3.8/site-packages/airflow/example_dags/example_branch_day_of_week_operator.py
[2022-10-24T23:32:53.363+0200] {processor.py:766} INFO - DAG(s) dict_keys(['example_weekday_branch_operator']) retrieved from /home/batata/PycharmProjects/Restitution_python_test_de/test_de/lib/python3.8/site-packages/airflow/example_dags/example_branch_day_of_week_operator.py
[2022-10-24T23:32:53.860+0200] {logging_mixin.py:120} INFO - [2022-10-24T23:32:53.860+0200] {manager.py:507} INFO - Created Permission View: can read on DAG:example_weekday_branch_operator
[2022-10-24T23:32:54.559+0200] {logging_mixin.py:120} INFO - [2022-10-24T23:32:54.559+0200] {manager.py:507} INFO - Created Permission View: can delete on DAG:example_weekday_branch_operator
[2022-10-24T23:32:54.575+0200] {logging_mixin.py:120} INFO - [2022-10-24T23:32:54.575+0200] {manager.py:507} INFO - Created Permission View: can edit on DAG:example_weekday_branch_operator
[2022-10-24T23:32:54.575+0200] {logging_mixin.py:120} INFO - [2022-10-24T23:32:54.575+0200] {dag.py:2585} INFO - Sync 1 DAGs
[2022-10-24T23:32:54.595+0200] {logging_mixin.py:120} INFO - [2022-10-24T23:32:54.594+0200] {dag.py:2606} INFO - Creating ORM DAG for example_weekday_branch_operator
[2022-10-24T23:32:54.654+0200] {logging_mixin.py:120} INFO - [2022-10-24T23:32:54.654+0200] {dag.py:3336} INFO - Setting next_dagrun for example_weekday_branch_operator to 2022-10-23T00:00:00+00:00, run_after=2022-10-24T00:00:00+00:00
[2022-10-24T23:32:54.817+0200] {processor.py:176} INFO - Processing /home/batata/PycharmProjects/Restitution_python_test_de/test_de/lib/python3.8/site-packages/airflow/example_dags/example_branch_day_of_week_operator.py took 1.534 seconds
[2022-10-24T23:33:40.769+0200] {processor.py:154} INFO - Started process (PID=19772) to work on /home/batata/PycharmProjects/Restitution_python_test_de/test_de/lib/python3.8/site-packages/airflow/example_dags/example_branch_day_of_week_operator.py
[2022-10-24T23:33:40.772+0200] {processor.py:756} INFO - Processing file /home/batata/PycharmProjects/Restitution_python_test_de/test_de/lib/python3.8/site-packages/airflow/example_dags/example_branch_day_of_week_operator.py for tasks to queue
[2022-10-24T23:33:40.774+0200] {logging_mixin.py:120} INFO - [2022-10-24T23:33:40.774+0200] {dagbag.py:537} INFO - Filling up the DagBag from /home/batata/PycharmProjects/Restitution_python_test_de/test_de/lib/python3.8/site-packages/airflow/example_dags/example_branch_day_of_week_operator.py
[2022-10-24T23:33:40.797+0200] {processor.py:766} INFO - DAG(s) dict_keys(['example_weekday_branch_operator']) retrieved from /home/batata/PycharmProjects/Restitution_python_test_de/test_de/lib/python3.8/site-packages/airflow/example_dags/example_branch_day_of_week_operator.py
[2022-10-24T23:33:40.820+0200] {logging_mixin.py:120} INFO - [2022-10-24T23:33:40.820+0200] {dag.py:2585} INFO - Sync 1 DAGs
[2022-10-24T23:33:40.840+0200] {logging_mixin.py:120} INFO - [2022-10-24T23:33:40.840+0200] {dag.py:3336} INFO - Setting next_dagrun for example_weekday_branch_operator to 2022-10-23T00:00:00+00:00, run_after=2022-10-24T00:00:00+00:00
[2022-10-24T23:33:40.867+0200] {processor.py:176} INFO - Processing /home/batata/PycharmProjects/Restitution_python_test_de/test_de/lib/python3.8/site-packages/airflow/example_dags/example_branch_day_of_week_operator.py took 0.101 seconds
[2022-10-24T23:34:22.751+0200] {processor.py:154} INFO - Started process (PID=20142) to work on /home/batata/PycharmProjects/Restitution_python_test_de/test_de/lib/python3.8/site-packages/airflow/example_dags/example_branch_day_of_week_operator.py
[2022-10-24T23:34:22.756+0200] {processor.py:756} INFO - Processing file /home/batata/PycharmProjects/Restitution_python_test_de/test_de/lib/python3.8/site-packages/airflow/example_dags/example_branch_day_of_week_operator.py for tasks to queue
[2022-10-24T23:34:22.758+0200] {logging_mixin.py:120} INFO - [2022-10-24T23:34:22.758+0200] {dagbag.py:537} INFO - Filling up the DagBag from /home/batata/PycharmProjects/Restitution_python_test_de/test_de/lib/python3.8/site-packages/airflow/example_dags/example_branch_day_of_week_operator.py
[2022-10-24T23:34:22.783+0200] {processor.py:766} INFO - DAG(s) dict_keys(['example_weekday_branch_operator']) retrieved from /home/batata/PycharmProjects/Restitution_python_test_de/test_de/lib/python3.8/site-packages/airflow/example_dags/example_branch_day_of_week_operator.py
[2022-10-24T23:34:22.830+0200] {logging_mixin.py:120} INFO - [2022-10-24T23:34:22.830+0200] {dag.py:2585} INFO - Sync 1 DAGs
[2022-10-24T23:34:22.882+0200] {logging_mixin.py:120} INFO - [2022-10-24T23:34:22.882+0200] {dag.py:3336} INFO - Setting next_dagrun for example_weekday_branch_operator to 2022-10-23T00:00:00+00:00, run_after=2022-10-24T00:00:00+00:00
[2022-10-24T23:34:22.927+0200] {processor.py:176} INFO - Processing /home/batata/PycharmProjects/Restitution_python_test_de/test_de/lib/python3.8/site-packages/airflow/example_dags/example_branch_day_of_week_operator.py took 0.179 seconds
[2022-10-24T23:35:02.713+0200] {processor.py:154} INFO - Started process (PID=20340) to work on /home/batata/PycharmProjects/Restitution_python_test_de/test_de/lib/python3.8/site-packages/airflow/example_dags/example_branch_day_of_week_operator.py
[2022-10-24T23:35:02.716+0200] {processor.py:756} INFO - Processing file /home/batata/PycharmProjects/Restitution_python_test_de/test_de/lib/python3.8/site-packages/airflow/example_dags/example_branch_day_of_week_operator.py for tasks to queue
[2022-10-24T23:35:02.717+0200] {logging_mixin.py:120} INFO - [2022-10-24T23:35:02.717+0200] {dagbag.py:537} INFO - Filling up the DagBag from /home/batata/PycharmProjects/Restitution_python_test_de/test_de/lib/python3.8/site-packages/airflow/example_dags/example_branch_day_of_week_operator.py
[2022-10-24T23:35:02.736+0200] {processor.py:766} INFO - DAG(s) dict_keys(['example_weekday_branch_operator']) retrieved from /home/batata/PycharmProjects/Restitution_python_test_de/test_de/lib/python3.8/site-packages/airflow/example_dags/example_branch_day_of_week_operator.py
[2022-10-24T23:35:02.760+0200] {logging_mixin.py:120} INFO - [2022-10-24T23:35:02.760+0200] {dag.py:2585} INFO - Sync 1 DAGs
[2022-10-24T23:35:02.785+0200] {logging_mixin.py:120} INFO - [2022-10-24T23:35:02.784+0200] {dag.py:3336} INFO - Setting next_dagrun for example_weekday_branch_operator to 2022-10-23T00:00:00+00:00, run_after=2022-10-24T00:00:00+00:00
[2022-10-24T23:35:02.813+0200] {processor.py:176} INFO - Processing /home/batata/PycharmProjects/Restitution_python_test_de/test_de/lib/python3.8/site-packages/airflow/example_dags/example_branch_day_of_week_operator.py took 0.103 seconds
[2022-10-24T23:35:40.649+0200] {processor.py:154} INFO - Started process (PID=20535) to work on /home/batata/PycharmProjects/Restitution_python_test_de/test_de/lib/python3.8/site-packages/airflow/example_dags/example_branch_day_of_week_operator.py
[2022-10-24T23:35:40.650+0200] {processor.py:756} INFO - Processing file /home/batata/PycharmProjects/Restitution_python_test_de/test_de/lib/python3.8/site-packages/airflow/example_dags/example_branch_day_of_week_operator.py for tasks to queue
[2022-10-24T23:35:40.652+0200] {logging_mixin.py:120} INFO - [2022-10-24T23:35:40.651+0200] {dagbag.py:537} INFO - Filling up the DagBag from /home/batata/PycharmProjects/Restitution_python_test_de/test_de/lib/python3.8/site-packages/airflow/example_dags/example_branch_day_of_week_operator.py
[2022-10-24T23:35:40.671+0200] {processor.py:766} INFO - DAG(s) dict_keys(['example_weekday_branch_operator']) retrieved from /home/batata/PycharmProjects/Restitution_python_test_de/test_de/lib/python3.8/site-packages/airflow/example_dags/example_branch_day_of_week_operator.py
[2022-10-24T23:35:40.694+0200] {logging_mixin.py:120} INFO - [2022-10-24T23:35:40.694+0200] {dag.py:2585} INFO - Sync 1 DAGs
[2022-10-24T23:35:40.714+0200] {logging_mixin.py:120} INFO - [2022-10-24T23:35:40.714+0200] {dag.py:3336} INFO - Setting next_dagrun for example_weekday_branch_operator to 2022-10-23T00:00:00+00:00, run_after=2022-10-24T00:00:00+00:00
[2022-10-24T23:35:40.743+0200] {processor.py:176} INFO - Processing /home/batata/PycharmProjects/Restitution_python_test_de/test_de/lib/python3.8/site-packages/airflow/example_dags/example_branch_day_of_week_operator.py took 0.097 seconds
[2022-10-24T23:36:34.111+0200] {processor.py:154} INFO - Started process (PID=21032) to work on /home/batata/PycharmProjects/Restitution_python_test_de/test_de/lib/python3.8/site-packages/airflow/example_dags/example_branch_day_of_week_operator.py
[2022-10-24T23:36:34.113+0200] {processor.py:756} INFO - Processing file /home/batata/PycharmProjects/Restitution_python_test_de/test_de/lib/python3.8/site-packages/airflow/example_dags/example_branch_day_of_week_operator.py for tasks to queue
[2022-10-24T23:36:34.114+0200] {logging_mixin.py:120} INFO - [2022-10-24T23:36:34.114+0200] {dagbag.py:537} INFO - Filling up the DagBag from /home/batata/PycharmProjects/Restitution_python_test_de/test_de/lib/python3.8/site-packages/airflow/example_dags/example_branch_day_of_week_operator.py
[2022-10-24T23:36:34.142+0200] {processor.py:766} INFO - DAG(s) dict_keys(['example_weekday_branch_operator']) retrieved from /home/batata/PycharmProjects/Restitution_python_test_de/test_de/lib/python3.8/site-packages/airflow/example_dags/example_branch_day_of_week_operator.py
[2022-10-24T23:36:34.176+0200] {logging_mixin.py:120} INFO - [2022-10-24T23:36:34.176+0200] {dag.py:2585} INFO - Sync 1 DAGs
[2022-10-24T23:36:34.228+0200] {logging_mixin.py:120} INFO - [2022-10-24T23:36:34.228+0200] {dag.py:3336} INFO - Setting next_dagrun for example_weekday_branch_operator to 2022-10-23T00:00:00+00:00, run_after=2022-10-24T00:00:00+00:00
[2022-10-24T23:36:34.276+0200] {processor.py:176} INFO - Processing /home/batata/PycharmProjects/Restitution_python_test_de/test_de/lib/python3.8/site-packages/airflow/example_dags/example_branch_day_of_week_operator.py took 0.167 seconds
[2022-10-24T23:37:14.309+0200] {processor.py:154} INFO - Started process (PID=21277) to work on /home/batata/PycharmProjects/Restitution_python_test_de/test_de/lib/python3.8/site-packages/airflow/example_dags/example_branch_day_of_week_operator.py
[2022-10-24T23:37:14.311+0200] {processor.py:756} INFO - Processing file /home/batata/PycharmProjects/Restitution_python_test_de/test_de/lib/python3.8/site-packages/airflow/example_dags/example_branch_day_of_week_operator.py for tasks to queue
[2022-10-24T23:37:14.313+0200] {logging_mixin.py:120} INFO - [2022-10-24T23:37:14.312+0200] {dagbag.py:537} INFO - Filling up the DagBag from /home/batata/PycharmProjects/Restitution_python_test_de/test_de/lib/python3.8/site-packages/airflow/example_dags/example_branch_day_of_week_operator.py
[2022-10-24T23:37:14.329+0200] {processor.py:766} INFO - DAG(s) dict_keys(['example_weekday_branch_operator']) retrieved from /home/batata/PycharmProjects/Restitution_python_test_de/test_de/lib/python3.8/site-packages/airflow/example_dags/example_branch_day_of_week_operator.py
[2022-10-24T23:37:14.352+0200] {logging_mixin.py:120} INFO - [2022-10-24T23:37:14.352+0200] {dag.py:2585} INFO - Sync 1 DAGs
[2022-10-24T23:37:14.376+0200] {logging_mixin.py:120} INFO - [2022-10-24T23:37:14.376+0200] {dag.py:3336} INFO - Setting next_dagrun for example_weekday_branch_operator to 2022-10-23T00:00:00+00:00, run_after=2022-10-24T00:00:00+00:00
[2022-10-24T23:37:14.406+0200] {processor.py:176} INFO - Processing /home/batata/PycharmProjects/Restitution_python_test_de/test_de/lib/python3.8/site-packages/airflow/example_dags/example_branch_day_of_week_operator.py took 0.100 seconds
[2022-10-24T23:37:52.515+0200] {processor.py:154} INFO - Started process (PID=21446) to work on /home/batata/PycharmProjects/Restitution_python_test_de/test_de/lib/python3.8/site-packages/airflow/example_dags/example_branch_day_of_week_operator.py
[2022-10-24T23:37:52.517+0200] {processor.py:756} INFO - Processing file /home/batata/PycharmProjects/Restitution_python_test_de/test_de/lib/python3.8/site-packages/airflow/example_dags/example_branch_day_of_week_operator.py for tasks to queue
[2022-10-24T23:37:52.518+0200] {logging_mixin.py:120} INFO - [2022-10-24T23:37:52.518+0200] {dagbag.py:537} INFO - Filling up the DagBag from /home/batata/PycharmProjects/Restitution_python_test_de/test_de/lib/python3.8/site-packages/airflow/example_dags/example_branch_day_of_week_operator.py
[2022-10-24T23:37:52.536+0200] {processor.py:766} INFO - DAG(s) dict_keys(['example_weekday_branch_operator']) retrieved from /home/batata/PycharmProjects/Restitution_python_test_de/test_de/lib/python3.8/site-packages/airflow/example_dags/example_branch_day_of_week_operator.py
[2022-10-24T23:37:52.568+0200] {logging_mixin.py:120} INFO - [2022-10-24T23:37:52.568+0200] {dag.py:2585} INFO - Sync 1 DAGs
[2022-10-24T23:37:52.639+0200] {logging_mixin.py:120} INFO - [2022-10-24T23:37:52.639+0200] {dag.py:3336} INFO - Setting next_dagrun for example_weekday_branch_operator to 2022-10-23T00:00:00+00:00, run_after=2022-10-24T00:00:00+00:00
[2022-10-24T23:37:52.685+0200] {processor.py:176} INFO - Processing /home/batata/PycharmProjects/Restitution_python_test_de/test_de/lib/python3.8/site-packages/airflow/example_dags/example_branch_day_of_week_operator.py took 0.173 seconds
