[2022-10-24T23:33:00.822+0200] {processor.py:154} INFO - Started process (PID=19403) to work on /home/batata/PycharmProjects/Restitution_python_test_de/test_de/lib/python3.8/site-packages/airflow/example_dags/example_branch_python_dop_operator_3.py
[2022-10-24T23:33:00.824+0200] {processor.py:756} INFO - Processing file /home/batata/PycharmProjects/Restitution_python_test_de/test_de/lib/python3.8/site-packages/airflow/example_dags/example_branch_python_dop_operator_3.py for tasks to queue
[2022-10-24T23:33:00.825+0200] {logging_mixin.py:120} INFO - [2022-10-24T23:33:00.825+0200] {dagbag.py:537} INFO - Filling up the DagBag from /home/batata/PycharmProjects/Restitution_python_test_de/test_de/lib/python3.8/site-packages/airflow/example_dags/example_branch_python_dop_operator_3.py
[2022-10-24T23:33:00.899+0200] {processor.py:766} INFO - DAG(s) dict_keys(['example_branch_dop_operator_v3']) retrieved from /home/batata/PycharmProjects/Restitution_python_test_de/test_de/lib/python3.8/site-packages/airflow/example_dags/example_branch_python_dop_operator_3.py
[2022-10-24T23:33:01.230+0200] {logging_mixin.py:120} INFO - [2022-10-24T23:33:01.230+0200] {manager.py:507} INFO - Created Permission View: can read on DAG:example_branch_dop_operator_v3
[2022-10-24T23:33:01.257+0200] {logging_mixin.py:120} INFO - [2022-10-24T23:33:01.257+0200] {manager.py:507} INFO - Created Permission View: can delete on DAG:example_branch_dop_operator_v3
[2022-10-24T23:33:01.281+0200] {logging_mixin.py:120} INFO - [2022-10-24T23:33:01.280+0200] {manager.py:507} INFO - Created Permission View: can edit on DAG:example_branch_dop_operator_v3
[2022-10-24T23:33:01.281+0200] {logging_mixin.py:120} INFO - [2022-10-24T23:33:01.281+0200] {dag.py:2585} INFO - Sync 1 DAGs
[2022-10-24T23:33:01.299+0200] {logging_mixin.py:120} INFO - [2022-10-24T23:33:01.298+0200] {dag.py:2606} INFO - Creating ORM DAG for example_branch_dop_operator_v3
[2022-10-24T23:33:01.325+0200] {logging_mixin.py:120} INFO - [2022-10-24T23:33:01.325+0200] {dag.py:3336} INFO - Setting next_dagrun for example_branch_dop_operator_v3 to 2022-10-24T21:32:00+00:00, run_after=2022-10-24T21:33:00+00:00
[2022-10-24T23:33:01.369+0200] {processor.py:176} INFO - Processing /home/batata/PycharmProjects/Restitution_python_test_de/test_de/lib/python3.8/site-packages/airflow/example_dags/example_branch_python_dop_operator_3.py took 0.558 seconds
[2022-10-24T23:33:46.070+0200] {processor.py:154} INFO - Started process (PID=19809) to work on /home/batata/PycharmProjects/Restitution_python_test_de/test_de/lib/python3.8/site-packages/airflow/example_dags/example_branch_python_dop_operator_3.py
[2022-10-24T23:33:46.072+0200] {processor.py:756} INFO - Processing file /home/batata/PycharmProjects/Restitution_python_test_de/test_de/lib/python3.8/site-packages/airflow/example_dags/example_branch_python_dop_operator_3.py for tasks to queue
[2022-10-24T23:33:46.074+0200] {logging_mixin.py:120} INFO - [2022-10-24T23:33:46.074+0200] {dagbag.py:537} INFO - Filling up the DagBag from /home/batata/PycharmProjects/Restitution_python_test_de/test_de/lib/python3.8/site-packages/airflow/example_dags/example_branch_python_dop_operator_3.py
[2022-10-24T23:33:46.102+0200] {processor.py:766} INFO - DAG(s) dict_keys(['example_branch_dop_operator_v3']) retrieved from /home/batata/PycharmProjects/Restitution_python_test_de/test_de/lib/python3.8/site-packages/airflow/example_dags/example_branch_python_dop_operator_3.py
[2022-10-24T23:33:46.123+0200] {logging_mixin.py:120} INFO - [2022-10-24T23:33:46.123+0200] {dag.py:2585} INFO - Sync 1 DAGs
[2022-10-24T23:33:46.148+0200] {logging_mixin.py:120} INFO - [2022-10-24T23:33:46.148+0200] {dag.py:3336} INFO - Setting next_dagrun for example_branch_dop_operator_v3 to 2022-10-24T21:32:00+00:00, run_after=2022-10-24T21:33:00+00:00
[2022-10-24T23:33:46.187+0200] {processor.py:176} INFO - Processing /home/batata/PycharmProjects/Restitution_python_test_de/test_de/lib/python3.8/site-packages/airflow/example_dags/example_branch_python_dop_operator_3.py took 0.121 seconds
[2022-10-24T23:34:26.948+0200] {processor.py:154} INFO - Started process (PID=20180) to work on /home/batata/PycharmProjects/Restitution_python_test_de/test_de/lib/python3.8/site-packages/airflow/example_dags/example_branch_python_dop_operator_3.py
[2022-10-24T23:34:26.951+0200] {processor.py:756} INFO - Processing file /home/batata/PycharmProjects/Restitution_python_test_de/test_de/lib/python3.8/site-packages/airflow/example_dags/example_branch_python_dop_operator_3.py for tasks to queue
[2022-10-24T23:34:26.953+0200] {logging_mixin.py:120} INFO - [2022-10-24T23:34:26.952+0200] {dagbag.py:537} INFO - Filling up the DagBag from /home/batata/PycharmProjects/Restitution_python_test_de/test_de/lib/python3.8/site-packages/airflow/example_dags/example_branch_python_dop_operator_3.py
[2022-10-24T23:34:26.990+0200] {processor.py:766} INFO - DAG(s) dict_keys(['example_branch_dop_operator_v3']) retrieved from /home/batata/PycharmProjects/Restitution_python_test_de/test_de/lib/python3.8/site-packages/airflow/example_dags/example_branch_python_dop_operator_3.py
[2022-10-24T23:34:27.024+0200] {logging_mixin.py:120} INFO - [2022-10-24T23:34:27.024+0200] {dag.py:2585} INFO - Sync 1 DAGs
[2022-10-24T23:34:27.063+0200] {logging_mixin.py:120} INFO - [2022-10-24T23:34:27.063+0200] {dag.py:3336} INFO - Setting next_dagrun for example_branch_dop_operator_v3 to 2022-10-24T21:33:00+00:00, run_after=2022-10-24T21:34:00+00:00
[2022-10-24T23:34:27.098+0200] {processor.py:176} INFO - Processing /home/batata/PycharmProjects/Restitution_python_test_de/test_de/lib/python3.8/site-packages/airflow/example_dags/example_branch_python_dop_operator_3.py took 0.154 seconds
[2022-10-24T23:35:06.866+0200] {processor.py:154} INFO - Started process (PID=20344) to work on /home/batata/PycharmProjects/Restitution_python_test_de/test_de/lib/python3.8/site-packages/airflow/example_dags/example_branch_python_dop_operator_3.py
[2022-10-24T23:35:06.869+0200] {processor.py:756} INFO - Processing file /home/batata/PycharmProjects/Restitution_python_test_de/test_de/lib/python3.8/site-packages/airflow/example_dags/example_branch_python_dop_operator_3.py for tasks to queue
[2022-10-24T23:35:06.871+0200] {logging_mixin.py:120} INFO - [2022-10-24T23:35:06.871+0200] {dagbag.py:537} INFO - Filling up the DagBag from /home/batata/PycharmProjects/Restitution_python_test_de/test_de/lib/python3.8/site-packages/airflow/example_dags/example_branch_python_dop_operator_3.py
[2022-10-24T23:35:06.899+0200] {processor.py:766} INFO - DAG(s) dict_keys(['example_branch_dop_operator_v3']) retrieved from /home/batata/PycharmProjects/Restitution_python_test_de/test_de/lib/python3.8/site-packages/airflow/example_dags/example_branch_python_dop_operator_3.py
[2022-10-24T23:35:06.921+0200] {logging_mixin.py:120} INFO - [2022-10-24T23:35:06.921+0200] {dag.py:2585} INFO - Sync 1 DAGs
[2022-10-24T23:35:06.945+0200] {logging_mixin.py:120} INFO - [2022-10-24T23:35:06.945+0200] {dag.py:3336} INFO - Setting next_dagrun for example_branch_dop_operator_v3 to 2022-10-24T21:34:00+00:00, run_after=2022-10-24T21:35:00+00:00
[2022-10-24T23:35:06.973+0200] {processor.py:176} INFO - Processing /home/batata/PycharmProjects/Restitution_python_test_de/test_de/lib/python3.8/site-packages/airflow/example_dags/example_branch_python_dop_operator_3.py took 0.111 seconds
[2022-10-24T23:35:45.123+0200] {processor.py:154} INFO - Started process (PID=20564) to work on /home/batata/PycharmProjects/Restitution_python_test_de/test_de/lib/python3.8/site-packages/airflow/example_dags/example_branch_python_dop_operator_3.py
[2022-10-24T23:35:45.128+0200] {processor.py:756} INFO - Processing file /home/batata/PycharmProjects/Restitution_python_test_de/test_de/lib/python3.8/site-packages/airflow/example_dags/example_branch_python_dop_operator_3.py for tasks to queue
[2022-10-24T23:35:45.130+0200] {logging_mixin.py:120} INFO - [2022-10-24T23:35:45.129+0200] {dagbag.py:537} INFO - Filling up the DagBag from /home/batata/PycharmProjects/Restitution_python_test_de/test_de/lib/python3.8/site-packages/airflow/example_dags/example_branch_python_dop_operator_3.py
[2022-10-24T23:35:45.184+0200] {processor.py:766} INFO - DAG(s) dict_keys(['example_branch_dop_operator_v3']) retrieved from /home/batata/PycharmProjects/Restitution_python_test_de/test_de/lib/python3.8/site-packages/airflow/example_dags/example_branch_python_dop_operator_3.py
[2022-10-24T23:35:45.229+0200] {logging_mixin.py:120} INFO - [2022-10-24T23:35:45.229+0200] {dag.py:2585} INFO - Sync 1 DAGs
[2022-10-24T23:35:45.282+0200] {logging_mixin.py:120} INFO - [2022-10-24T23:35:45.282+0200] {dag.py:3336} INFO - Setting next_dagrun for example_branch_dop_operator_v3 to 2022-10-24T21:34:00+00:00, run_after=2022-10-24T21:35:00+00:00
[2022-10-24T23:35:45.321+0200] {processor.py:176} INFO - Processing /home/batata/PycharmProjects/Restitution_python_test_de/test_de/lib/python3.8/site-packages/airflow/example_dags/example_branch_python_dop_operator_3.py took 0.206 seconds
[2022-10-24T23:36:39.392+0200] {processor.py:154} INFO - Started process (PID=21076) to work on /home/batata/PycharmProjects/Restitution_python_test_de/test_de/lib/python3.8/site-packages/airflow/example_dags/example_branch_python_dop_operator_3.py
[2022-10-24T23:36:39.393+0200] {processor.py:756} INFO - Processing file /home/batata/PycharmProjects/Restitution_python_test_de/test_de/lib/python3.8/site-packages/airflow/example_dags/example_branch_python_dop_operator_3.py for tasks to queue
[2022-10-24T23:36:39.394+0200] {logging_mixin.py:120} INFO - [2022-10-24T23:36:39.393+0200] {dagbag.py:537} INFO - Filling up the DagBag from /home/batata/PycharmProjects/Restitution_python_test_de/test_de/lib/python3.8/site-packages/airflow/example_dags/example_branch_python_dop_operator_3.py
[2022-10-24T23:36:39.422+0200] {processor.py:766} INFO - DAG(s) dict_keys(['example_branch_dop_operator_v3']) retrieved from /home/batata/PycharmProjects/Restitution_python_test_de/test_de/lib/python3.8/site-packages/airflow/example_dags/example_branch_python_dop_operator_3.py
[2022-10-24T23:36:39.443+0200] {logging_mixin.py:120} INFO - [2022-10-24T23:36:39.443+0200] {dag.py:2585} INFO - Sync 1 DAGs
[2022-10-24T23:36:39.469+0200] {logging_mixin.py:120} INFO - [2022-10-24T23:36:39.469+0200] {dag.py:3336} INFO - Setting next_dagrun for example_branch_dop_operator_v3 to 2022-10-24T21:35:00+00:00, run_after=2022-10-24T21:36:00+00:00
[2022-10-24T23:36:39.499+0200] {processor.py:176} INFO - Processing /home/batata/PycharmProjects/Restitution_python_test_de/test_de/lib/python3.8/site-packages/airflow/example_dags/example_branch_python_dop_operator_3.py took 0.111 seconds
[2022-10-24T23:37:18.573+0200] {processor.py:154} INFO - Started process (PID=21285) to work on /home/batata/PycharmProjects/Restitution_python_test_de/test_de/lib/python3.8/site-packages/airflow/example_dags/example_branch_python_dop_operator_3.py
[2022-10-24T23:37:18.576+0200] {processor.py:756} INFO - Processing file /home/batata/PycharmProjects/Restitution_python_test_de/test_de/lib/python3.8/site-packages/airflow/example_dags/example_branch_python_dop_operator_3.py for tasks to queue
[2022-10-24T23:37:18.576+0200] {logging_mixin.py:120} INFO - [2022-10-24T23:37:18.576+0200] {dagbag.py:537} INFO - Filling up the DagBag from /home/batata/PycharmProjects/Restitution_python_test_de/test_de/lib/python3.8/site-packages/airflow/example_dags/example_branch_python_dop_operator_3.py
[2022-10-24T23:37:18.604+0200] {processor.py:766} INFO - DAG(s) dict_keys(['example_branch_dop_operator_v3']) retrieved from /home/batata/PycharmProjects/Restitution_python_test_de/test_de/lib/python3.8/site-packages/airflow/example_dags/example_branch_python_dop_operator_3.py
[2022-10-24T23:37:18.626+0200] {logging_mixin.py:120} INFO - [2022-10-24T23:37:18.626+0200] {dag.py:2585} INFO - Sync 1 DAGs
[2022-10-24T23:37:18.652+0200] {logging_mixin.py:120} INFO - [2022-10-24T23:37:18.652+0200] {dag.py:3336} INFO - Setting next_dagrun for example_branch_dop_operator_v3 to 2022-10-24T21:36:00+00:00, run_after=2022-10-24T21:37:00+00:00
[2022-10-24T23:37:18.680+0200] {processor.py:176} INFO - Processing /home/batata/PycharmProjects/Restitution_python_test_de/test_de/lib/python3.8/site-packages/airflow/example_dags/example_branch_python_dop_operator_3.py took 0.111 seconds
[2022-10-24T23:37:56.555+0200] {processor.py:154} INFO - Started process (PID=21472) to work on /home/batata/PycharmProjects/Restitution_python_test_de/test_de/lib/python3.8/site-packages/airflow/example_dags/example_branch_python_dop_operator_3.py
[2022-10-24T23:37:56.557+0200] {processor.py:756} INFO - Processing file /home/batata/PycharmProjects/Restitution_python_test_de/test_de/lib/python3.8/site-packages/airflow/example_dags/example_branch_python_dop_operator_3.py for tasks to queue
[2022-10-24T23:37:56.558+0200] {logging_mixin.py:120} INFO - [2022-10-24T23:37:56.558+0200] {dagbag.py:537} INFO - Filling up the DagBag from /home/batata/PycharmProjects/Restitution_python_test_de/test_de/lib/python3.8/site-packages/airflow/example_dags/example_branch_python_dop_operator_3.py
[2022-10-24T23:37:56.582+0200] {processor.py:766} INFO - DAG(s) dict_keys(['example_branch_dop_operator_v3']) retrieved from /home/batata/PycharmProjects/Restitution_python_test_de/test_de/lib/python3.8/site-packages/airflow/example_dags/example_branch_python_dop_operator_3.py
[2022-10-24T23:37:56.605+0200] {logging_mixin.py:120} INFO - [2022-10-24T23:37:56.605+0200] {dag.py:2585} INFO - Sync 1 DAGs
[2022-10-24T23:37:56.631+0200] {logging_mixin.py:120} INFO - [2022-10-24T23:37:56.631+0200] {dag.py:3336} INFO - Setting next_dagrun for example_branch_dop_operator_v3 to 2022-10-24T21:36:00+00:00, run_after=2022-10-24T21:37:00+00:00
[2022-10-24T23:37:56.661+0200] {processor.py:176} INFO - Processing /home/batata/PycharmProjects/Restitution_python_test_de/test_de/lib/python3.8/site-packages/airflow/example_dags/example_branch_python_dop_operator_3.py took 0.109 seconds
