[2022-10-24T23:32:36.631+0200] {processor.py:154} INFO - Started process (PID=19197) to work on /home/batata/PycharmProjects/Restitution_python_test_de/test_de/lib/python3.8/site-packages/airflow/example_dags/example_sla_dag.py
[2022-10-24T23:32:36.633+0200] {processor.py:756} INFO - Processing file /home/batata/PycharmProjects/Restitution_python_test_de/test_de/lib/python3.8/site-packages/airflow/example_dags/example_sla_dag.py for tasks to queue
[2022-10-24T23:32:36.635+0200] {logging_mixin.py:120} INFO - [2022-10-24T23:32:36.635+0200] {dagbag.py:537} INFO - Filling up the DagBag from /home/batata/PycharmProjects/Restitution_python_test_de/test_de/lib/python3.8/site-packages/airflow/example_dags/example_sla_dag.py
[2022-10-24T23:32:36.669+0200] {processor.py:766} INFO - DAG(s) dict_keys(['example_sla_dag']) retrieved from /home/batata/PycharmProjects/Restitution_python_test_de/test_de/lib/python3.8/site-packages/airflow/example_dags/example_sla_dag.py
[2022-10-24T23:32:36.820+0200] {logging_mixin.py:120} INFO - [2022-10-24T23:32:36.820+0200] {manager.py:507} INFO - Created Permission View: can read on DAG:example_sla_dag
[2022-10-24T23:32:36.839+0200] {logging_mixin.py:120} INFO - [2022-10-24T23:32:36.839+0200] {manager.py:507} INFO - Created Permission View: can delete on DAG:example_sla_dag
[2022-10-24T23:32:36.856+0200] {logging_mixin.py:120} INFO - [2022-10-24T23:32:36.856+0200] {manager.py:507} INFO - Created Permission View: can edit on DAG:example_sla_dag
[2022-10-24T23:32:36.856+0200] {logging_mixin.py:120} INFO - [2022-10-24T23:32:36.856+0200] {dag.py:2585} INFO - Sync 1 DAGs
[2022-10-24T23:32:36.871+0200] {logging_mixin.py:120} INFO - [2022-10-24T23:32:36.871+0200] {dag.py:2606} INFO - Creating ORM DAG for example_sla_dag
[2022-10-24T23:32:36.887+0200] {logging_mixin.py:120} INFO - [2022-10-24T23:32:36.886+0200] {dag.py:3336} INFO - Setting next_dagrun for example_sla_dag to 2022-10-24T21:30:00+00:00, run_after=2022-10-24T21:32:00+00:00
[2022-10-24T23:32:36.916+0200] {processor.py:176} INFO - Processing /home/batata/PycharmProjects/Restitution_python_test_de/test_de/lib/python3.8/site-packages/airflow/example_dags/example_sla_dag.py took 0.288 seconds
[2022-10-24T23:32:42.383+0200] {processor.py:154} INFO - Started process (PID=19222) to work on /home/batata/PycharmProjects/Restitution_python_test_de/test_de/lib/python3.8/site-packages/airflow/example_dags/example_sla_dag.py
[2022-10-24T23:32:42.384+0200] {processor.py:756} INFO - Processing file /home/batata/PycharmProjects/Restitution_python_test_de/test_de/lib/python3.8/site-packages/airflow/example_dags/example_sla_dag.py for tasks to queue
[2022-10-24T23:32:42.386+0200] {logging_mixin.py:120} INFO - [2022-10-24T23:32:42.385+0200] {dagbag.py:537} INFO - Filling up the DagBag from /home/batata/PycharmProjects/Restitution_python_test_de/test_de/lib/python3.8/site-packages/airflow/example_dags/example_sla_dag.py
[2022-10-24T23:32:42.445+0200] {processor.py:766} INFO - DAG(s) dict_keys(['example_sla_dag']) retrieved from /home/batata/PycharmProjects/Restitution_python_test_de/test_de/lib/python3.8/site-packages/airflow/example_dags/example_sla_dag.py
[2022-10-24T23:32:42.475+0200] {logging_mixin.py:120} INFO - [2022-10-24T23:32:42.474+0200] {dag.py:2585} INFO - Sync 1 DAGs
[2022-10-24T23:32:42.527+0200] {logging_mixin.py:120} INFO - [2022-10-24T23:32:42.527+0200] {dag.py:3336} INFO - Setting next_dagrun for example_sla_dag to 2022-10-24T21:30:00+00:00, run_after=2022-10-24T21:32:00+00:00
[2022-10-24T23:32:42.563+0200] {processor.py:176} INFO - Processing /home/batata/PycharmProjects/Restitution_python_test_de/test_de/lib/python3.8/site-packages/airflow/example_dags/example_sla_dag.py took 0.187 seconds
[2022-10-24T23:33:23.214+0200] {processor.py:154} INFO - Started process (PID=19609) to work on /home/batata/PycharmProjects/Restitution_python_test_de/test_de/lib/python3.8/site-packages/airflow/example_dags/example_sla_dag.py
[2022-10-24T23:33:23.229+0200] {processor.py:756} INFO - Processing file /home/batata/PycharmProjects/Restitution_python_test_de/test_de/lib/python3.8/site-packages/airflow/example_dags/example_sla_dag.py for tasks to queue
[2022-10-24T23:33:23.231+0200] {logging_mixin.py:120} INFO - [2022-10-24T23:33:23.231+0200] {dagbag.py:537} INFO - Filling up the DagBag from /home/batata/PycharmProjects/Restitution_python_test_de/test_de/lib/python3.8/site-packages/airflow/example_dags/example_sla_dag.py
[2022-10-24T23:33:23.302+0200] {processor.py:766} INFO - DAG(s) dict_keys(['example_sla_dag']) retrieved from /home/batata/PycharmProjects/Restitution_python_test_de/test_de/lib/python3.8/site-packages/airflow/example_dags/example_sla_dag.py
[2022-10-24T23:33:23.357+0200] {logging_mixin.py:120} INFO - [2022-10-24T23:33:23.355+0200] {dag.py:2585} INFO - Sync 1 DAGs
[2022-10-24T23:33:23.433+0200] {logging_mixin.py:120} INFO - [2022-10-24T23:33:23.433+0200] {dag.py:3336} INFO - Setting next_dagrun for example_sla_dag to 2022-10-24T21:30:00+00:00, run_after=2022-10-24T21:32:00+00:00
[2022-10-24T23:33:23.487+0200] {processor.py:176} INFO - Processing /home/batata/PycharmProjects/Restitution_python_test_de/test_de/lib/python3.8/site-packages/airflow/example_dags/example_sla_dag.py took 0.277 seconds
[2022-10-24T23:34:07.142+0200] {processor.py:154} INFO - Started process (PID=19951) to work on /home/batata/PycharmProjects/Restitution_python_test_de/test_de/lib/python3.8/site-packages/airflow/example_dags/example_sla_dag.py
[2022-10-24T23:34:07.143+0200] {processor.py:756} INFO - Processing file /home/batata/PycharmProjects/Restitution_python_test_de/test_de/lib/python3.8/site-packages/airflow/example_dags/example_sla_dag.py for tasks to queue
[2022-10-24T23:34:07.144+0200] {logging_mixin.py:120} INFO - [2022-10-24T23:34:07.144+0200] {dagbag.py:537} INFO - Filling up the DagBag from /home/batata/PycharmProjects/Restitution_python_test_de/test_de/lib/python3.8/site-packages/airflow/example_dags/example_sla_dag.py
[2022-10-24T23:34:07.183+0200] {processor.py:766} INFO - DAG(s) dict_keys(['example_sla_dag']) retrieved from /home/batata/PycharmProjects/Restitution_python_test_de/test_de/lib/python3.8/site-packages/airflow/example_dags/example_sla_dag.py
[2022-10-24T23:34:07.213+0200] {logging_mixin.py:120} INFO - [2022-10-24T23:34:07.213+0200] {dag.py:2585} INFO - Sync 1 DAGs
[2022-10-24T23:34:07.240+0200] {logging_mixin.py:120} INFO - [2022-10-24T23:34:07.240+0200] {dag.py:3336} INFO - Setting next_dagrun for example_sla_dag to 2022-10-24T21:32:00+00:00, run_after=2022-10-24T21:34:00+00:00
[2022-10-24T23:34:07.266+0200] {processor.py:176} INFO - Processing /home/batata/PycharmProjects/Restitution_python_test_de/test_de/lib/python3.8/site-packages/airflow/example_dags/example_sla_dag.py took 0.133 seconds
[2022-10-24T23:34:46.178+0200] {processor.py:154} INFO - Started process (PID=20241) to work on /home/batata/PycharmProjects/Restitution_python_test_de/test_de/lib/python3.8/site-packages/airflow/example_dags/example_sla_dag.py
[2022-10-24T23:34:46.180+0200] {processor.py:756} INFO - Processing file /home/batata/PycharmProjects/Restitution_python_test_de/test_de/lib/python3.8/site-packages/airflow/example_dags/example_sla_dag.py for tasks to queue
[2022-10-24T23:34:46.183+0200] {logging_mixin.py:120} INFO - [2022-10-24T23:34:46.182+0200] {dagbag.py:537} INFO - Filling up the DagBag from /home/batata/PycharmProjects/Restitution_python_test_de/test_de/lib/python3.8/site-packages/airflow/example_dags/example_sla_dag.py
[2022-10-24T23:34:46.209+0200] {processor.py:766} INFO - DAG(s) dict_keys(['example_sla_dag']) retrieved from /home/batata/PycharmProjects/Restitution_python_test_de/test_de/lib/python3.8/site-packages/airflow/example_dags/example_sla_dag.py
[2022-10-24T23:34:46.232+0200] {logging_mixin.py:120} INFO - [2022-10-24T23:34:46.232+0200] {dag.py:2585} INFO - Sync 1 DAGs
[2022-10-24T23:34:46.267+0200] {logging_mixin.py:120} INFO - [2022-10-24T23:34:46.267+0200] {dag.py:3336} INFO - Setting next_dagrun for example_sla_dag to 2022-10-24T21:32:00+00:00, run_after=2022-10-24T21:34:00+00:00
[2022-10-24T23:34:46.301+0200] {processor.py:176} INFO - Processing /home/batata/PycharmProjects/Restitution_python_test_de/test_de/lib/python3.8/site-packages/airflow/example_dags/example_sla_dag.py took 0.126 seconds
[2022-10-24T23:35:26.251+0200] {processor.py:154} INFO - Started process (PID=20492) to work on /home/batata/PycharmProjects/Restitution_python_test_de/test_de/lib/python3.8/site-packages/airflow/example_dags/example_sla_dag.py
[2022-10-24T23:35:26.253+0200] {processor.py:756} INFO - Processing file /home/batata/PycharmProjects/Restitution_python_test_de/test_de/lib/python3.8/site-packages/airflow/example_dags/example_sla_dag.py for tasks to queue
[2022-10-24T23:35:26.256+0200] {logging_mixin.py:120} INFO - [2022-10-24T23:35:26.255+0200] {dagbag.py:537} INFO - Filling up the DagBag from /home/batata/PycharmProjects/Restitution_python_test_de/test_de/lib/python3.8/site-packages/airflow/example_dags/example_sla_dag.py
[2022-10-24T23:35:26.280+0200] {processor.py:766} INFO - DAG(s) dict_keys(['example_sla_dag']) retrieved from /home/batata/PycharmProjects/Restitution_python_test_de/test_de/lib/python3.8/site-packages/airflow/example_dags/example_sla_dag.py
[2022-10-24T23:35:26.304+0200] {logging_mixin.py:120} INFO - [2022-10-24T23:35:26.304+0200] {dag.py:2585} INFO - Sync 1 DAGs
[2022-10-24T23:35:26.337+0200] {logging_mixin.py:120} INFO - [2022-10-24T23:35:26.336+0200] {dag.py:3336} INFO - Setting next_dagrun for example_sla_dag to 2022-10-24T21:32:00+00:00, run_after=2022-10-24T21:34:00+00:00
[2022-10-24T23:35:26.370+0200] {processor.py:176} INFO - Processing /home/batata/PycharmProjects/Restitution_python_test_de/test_de/lib/python3.8/site-packages/airflow/example_dags/example_sla_dag.py took 0.122 seconds
[2022-10-24T23:36:21.057+0200] {processor.py:154} INFO - Started process (PID=20926) to work on /home/batata/PycharmProjects/Restitution_python_test_de/test_de/lib/python3.8/site-packages/airflow/example_dags/example_sla_dag.py
[2022-10-24T23:36:21.059+0200] {processor.py:756} INFO - Processing file /home/batata/PycharmProjects/Restitution_python_test_de/test_de/lib/python3.8/site-packages/airflow/example_dags/example_sla_dag.py for tasks to queue
[2022-10-24T23:36:21.060+0200] {logging_mixin.py:120} INFO - [2022-10-24T23:36:21.060+0200] {dagbag.py:537} INFO - Filling up the DagBag from /home/batata/PycharmProjects/Restitution_python_test_de/test_de/lib/python3.8/site-packages/airflow/example_dags/example_sla_dag.py
[2022-10-24T23:36:21.089+0200] {processor.py:766} INFO - DAG(s) dict_keys(['example_sla_dag']) retrieved from /home/batata/PycharmProjects/Restitution_python_test_de/test_de/lib/python3.8/site-packages/airflow/example_dags/example_sla_dag.py
[2022-10-24T23:36:21.111+0200] {logging_mixin.py:120} INFO - [2022-10-24T23:36:21.111+0200] {dag.py:2585} INFO - Sync 1 DAGs
[2022-10-24T23:36:21.135+0200] {logging_mixin.py:120} INFO - [2022-10-24T23:36:21.135+0200] {dag.py:3336} INFO - Setting next_dagrun for example_sla_dag to 2022-10-24T21:34:00+00:00, run_after=2022-10-24T21:36:00+00:00
[2022-10-24T23:36:21.162+0200] {processor.py:176} INFO - Processing /home/batata/PycharmProjects/Restitution_python_test_de/test_de/lib/python3.8/site-packages/airflow/example_dags/example_sla_dag.py took 0.109 seconds
[2022-10-24T23:36:59.888+0200] {processor.py:154} INFO - Started process (PID=21212) to work on /home/batata/PycharmProjects/Restitution_python_test_de/test_de/lib/python3.8/site-packages/airflow/example_dags/example_sla_dag.py
[2022-10-24T23:36:59.890+0200] {processor.py:756} INFO - Processing file /home/batata/PycharmProjects/Restitution_python_test_de/test_de/lib/python3.8/site-packages/airflow/example_dags/example_sla_dag.py for tasks to queue
[2022-10-24T23:36:59.891+0200] {logging_mixin.py:120} INFO - [2022-10-24T23:36:59.891+0200] {dagbag.py:537} INFO - Filling up the DagBag from /home/batata/PycharmProjects/Restitution_python_test_de/test_de/lib/python3.8/site-packages/airflow/example_dags/example_sla_dag.py
[2022-10-24T23:36:59.918+0200] {processor.py:766} INFO - DAG(s) dict_keys(['example_sla_dag']) retrieved from /home/batata/PycharmProjects/Restitution_python_test_de/test_de/lib/python3.8/site-packages/airflow/example_dags/example_sla_dag.py
[2022-10-24T23:36:59.941+0200] {logging_mixin.py:120} INFO - [2022-10-24T23:36:59.941+0200] {dag.py:2585} INFO - Sync 1 DAGs
[2022-10-24T23:36:59.966+0200] {logging_mixin.py:120} INFO - [2022-10-24T23:36:59.966+0200] {dag.py:3336} INFO - Setting next_dagrun for example_sla_dag to 2022-10-24T21:34:00+00:00, run_after=2022-10-24T21:36:00+00:00
[2022-10-24T23:36:59.993+0200] {processor.py:176} INFO - Processing /home/batata/PycharmProjects/Restitution_python_test_de/test_de/lib/python3.8/site-packages/airflow/example_dags/example_sla_dag.py took 0.108 seconds
[2022-10-24T23:37:38.148+0200] {processor.py:154} INFO - Started process (PID=21386) to work on /home/batata/PycharmProjects/Restitution_python_test_de/test_de/lib/python3.8/site-packages/airflow/example_dags/example_sla_dag.py
[2022-10-24T23:37:38.151+0200] {processor.py:756} INFO - Processing file /home/batata/PycharmProjects/Restitution_python_test_de/test_de/lib/python3.8/site-packages/airflow/example_dags/example_sla_dag.py for tasks to queue
[2022-10-24T23:37:38.152+0200] {logging_mixin.py:120} INFO - [2022-10-24T23:37:38.152+0200] {dagbag.py:537} INFO - Filling up the DagBag from /home/batata/PycharmProjects/Restitution_python_test_de/test_de/lib/python3.8/site-packages/airflow/example_dags/example_sla_dag.py
[2022-10-24T23:37:38.175+0200] {processor.py:766} INFO - DAG(s) dict_keys(['example_sla_dag']) retrieved from /home/batata/PycharmProjects/Restitution_python_test_de/test_de/lib/python3.8/site-packages/airflow/example_dags/example_sla_dag.py
[2022-10-24T23:37:38.196+0200] {logging_mixin.py:120} INFO - [2022-10-24T23:37:38.196+0200] {dag.py:2585} INFO - Sync 1 DAGs
[2022-10-24T23:37:38.221+0200] {logging_mixin.py:120} INFO - [2022-10-24T23:37:38.221+0200] {dag.py:3336} INFO - Setting next_dagrun for example_sla_dag to 2022-10-24T21:34:00+00:00, run_after=2022-10-24T21:36:00+00:00
[2022-10-24T23:37:38.256+0200] {processor.py:176} INFO - Processing /home/batata/PycharmProjects/Restitution_python_test_de/test_de/lib/python3.8/site-packages/airflow/example_dags/example_sla_dag.py took 0.111 seconds
