[2022-10-24T23:32:21.220+0200] {processor.py:154} INFO - Started process (PID=19027) to work on /home/batata/PycharmProjects/Restitution_python_test_de/test_de/lib/python3.8/site-packages/airflow/example_dags/example_xcom.py
[2022-10-24T23:32:21.221+0200] {processor.py:756} INFO - Processing file /home/batata/PycharmProjects/Restitution_python_test_de/test_de/lib/python3.8/site-packages/airflow/example_dags/example_xcom.py for tasks to queue
[2022-10-24T23:32:21.223+0200] {logging_mixin.py:120} INFO - [2022-10-24T23:32:21.222+0200] {dagbag.py:537} INFO - Filling up the DagBag from /home/batata/PycharmProjects/Restitution_python_test_de/test_de/lib/python3.8/site-packages/airflow/example_dags/example_xcom.py
[2022-10-24T23:32:21.249+0200] {processor.py:766} INFO - DAG(s) dict_keys(['example_xcom']) retrieved from /home/batata/PycharmProjects/Restitution_python_test_de/test_de/lib/python3.8/site-packages/airflow/example_dags/example_xcom.py
[2022-10-24T23:32:21.388+0200] {logging_mixin.py:120} INFO - [2022-10-24T23:32:21.387+0200] {manager.py:507} INFO - Created Permission View: can read on DAG:example_xcom
[2022-10-24T23:32:21.405+0200] {logging_mixin.py:120} INFO - [2022-10-24T23:32:21.405+0200] {manager.py:507} INFO - Created Permission View: can delete on DAG:example_xcom
[2022-10-24T23:32:21.425+0200] {logging_mixin.py:120} INFO - [2022-10-24T23:32:21.425+0200] {manager.py:507} INFO - Created Permission View: can edit on DAG:example_xcom
[2022-10-24T23:32:21.425+0200] {logging_mixin.py:120} INFO - [2022-10-24T23:32:21.425+0200] {dag.py:2585} INFO - Sync 1 DAGs
[2022-10-24T23:32:21.437+0200] {logging_mixin.py:120} INFO - [2022-10-24T23:32:21.437+0200] {dag.py:2606} INFO - Creating ORM DAG for example_xcom
[2022-10-24T23:32:21.448+0200] {logging_mixin.py:120} INFO - [2022-10-24T23:32:21.448+0200] {dag.py:3336} INFO - Setting next_dagrun for example_xcom to 2021-01-01T00:00:00+00:00, run_after=2021-01-01T00:00:00+00:00
[2022-10-24T23:32:21.483+0200] {processor.py:176} INFO - Processing /home/batata/PycharmProjects/Restitution_python_test_de/test_de/lib/python3.8/site-packages/airflow/example_dags/example_xcom.py took 0.268 seconds
[2022-10-24T23:32:28.729+0200] {processor.py:154} INFO - Started process (PID=19112) to work on /home/batata/PycharmProjects/Restitution_python_test_de/test_de/lib/python3.8/site-packages/airflow/example_dags/example_xcom.py
[2022-10-24T23:32:28.730+0200] {processor.py:756} INFO - Processing file /home/batata/PycharmProjects/Restitution_python_test_de/test_de/lib/python3.8/site-packages/airflow/example_dags/example_xcom.py for tasks to queue
[2022-10-24T23:32:28.730+0200] {logging_mixin.py:120} INFO - [2022-10-24T23:32:28.730+0200] {dagbag.py:537} INFO - Filling up the DagBag from /home/batata/PycharmProjects/Restitution_python_test_de/test_de/lib/python3.8/site-packages/airflow/example_dags/example_xcom.py
[2022-10-24T23:32:28.759+0200] {processor.py:766} INFO - DAG(s) dict_keys(['example_xcom']) retrieved from /home/batata/PycharmProjects/Restitution_python_test_de/test_de/lib/python3.8/site-packages/airflow/example_dags/example_xcom.py
[2022-10-24T23:32:28.772+0200] {logging_mixin.py:120} INFO - [2022-10-24T23:32:28.772+0200] {dag.py:2585} INFO - Sync 1 DAGs
[2022-10-24T23:32:28.792+0200] {logging_mixin.py:120} INFO - [2022-10-24T23:32:28.791+0200] {dag.py:3336} INFO - Setting next_dagrun for example_xcom to 2021-01-01T00:00:00+00:00, run_after=2021-01-01T00:00:00+00:00
[2022-10-24T23:32:28.813+0200] {processor.py:176} INFO - Processing /home/batata/PycharmProjects/Restitution_python_test_de/test_de/lib/python3.8/site-packages/airflow/example_dags/example_xcom.py took 0.088 seconds
[2022-10-24T23:33:10.898+0200] {processor.py:154} INFO - Started process (PID=19491) to work on /home/batata/PycharmProjects/Restitution_python_test_de/test_de/lib/python3.8/site-packages/airflow/example_dags/example_xcom.py
[2022-10-24T23:33:10.901+0200] {processor.py:756} INFO - Processing file /home/batata/PycharmProjects/Restitution_python_test_de/test_de/lib/python3.8/site-packages/airflow/example_dags/example_xcom.py for tasks to queue
[2022-10-24T23:33:10.903+0200] {logging_mixin.py:120} INFO - [2022-10-24T23:33:10.903+0200] {dagbag.py:537} INFO - Filling up the DagBag from /home/batata/PycharmProjects/Restitution_python_test_de/test_de/lib/python3.8/site-packages/airflow/example_dags/example_xcom.py
[2022-10-24T23:33:10.930+0200] {processor.py:766} INFO - DAG(s) dict_keys(['example_xcom']) retrieved from /home/batata/PycharmProjects/Restitution_python_test_de/test_de/lib/python3.8/site-packages/airflow/example_dags/example_xcom.py
[2022-10-24T23:33:10.953+0200] {logging_mixin.py:120} INFO - [2022-10-24T23:33:10.952+0200] {dag.py:2585} INFO - Sync 1 DAGs
[2022-10-24T23:33:10.972+0200] {logging_mixin.py:120} INFO - [2022-10-24T23:33:10.971+0200] {dag.py:3336} INFO - Setting next_dagrun for example_xcom to 2021-01-01T00:00:00+00:00, run_after=2021-01-01T00:00:00+00:00
[2022-10-24T23:33:10.995+0200] {processor.py:176} INFO - Processing /home/batata/PycharmProjects/Restitution_python_test_de/test_de/lib/python3.8/site-packages/airflow/example_dags/example_xcom.py took 0.100 seconds
[2022-10-24T23:33:52.350+0200] {processor.py:154} INFO - Started process (PID=19847) to work on /home/batata/PycharmProjects/Restitution_python_test_de/test_de/lib/python3.8/site-packages/airflow/example_dags/example_xcom.py
[2022-10-24T23:33:52.353+0200] {processor.py:756} INFO - Processing file /home/batata/PycharmProjects/Restitution_python_test_de/test_de/lib/python3.8/site-packages/airflow/example_dags/example_xcom.py for tasks to queue
[2022-10-24T23:33:52.355+0200] {logging_mixin.py:120} INFO - [2022-10-24T23:33:52.354+0200] {dagbag.py:537} INFO - Filling up the DagBag from /home/batata/PycharmProjects/Restitution_python_test_de/test_de/lib/python3.8/site-packages/airflow/example_dags/example_xcom.py
[2022-10-24T23:33:52.381+0200] {processor.py:766} INFO - DAG(s) dict_keys(['example_xcom']) retrieved from /home/batata/PycharmProjects/Restitution_python_test_de/test_de/lib/python3.8/site-packages/airflow/example_dags/example_xcom.py
[2022-10-24T23:33:52.407+0200] {logging_mixin.py:120} INFO - [2022-10-24T23:33:52.407+0200] {dag.py:2585} INFO - Sync 1 DAGs
[2022-10-24T23:33:52.427+0200] {logging_mixin.py:120} INFO - [2022-10-24T23:33:52.427+0200] {dag.py:3336} INFO - Setting next_dagrun for example_xcom to 2021-01-01T00:00:00+00:00, run_after=2021-01-01T00:00:00+00:00
[2022-10-24T23:33:52.452+0200] {processor.py:176} INFO - Processing /home/batata/PycharmProjects/Restitution_python_test_de/test_de/lib/python3.8/site-packages/airflow/example_dags/example_xcom.py took 0.105 seconds
[2022-10-24T23:34:33.087+0200] {processor.py:154} INFO - Started process (PID=20208) to work on /home/batata/PycharmProjects/Restitution_python_test_de/test_de/lib/python3.8/site-packages/airflow/example_dags/example_xcom.py
[2022-10-24T23:34:33.090+0200] {processor.py:756} INFO - Processing file /home/batata/PycharmProjects/Restitution_python_test_de/test_de/lib/python3.8/site-packages/airflow/example_dags/example_xcom.py for tasks to queue
[2022-10-24T23:34:33.091+0200] {logging_mixin.py:120} INFO - [2022-10-24T23:34:33.091+0200] {dagbag.py:537} INFO - Filling up the DagBag from /home/batata/PycharmProjects/Restitution_python_test_de/test_de/lib/python3.8/site-packages/airflow/example_dags/example_xcom.py
[2022-10-24T23:34:33.117+0200] {processor.py:766} INFO - DAG(s) dict_keys(['example_xcom']) retrieved from /home/batata/PycharmProjects/Restitution_python_test_de/test_de/lib/python3.8/site-packages/airflow/example_dags/example_xcom.py
[2022-10-24T23:34:33.139+0200] {logging_mixin.py:120} INFO - [2022-10-24T23:34:33.139+0200] {dag.py:2585} INFO - Sync 1 DAGs
[2022-10-24T23:34:33.157+0200] {logging_mixin.py:120} INFO - [2022-10-24T23:34:33.157+0200] {dag.py:3336} INFO - Setting next_dagrun for example_xcom to 2021-01-01T00:00:00+00:00, run_after=2021-01-01T00:00:00+00:00
[2022-10-24T23:34:33.181+0200] {processor.py:176} INFO - Processing /home/batata/PycharmProjects/Restitution_python_test_de/test_de/lib/python3.8/site-packages/airflow/example_dags/example_xcom.py took 0.097 seconds
[2022-10-24T23:35:13.258+0200] {processor.py:154} INFO - Started process (PID=20372) to work on /home/batata/PycharmProjects/Restitution_python_test_de/test_de/lib/python3.8/site-packages/airflow/example_dags/example_xcom.py
[2022-10-24T23:35:13.261+0200] {processor.py:756} INFO - Processing file /home/batata/PycharmProjects/Restitution_python_test_de/test_de/lib/python3.8/site-packages/airflow/example_dags/example_xcom.py for tasks to queue
[2022-10-24T23:35:13.264+0200] {logging_mixin.py:120} INFO - [2022-10-24T23:35:13.264+0200] {dagbag.py:537} INFO - Filling up the DagBag from /home/batata/PycharmProjects/Restitution_python_test_de/test_de/lib/python3.8/site-packages/airflow/example_dags/example_xcom.py
[2022-10-24T23:35:13.318+0200] {processor.py:766} INFO - DAG(s) dict_keys(['example_xcom']) retrieved from /home/batata/PycharmProjects/Restitution_python_test_de/test_de/lib/python3.8/site-packages/airflow/example_dags/example_xcom.py
[2022-10-24T23:35:13.493+0200] {logging_mixin.py:120} INFO - [2022-10-24T23:35:13.492+0200] {dag.py:2585} INFO - Sync 1 DAGs
[2022-10-24T23:35:13.607+0200] {logging_mixin.py:120} INFO - [2022-10-24T23:35:13.605+0200] {dag.py:3336} INFO - Setting next_dagrun for example_xcom to 2021-01-01T00:00:00+00:00, run_after=2021-01-01T00:00:00+00:00
[2022-10-24T23:35:13.687+0200] {processor.py:176} INFO - Processing /home/batata/PycharmProjects/Restitution_python_test_de/test_de/lib/python3.8/site-packages/airflow/example_dags/example_xcom.py took 0.434 seconds
[2022-10-24T23:36:04.088+0200] {processor.py:154} INFO - Started process (PID=20737) to work on /home/batata/PycharmProjects/Restitution_python_test_de/test_de/lib/python3.8/site-packages/airflow/example_dags/example_xcom.py
[2022-10-24T23:36:04.091+0200] {processor.py:756} INFO - Processing file /home/batata/PycharmProjects/Restitution_python_test_de/test_de/lib/python3.8/site-packages/airflow/example_dags/example_xcom.py for tasks to queue
[2022-10-24T23:36:04.092+0200] {logging_mixin.py:120} INFO - [2022-10-24T23:36:04.092+0200] {dagbag.py:537} INFO - Filling up the DagBag from /home/batata/PycharmProjects/Restitution_python_test_de/test_de/lib/python3.8/site-packages/airflow/example_dags/example_xcom.py
[2022-10-24T23:36:04.121+0200] {processor.py:766} INFO - DAG(s) dict_keys(['example_xcom']) retrieved from /home/batata/PycharmProjects/Restitution_python_test_de/test_de/lib/python3.8/site-packages/airflow/example_dags/example_xcom.py
[2022-10-24T23:36:04.144+0200] {logging_mixin.py:120} INFO - [2022-10-24T23:36:04.144+0200] {dag.py:2585} INFO - Sync 1 DAGs
[2022-10-24T23:36:04.162+0200] {logging_mixin.py:120} INFO - [2022-10-24T23:36:04.161+0200] {dag.py:3336} INFO - Setting next_dagrun for example_xcom to 2021-01-01T00:00:00+00:00, run_after=2021-01-01T00:00:00+00:00
[2022-10-24T23:36:04.192+0200] {processor.py:176} INFO - Processing /home/batata/PycharmProjects/Restitution_python_test_de/test_de/lib/python3.8/site-packages/airflow/example_dags/example_xcom.py took 0.107 seconds
[2022-10-24T23:36:45.954+0200] {processor.py:154} INFO - Started process (PID=21136) to work on /home/batata/PycharmProjects/Restitution_python_test_de/test_de/lib/python3.8/site-packages/airflow/example_dags/example_xcom.py
[2022-10-24T23:36:45.956+0200] {processor.py:756} INFO - Processing file /home/batata/PycharmProjects/Restitution_python_test_de/test_de/lib/python3.8/site-packages/airflow/example_dags/example_xcom.py for tasks to queue
[2022-10-24T23:36:45.957+0200] {logging_mixin.py:120} INFO - [2022-10-24T23:36:45.957+0200] {dagbag.py:537} INFO - Filling up the DagBag from /home/batata/PycharmProjects/Restitution_python_test_de/test_de/lib/python3.8/site-packages/airflow/example_dags/example_xcom.py
[2022-10-24T23:36:45.978+0200] {processor.py:766} INFO - DAG(s) dict_keys(['example_xcom']) retrieved from /home/batata/PycharmProjects/Restitution_python_test_de/test_de/lib/python3.8/site-packages/airflow/example_dags/example_xcom.py
[2022-10-24T23:36:46.000+0200] {logging_mixin.py:120} INFO - [2022-10-24T23:36:46.000+0200] {dag.py:2585} INFO - Sync 1 DAGs
[2022-10-24T23:36:46.020+0200] {logging_mixin.py:120} INFO - [2022-10-24T23:36:46.019+0200] {dag.py:3336} INFO - Setting next_dagrun for example_xcom to 2021-01-01T00:00:00+00:00, run_after=2021-01-01T00:00:00+00:00
[2022-10-24T23:36:46.049+0200] {processor.py:176} INFO - Processing /home/batata/PycharmProjects/Restitution_python_test_de/test_de/lib/python3.8/site-packages/airflow/example_dags/example_xcom.py took 0.098 seconds
[2022-10-24T23:37:24.561+0200] {processor.py:154} INFO - Started process (PID=21311) to work on /home/batata/PycharmProjects/Restitution_python_test_de/test_de/lib/python3.8/site-packages/airflow/example_dags/example_xcom.py
[2022-10-24T23:37:24.563+0200] {processor.py:756} INFO - Processing file /home/batata/PycharmProjects/Restitution_python_test_de/test_de/lib/python3.8/site-packages/airflow/example_dags/example_xcom.py for tasks to queue
[2022-10-24T23:37:24.564+0200] {logging_mixin.py:120} INFO - [2022-10-24T23:37:24.564+0200] {dagbag.py:537} INFO - Filling up the DagBag from /home/batata/PycharmProjects/Restitution_python_test_de/test_de/lib/python3.8/site-packages/airflow/example_dags/example_xcom.py
[2022-10-24T23:37:24.593+0200] {processor.py:766} INFO - DAG(s) dict_keys(['example_xcom']) retrieved from /home/batata/PycharmProjects/Restitution_python_test_de/test_de/lib/python3.8/site-packages/airflow/example_dags/example_xcom.py
[2022-10-24T23:37:24.617+0200] {logging_mixin.py:120} INFO - [2022-10-24T23:37:24.616+0200] {dag.py:2585} INFO - Sync 1 DAGs
[2022-10-24T23:37:24.636+0200] {logging_mixin.py:120} INFO - [2022-10-24T23:37:24.636+0200] {dag.py:3336} INFO - Setting next_dagrun for example_xcom to 2021-01-01T00:00:00+00:00, run_after=2021-01-01T00:00:00+00:00
[2022-10-24T23:37:24.666+0200] {processor.py:176} INFO - Processing /home/batata/PycharmProjects/Restitution_python_test_de/test_de/lib/python3.8/site-packages/airflow/example_dags/example_xcom.py took 0.109 seconds
[2022-10-24T23:38:02.803+0200] {processor.py:154} INFO - Started process (PID=21496) to work on /home/batata/PycharmProjects/Restitution_python_test_de/test_de/lib/python3.8/site-packages/airflow/example_dags/example_xcom.py
[2022-10-24T23:38:02.805+0200] {processor.py:756} INFO - Processing file /home/batata/PycharmProjects/Restitution_python_test_de/test_de/lib/python3.8/site-packages/airflow/example_dags/example_xcom.py for tasks to queue
[2022-10-24T23:38:02.806+0200] {logging_mixin.py:120} INFO - [2022-10-24T23:38:02.806+0200] {dagbag.py:537} INFO - Filling up the DagBag from /home/batata/PycharmProjects/Restitution_python_test_de/test_de/lib/python3.8/site-packages/airflow/example_dags/example_xcom.py
[2022-10-24T23:38:02.830+0200] {processor.py:766} INFO - DAG(s) dict_keys(['example_xcom']) retrieved from /home/batata/PycharmProjects/Restitution_python_test_de/test_de/lib/python3.8/site-packages/airflow/example_dags/example_xcom.py
[2022-10-24T23:38:02.856+0200] {logging_mixin.py:120} INFO - [2022-10-24T23:38:02.856+0200] {dag.py:2585} INFO - Sync 1 DAGs
[2022-10-24T23:38:02.875+0200] {logging_mixin.py:120} INFO - [2022-10-24T23:38:02.875+0200] {dag.py:3336} INFO - Setting next_dagrun for example_xcom to 2021-01-01T00:00:00+00:00, run_after=2021-01-01T00:00:00+00:00
[2022-10-24T23:38:02.909+0200] {processor.py:176} INFO - Processing /home/batata/PycharmProjects/Restitution_python_test_de/test_de/lib/python3.8/site-packages/airflow/example_dags/example_xcom.py took 0.108 seconds
