[2022-10-24T23:33:02.521+0200] {processor.py:154} INFO - Started process (PID=19425) to work on /home/batata/PycharmProjects/Restitution_python_test_de/test_de/lib/python3.8/site-packages/airflow/example_dags/example_branch_operator_decorator.py
[2022-10-24T23:33:02.525+0200] {processor.py:756} INFO - Processing file /home/batata/PycharmProjects/Restitution_python_test_de/test_de/lib/python3.8/site-packages/airflow/example_dags/example_branch_operator_decorator.py for tasks to queue
[2022-10-24T23:33:02.527+0200] {logging_mixin.py:120} INFO - [2022-10-24T23:33:02.527+0200] {dagbag.py:537} INFO - Filling up the DagBag from /home/batata/PycharmProjects/Restitution_python_test_de/test_de/lib/python3.8/site-packages/airflow/example_dags/example_branch_operator_decorator.py
[2022-10-24T23:33:02.583+0200] {processor.py:766} INFO - DAG(s) dict_keys(['example_branch_python_operator_decorator']) retrieved from /home/batata/PycharmProjects/Restitution_python_test_de/test_de/lib/python3.8/site-packages/airflow/example_dags/example_branch_operator_decorator.py
[2022-10-24T23:33:02.872+0200] {logging_mixin.py:120} INFO - [2022-10-24T23:33:02.872+0200] {manager.py:507} INFO - Created Permission View: can read on DAG:example_branch_python_operator_decorator
[2022-10-24T23:33:02.892+0200] {logging_mixin.py:120} INFO - [2022-10-24T23:33:02.891+0200] {manager.py:507} INFO - Created Permission View: can delete on DAG:example_branch_python_operator_decorator
[2022-10-24T23:33:02.907+0200] {logging_mixin.py:120} INFO - [2022-10-24T23:33:02.907+0200] {manager.py:507} INFO - Created Permission View: can edit on DAG:example_branch_python_operator_decorator
[2022-10-24T23:33:02.908+0200] {logging_mixin.py:120} INFO - [2022-10-24T23:33:02.908+0200] {dag.py:2585} INFO - Sync 1 DAGs
[2022-10-24T23:33:02.919+0200] {logging_mixin.py:120} INFO - [2022-10-24T23:33:02.919+0200] {dag.py:2606} INFO - Creating ORM DAG for example_branch_python_operator_decorator
[2022-10-24T23:33:02.939+0200] {logging_mixin.py:120} INFO - [2022-10-24T23:33:02.938+0200] {dag.py:3336} INFO - Setting next_dagrun for example_branch_python_operator_decorator to 2022-10-23T00:00:00+00:00, run_after=2022-10-24T00:00:00+00:00
[2022-10-24T23:33:03.008+0200] {processor.py:176} INFO - Processing /home/batata/PycharmProjects/Restitution_python_test_de/test_de/lib/python3.8/site-packages/airflow/example_dags/example_branch_operator_decorator.py took 0.490 seconds
[2022-10-24T23:33:47.367+0200] {processor.py:154} INFO - Started process (PID=19810) to work on /home/batata/PycharmProjects/Restitution_python_test_de/test_de/lib/python3.8/site-packages/airflow/example_dags/example_branch_operator_decorator.py
[2022-10-24T23:33:47.370+0200] {processor.py:756} INFO - Processing file /home/batata/PycharmProjects/Restitution_python_test_de/test_de/lib/python3.8/site-packages/airflow/example_dags/example_branch_operator_decorator.py for tasks to queue
[2022-10-24T23:33:47.371+0200] {logging_mixin.py:120} INFO - [2022-10-24T23:33:47.371+0200] {dagbag.py:537} INFO - Filling up the DagBag from /home/batata/PycharmProjects/Restitution_python_test_de/test_de/lib/python3.8/site-packages/airflow/example_dags/example_branch_operator_decorator.py
[2022-10-24T23:33:47.400+0200] {processor.py:766} INFO - DAG(s) dict_keys(['example_branch_python_operator_decorator']) retrieved from /home/batata/PycharmProjects/Restitution_python_test_de/test_de/lib/python3.8/site-packages/airflow/example_dags/example_branch_operator_decorator.py
[2022-10-24T23:33:47.429+0200] {logging_mixin.py:120} INFO - [2022-10-24T23:33:47.429+0200] {dag.py:2585} INFO - Sync 1 DAGs
[2022-10-24T23:33:47.450+0200] {logging_mixin.py:120} INFO - [2022-10-24T23:33:47.450+0200] {dag.py:3336} INFO - Setting next_dagrun for example_branch_python_operator_decorator to 2022-10-23T00:00:00+00:00, run_after=2022-10-24T00:00:00+00:00
[2022-10-24T23:33:47.477+0200] {processor.py:176} INFO - Processing /home/batata/PycharmProjects/Restitution_python_test_de/test_de/lib/python3.8/site-packages/airflow/example_dags/example_branch_operator_decorator.py took 0.113 seconds
[2022-10-24T23:34:28.055+0200] {processor.py:154} INFO - Started process (PID=20200) to work on /home/batata/PycharmProjects/Restitution_python_test_de/test_de/lib/python3.8/site-packages/airflow/example_dags/example_branch_operator_decorator.py
[2022-10-24T23:34:28.057+0200] {processor.py:756} INFO - Processing file /home/batata/PycharmProjects/Restitution_python_test_de/test_de/lib/python3.8/site-packages/airflow/example_dags/example_branch_operator_decorator.py for tasks to queue
[2022-10-24T23:34:28.059+0200] {logging_mixin.py:120} INFO - [2022-10-24T23:34:28.058+0200] {dagbag.py:537} INFO - Filling up the DagBag from /home/batata/PycharmProjects/Restitution_python_test_de/test_de/lib/python3.8/site-packages/airflow/example_dags/example_branch_operator_decorator.py
[2022-10-24T23:34:28.083+0200] {processor.py:766} INFO - DAG(s) dict_keys(['example_branch_python_operator_decorator']) retrieved from /home/batata/PycharmProjects/Restitution_python_test_de/test_de/lib/python3.8/site-packages/airflow/example_dags/example_branch_operator_decorator.py
[2022-10-24T23:34:28.108+0200] {logging_mixin.py:120} INFO - [2022-10-24T23:34:28.107+0200] {dag.py:2585} INFO - Sync 1 DAGs
[2022-10-24T23:34:28.129+0200] {logging_mixin.py:120} INFO - [2022-10-24T23:34:28.129+0200] {dag.py:3336} INFO - Setting next_dagrun for example_branch_python_operator_decorator to 2022-10-23T00:00:00+00:00, run_after=2022-10-24T00:00:00+00:00
[2022-10-24T23:34:28.154+0200] {processor.py:176} INFO - Processing /home/batata/PycharmProjects/Restitution_python_test_de/test_de/lib/python3.8/site-packages/airflow/example_dags/example_branch_operator_decorator.py took 0.102 seconds
[2022-10-24T23:35:08.161+0200] {processor.py:154} INFO - Started process (PID=20367) to work on /home/batata/PycharmProjects/Restitution_python_test_de/test_de/lib/python3.8/site-packages/airflow/example_dags/example_branch_operator_decorator.py
[2022-10-24T23:35:08.164+0200] {processor.py:756} INFO - Processing file /home/batata/PycharmProjects/Restitution_python_test_de/test_de/lib/python3.8/site-packages/airflow/example_dags/example_branch_operator_decorator.py for tasks to queue
[2022-10-24T23:35:08.169+0200] {logging_mixin.py:120} INFO - [2022-10-24T23:35:08.168+0200] {dagbag.py:537} INFO - Filling up the DagBag from /home/batata/PycharmProjects/Restitution_python_test_de/test_de/lib/python3.8/site-packages/airflow/example_dags/example_branch_operator_decorator.py
[2022-10-24T23:35:08.206+0200] {processor.py:766} INFO - DAG(s) dict_keys(['example_branch_python_operator_decorator']) retrieved from /home/batata/PycharmProjects/Restitution_python_test_de/test_de/lib/python3.8/site-packages/airflow/example_dags/example_branch_operator_decorator.py
[2022-10-24T23:35:08.243+0200] {logging_mixin.py:120} INFO - [2022-10-24T23:35:08.243+0200] {dag.py:2585} INFO - Sync 1 DAGs
[2022-10-24T23:35:08.276+0200] {logging_mixin.py:120} INFO - [2022-10-24T23:35:08.276+0200] {dag.py:3336} INFO - Setting next_dagrun for example_branch_python_operator_decorator to 2022-10-23T00:00:00+00:00, run_after=2022-10-24T00:00:00+00:00
[2022-10-24T23:35:08.315+0200] {processor.py:176} INFO - Processing /home/batata/PycharmProjects/Restitution_python_test_de/test_de/lib/python3.8/site-packages/airflow/example_dags/example_branch_operator_decorator.py took 0.159 seconds
[2022-10-24T23:35:45.944+0200] {processor.py:154} INFO - Started process (PID=20565) to work on /home/batata/PycharmProjects/Restitution_python_test_de/test_de/lib/python3.8/site-packages/airflow/example_dags/example_branch_operator_decorator.py
[2022-10-24T23:35:45.947+0200] {processor.py:756} INFO - Processing file /home/batata/PycharmProjects/Restitution_python_test_de/test_de/lib/python3.8/site-packages/airflow/example_dags/example_branch_operator_decorator.py for tasks to queue
[2022-10-24T23:35:45.951+0200] {logging_mixin.py:120} INFO - [2022-10-24T23:35:45.950+0200] {dagbag.py:537} INFO - Filling up the DagBag from /home/batata/PycharmProjects/Restitution_python_test_de/test_de/lib/python3.8/site-packages/airflow/example_dags/example_branch_operator_decorator.py
[2022-10-24T23:35:45.986+0200] {processor.py:766} INFO - DAG(s) dict_keys(['example_branch_python_operator_decorator']) retrieved from /home/batata/PycharmProjects/Restitution_python_test_de/test_de/lib/python3.8/site-packages/airflow/example_dags/example_branch_operator_decorator.py
[2022-10-24T23:35:46.020+0200] {logging_mixin.py:120} INFO - [2022-10-24T23:35:46.019+0200] {dag.py:2585} INFO - Sync 1 DAGs
[2022-10-24T23:35:46.052+0200] {logging_mixin.py:120} INFO - [2022-10-24T23:35:46.052+0200] {dag.py:3336} INFO - Setting next_dagrun for example_branch_python_operator_decorator to 2022-10-23T00:00:00+00:00, run_after=2022-10-24T00:00:00+00:00
[2022-10-24T23:35:46.092+0200] {processor.py:176} INFO - Processing /home/batata/PycharmProjects/Restitution_python_test_de/test_de/lib/python3.8/site-packages/airflow/example_dags/example_branch_operator_decorator.py took 0.151 seconds
[2022-10-24T23:36:40.684+0200] {processor.py:154} INFO - Started process (PID=21093) to work on /home/batata/PycharmProjects/Restitution_python_test_de/test_de/lib/python3.8/site-packages/airflow/example_dags/example_branch_operator_decorator.py
[2022-10-24T23:36:40.687+0200] {processor.py:756} INFO - Processing file /home/batata/PycharmProjects/Restitution_python_test_de/test_de/lib/python3.8/site-packages/airflow/example_dags/example_branch_operator_decorator.py for tasks to queue
[2022-10-24T23:36:40.688+0200] {logging_mixin.py:120} INFO - [2022-10-24T23:36:40.687+0200] {dagbag.py:537} INFO - Filling up the DagBag from /home/batata/PycharmProjects/Restitution_python_test_de/test_de/lib/python3.8/site-packages/airflow/example_dags/example_branch_operator_decorator.py
[2022-10-24T23:36:40.716+0200] {processor.py:766} INFO - DAG(s) dict_keys(['example_branch_python_operator_decorator']) retrieved from /home/batata/PycharmProjects/Restitution_python_test_de/test_de/lib/python3.8/site-packages/airflow/example_dags/example_branch_operator_decorator.py
[2022-10-24T23:36:40.738+0200] {logging_mixin.py:120} INFO - [2022-10-24T23:36:40.738+0200] {dag.py:2585} INFO - Sync 1 DAGs
[2022-10-24T23:36:40.760+0200] {logging_mixin.py:120} INFO - [2022-10-24T23:36:40.760+0200] {dag.py:3336} INFO - Setting next_dagrun for example_branch_python_operator_decorator to 2022-10-23T00:00:00+00:00, run_after=2022-10-24T00:00:00+00:00
[2022-10-24T23:36:40.784+0200] {processor.py:176} INFO - Processing /home/batata/PycharmProjects/Restitution_python_test_de/test_de/lib/python3.8/site-packages/airflow/example_dags/example_branch_operator_decorator.py took 0.103 seconds
[2022-10-24T23:37:19.843+0200] {processor.py:154} INFO - Started process (PID=21286) to work on /home/batata/PycharmProjects/Restitution_python_test_de/test_de/lib/python3.8/site-packages/airflow/example_dags/example_branch_operator_decorator.py
[2022-10-24T23:37:19.846+0200] {processor.py:756} INFO - Processing file /home/batata/PycharmProjects/Restitution_python_test_de/test_de/lib/python3.8/site-packages/airflow/example_dags/example_branch_operator_decorator.py for tasks to queue
[2022-10-24T23:37:19.847+0200] {logging_mixin.py:120} INFO - [2022-10-24T23:37:19.846+0200] {dagbag.py:537} INFO - Filling up the DagBag from /home/batata/PycharmProjects/Restitution_python_test_de/test_de/lib/python3.8/site-packages/airflow/example_dags/example_branch_operator_decorator.py
[2022-10-24T23:37:19.881+0200] {processor.py:766} INFO - DAG(s) dict_keys(['example_branch_python_operator_decorator']) retrieved from /home/batata/PycharmProjects/Restitution_python_test_de/test_de/lib/python3.8/site-packages/airflow/example_dags/example_branch_operator_decorator.py
[2022-10-24T23:37:19.922+0200] {logging_mixin.py:120} INFO - [2022-10-24T23:37:19.921+0200] {dag.py:2585} INFO - Sync 1 DAGs
[2022-10-24T23:37:19.953+0200] {logging_mixin.py:120} INFO - [2022-10-24T23:37:19.953+0200] {dag.py:3336} INFO - Setting next_dagrun for example_branch_python_operator_decorator to 2022-10-23T00:00:00+00:00, run_after=2022-10-24T00:00:00+00:00
[2022-10-24T23:37:19.990+0200] {processor.py:176} INFO - Processing /home/batata/PycharmProjects/Restitution_python_test_de/test_de/lib/python3.8/site-packages/airflow/example_dags/example_branch_operator_decorator.py took 0.149 seconds
[2022-10-24T23:37:57.803+0200] {processor.py:154} INFO - Started process (PID=21473) to work on /home/batata/PycharmProjects/Restitution_python_test_de/test_de/lib/python3.8/site-packages/airflow/example_dags/example_branch_operator_decorator.py
[2022-10-24T23:37:57.805+0200] {processor.py:756} INFO - Processing file /home/batata/PycharmProjects/Restitution_python_test_de/test_de/lib/python3.8/site-packages/airflow/example_dags/example_branch_operator_decorator.py for tasks to queue
[2022-10-24T23:37:57.806+0200] {logging_mixin.py:120} INFO - [2022-10-24T23:37:57.806+0200] {dagbag.py:537} INFO - Filling up the DagBag from /home/batata/PycharmProjects/Restitution_python_test_de/test_de/lib/python3.8/site-packages/airflow/example_dags/example_branch_operator_decorator.py
[2022-10-24T23:37:57.834+0200] {processor.py:766} INFO - DAG(s) dict_keys(['example_branch_python_operator_decorator']) retrieved from /home/batata/PycharmProjects/Restitution_python_test_de/test_de/lib/python3.8/site-packages/airflow/example_dags/example_branch_operator_decorator.py
[2022-10-24T23:37:57.858+0200] {logging_mixin.py:120} INFO - [2022-10-24T23:37:57.858+0200] {dag.py:2585} INFO - Sync 1 DAGs
[2022-10-24T23:37:57.884+0200] {logging_mixin.py:120} INFO - [2022-10-24T23:37:57.884+0200] {dag.py:3336} INFO - Setting next_dagrun for example_branch_python_operator_decorator to 2022-10-23T00:00:00+00:00, run_after=2022-10-24T00:00:00+00:00
[2022-10-24T23:37:57.909+0200] {processor.py:176} INFO - Processing /home/batata/PycharmProjects/Restitution_python_test_de/test_de/lib/python3.8/site-packages/airflow/example_dags/example_branch_operator_decorator.py took 0.110 seconds
