[2022-10-24T23:32:59.120+0200] {processor.py:154} INFO - Started process (PID=19372) to work on /home/batata/PycharmProjects/Restitution_python_test_de/test_de/lib/python3.8/site-packages/airflow/example_dags/example_bash_operator.py
[2022-10-24T23:32:59.121+0200] {processor.py:756} INFO - Processing file /home/batata/PycharmProjects/Restitution_python_test_de/test_de/lib/python3.8/site-packages/airflow/example_dags/example_bash_operator.py for tasks to queue
[2022-10-24T23:32:59.124+0200] {logging_mixin.py:120} INFO - [2022-10-24T23:32:59.124+0200] {dagbag.py:537} INFO - Filling up the DagBag from /home/batata/PycharmProjects/Restitution_python_test_de/test_de/lib/python3.8/site-packages/airflow/example_dags/example_bash_operator.py
[2022-10-24T23:32:59.168+0200] {processor.py:766} INFO - DAG(s) dict_keys(['example_bash_operator']) retrieved from /home/batata/PycharmProjects/Restitution_python_test_de/test_de/lib/python3.8/site-packages/airflow/example_dags/example_bash_operator.py
[2022-10-24T23:32:59.387+0200] {logging_mixin.py:120} INFO - [2022-10-24T23:32:59.387+0200] {manager.py:507} INFO - Created Permission View: can read on DAG:example_bash_operator
[2022-10-24T23:32:59.427+0200] {logging_mixin.py:120} INFO - [2022-10-24T23:32:59.427+0200] {manager.py:507} INFO - Created Permission View: can delete on DAG:example_bash_operator
[2022-10-24T23:32:59.470+0200] {logging_mixin.py:120} INFO - [2022-10-24T23:32:59.469+0200] {manager.py:507} INFO - Created Permission View: can edit on DAG:example_bash_operator
[2022-10-24T23:32:59.471+0200] {logging_mixin.py:120} INFO - [2022-10-24T23:32:59.471+0200] {dag.py:2585} INFO - Sync 1 DAGs
[2022-10-24T23:32:59.501+0200] {logging_mixin.py:120} INFO - [2022-10-24T23:32:59.501+0200] {dag.py:2606} INFO - Creating ORM DAG for example_bash_operator
[2022-10-24T23:32:59.522+0200] {logging_mixin.py:120} INFO - [2022-10-24T23:32:59.521+0200] {dag.py:3336} INFO - Setting next_dagrun for example_bash_operator to 2022-10-23T00:00:00+00:00, run_after=2022-10-24T00:00:00+00:00
[2022-10-24T23:32:59.652+0200] {processor.py:176} INFO - Processing /home/batata/PycharmProjects/Restitution_python_test_de/test_de/lib/python3.8/site-packages/airflow/example_dags/example_bash_operator.py took 0.536 seconds
[2022-10-24T23:33:44.830+0200] {processor.py:154} INFO - Started process (PID=19791) to work on /home/batata/PycharmProjects/Restitution_python_test_de/test_de/lib/python3.8/site-packages/airflow/example_dags/example_bash_operator.py
[2022-10-24T23:33:44.833+0200] {processor.py:756} INFO - Processing file /home/batata/PycharmProjects/Restitution_python_test_de/test_de/lib/python3.8/site-packages/airflow/example_dags/example_bash_operator.py for tasks to queue
[2022-10-24T23:33:44.835+0200] {logging_mixin.py:120} INFO - [2022-10-24T23:33:44.835+0200] {dagbag.py:537} INFO - Filling up the DagBag from /home/batata/PycharmProjects/Restitution_python_test_de/test_de/lib/python3.8/site-packages/airflow/example_dags/example_bash_operator.py
[2022-10-24T23:33:44.859+0200] {processor.py:766} INFO - DAG(s) dict_keys(['example_bash_operator']) retrieved from /home/batata/PycharmProjects/Restitution_python_test_de/test_de/lib/python3.8/site-packages/airflow/example_dags/example_bash_operator.py
[2022-10-24T23:33:44.891+0200] {logging_mixin.py:120} INFO - [2022-10-24T23:33:44.891+0200] {dag.py:2585} INFO - Sync 1 DAGs
[2022-10-24T23:33:44.918+0200] {logging_mixin.py:120} INFO - [2022-10-24T23:33:44.918+0200] {dag.py:3336} INFO - Setting next_dagrun for example_bash_operator to 2022-10-23T00:00:00+00:00, run_after=2022-10-24T00:00:00+00:00
[2022-10-24T23:33:44.951+0200] {processor.py:176} INFO - Processing /home/batata/PycharmProjects/Restitution_python_test_de/test_de/lib/python3.8/site-packages/airflow/example_dags/example_bash_operator.py took 0.124 seconds
[2022-10-24T23:34:25.707+0200] {processor.py:154} INFO - Started process (PID=20161) to work on /home/batata/PycharmProjects/Restitution_python_test_de/test_de/lib/python3.8/site-packages/airflow/example_dags/example_bash_operator.py
[2022-10-24T23:34:25.710+0200] {processor.py:756} INFO - Processing file /home/batata/PycharmProjects/Restitution_python_test_de/test_de/lib/python3.8/site-packages/airflow/example_dags/example_bash_operator.py for tasks to queue
[2022-10-24T23:34:25.712+0200] {logging_mixin.py:120} INFO - [2022-10-24T23:34:25.712+0200] {dagbag.py:537} INFO - Filling up the DagBag from /home/batata/PycharmProjects/Restitution_python_test_de/test_de/lib/python3.8/site-packages/airflow/example_dags/example_bash_operator.py
[2022-10-24T23:34:25.748+0200] {processor.py:766} INFO - DAG(s) dict_keys(['example_bash_operator']) retrieved from /home/batata/PycharmProjects/Restitution_python_test_de/test_de/lib/python3.8/site-packages/airflow/example_dags/example_bash_operator.py
[2022-10-24T23:34:25.800+0200] {logging_mixin.py:120} INFO - [2022-10-24T23:34:25.800+0200] {dag.py:2585} INFO - Sync 1 DAGs
[2022-10-24T23:34:25.835+0200] {logging_mixin.py:120} INFO - [2022-10-24T23:34:25.835+0200] {dag.py:3336} INFO - Setting next_dagrun for example_bash_operator to 2022-10-23T00:00:00+00:00, run_after=2022-10-24T00:00:00+00:00
[2022-10-24T23:34:25.871+0200] {processor.py:176} INFO - Processing /home/batata/PycharmProjects/Restitution_python_test_de/test_de/lib/python3.8/site-packages/airflow/example_dags/example_bash_operator.py took 0.169 seconds
[2022-10-24T23:35:05.594+0200] {processor.py:154} INFO - Started process (PID=20343) to work on /home/batata/PycharmProjects/Restitution_python_test_de/test_de/lib/python3.8/site-packages/airflow/example_dags/example_bash_operator.py
[2022-10-24T23:35:05.596+0200] {processor.py:756} INFO - Processing file /home/batata/PycharmProjects/Restitution_python_test_de/test_de/lib/python3.8/site-packages/airflow/example_dags/example_bash_operator.py for tasks to queue
[2022-10-24T23:35:05.598+0200] {logging_mixin.py:120} INFO - [2022-10-24T23:35:05.598+0200] {dagbag.py:537} INFO - Filling up the DagBag from /home/batata/PycharmProjects/Restitution_python_test_de/test_de/lib/python3.8/site-packages/airflow/example_dags/example_bash_operator.py
[2022-10-24T23:35:05.622+0200] {processor.py:766} INFO - DAG(s) dict_keys(['example_bash_operator']) retrieved from /home/batata/PycharmProjects/Restitution_python_test_de/test_de/lib/python3.8/site-packages/airflow/example_dags/example_bash_operator.py
[2022-10-24T23:35:05.651+0200] {logging_mixin.py:120} INFO - [2022-10-24T23:35:05.651+0200] {dag.py:2585} INFO - Sync 1 DAGs
[2022-10-24T23:35:05.671+0200] {logging_mixin.py:120} INFO - [2022-10-24T23:35:05.670+0200] {dag.py:3336} INFO - Setting next_dagrun for example_bash_operator to 2022-10-23T00:00:00+00:00, run_after=2022-10-24T00:00:00+00:00
[2022-10-24T23:35:05.700+0200] {processor.py:176} INFO - Processing /home/batata/PycharmProjects/Restitution_python_test_de/test_de/lib/python3.8/site-packages/airflow/example_dags/example_bash_operator.py took 0.110 seconds
[2022-10-24T23:35:44.468+0200] {processor.py:154} INFO - Started process (PID=20562) to work on /home/batata/PycharmProjects/Restitution_python_test_de/test_de/lib/python3.8/site-packages/airflow/example_dags/example_bash_operator.py
[2022-10-24T23:35:44.471+0200] {processor.py:756} INFO - Processing file /home/batata/PycharmProjects/Restitution_python_test_de/test_de/lib/python3.8/site-packages/airflow/example_dags/example_bash_operator.py for tasks to queue
[2022-10-24T23:35:44.472+0200] {logging_mixin.py:120} INFO - [2022-10-24T23:35:44.472+0200] {dagbag.py:537} INFO - Filling up the DagBag from /home/batata/PycharmProjects/Restitution_python_test_de/test_de/lib/python3.8/site-packages/airflow/example_dags/example_bash_operator.py
[2022-10-24T23:35:44.494+0200] {processor.py:766} INFO - DAG(s) dict_keys(['example_bash_operator']) retrieved from /home/batata/PycharmProjects/Restitution_python_test_de/test_de/lib/python3.8/site-packages/airflow/example_dags/example_bash_operator.py
[2022-10-24T23:35:44.525+0200] {logging_mixin.py:120} INFO - [2022-10-24T23:35:44.525+0200] {dag.py:2585} INFO - Sync 1 DAGs
[2022-10-24T23:35:44.550+0200] {logging_mixin.py:120} INFO - [2022-10-24T23:35:44.549+0200] {dag.py:3336} INFO - Setting next_dagrun for example_bash_operator to 2022-10-23T00:00:00+00:00, run_after=2022-10-24T00:00:00+00:00
[2022-10-24T23:35:44.578+0200] {processor.py:176} INFO - Processing /home/batata/PycharmProjects/Restitution_python_test_de/test_de/lib/python3.8/site-packages/airflow/example_dags/example_bash_operator.py took 0.113 seconds
[2022-10-24T23:36:37.866+0200] {processor.py:154} INFO - Started process (PID=21069) to work on /home/batata/PycharmProjects/Restitution_python_test_de/test_de/lib/python3.8/site-packages/airflow/example_dags/example_bash_operator.py
[2022-10-24T23:36:37.868+0200] {processor.py:756} INFO - Processing file /home/batata/PycharmProjects/Restitution_python_test_de/test_de/lib/python3.8/site-packages/airflow/example_dags/example_bash_operator.py for tasks to queue
[2022-10-24T23:36:37.869+0200] {logging_mixin.py:120} INFO - [2022-10-24T23:36:37.869+0200] {dagbag.py:537} INFO - Filling up the DagBag from /home/batata/PycharmProjects/Restitution_python_test_de/test_de/lib/python3.8/site-packages/airflow/example_dags/example_bash_operator.py
[2022-10-24T23:36:37.895+0200] {processor.py:766} INFO - DAG(s) dict_keys(['example_bash_operator']) retrieved from /home/batata/PycharmProjects/Restitution_python_test_de/test_de/lib/python3.8/site-packages/airflow/example_dags/example_bash_operator.py
[2022-10-24T23:36:37.957+0200] {logging_mixin.py:120} INFO - [2022-10-24T23:36:37.956+0200] {dag.py:2585} INFO - Sync 1 DAGs
[2022-10-24T23:36:38.013+0200] {logging_mixin.py:120} INFO - [2022-10-24T23:36:38.012+0200] {dag.py:3336} INFO - Setting next_dagrun for example_bash_operator to 2022-10-23T00:00:00+00:00, run_after=2022-10-24T00:00:00+00:00
[2022-10-24T23:36:38.340+0200] {processor.py:176} INFO - Processing /home/batata/PycharmProjects/Restitution_python_test_de/test_de/lib/python3.8/site-packages/airflow/example_dags/example_bash_operator.py took 0.476 seconds
[2022-10-24T23:37:17.317+0200] {processor.py:154} INFO - Started process (PID=21283) to work on /home/batata/PycharmProjects/Restitution_python_test_de/test_de/lib/python3.8/site-packages/airflow/example_dags/example_bash_operator.py
[2022-10-24T23:37:17.320+0200] {processor.py:756} INFO - Processing file /home/batata/PycharmProjects/Restitution_python_test_de/test_de/lib/python3.8/site-packages/airflow/example_dags/example_bash_operator.py for tasks to queue
[2022-10-24T23:37:17.321+0200] {logging_mixin.py:120} INFO - [2022-10-24T23:37:17.320+0200] {dagbag.py:537} INFO - Filling up the DagBag from /home/batata/PycharmProjects/Restitution_python_test_de/test_de/lib/python3.8/site-packages/airflow/example_dags/example_bash_operator.py
[2022-10-24T23:37:17.345+0200] {processor.py:766} INFO - DAG(s) dict_keys(['example_bash_operator']) retrieved from /home/batata/PycharmProjects/Restitution_python_test_de/test_de/lib/python3.8/site-packages/airflow/example_dags/example_bash_operator.py
[2022-10-24T23:37:17.374+0200] {logging_mixin.py:120} INFO - [2022-10-24T23:37:17.374+0200] {dag.py:2585} INFO - Sync 1 DAGs
[2022-10-24T23:37:17.404+0200] {logging_mixin.py:120} INFO - [2022-10-24T23:37:17.404+0200] {dag.py:3336} INFO - Setting next_dagrun for example_bash_operator to 2022-10-23T00:00:00+00:00, run_after=2022-10-24T00:00:00+00:00
[2022-10-24T23:37:17.439+0200] {processor.py:176} INFO - Processing /home/batata/PycharmProjects/Restitution_python_test_de/test_de/lib/python3.8/site-packages/airflow/example_dags/example_bash_operator.py took 0.126 seconds
[2022-10-24T23:37:55.317+0200] {processor.py:154} INFO - Started process (PID=21471) to work on /home/batata/PycharmProjects/Restitution_python_test_de/test_de/lib/python3.8/site-packages/airflow/example_dags/example_bash_operator.py
[2022-10-24T23:37:55.320+0200] {processor.py:756} INFO - Processing file /home/batata/PycharmProjects/Restitution_python_test_de/test_de/lib/python3.8/site-packages/airflow/example_dags/example_bash_operator.py for tasks to queue
[2022-10-24T23:37:55.320+0200] {logging_mixin.py:120} INFO - [2022-10-24T23:37:55.320+0200] {dagbag.py:537} INFO - Filling up the DagBag from /home/batata/PycharmProjects/Restitution_python_test_de/test_de/lib/python3.8/site-packages/airflow/example_dags/example_bash_operator.py
[2022-10-24T23:37:55.341+0200] {processor.py:766} INFO - DAG(s) dict_keys(['example_bash_operator']) retrieved from /home/batata/PycharmProjects/Restitution_python_test_de/test_de/lib/python3.8/site-packages/airflow/example_dags/example_bash_operator.py
[2022-10-24T23:37:55.377+0200] {logging_mixin.py:120} INFO - [2022-10-24T23:37:55.376+0200] {dag.py:2585} INFO - Sync 1 DAGs
[2022-10-24T23:37:55.399+0200] {logging_mixin.py:120} INFO - [2022-10-24T23:37:55.399+0200] {dag.py:3336} INFO - Setting next_dagrun for example_bash_operator to 2022-10-23T00:00:00+00:00, run_after=2022-10-24T00:00:00+00:00
[2022-10-24T23:37:55.430+0200] {processor.py:176} INFO - Processing /home/batata/PycharmProjects/Restitution_python_test_de/test_de/lib/python3.8/site-packages/airflow/example_dags/example_bash_operator.py took 0.116 seconds
