[2022-10-24T23:32:37.997+0200] {processor.py:154} INFO - Started process (PID=19200) to work on /home/batata/PycharmProjects/Restitution_python_test_de/test_de/lib/python3.8/site-packages/airflow/example_dags/example_short_circuit_decorator.py
[2022-10-24T23:32:37.999+0200] {processor.py:756} INFO - Processing file /home/batata/PycharmProjects/Restitution_python_test_de/test_de/lib/python3.8/site-packages/airflow/example_dags/example_short_circuit_decorator.py for tasks to queue
[2022-10-24T23:32:38.000+0200] {logging_mixin.py:120} INFO - [2022-10-24T23:32:38.000+0200] {dagbag.py:537} INFO - Filling up the DagBag from /home/batata/PycharmProjects/Restitution_python_test_de/test_de/lib/python3.8/site-packages/airflow/example_dags/example_short_circuit_decorator.py
[2022-10-24T23:32:38.035+0200] {processor.py:766} INFO - DAG(s) dict_keys(['example_short_circuit_decorator']) retrieved from /home/batata/PycharmProjects/Restitution_python_test_de/test_de/lib/python3.8/site-packages/airflow/example_dags/example_short_circuit_decorator.py
[2022-10-24T23:32:38.146+0200] {logging_mixin.py:120} INFO - [2022-10-24T23:32:38.146+0200] {manager.py:507} INFO - Created Permission View: can read on DAG:example_short_circuit_decorator
[2022-10-24T23:32:38.164+0200] {logging_mixin.py:120} INFO - [2022-10-24T23:32:38.164+0200] {manager.py:507} INFO - Created Permission View: can delete on DAG:example_short_circuit_decorator
[2022-10-24T23:32:38.177+0200] {logging_mixin.py:120} INFO - [2022-10-24T23:32:38.177+0200] {manager.py:507} INFO - Created Permission View: can edit on DAG:example_short_circuit_decorator
[2022-10-24T23:32:38.178+0200] {logging_mixin.py:120} INFO - [2022-10-24T23:32:38.178+0200] {dag.py:2585} INFO - Sync 1 DAGs
[2022-10-24T23:32:38.189+0200] {logging_mixin.py:120} INFO - [2022-10-24T23:32:38.188+0200] {dag.py:2606} INFO - Creating ORM DAG for example_short_circuit_decorator
[2022-10-24T23:32:38.197+0200] {logging_mixin.py:120} INFO - [2022-10-24T23:32:38.197+0200] {dag.py:3336} INFO - Setting next_dagrun for example_short_circuit_decorator to 2022-10-23T21:32:38.196938+00:00, run_after=2022-10-24T21:32:38.196938+00:00
[2022-10-24T23:32:38.219+0200] {processor.py:176} INFO - Processing /home/batata/PycharmProjects/Restitution_python_test_de/test_de/lib/python3.8/site-packages/airflow/example_dags/example_short_circuit_decorator.py took 0.229 seconds
[2022-10-24T23:32:42.787+0200] {processor.py:154} INFO - Started process (PID=19228) to work on /home/batata/PycharmProjects/Restitution_python_test_de/test_de/lib/python3.8/site-packages/airflow/example_dags/example_short_circuit_decorator.py
[2022-10-24T23:32:42.789+0200] {processor.py:756} INFO - Processing file /home/batata/PycharmProjects/Restitution_python_test_de/test_de/lib/python3.8/site-packages/airflow/example_dags/example_short_circuit_decorator.py for tasks to queue
[2022-10-24T23:32:42.791+0200] {logging_mixin.py:120} INFO - [2022-10-24T23:32:42.790+0200] {dagbag.py:537} INFO - Filling up the DagBag from /home/batata/PycharmProjects/Restitution_python_test_de/test_de/lib/python3.8/site-packages/airflow/example_dags/example_short_circuit_decorator.py
[2022-10-24T23:32:42.827+0200] {processor.py:766} INFO - DAG(s) dict_keys(['example_short_circuit_decorator']) retrieved from /home/batata/PycharmProjects/Restitution_python_test_de/test_de/lib/python3.8/site-packages/airflow/example_dags/example_short_circuit_decorator.py
[2022-10-24T23:32:42.840+0200] {logging_mixin.py:120} INFO - [2022-10-24T23:32:42.839+0200] {dag.py:2585} INFO - Sync 1 DAGs
[2022-10-24T23:32:42.861+0200] {logging_mixin.py:120} INFO - [2022-10-24T23:32:42.861+0200] {dag.py:3336} INFO - Setting next_dagrun for example_short_circuit_decorator to 2022-10-23T21:32:42.860830+00:00, run_after=2022-10-24T21:32:42.860830+00:00
[2022-10-24T23:32:42.886+0200] {processor.py:176} INFO - Processing /home/batata/PycharmProjects/Restitution_python_test_de/test_de/lib/python3.8/site-packages/airflow/example_dags/example_short_circuit_decorator.py took 0.105 seconds
[2022-10-24T23:33:24.315+0200] {processor.py:154} INFO - Started process (PID=19623) to work on /home/batata/PycharmProjects/Restitution_python_test_de/test_de/lib/python3.8/site-packages/airflow/example_dags/example_short_circuit_decorator.py
[2022-10-24T23:33:24.319+0200] {processor.py:756} INFO - Processing file /home/batata/PycharmProjects/Restitution_python_test_de/test_de/lib/python3.8/site-packages/airflow/example_dags/example_short_circuit_decorator.py for tasks to queue
[2022-10-24T23:33:24.324+0200] {logging_mixin.py:120} INFO - [2022-10-24T23:33:24.321+0200] {dagbag.py:537} INFO - Filling up the DagBag from /home/batata/PycharmProjects/Restitution_python_test_de/test_de/lib/python3.8/site-packages/airflow/example_dags/example_short_circuit_decorator.py
[2022-10-24T23:33:24.465+0200] {processor.py:766} INFO - DAG(s) dict_keys(['example_short_circuit_decorator']) retrieved from /home/batata/PycharmProjects/Restitution_python_test_de/test_de/lib/python3.8/site-packages/airflow/example_dags/example_short_circuit_decorator.py
[2022-10-24T23:33:24.566+0200] {logging_mixin.py:120} INFO - [2022-10-24T23:33:24.564+0200] {dag.py:2585} INFO - Sync 1 DAGs
[2022-10-24T23:33:24.633+0200] {logging_mixin.py:120} INFO - [2022-10-24T23:33:24.632+0200] {dag.py:3336} INFO - Setting next_dagrun for example_short_circuit_decorator to 2022-10-23T21:33:24.632583+00:00, run_after=2022-10-24T21:33:24.632583+00:00
[2022-10-24T23:33:24.769+0200] {processor.py:176} INFO - Processing /home/batata/PycharmProjects/Restitution_python_test_de/test_de/lib/python3.8/site-packages/airflow/example_dags/example_short_circuit_decorator.py took 0.458 seconds
[2022-10-24T23:34:07.619+0200] {processor.py:154} INFO - Started process (PID=19968) to work on /home/batata/PycharmProjects/Restitution_python_test_de/test_de/lib/python3.8/site-packages/airflow/example_dags/example_short_circuit_decorator.py
[2022-10-24T23:34:07.621+0200] {processor.py:756} INFO - Processing file /home/batata/PycharmProjects/Restitution_python_test_de/test_de/lib/python3.8/site-packages/airflow/example_dags/example_short_circuit_decorator.py for tasks to queue
[2022-10-24T23:34:07.623+0200] {logging_mixin.py:120} INFO - [2022-10-24T23:34:07.622+0200] {dagbag.py:537} INFO - Filling up the DagBag from /home/batata/PycharmProjects/Restitution_python_test_de/test_de/lib/python3.8/site-packages/airflow/example_dags/example_short_circuit_decorator.py
[2022-10-24T23:34:07.647+0200] {processor.py:766} INFO - DAG(s) dict_keys(['example_short_circuit_decorator']) retrieved from /home/batata/PycharmProjects/Restitution_python_test_de/test_de/lib/python3.8/site-packages/airflow/example_dags/example_short_circuit_decorator.py
[2022-10-24T23:34:07.672+0200] {logging_mixin.py:120} INFO - [2022-10-24T23:34:07.672+0200] {dag.py:2585} INFO - Sync 1 DAGs
[2022-10-24T23:34:07.691+0200] {logging_mixin.py:120} INFO - [2022-10-24T23:34:07.691+0200] {dag.py:3336} INFO - Setting next_dagrun for example_short_circuit_decorator to 2022-10-23T21:34:07.691347+00:00, run_after=2022-10-24T21:34:07.691347+00:00
[2022-10-24T23:34:07.721+0200] {processor.py:176} INFO - Processing /home/batata/PycharmProjects/Restitution_python_test_de/test_de/lib/python3.8/site-packages/airflow/example_dags/example_short_circuit_decorator.py took 0.105 seconds
[2022-10-24T23:34:47.422+0200] {processor.py:154} INFO - Started process (PID=20261) to work on /home/batata/PycharmProjects/Restitution_python_test_de/test_de/lib/python3.8/site-packages/airflow/example_dags/example_short_circuit_decorator.py
[2022-10-24T23:34:47.425+0200] {processor.py:756} INFO - Processing file /home/batata/PycharmProjects/Restitution_python_test_de/test_de/lib/python3.8/site-packages/airflow/example_dags/example_short_circuit_decorator.py for tasks to queue
[2022-10-24T23:34:47.426+0200] {logging_mixin.py:120} INFO - [2022-10-24T23:34:47.426+0200] {dagbag.py:537} INFO - Filling up the DagBag from /home/batata/PycharmProjects/Restitution_python_test_de/test_de/lib/python3.8/site-packages/airflow/example_dags/example_short_circuit_decorator.py
[2022-10-24T23:34:47.455+0200] {processor.py:766} INFO - DAG(s) dict_keys(['example_short_circuit_decorator']) retrieved from /home/batata/PycharmProjects/Restitution_python_test_de/test_de/lib/python3.8/site-packages/airflow/example_dags/example_short_circuit_decorator.py
[2022-10-24T23:34:47.480+0200] {logging_mixin.py:120} INFO - [2022-10-24T23:34:47.480+0200] {dag.py:2585} INFO - Sync 1 DAGs
[2022-10-24T23:34:47.500+0200] {logging_mixin.py:120} INFO - [2022-10-24T23:34:47.499+0200] {dag.py:3336} INFO - Setting next_dagrun for example_short_circuit_decorator to 2022-10-23T21:34:47.499599+00:00, run_after=2022-10-24T21:34:47.499599+00:00
[2022-10-24T23:34:47.533+0200] {processor.py:176} INFO - Processing /home/batata/PycharmProjects/Restitution_python_test_de/test_de/lib/python3.8/site-packages/airflow/example_dags/example_short_circuit_decorator.py took 0.114 seconds
[2022-10-24T23:35:27.496+0200] {processor.py:154} INFO - Started process (PID=20497) to work on /home/batata/PycharmProjects/Restitution_python_test_de/test_de/lib/python3.8/site-packages/airflow/example_dags/example_short_circuit_decorator.py
[2022-10-24T23:35:27.499+0200] {processor.py:756} INFO - Processing file /home/batata/PycharmProjects/Restitution_python_test_de/test_de/lib/python3.8/site-packages/airflow/example_dags/example_short_circuit_decorator.py for tasks to queue
[2022-10-24T23:35:27.501+0200] {logging_mixin.py:120} INFO - [2022-10-24T23:35:27.501+0200] {dagbag.py:537} INFO - Filling up the DagBag from /home/batata/PycharmProjects/Restitution_python_test_de/test_de/lib/python3.8/site-packages/airflow/example_dags/example_short_circuit_decorator.py
[2022-10-24T23:35:27.527+0200] {processor.py:766} INFO - DAG(s) dict_keys(['example_short_circuit_decorator']) retrieved from /home/batata/PycharmProjects/Restitution_python_test_de/test_de/lib/python3.8/site-packages/airflow/example_dags/example_short_circuit_decorator.py
[2022-10-24T23:35:27.554+0200] {logging_mixin.py:120} INFO - [2022-10-24T23:35:27.554+0200] {dag.py:2585} INFO - Sync 1 DAGs
[2022-10-24T23:35:27.581+0200] {logging_mixin.py:120} INFO - [2022-10-24T23:35:27.581+0200] {dag.py:3336} INFO - Setting next_dagrun for example_short_circuit_decorator to 2022-10-23T21:35:27.580936+00:00, run_after=2022-10-24T21:35:27.580936+00:00
[2022-10-24T23:35:27.612+0200] {processor.py:176} INFO - Processing /home/batata/PycharmProjects/Restitution_python_test_de/test_de/lib/python3.8/site-packages/airflow/example_dags/example_short_circuit_decorator.py took 0.119 seconds
[2022-10-24T23:36:22.327+0200] {processor.py:154} INFO - Started process (PID=20943) to work on /home/batata/PycharmProjects/Restitution_python_test_de/test_de/lib/python3.8/site-packages/airflow/example_dags/example_short_circuit_decorator.py
[2022-10-24T23:36:22.330+0200] {processor.py:756} INFO - Processing file /home/batata/PycharmProjects/Restitution_python_test_de/test_de/lib/python3.8/site-packages/airflow/example_dags/example_short_circuit_decorator.py for tasks to queue
[2022-10-24T23:36:22.331+0200] {logging_mixin.py:120} INFO - [2022-10-24T23:36:22.330+0200] {dagbag.py:537} INFO - Filling up the DagBag from /home/batata/PycharmProjects/Restitution_python_test_de/test_de/lib/python3.8/site-packages/airflow/example_dags/example_short_circuit_decorator.py
[2022-10-24T23:36:22.365+0200] {processor.py:766} INFO - DAG(s) dict_keys(['example_short_circuit_decorator']) retrieved from /home/batata/PycharmProjects/Restitution_python_test_de/test_de/lib/python3.8/site-packages/airflow/example_dags/example_short_circuit_decorator.py
[2022-10-24T23:36:22.387+0200] {logging_mixin.py:120} INFO - [2022-10-24T23:36:22.387+0200] {dag.py:2585} INFO - Sync 1 DAGs
[2022-10-24T23:36:22.405+0200] {logging_mixin.py:120} INFO - [2022-10-24T23:36:22.405+0200] {dag.py:3336} INFO - Setting next_dagrun for example_short_circuit_decorator to 2022-10-23T21:36:22.405186+00:00, run_after=2022-10-24T21:36:22.405186+00:00
[2022-10-24T23:36:22.431+0200] {processor.py:176} INFO - Processing /home/batata/PycharmProjects/Restitution_python_test_de/test_de/lib/python3.8/site-packages/airflow/example_dags/example_short_circuit_decorator.py took 0.109 seconds
[2022-10-24T23:37:00.346+0200] {processor.py:154} INFO - Started process (PID=21214) to work on /home/batata/PycharmProjects/Restitution_python_test_de/test_de/lib/python3.8/site-packages/airflow/example_dags/example_short_circuit_decorator.py
[2022-10-24T23:37:00.349+0200] {processor.py:756} INFO - Processing file /home/batata/PycharmProjects/Restitution_python_test_de/test_de/lib/python3.8/site-packages/airflow/example_dags/example_short_circuit_decorator.py for tasks to queue
[2022-10-24T23:37:00.350+0200] {logging_mixin.py:120} INFO - [2022-10-24T23:37:00.350+0200] {dagbag.py:537} INFO - Filling up the DagBag from /home/batata/PycharmProjects/Restitution_python_test_de/test_de/lib/python3.8/site-packages/airflow/example_dags/example_short_circuit_decorator.py
[2022-10-24T23:37:00.390+0200] {processor.py:766} INFO - DAG(s) dict_keys(['example_short_circuit_decorator']) retrieved from /home/batata/PycharmProjects/Restitution_python_test_de/test_de/lib/python3.8/site-packages/airflow/example_dags/example_short_circuit_decorator.py
[2022-10-24T23:37:00.426+0200] {logging_mixin.py:120} INFO - [2022-10-24T23:37:00.426+0200] {dag.py:2585} INFO - Sync 1 DAGs
[2022-10-24T23:37:00.470+0200] {logging_mixin.py:120} INFO - [2022-10-24T23:37:00.469+0200] {dag.py:3336} INFO - Setting next_dagrun for example_short_circuit_decorator to 2022-10-23T21:37:00.469485+00:00, run_after=2022-10-24T21:37:00.469485+00:00
[2022-10-24T23:37:00.512+0200] {processor.py:176} INFO - Processing /home/batata/PycharmProjects/Restitution_python_test_de/test_de/lib/python3.8/site-packages/airflow/example_dags/example_short_circuit_decorator.py took 0.171 seconds
[2022-10-24T23:37:39.384+0200] {processor.py:154} INFO - Started process (PID=21387) to work on /home/batata/PycharmProjects/Restitution_python_test_de/test_de/lib/python3.8/site-packages/airflow/example_dags/example_short_circuit_decorator.py
[2022-10-24T23:37:39.386+0200] {processor.py:756} INFO - Processing file /home/batata/PycharmProjects/Restitution_python_test_de/test_de/lib/python3.8/site-packages/airflow/example_dags/example_short_circuit_decorator.py for tasks to queue
[2022-10-24T23:37:39.387+0200] {logging_mixin.py:120} INFO - [2022-10-24T23:37:39.387+0200] {dagbag.py:537} INFO - Filling up the DagBag from /home/batata/PycharmProjects/Restitution_python_test_de/test_de/lib/python3.8/site-packages/airflow/example_dags/example_short_circuit_decorator.py
[2022-10-24T23:37:39.411+0200] {processor.py:766} INFO - DAG(s) dict_keys(['example_short_circuit_decorator']) retrieved from /home/batata/PycharmProjects/Restitution_python_test_de/test_de/lib/python3.8/site-packages/airflow/example_dags/example_short_circuit_decorator.py
[2022-10-24T23:37:39.439+0200] {logging_mixin.py:120} INFO - [2022-10-24T23:37:39.439+0200] {dag.py:2585} INFO - Sync 1 DAGs
[2022-10-24T23:37:39.468+0200] {logging_mixin.py:120} INFO - [2022-10-24T23:37:39.468+0200] {dag.py:3336} INFO - Setting next_dagrun for example_short_circuit_decorator to 2022-10-23T21:37:39.468496+00:00, run_after=2022-10-24T21:37:39.468496+00:00
[2022-10-24T23:37:39.498+0200] {processor.py:176} INFO - Processing /home/batata/PycharmProjects/Restitution_python_test_de/test_de/lib/python3.8/site-packages/airflow/example_dags/example_short_circuit_decorator.py took 0.117 seconds
