[2022-10-24T23:32:40.621+0200] {processor.py:154} INFO - Started process (PID=19205) to work on /home/batata/PycharmProjects/Restitution_python_test_de/test_de/lib/python3.8/site-packages/airflow/example_dags/example_skip_dag.py
[2022-10-24T23:32:40.622+0200] {processor.py:756} INFO - Processing file /home/batata/PycharmProjects/Restitution_python_test_de/test_de/lib/python3.8/site-packages/airflow/example_dags/example_skip_dag.py for tasks to queue
[2022-10-24T23:32:40.624+0200] {logging_mixin.py:120} INFO - [2022-10-24T23:32:40.624+0200] {dagbag.py:537} INFO - Filling up the DagBag from /home/batata/PycharmProjects/Restitution_python_test_de/test_de/lib/python3.8/site-packages/airflow/example_dags/example_skip_dag.py
[2022-10-24T23:32:40.639+0200] {processor.py:766} INFO - DAG(s) dict_keys(['example_skip_dag']) retrieved from /home/batata/PycharmProjects/Restitution_python_test_de/test_de/lib/python3.8/site-packages/airflow/example_dags/example_skip_dag.py
[2022-10-24T23:32:40.757+0200] {logging_mixin.py:120} INFO - [2022-10-24T23:32:40.756+0200] {manager.py:507} INFO - Created Permission View: can read on DAG:example_skip_dag
[2022-10-24T23:32:40.769+0200] {logging_mixin.py:120} INFO - [2022-10-24T23:32:40.769+0200] {manager.py:507} INFO - Created Permission View: can delete on DAG:example_skip_dag
[2022-10-24T23:32:40.780+0200] {logging_mixin.py:120} INFO - [2022-10-24T23:32:40.780+0200] {manager.py:507} INFO - Created Permission View: can edit on DAG:example_skip_dag
[2022-10-24T23:32:40.780+0200] {logging_mixin.py:120} INFO - [2022-10-24T23:32:40.780+0200] {dag.py:2585} INFO - Sync 1 DAGs
[2022-10-24T23:32:40.790+0200] {logging_mixin.py:120} INFO - [2022-10-24T23:32:40.790+0200] {dag.py:2606} INFO - Creating ORM DAG for example_skip_dag
[2022-10-24T23:32:40.798+0200] {logging_mixin.py:120} INFO - [2022-10-24T23:32:40.798+0200] {dag.py:3336} INFO - Setting next_dagrun for example_skip_dag to 2022-10-23T21:32:40.798277+00:00, run_after=2022-10-24T21:32:40.798277+00:00
[2022-10-24T23:32:40.828+0200] {processor.py:176} INFO - Processing /home/batata/PycharmProjects/Restitution_python_test_de/test_de/lib/python3.8/site-packages/airflow/example_dags/example_skip_dag.py took 0.210 seconds
[2022-10-24T23:33:28.798+0200] {processor.py:154} INFO - Started process (PID=19674) to work on /home/batata/PycharmProjects/Restitution_python_test_de/test_de/lib/python3.8/site-packages/airflow/example_dags/example_skip_dag.py
[2022-10-24T23:33:28.801+0200] {processor.py:756} INFO - Processing file /home/batata/PycharmProjects/Restitution_python_test_de/test_de/lib/python3.8/site-packages/airflow/example_dags/example_skip_dag.py for tasks to queue
[2022-10-24T23:33:28.805+0200] {logging_mixin.py:120} INFO - [2022-10-24T23:33:28.804+0200] {dagbag.py:537} INFO - Filling up the DagBag from /home/batata/PycharmProjects/Restitution_python_test_de/test_de/lib/python3.8/site-packages/airflow/example_dags/example_skip_dag.py
[2022-10-24T23:33:28.850+0200] {processor.py:766} INFO - DAG(s) dict_keys(['example_skip_dag']) retrieved from /home/batata/PycharmProjects/Restitution_python_test_de/test_de/lib/python3.8/site-packages/airflow/example_dags/example_skip_dag.py
[2022-10-24T23:33:28.920+0200] {logging_mixin.py:120} INFO - [2022-10-24T23:33:28.919+0200] {dag.py:2585} INFO - Sync 1 DAGs
[2022-10-24T23:33:28.955+0200] {logging_mixin.py:120} INFO - [2022-10-24T23:33:28.955+0200] {dag.py:3336} INFO - Setting next_dagrun for example_skip_dag to 2022-10-23T21:33:28.954779+00:00, run_after=2022-10-24T21:33:28.954779+00:00
[2022-10-24T23:33:28.995+0200] {processor.py:176} INFO - Processing /home/batata/PycharmProjects/Restitution_python_test_de/test_de/lib/python3.8/site-packages/airflow/example_dags/example_skip_dag.py took 0.213 seconds
[2022-10-24T23:34:11.526+0200] {processor.py:154} INFO - Started process (PID=20044) to work on /home/batata/PycharmProjects/Restitution_python_test_de/test_de/lib/python3.8/site-packages/airflow/example_dags/example_skip_dag.py
[2022-10-24T23:34:11.528+0200] {processor.py:756} INFO - Processing file /home/batata/PycharmProjects/Restitution_python_test_de/test_de/lib/python3.8/site-packages/airflow/example_dags/example_skip_dag.py for tasks to queue
[2022-10-24T23:34:11.532+0200] {logging_mixin.py:120} INFO - [2022-10-24T23:34:11.532+0200] {dagbag.py:537} INFO - Filling up the DagBag from /home/batata/PycharmProjects/Restitution_python_test_de/test_de/lib/python3.8/site-packages/airflow/example_dags/example_skip_dag.py
[2022-10-24T23:34:11.550+0200] {processor.py:766} INFO - DAG(s) dict_keys(['example_skip_dag']) retrieved from /home/batata/PycharmProjects/Restitution_python_test_de/test_de/lib/python3.8/site-packages/airflow/example_dags/example_skip_dag.py
[2022-10-24T23:34:11.584+0200] {logging_mixin.py:120} INFO - [2022-10-24T23:34:11.583+0200] {dag.py:2585} INFO - Sync 1 DAGs
[2022-10-24T23:34:11.618+0200] {logging_mixin.py:120} INFO - [2022-10-24T23:34:11.617+0200] {dag.py:3336} INFO - Setting next_dagrun for example_skip_dag to 2022-10-23T21:34:11.617480+00:00, run_after=2022-10-24T21:34:11.617480+00:00
[2022-10-24T23:34:11.651+0200] {processor.py:176} INFO - Processing /home/batata/PycharmProjects/Restitution_python_test_de/test_de/lib/python3.8/site-packages/airflow/example_dags/example_skip_dag.py took 0.128 seconds
[2022-10-24T23:34:50.988+0200] {processor.py:154} INFO - Started process (PID=20264) to work on /home/batata/PycharmProjects/Restitution_python_test_de/test_de/lib/python3.8/site-packages/airflow/example_dags/example_skip_dag.py
[2022-10-24T23:34:50.991+0200] {processor.py:756} INFO - Processing file /home/batata/PycharmProjects/Restitution_python_test_de/test_de/lib/python3.8/site-packages/airflow/example_dags/example_skip_dag.py for tasks to queue
[2022-10-24T23:34:50.992+0200] {logging_mixin.py:120} INFO - [2022-10-24T23:34:50.992+0200] {dagbag.py:537} INFO - Filling up the DagBag from /home/batata/PycharmProjects/Restitution_python_test_de/test_de/lib/python3.8/site-packages/airflow/example_dags/example_skip_dag.py
[2022-10-24T23:34:51.008+0200] {processor.py:766} INFO - DAG(s) dict_keys(['example_skip_dag']) retrieved from /home/batata/PycharmProjects/Restitution_python_test_de/test_de/lib/python3.8/site-packages/airflow/example_dags/example_skip_dag.py
[2022-10-24T23:34:51.033+0200] {logging_mixin.py:120} INFO - [2022-10-24T23:34:51.033+0200] {dag.py:2585} INFO - Sync 1 DAGs
[2022-10-24T23:34:51.051+0200] {logging_mixin.py:120} INFO - [2022-10-24T23:34:51.051+0200] {dag.py:3336} INFO - Setting next_dagrun for example_skip_dag to 2022-10-23T21:34:51.051229+00:00, run_after=2022-10-24T21:34:51.051229+00:00
[2022-10-24T23:34:51.075+0200] {processor.py:176} INFO - Processing /home/batata/PycharmProjects/Restitution_python_test_de/test_de/lib/python3.8/site-packages/airflow/example_dags/example_skip_dag.py took 0.090 seconds
[2022-10-24T23:35:30.256+0200] {processor.py:154} INFO - Started process (PID=20500) to work on /home/batata/PycharmProjects/Restitution_python_test_de/test_de/lib/python3.8/site-packages/airflow/example_dags/example_skip_dag.py
[2022-10-24T23:35:30.259+0200] {processor.py:756} INFO - Processing file /home/batata/PycharmProjects/Restitution_python_test_de/test_de/lib/python3.8/site-packages/airflow/example_dags/example_skip_dag.py for tasks to queue
[2022-10-24T23:35:30.260+0200] {logging_mixin.py:120} INFO - [2022-10-24T23:35:30.260+0200] {dagbag.py:537} INFO - Filling up the DagBag from /home/batata/PycharmProjects/Restitution_python_test_de/test_de/lib/python3.8/site-packages/airflow/example_dags/example_skip_dag.py
[2022-10-24T23:35:30.272+0200] {processor.py:766} INFO - DAG(s) dict_keys(['example_skip_dag']) retrieved from /home/batata/PycharmProjects/Restitution_python_test_de/test_de/lib/python3.8/site-packages/airflow/example_dags/example_skip_dag.py
[2022-10-24T23:35:30.294+0200] {logging_mixin.py:120} INFO - [2022-10-24T23:35:30.294+0200] {dag.py:2585} INFO - Sync 1 DAGs
[2022-10-24T23:35:30.312+0200] {logging_mixin.py:120} INFO - [2022-10-24T23:35:30.312+0200] {dag.py:3336} INFO - Setting next_dagrun for example_skip_dag to 2022-10-23T21:35:30.312185+00:00, run_after=2022-10-24T21:35:30.312185+00:00
[2022-10-24T23:35:30.341+0200] {processor.py:176} INFO - Processing /home/batata/PycharmProjects/Restitution_python_test_de/test_de/lib/python3.8/site-packages/airflow/example_dags/example_skip_dag.py took 0.088 seconds
[2022-10-24T23:36:24.857+0200] {processor.py:154} INFO - Started process (PID=20963) to work on /home/batata/PycharmProjects/Restitution_python_test_de/test_de/lib/python3.8/site-packages/airflow/example_dags/example_skip_dag.py
[2022-10-24T23:36:24.860+0200] {processor.py:756} INFO - Processing file /home/batata/PycharmProjects/Restitution_python_test_de/test_de/lib/python3.8/site-packages/airflow/example_dags/example_skip_dag.py for tasks to queue
[2022-10-24T23:36:24.861+0200] {logging_mixin.py:120} INFO - [2022-10-24T23:36:24.861+0200] {dagbag.py:537} INFO - Filling up the DagBag from /home/batata/PycharmProjects/Restitution_python_test_de/test_de/lib/python3.8/site-packages/airflow/example_dags/example_skip_dag.py
[2022-10-24T23:36:24.880+0200] {processor.py:766} INFO - DAG(s) dict_keys(['example_skip_dag']) retrieved from /home/batata/PycharmProjects/Restitution_python_test_de/test_de/lib/python3.8/site-packages/airflow/example_dags/example_skip_dag.py
[2022-10-24T23:36:24.903+0200] {logging_mixin.py:120} INFO - [2022-10-24T23:36:24.903+0200] {dag.py:2585} INFO - Sync 1 DAGs
[2022-10-24T23:36:24.921+0200] {logging_mixin.py:120} INFO - [2022-10-24T23:36:24.920+0200] {dag.py:3336} INFO - Setting next_dagrun for example_skip_dag to 2022-10-23T21:36:24.920700+00:00, run_after=2022-10-24T21:36:24.920700+00:00
[2022-10-24T23:36:24.947+0200] {processor.py:176} INFO - Processing /home/batata/PycharmProjects/Restitution_python_test_de/test_de/lib/python3.8/site-packages/airflow/example_dags/example_skip_dag.py took 0.093 seconds
[2022-10-24T23:37:04.055+0200] {processor.py:154} INFO - Started process (PID=21242) to work on /home/batata/PycharmProjects/Restitution_python_test_de/test_de/lib/python3.8/site-packages/airflow/example_dags/example_skip_dag.py
[2022-10-24T23:37:04.058+0200] {processor.py:756} INFO - Processing file /home/batata/PycharmProjects/Restitution_python_test_de/test_de/lib/python3.8/site-packages/airflow/example_dags/example_skip_dag.py for tasks to queue
[2022-10-24T23:37:04.059+0200] {logging_mixin.py:120} INFO - [2022-10-24T23:37:04.058+0200] {dagbag.py:537} INFO - Filling up the DagBag from /home/batata/PycharmProjects/Restitution_python_test_de/test_de/lib/python3.8/site-packages/airflow/example_dags/example_skip_dag.py
[2022-10-24T23:37:04.073+0200] {processor.py:766} INFO - DAG(s) dict_keys(['example_skip_dag']) retrieved from /home/batata/PycharmProjects/Restitution_python_test_de/test_de/lib/python3.8/site-packages/airflow/example_dags/example_skip_dag.py
[2022-10-24T23:37:04.097+0200] {logging_mixin.py:120} INFO - [2022-10-24T23:37:04.097+0200] {dag.py:2585} INFO - Sync 1 DAGs
[2022-10-24T23:37:04.126+0200] {logging_mixin.py:120} INFO - [2022-10-24T23:37:04.125+0200] {dag.py:3336} INFO - Setting next_dagrun for example_skip_dag to 2022-10-23T21:37:04.125455+00:00, run_after=2022-10-24T21:37:04.125455+00:00
[2022-10-24T23:37:04.157+0200] {processor.py:176} INFO - Processing /home/batata/PycharmProjects/Restitution_python_test_de/test_de/lib/python3.8/site-packages/airflow/example_dags/example_skip_dag.py took 0.105 seconds
[2022-10-24T23:37:42.148+0200] {processor.py:154} INFO - Started process (PID=21410) to work on /home/batata/PycharmProjects/Restitution_python_test_de/test_de/lib/python3.8/site-packages/airflow/example_dags/example_skip_dag.py
[2022-10-24T23:37:42.151+0200] {processor.py:756} INFO - Processing file /home/batata/PycharmProjects/Restitution_python_test_de/test_de/lib/python3.8/site-packages/airflow/example_dags/example_skip_dag.py for tasks to queue
[2022-10-24T23:37:42.152+0200] {logging_mixin.py:120} INFO - [2022-10-24T23:37:42.152+0200] {dagbag.py:537} INFO - Filling up the DagBag from /home/batata/PycharmProjects/Restitution_python_test_de/test_de/lib/python3.8/site-packages/airflow/example_dags/example_skip_dag.py
[2022-10-24T23:37:42.166+0200] {processor.py:766} INFO - DAG(s) dict_keys(['example_skip_dag']) retrieved from /home/batata/PycharmProjects/Restitution_python_test_de/test_de/lib/python3.8/site-packages/airflow/example_dags/example_skip_dag.py
[2022-10-24T23:37:42.189+0200] {logging_mixin.py:120} INFO - [2022-10-24T23:37:42.189+0200] {dag.py:2585} INFO - Sync 1 DAGs
[2022-10-24T23:37:42.209+0200] {logging_mixin.py:120} INFO - [2022-10-24T23:37:42.209+0200] {dag.py:3336} INFO - Setting next_dagrun for example_skip_dag to 2022-10-23T21:37:42.209395+00:00, run_after=2022-10-24T21:37:42.209395+00:00
[2022-10-24T23:37:42.239+0200] {processor.py:176} INFO - Processing /home/batata/PycharmProjects/Restitution_python_test_de/test_de/lib/python3.8/site-packages/airflow/example_dags/example_skip_dag.py took 0.094 seconds
