[2022-10-24T23:32:51.527+0200] {processor.py:154} INFO - Started process (PID=19320) to work on /home/batata/PycharmProjects/Restitution_python_test_de/test_de/lib/python3.8/site-packages/airflow/example_dags/example_dag_decorator.py
[2022-10-24T23:32:51.529+0200] {processor.py:756} INFO - Processing file /home/batata/PycharmProjects/Restitution_python_test_de/test_de/lib/python3.8/site-packages/airflow/example_dags/example_dag_decorator.py for tasks to queue
[2022-10-24T23:32:51.531+0200] {logging_mixin.py:120} INFO - [2022-10-24T23:32:51.531+0200] {dagbag.py:537} INFO - Filling up the DagBag from /home/batata/PycharmProjects/Restitution_python_test_de/test_de/lib/python3.8/site-packages/airflow/example_dags/example_dag_decorator.py
[2022-10-24T23:32:51.588+0200] {logging_mixin.py:120} INFO - [2022-10-24T23:32:51.587+0200] {taskmixin.py:205} WARNING - Dependency <Task(_PythonDecoratedOperator): prepare_email>, send_email already registered for DAG: example_dag_decorator
[2022-10-24T23:32:51.588+0200] {logging_mixin.py:120} INFO - [2022-10-24T23:32:51.588+0200] {taskmixin.py:205} WARNING - Dependency <Task(EmailOperator): send_email>, prepare_email already registered for DAG: example_dag_decorator
[2022-10-24T23:32:51.634+0200] {processor.py:766} INFO - DAG(s) dict_keys(['example_dag_decorator']) retrieved from /home/batata/PycharmProjects/Restitution_python_test_de/test_de/lib/python3.8/site-packages/airflow/example_dags/example_dag_decorator.py
[2022-10-24T23:32:51.864+0200] {logging_mixin.py:120} INFO - [2022-10-24T23:32:51.864+0200] {manager.py:507} INFO - Created Permission View: can read on DAG:example_dag_decorator
[2022-10-24T23:32:51.893+0200] {logging_mixin.py:120} INFO - [2022-10-24T23:32:51.893+0200] {manager.py:507} INFO - Created Permission View: can delete on DAG:example_dag_decorator
[2022-10-24T23:32:51.924+0200] {logging_mixin.py:120} INFO - [2022-10-24T23:32:51.923+0200] {manager.py:507} INFO - Created Permission View: can edit on DAG:example_dag_decorator
[2022-10-24T23:32:51.924+0200] {logging_mixin.py:120} INFO - [2022-10-24T23:32:51.924+0200] {dag.py:2585} INFO - Sync 1 DAGs
[2022-10-24T23:32:51.955+0200] {logging_mixin.py:120} INFO - [2022-10-24T23:32:51.955+0200] {dag.py:2606} INFO - Creating ORM DAG for example_dag_decorator
[2022-10-24T23:32:51.982+0200] {logging_mixin.py:120} INFO - [2022-10-24T23:32:51.982+0200] {dag.py:3336} INFO - Setting next_dagrun for example_dag_decorator to None, run_after=None
[2022-10-24T23:32:52.049+0200] {processor.py:176} INFO - Processing /home/batata/PycharmProjects/Restitution_python_test_de/test_de/lib/python3.8/site-packages/airflow/example_dags/example_dag_decorator.py took 0.533 seconds
[2022-10-24T23:33:39.756+0200] {processor.py:154} INFO - Started process (PID=19771) to work on /home/batata/PycharmProjects/Restitution_python_test_de/test_de/lib/python3.8/site-packages/airflow/example_dags/example_dag_decorator.py
[2022-10-24T23:33:39.758+0200] {processor.py:756} INFO - Processing file /home/batata/PycharmProjects/Restitution_python_test_de/test_de/lib/python3.8/site-packages/airflow/example_dags/example_dag_decorator.py for tasks to queue
[2022-10-24T23:33:39.761+0200] {logging_mixin.py:120} INFO - [2022-10-24T23:33:39.760+0200] {dagbag.py:537} INFO - Filling up the DagBag from /home/batata/PycharmProjects/Restitution_python_test_de/test_de/lib/python3.8/site-packages/airflow/example_dags/example_dag_decorator.py
[2022-10-24T23:33:39.781+0200] {logging_mixin.py:120} INFO - [2022-10-24T23:33:39.781+0200] {taskmixin.py:205} WARNING - Dependency <Task(_PythonDecoratedOperator): prepare_email>, send_email already registered for DAG: example_dag_decorator
[2022-10-24T23:33:39.782+0200] {logging_mixin.py:120} INFO - [2022-10-24T23:33:39.781+0200] {taskmixin.py:205} WARNING - Dependency <Task(EmailOperator): send_email>, prepare_email already registered for DAG: example_dag_decorator
[2022-10-24T23:33:39.801+0200] {processor.py:766} INFO - DAG(s) dict_keys(['example_dag_decorator']) retrieved from /home/batata/PycharmProjects/Restitution_python_test_de/test_de/lib/python3.8/site-packages/airflow/example_dags/example_dag_decorator.py
[2022-10-24T23:33:39.871+0200] {logging_mixin.py:120} INFO - [2022-10-24T23:33:39.871+0200] {dag.py:2585} INFO - Sync 1 DAGs
[2022-10-24T23:33:39.893+0200] {logging_mixin.py:120} INFO - [2022-10-24T23:33:39.893+0200] {dag.py:3336} INFO - Setting next_dagrun for example_dag_decorator to None, run_after=None
[2022-10-24T23:33:39.932+0200] {processor.py:176} INFO - Processing /home/batata/PycharmProjects/Restitution_python_test_de/test_de/lib/python3.8/site-packages/airflow/example_dags/example_dag_decorator.py took 0.182 seconds
[2022-10-24T23:34:21.482+0200] {processor.py:154} INFO - Started process (PID=20102) to work on /home/batata/PycharmProjects/Restitution_python_test_de/test_de/lib/python3.8/site-packages/airflow/example_dags/example_dag_decorator.py
[2022-10-24T23:34:21.484+0200] {processor.py:756} INFO - Processing file /home/batata/PycharmProjects/Restitution_python_test_de/test_de/lib/python3.8/site-packages/airflow/example_dags/example_dag_decorator.py for tasks to queue
[2022-10-24T23:34:21.486+0200] {logging_mixin.py:120} INFO - [2022-10-24T23:34:21.486+0200] {dagbag.py:537} INFO - Filling up the DagBag from /home/batata/PycharmProjects/Restitution_python_test_de/test_de/lib/python3.8/site-packages/airflow/example_dags/example_dag_decorator.py
[2022-10-24T23:34:21.506+0200] {logging_mixin.py:120} INFO - [2022-10-24T23:34:21.505+0200] {taskmixin.py:205} WARNING - Dependency <Task(_PythonDecoratedOperator): prepare_email>, send_email already registered for DAG: example_dag_decorator
[2022-10-24T23:34:21.506+0200] {logging_mixin.py:120} INFO - [2022-10-24T23:34:21.506+0200] {taskmixin.py:205} WARNING - Dependency <Task(EmailOperator): send_email>, prepare_email already registered for DAG: example_dag_decorator
[2022-10-24T23:34:21.519+0200] {processor.py:766} INFO - DAG(s) dict_keys(['example_dag_decorator']) retrieved from /home/batata/PycharmProjects/Restitution_python_test_de/test_de/lib/python3.8/site-packages/airflow/example_dags/example_dag_decorator.py
[2022-10-24T23:34:21.575+0200] {logging_mixin.py:120} INFO - [2022-10-24T23:34:21.575+0200] {dag.py:2585} INFO - Sync 1 DAGs
[2022-10-24T23:34:21.593+0200] {logging_mixin.py:120} INFO - [2022-10-24T23:34:21.592+0200] {dag.py:3336} INFO - Setting next_dagrun for example_dag_decorator to None, run_after=None
[2022-10-24T23:34:21.620+0200] {processor.py:176} INFO - Processing /home/batata/PycharmProjects/Restitution_python_test_de/test_de/lib/python3.8/site-packages/airflow/example_dags/example_dag_decorator.py took 0.142 seconds
[2022-10-24T23:35:01.444+0200] {processor.py:154} INFO - Started process (PID=20339) to work on /home/batata/PycharmProjects/Restitution_python_test_de/test_de/lib/python3.8/site-packages/airflow/example_dags/example_dag_decorator.py
[2022-10-24T23:35:01.447+0200] {processor.py:756} INFO - Processing file /home/batata/PycharmProjects/Restitution_python_test_de/test_de/lib/python3.8/site-packages/airflow/example_dags/example_dag_decorator.py for tasks to queue
[2022-10-24T23:35:01.448+0200] {logging_mixin.py:120} INFO - [2022-10-24T23:35:01.448+0200] {dagbag.py:537} INFO - Filling up the DagBag from /home/batata/PycharmProjects/Restitution_python_test_de/test_de/lib/python3.8/site-packages/airflow/example_dags/example_dag_decorator.py
[2022-10-24T23:35:01.472+0200] {logging_mixin.py:120} INFO - [2022-10-24T23:35:01.471+0200] {taskmixin.py:205} WARNING - Dependency <Task(_PythonDecoratedOperator): prepare_email>, send_email already registered for DAG: example_dag_decorator
[2022-10-24T23:35:01.472+0200] {logging_mixin.py:120} INFO - [2022-10-24T23:35:01.472+0200] {taskmixin.py:205} WARNING - Dependency <Task(EmailOperator): send_email>, prepare_email already registered for DAG: example_dag_decorator
[2022-10-24T23:35:01.490+0200] {processor.py:766} INFO - DAG(s) dict_keys(['example_dag_decorator']) retrieved from /home/batata/PycharmProjects/Restitution_python_test_de/test_de/lib/python3.8/site-packages/airflow/example_dags/example_dag_decorator.py
[2022-10-24T23:35:01.538+0200] {logging_mixin.py:120} INFO - [2022-10-24T23:35:01.538+0200] {dag.py:2585} INFO - Sync 1 DAGs
[2022-10-24T23:35:01.556+0200] {logging_mixin.py:120} INFO - [2022-10-24T23:35:01.556+0200] {dag.py:3336} INFO - Setting next_dagrun for example_dag_decorator to None, run_after=None
[2022-10-24T23:35:01.587+0200] {processor.py:176} INFO - Processing /home/batata/PycharmProjects/Restitution_python_test_de/test_de/lib/python3.8/site-packages/airflow/example_dags/example_dag_decorator.py took 0.146 seconds
[2022-10-24T23:35:39.960+0200] {processor.py:154} INFO - Started process (PID=20534) to work on /home/batata/PycharmProjects/Restitution_python_test_de/test_de/lib/python3.8/site-packages/airflow/example_dags/example_dag_decorator.py
[2022-10-24T23:35:39.963+0200] {processor.py:756} INFO - Processing file /home/batata/PycharmProjects/Restitution_python_test_de/test_de/lib/python3.8/site-packages/airflow/example_dags/example_dag_decorator.py for tasks to queue
[2022-10-24T23:35:39.965+0200] {logging_mixin.py:120} INFO - [2022-10-24T23:35:39.965+0200] {dagbag.py:537} INFO - Filling up the DagBag from /home/batata/PycharmProjects/Restitution_python_test_de/test_de/lib/python3.8/site-packages/airflow/example_dags/example_dag_decorator.py
[2022-10-24T23:35:39.984+0200] {logging_mixin.py:120} INFO - [2022-10-24T23:35:39.984+0200] {taskmixin.py:205} WARNING - Dependency <Task(_PythonDecoratedOperator): prepare_email>, send_email already registered for DAG: example_dag_decorator
[2022-10-24T23:35:39.984+0200] {logging_mixin.py:120} INFO - [2022-10-24T23:35:39.984+0200] {taskmixin.py:205} WARNING - Dependency <Task(EmailOperator): send_email>, prepare_email already registered for DAG: example_dag_decorator
[2022-10-24T23:35:39.997+0200] {processor.py:766} INFO - DAG(s) dict_keys(['example_dag_decorator']) retrieved from /home/batata/PycharmProjects/Restitution_python_test_de/test_de/lib/python3.8/site-packages/airflow/example_dags/example_dag_decorator.py
[2022-10-24T23:35:40.048+0200] {logging_mixin.py:120} INFO - [2022-10-24T23:35:40.047+0200] {dag.py:2585} INFO - Sync 1 DAGs
[2022-10-24T23:35:40.065+0200] {logging_mixin.py:120} INFO - [2022-10-24T23:35:40.065+0200] {dag.py:3336} INFO - Setting next_dagrun for example_dag_decorator to None, run_after=None
[2022-10-24T23:35:40.093+0200] {processor.py:176} INFO - Processing /home/batata/PycharmProjects/Restitution_python_test_de/test_de/lib/python3.8/site-packages/airflow/example_dags/example_dag_decorator.py took 0.136 seconds
[2022-10-24T23:36:33.538+0200] {processor.py:154} INFO - Started process (PID=21031) to work on /home/batata/PycharmProjects/Restitution_python_test_de/test_de/lib/python3.8/site-packages/airflow/example_dags/example_dag_decorator.py
[2022-10-24T23:36:33.540+0200] {processor.py:756} INFO - Processing file /home/batata/PycharmProjects/Restitution_python_test_de/test_de/lib/python3.8/site-packages/airflow/example_dags/example_dag_decorator.py for tasks to queue
[2022-10-24T23:36:33.541+0200] {logging_mixin.py:120} INFO - [2022-10-24T23:36:33.541+0200] {dagbag.py:537} INFO - Filling up the DagBag from /home/batata/PycharmProjects/Restitution_python_test_de/test_de/lib/python3.8/site-packages/airflow/example_dags/example_dag_decorator.py
[2022-10-24T23:36:33.567+0200] {logging_mixin.py:120} INFO - [2022-10-24T23:36:33.566+0200] {taskmixin.py:205} WARNING - Dependency <Task(_PythonDecoratedOperator): prepare_email>, send_email already registered for DAG: example_dag_decorator
[2022-10-24T23:36:33.567+0200] {logging_mixin.py:120} INFO - [2022-10-24T23:36:33.567+0200] {taskmixin.py:205} WARNING - Dependency <Task(EmailOperator): send_email>, prepare_email already registered for DAG: example_dag_decorator
[2022-10-24T23:36:33.583+0200] {processor.py:766} INFO - DAG(s) dict_keys(['example_dag_decorator']) retrieved from /home/batata/PycharmProjects/Restitution_python_test_de/test_de/lib/python3.8/site-packages/airflow/example_dags/example_dag_decorator.py
[2022-10-24T23:36:33.635+0200] {logging_mixin.py:120} INFO - [2022-10-24T23:36:33.635+0200] {dag.py:2585} INFO - Sync 1 DAGs
[2022-10-24T23:36:33.652+0200] {logging_mixin.py:120} INFO - [2022-10-24T23:36:33.652+0200] {dag.py:3336} INFO - Setting next_dagrun for example_dag_decorator to None, run_after=None
[2022-10-24T23:36:33.679+0200] {processor.py:176} INFO - Processing /home/batata/PycharmProjects/Restitution_python_test_de/test_de/lib/python3.8/site-packages/airflow/example_dags/example_dag_decorator.py took 0.145 seconds
[2022-10-24T23:37:13.196+0200] {processor.py:154} INFO - Started process (PID=21276) to work on /home/batata/PycharmProjects/Restitution_python_test_de/test_de/lib/python3.8/site-packages/airflow/example_dags/example_dag_decorator.py
[2022-10-24T23:37:13.199+0200] {processor.py:756} INFO - Processing file /home/batata/PycharmProjects/Restitution_python_test_de/test_de/lib/python3.8/site-packages/airflow/example_dags/example_dag_decorator.py for tasks to queue
[2022-10-24T23:37:13.200+0200] {logging_mixin.py:120} INFO - [2022-10-24T23:37:13.200+0200] {dagbag.py:537} INFO - Filling up the DagBag from /home/batata/PycharmProjects/Restitution_python_test_de/test_de/lib/python3.8/site-packages/airflow/example_dags/example_dag_decorator.py
[2022-10-24T23:37:13.230+0200] {logging_mixin.py:120} INFO - [2022-10-24T23:37:13.229+0200] {taskmixin.py:205} WARNING - Dependency <Task(_PythonDecoratedOperator): prepare_email>, send_email already registered for DAG: example_dag_decorator
[2022-10-24T23:37:13.230+0200] {logging_mixin.py:120} INFO - [2022-10-24T23:37:13.230+0200] {taskmixin.py:205} WARNING - Dependency <Task(EmailOperator): send_email>, prepare_email already registered for DAG: example_dag_decorator
[2022-10-24T23:37:13.254+0200] {processor.py:766} INFO - DAG(s) dict_keys(['example_dag_decorator']) retrieved from /home/batata/PycharmProjects/Restitution_python_test_de/test_de/lib/python3.8/site-packages/airflow/example_dags/example_dag_decorator.py
[2022-10-24T23:37:13.316+0200] {logging_mixin.py:120} INFO - [2022-10-24T23:37:13.316+0200] {dag.py:2585} INFO - Sync 1 DAGs
[2022-10-24T23:37:13.334+0200] {logging_mixin.py:120} INFO - [2022-10-24T23:37:13.334+0200] {dag.py:3336} INFO - Setting next_dagrun for example_dag_decorator to None, run_after=None
[2022-10-24T23:37:13.360+0200] {processor.py:176} INFO - Processing /home/batata/PycharmProjects/Restitution_python_test_de/test_de/lib/python3.8/site-packages/airflow/example_dags/example_dag_decorator.py took 0.170 seconds
[2022-10-24T23:37:51.451+0200] {processor.py:154} INFO - Started process (PID=21441) to work on /home/batata/PycharmProjects/Restitution_python_test_de/test_de/lib/python3.8/site-packages/airflow/example_dags/example_dag_decorator.py
[2022-10-24T23:37:51.454+0200] {processor.py:756} INFO - Processing file /home/batata/PycharmProjects/Restitution_python_test_de/test_de/lib/python3.8/site-packages/airflow/example_dags/example_dag_decorator.py for tasks to queue
[2022-10-24T23:37:51.455+0200] {logging_mixin.py:120} INFO - [2022-10-24T23:37:51.454+0200] {dagbag.py:537} INFO - Filling up the DagBag from /home/batata/PycharmProjects/Restitution_python_test_de/test_de/lib/python3.8/site-packages/airflow/example_dags/example_dag_decorator.py
[2022-10-24T23:37:51.476+0200] {logging_mixin.py:120} INFO - [2022-10-24T23:37:51.475+0200] {taskmixin.py:205} WARNING - Dependency <Task(_PythonDecoratedOperator): prepare_email>, send_email already registered for DAG: example_dag_decorator
[2022-10-24T23:37:51.476+0200] {logging_mixin.py:120} INFO - [2022-10-24T23:37:51.476+0200] {taskmixin.py:205} WARNING - Dependency <Task(EmailOperator): send_email>, prepare_email already registered for DAG: example_dag_decorator
[2022-10-24T23:37:51.488+0200] {processor.py:766} INFO - DAG(s) dict_keys(['example_dag_decorator']) retrieved from /home/batata/PycharmProjects/Restitution_python_test_de/test_de/lib/python3.8/site-packages/airflow/example_dags/example_dag_decorator.py
[2022-10-24T23:37:51.545+0200] {logging_mixin.py:120} INFO - [2022-10-24T23:37:51.544+0200] {dag.py:2585} INFO - Sync 1 DAGs
[2022-10-24T23:37:51.566+0200] {logging_mixin.py:120} INFO - [2022-10-24T23:37:51.566+0200] {dag.py:3336} INFO - Setting next_dagrun for example_dag_decorator to None, run_after=None
[2022-10-24T23:37:51.595+0200] {processor.py:176} INFO - Processing /home/batata/PycharmProjects/Restitution_python_test_de/test_de/lib/python3.8/site-packages/airflow/example_dags/example_dag_decorator.py took 0.146 seconds
