[2022-10-24T23:32:29.830+0200] {processor.py:154} INFO - Started process (PID=19127) to work on /home/batata/PycharmProjects/Restitution_python_test_de/test_de/lib/python3.8/site-packages/airflow/example_dags/example_short_circuit_operator.py
[2022-10-24T23:32:29.831+0200] {processor.py:756} INFO - Processing file /home/batata/PycharmProjects/Restitution_python_test_de/test_de/lib/python3.8/site-packages/airflow/example_dags/example_short_circuit_operator.py for tasks to queue
[2022-10-24T23:32:29.832+0200] {logging_mixin.py:120} INFO - [2022-10-24T23:32:29.832+0200] {dagbag.py:537} INFO - Filling up the DagBag from /home/batata/PycharmProjects/Restitution_python_test_de/test_de/lib/python3.8/site-packages/airflow/example_dags/example_short_circuit_operator.py
[2022-10-24T23:32:29.853+0200] {processor.py:766} INFO - DAG(s) dict_keys(['example_short_circuit_operator']) retrieved from /home/batata/PycharmProjects/Restitution_python_test_de/test_de/lib/python3.8/site-packages/airflow/example_dags/example_short_circuit_operator.py
[2022-10-24T23:32:29.975+0200] {logging_mixin.py:120} INFO - [2022-10-24T23:32:29.975+0200] {manager.py:507} INFO - Created Permission View: can read on DAG:example_short_circuit_operator
[2022-10-24T23:32:29.990+0200] {logging_mixin.py:120} INFO - [2022-10-24T23:32:29.990+0200] {manager.py:507} INFO - Created Permission View: can delete on DAG:example_short_circuit_operator
[2022-10-24T23:32:30.004+0200] {logging_mixin.py:120} INFO - [2022-10-24T23:32:30.004+0200] {manager.py:507} INFO - Created Permission View: can edit on DAG:example_short_circuit_operator
[2022-10-24T23:32:30.005+0200] {logging_mixin.py:120} INFO - [2022-10-24T23:32:30.005+0200] {dag.py:2585} INFO - Sync 1 DAGs
[2022-10-24T23:32:30.015+0200] {logging_mixin.py:120} INFO - [2022-10-24T23:32:30.015+0200] {dag.py:2606} INFO - Creating ORM DAG for example_short_circuit_operator
[2022-10-24T23:32:30.027+0200] {logging_mixin.py:120} INFO - [2022-10-24T23:32:30.027+0200] {dag.py:3336} INFO - Setting next_dagrun for example_short_circuit_operator to 2022-10-23T21:32:30.027385+00:00, run_after=2022-10-24T21:32:30.027385+00:00
[2022-10-24T23:32:30.057+0200] {processor.py:176} INFO - Processing /home/batata/PycharmProjects/Restitution_python_test_de/test_de/lib/python3.8/site-packages/airflow/example_dags/example_short_circuit_operator.py took 0.230 seconds
[2022-10-24T23:32:35.976+0200] {processor.py:154} INFO - Started process (PID=19196) to work on /home/batata/PycharmProjects/Restitution_python_test_de/test_de/lib/python3.8/site-packages/airflow/example_dags/example_short_circuit_operator.py
[2022-10-24T23:32:35.979+0200] {processor.py:756} INFO - Processing file /home/batata/PycharmProjects/Restitution_python_test_de/test_de/lib/python3.8/site-packages/airflow/example_dags/example_short_circuit_operator.py for tasks to queue
[2022-10-24T23:32:35.980+0200] {logging_mixin.py:120} INFO - [2022-10-24T23:32:35.980+0200] {dagbag.py:537} INFO - Filling up the DagBag from /home/batata/PycharmProjects/Restitution_python_test_de/test_de/lib/python3.8/site-packages/airflow/example_dags/example_short_circuit_operator.py
[2022-10-24T23:32:36.009+0200] {processor.py:766} INFO - DAG(s) dict_keys(['example_short_circuit_operator']) retrieved from /home/batata/PycharmProjects/Restitution_python_test_de/test_de/lib/python3.8/site-packages/airflow/example_dags/example_short_circuit_operator.py
[2022-10-24T23:32:36.025+0200] {logging_mixin.py:120} INFO - [2022-10-24T23:32:36.024+0200] {dag.py:2585} INFO - Sync 1 DAGs
[2022-10-24T23:32:36.053+0200] {logging_mixin.py:120} INFO - [2022-10-24T23:32:36.052+0200] {dag.py:3336} INFO - Setting next_dagrun for example_short_circuit_operator to 2022-10-23T21:32:36.052724+00:00, run_after=2022-10-24T21:32:36.052724+00:00
[2022-10-24T23:32:36.082+0200] {processor.py:176} INFO - Processing /home/batata/PycharmProjects/Restitution_python_test_de/test_de/lib/python3.8/site-packages/airflow/example_dags/example_short_circuit_operator.py took 0.109 seconds
[2022-10-24T23:33:18.529+0200] {processor.py:154} INFO - Started process (PID=19542) to work on /home/batata/PycharmProjects/Restitution_python_test_de/test_de/lib/python3.8/site-packages/airflow/example_dags/example_short_circuit_operator.py
[2022-10-24T23:33:18.532+0200] {processor.py:756} INFO - Processing file /home/batata/PycharmProjects/Restitution_python_test_de/test_de/lib/python3.8/site-packages/airflow/example_dags/example_short_circuit_operator.py for tasks to queue
[2022-10-24T23:33:18.533+0200] {logging_mixin.py:120} INFO - [2022-10-24T23:33:18.533+0200] {dagbag.py:537} INFO - Filling up the DagBag from /home/batata/PycharmProjects/Restitution_python_test_de/test_de/lib/python3.8/site-packages/airflow/example_dags/example_short_circuit_operator.py
[2022-10-24T23:33:18.552+0200] {processor.py:766} INFO - DAG(s) dict_keys(['example_short_circuit_operator']) retrieved from /home/batata/PycharmProjects/Restitution_python_test_de/test_de/lib/python3.8/site-packages/airflow/example_dags/example_short_circuit_operator.py
[2022-10-24T23:33:18.577+0200] {logging_mixin.py:120} INFO - [2022-10-24T23:33:18.577+0200] {dag.py:2585} INFO - Sync 1 DAGs
[2022-10-24T23:33:18.596+0200] {logging_mixin.py:120} INFO - [2022-10-24T23:33:18.596+0200] {dag.py:3336} INFO - Setting next_dagrun for example_short_circuit_operator to 2022-10-23T21:33:18.596178+00:00, run_after=2022-10-24T21:33:18.596178+00:00
[2022-10-24T23:33:18.622+0200] {processor.py:176} INFO - Processing /home/batata/PycharmProjects/Restitution_python_test_de/test_de/lib/python3.8/site-packages/airflow/example_dags/example_short_circuit_operator.py took 0.096 seconds
[2022-10-24T23:34:00.379+0200] {processor.py:154} INFO - Started process (PID=19944) to work on /home/batata/PycharmProjects/Restitution_python_test_de/test_de/lib/python3.8/site-packages/airflow/example_dags/example_short_circuit_operator.py
[2022-10-24T23:34:00.381+0200] {processor.py:756} INFO - Processing file /home/batata/PycharmProjects/Restitution_python_test_de/test_de/lib/python3.8/site-packages/airflow/example_dags/example_short_circuit_operator.py for tasks to queue
[2022-10-24T23:34:00.383+0200] {logging_mixin.py:120} INFO - [2022-10-24T23:34:00.382+0200] {dagbag.py:537} INFO - Filling up the DagBag from /home/batata/PycharmProjects/Restitution_python_test_de/test_de/lib/python3.8/site-packages/airflow/example_dags/example_short_circuit_operator.py
[2022-10-24T23:34:00.398+0200] {processor.py:766} INFO - DAG(s) dict_keys(['example_short_circuit_operator']) retrieved from /home/batata/PycharmProjects/Restitution_python_test_de/test_de/lib/python3.8/site-packages/airflow/example_dags/example_short_circuit_operator.py
[2022-10-24T23:34:00.423+0200] {logging_mixin.py:120} INFO - [2022-10-24T23:34:00.422+0200] {dag.py:2585} INFO - Sync 1 DAGs
[2022-10-24T23:34:00.454+0200] {logging_mixin.py:120} INFO - [2022-10-24T23:34:00.454+0200] {dag.py:3336} INFO - Setting next_dagrun for example_short_circuit_operator to 2022-10-23T21:34:00.454179+00:00, run_after=2022-10-24T21:34:00.454179+00:00
[2022-10-24T23:34:00.485+0200] {processor.py:176} INFO - Processing /home/batata/PycharmProjects/Restitution_python_test_de/test_de/lib/python3.8/site-packages/airflow/example_dags/example_short_circuit_operator.py took 0.109 seconds
[2022-10-24T23:34:39.557+0200] {processor.py:154} INFO - Started process (PID=20233) to work on /home/batata/PycharmProjects/Restitution_python_test_de/test_de/lib/python3.8/site-packages/airflow/example_dags/example_short_circuit_operator.py
[2022-10-24T23:34:39.559+0200] {processor.py:756} INFO - Processing file /home/batata/PycharmProjects/Restitution_python_test_de/test_de/lib/python3.8/site-packages/airflow/example_dags/example_short_circuit_operator.py for tasks to queue
[2022-10-24T23:34:39.561+0200] {logging_mixin.py:120} INFO - [2022-10-24T23:34:39.560+0200] {dagbag.py:537} INFO - Filling up the DagBag from /home/batata/PycharmProjects/Restitution_python_test_de/test_de/lib/python3.8/site-packages/airflow/example_dags/example_short_circuit_operator.py
[2022-10-24T23:34:39.577+0200] {processor.py:766} INFO - DAG(s) dict_keys(['example_short_circuit_operator']) retrieved from /home/batata/PycharmProjects/Restitution_python_test_de/test_de/lib/python3.8/site-packages/airflow/example_dags/example_short_circuit_operator.py
[2022-10-24T23:34:39.602+0200] {logging_mixin.py:120} INFO - [2022-10-24T23:34:39.601+0200] {dag.py:2585} INFO - Sync 1 DAGs
[2022-10-24T23:34:39.621+0200] {logging_mixin.py:120} INFO - [2022-10-24T23:34:39.621+0200] {dag.py:3336} INFO - Setting next_dagrun for example_short_circuit_operator to 2022-10-23T21:34:39.621229+00:00, run_after=2022-10-24T21:34:39.621229+00:00
[2022-10-24T23:34:39.646+0200] {processor.py:176} INFO - Processing /home/batata/PycharmProjects/Restitution_python_test_de/test_de/lib/python3.8/site-packages/airflow/example_dags/example_short_circuit_operator.py took 0.092 seconds
[2022-10-24T23:35:20.466+0200] {processor.py:154} INFO - Started process (PID=20466) to work on /home/batata/PycharmProjects/Restitution_python_test_de/test_de/lib/python3.8/site-packages/airflow/example_dags/example_short_circuit_operator.py
[2022-10-24T23:35:20.468+0200] {processor.py:756} INFO - Processing file /home/batata/PycharmProjects/Restitution_python_test_de/test_de/lib/python3.8/site-packages/airflow/example_dags/example_short_circuit_operator.py for tasks to queue
[2022-10-24T23:35:20.469+0200] {logging_mixin.py:120} INFO - [2022-10-24T23:35:20.469+0200] {dagbag.py:537} INFO - Filling up the DagBag from /home/batata/PycharmProjects/Restitution_python_test_de/test_de/lib/python3.8/site-packages/airflow/example_dags/example_short_circuit_operator.py
[2022-10-24T23:35:20.485+0200] {processor.py:766} INFO - DAG(s) dict_keys(['example_short_circuit_operator']) retrieved from /home/batata/PycharmProjects/Restitution_python_test_de/test_de/lib/python3.8/site-packages/airflow/example_dags/example_short_circuit_operator.py
[2022-10-24T23:35:20.510+0200] {logging_mixin.py:120} INFO - [2022-10-24T23:35:20.510+0200] {dag.py:2585} INFO - Sync 1 DAGs
[2022-10-24T23:35:20.531+0200] {logging_mixin.py:120} INFO - [2022-10-24T23:35:20.531+0200] {dag.py:3336} INFO - Setting next_dagrun for example_short_circuit_operator to 2022-10-23T21:35:20.530932+00:00, run_after=2022-10-24T21:35:20.530932+00:00
[2022-10-24T23:35:20.561+0200] {processor.py:176} INFO - Processing /home/batata/PycharmProjects/Restitution_python_test_de/test_de/lib/python3.8/site-packages/airflow/example_dags/example_short_circuit_operator.py took 0.098 seconds
[2022-10-24T23:36:12.652+0200] {processor.py:154} INFO - Started process (PID=20854) to work on /home/batata/PycharmProjects/Restitution_python_test_de/test_de/lib/python3.8/site-packages/airflow/example_dags/example_short_circuit_operator.py
[2022-10-24T23:36:12.654+0200] {processor.py:756} INFO - Processing file /home/batata/PycharmProjects/Restitution_python_test_de/test_de/lib/python3.8/site-packages/airflow/example_dags/example_short_circuit_operator.py for tasks to queue
[2022-10-24T23:36:12.665+0200] {logging_mixin.py:120} INFO - [2022-10-24T23:36:12.655+0200] {dagbag.py:537} INFO - Filling up the DagBag from /home/batata/PycharmProjects/Restitution_python_test_de/test_de/lib/python3.8/site-packages/airflow/example_dags/example_short_circuit_operator.py
[2022-10-24T23:36:12.789+0200] {processor.py:766} INFO - DAG(s) dict_keys(['example_short_circuit_operator']) retrieved from /home/batata/PycharmProjects/Restitution_python_test_de/test_de/lib/python3.8/site-packages/airflow/example_dags/example_short_circuit_operator.py
[2022-10-24T23:36:12.933+0200] {logging_mixin.py:120} INFO - [2022-10-24T23:36:12.933+0200] {dag.py:2585} INFO - Sync 1 DAGs
[2022-10-24T23:36:13.016+0200] {logging_mixin.py:120} INFO - [2022-10-24T23:36:13.016+0200] {dag.py:3336} INFO - Setting next_dagrun for example_short_circuit_operator to 2022-10-23T21:36:13.015808+00:00, run_after=2022-10-24T21:36:13.015808+00:00
[2022-10-24T23:36:13.117+0200] {processor.py:176} INFO - Processing /home/batata/PycharmProjects/Restitution_python_test_de/test_de/lib/python3.8/site-packages/airflow/example_dags/example_short_circuit_operator.py took 0.479 seconds
[2022-10-24T23:36:53.516+0200] {processor.py:154} INFO - Started process (PID=21183) to work on /home/batata/PycharmProjects/Restitution_python_test_de/test_de/lib/python3.8/site-packages/airflow/example_dags/example_short_circuit_operator.py
[2022-10-24T23:36:53.519+0200] {processor.py:756} INFO - Processing file /home/batata/PycharmProjects/Restitution_python_test_de/test_de/lib/python3.8/site-packages/airflow/example_dags/example_short_circuit_operator.py for tasks to queue
[2022-10-24T23:36:53.520+0200] {logging_mixin.py:120} INFO - [2022-10-24T23:36:53.520+0200] {dagbag.py:537} INFO - Filling up the DagBag from /home/batata/PycharmProjects/Restitution_python_test_de/test_de/lib/python3.8/site-packages/airflow/example_dags/example_short_circuit_operator.py
[2022-10-24T23:36:53.539+0200] {processor.py:766} INFO - DAG(s) dict_keys(['example_short_circuit_operator']) retrieved from /home/batata/PycharmProjects/Restitution_python_test_de/test_de/lib/python3.8/site-packages/airflow/example_dags/example_short_circuit_operator.py
[2022-10-24T23:36:53.564+0200] {logging_mixin.py:120} INFO - [2022-10-24T23:36:53.564+0200] {dag.py:2585} INFO - Sync 1 DAGs
[2022-10-24T23:36:53.583+0200] {logging_mixin.py:120} INFO - [2022-10-24T23:36:53.583+0200] {dag.py:3336} INFO - Setting next_dagrun for example_short_circuit_operator to 2022-10-23T21:36:53.583513+00:00, run_after=2022-10-24T21:36:53.583513+00:00
[2022-10-24T23:36:53.608+0200] {processor.py:176} INFO - Processing /home/batata/PycharmProjects/Restitution_python_test_de/test_de/lib/python3.8/site-packages/airflow/example_dags/example_short_circuit_operator.py took 0.095 seconds
[2022-10-24T23:37:31.631+0200] {processor.py:154} INFO - Started process (PID=21356) to work on /home/batata/PycharmProjects/Restitution_python_test_de/test_de/lib/python3.8/site-packages/airflow/example_dags/example_short_circuit_operator.py
[2022-10-24T23:37:31.633+0200] {processor.py:756} INFO - Processing file /home/batata/PycharmProjects/Restitution_python_test_de/test_de/lib/python3.8/site-packages/airflow/example_dags/example_short_circuit_operator.py for tasks to queue
[2022-10-24T23:37:31.633+0200] {logging_mixin.py:120} INFO - [2022-10-24T23:37:31.633+0200] {dagbag.py:537} INFO - Filling up the DagBag from /home/batata/PycharmProjects/Restitution_python_test_de/test_de/lib/python3.8/site-packages/airflow/example_dags/example_short_circuit_operator.py
[2022-10-24T23:37:31.650+0200] {processor.py:766} INFO - DAG(s) dict_keys(['example_short_circuit_operator']) retrieved from /home/batata/PycharmProjects/Restitution_python_test_de/test_de/lib/python3.8/site-packages/airflow/example_dags/example_short_circuit_operator.py
[2022-10-24T23:37:31.675+0200] {logging_mixin.py:120} INFO - [2022-10-24T23:37:31.675+0200] {dag.py:2585} INFO - Sync 1 DAGs
[2022-10-24T23:37:31.696+0200] {logging_mixin.py:120} INFO - [2022-10-24T23:37:31.696+0200] {dag.py:3336} INFO - Setting next_dagrun for example_short_circuit_operator to 2022-10-23T21:37:31.696312+00:00, run_after=2022-10-24T21:37:31.696312+00:00
[2022-10-24T23:37:31.723+0200] {processor.py:176} INFO - Processing /home/batata/PycharmProjects/Restitution_python_test_de/test_de/lib/python3.8/site-packages/airflow/example_dags/example_short_circuit_operator.py took 0.095 seconds
