[2022-10-24T23:32:26.169+0200] {processor.py:154} INFO - Started process (PID=19086) to work on /home/batata/PycharmProjects/Restitution_python_test_de/test_de/lib/python3.8/site-packages/airflow/example_dags/example_xcomargs.py
[2022-10-24T23:32:26.170+0200] {processor.py:756} INFO - Processing file /home/batata/PycharmProjects/Restitution_python_test_de/test_de/lib/python3.8/site-packages/airflow/example_dags/example_xcomargs.py for tasks to queue
[2022-10-24T23:32:26.173+0200] {logging_mixin.py:120} INFO - [2022-10-24T23:32:26.172+0200] {dagbag.py:537} INFO - Filling up the DagBag from /home/batata/PycharmProjects/Restitution_python_test_de/test_de/lib/python3.8/site-packages/airflow/example_dags/example_xcomargs.py
[2022-10-24T23:32:26.214+0200] {processor.py:766} INFO - DAG(s) dict_keys(['example_xcom_args_with_operators', 'example_xcom_args']) retrieved from /home/batata/PycharmProjects/Restitution_python_test_de/test_de/lib/python3.8/site-packages/airflow/example_dags/example_xcomargs.py
[2022-10-24T23:32:26.329+0200] {logging_mixin.py:120} INFO - [2022-10-24T23:32:26.328+0200] {manager.py:507} INFO - Created Permission View: can read on DAG:example_xcom_args_with_operators
[2022-10-24T23:32:26.344+0200] {logging_mixin.py:120} INFO - [2022-10-24T23:32:26.344+0200] {manager.py:507} INFO - Created Permission View: can delete on DAG:example_xcom_args_with_operators
[2022-10-24T23:32:26.360+0200] {logging_mixin.py:120} INFO - [2022-10-24T23:32:26.360+0200] {manager.py:507} INFO - Created Permission View: can edit on DAG:example_xcom_args_with_operators
[2022-10-24T23:32:26.387+0200] {logging_mixin.py:120} INFO - [2022-10-24T23:32:26.387+0200] {manager.py:507} INFO - Created Permission View: can read on DAG:example_xcom_args
[2022-10-24T23:32:26.402+0200] {logging_mixin.py:120} INFO - [2022-10-24T23:32:26.402+0200] {manager.py:507} INFO - Created Permission View: can delete on DAG:example_xcom_args
[2022-10-24T23:32:26.421+0200] {logging_mixin.py:120} INFO - [2022-10-24T23:32:26.420+0200] {manager.py:507} INFO - Created Permission View: can edit on DAG:example_xcom_args
[2022-10-24T23:32:26.421+0200] {logging_mixin.py:120} INFO - [2022-10-24T23:32:26.421+0200] {dag.py:2585} INFO - Sync 2 DAGs
[2022-10-24T23:32:26.440+0200] {logging_mixin.py:120} INFO - [2022-10-24T23:32:26.440+0200] {dag.py:2606} INFO - Creating ORM DAG for example_xcom_args_with_operators
[2022-10-24T23:32:26.441+0200] {logging_mixin.py:120} INFO - [2022-10-24T23:32:26.440+0200] {dag.py:2606} INFO - Creating ORM DAG for example_xcom_args
[2022-10-24T23:32:26.453+0200] {logging_mixin.py:120} INFO - [2022-10-24T23:32:26.452+0200] {dag.py:3336} INFO - Setting next_dagrun for example_xcom_args to None, run_after=None
[2022-10-24T23:32:26.453+0200] {logging_mixin.py:120} INFO - [2022-10-24T23:32:26.453+0200] {dag.py:3336} INFO - Setting next_dagrun for example_xcom_args_with_operators to None, run_after=None
[2022-10-24T23:32:26.478+0200] {processor.py:176} INFO - Processing /home/batata/PycharmProjects/Restitution_python_test_de/test_de/lib/python3.8/site-packages/airflow/example_dags/example_xcomargs.py took 0.313 seconds
[2022-10-24T23:32:32.520+0200] {processor.py:154} INFO - Started process (PID=19162) to work on /home/batata/PycharmProjects/Restitution_python_test_de/test_de/lib/python3.8/site-packages/airflow/example_dags/example_xcomargs.py
[2022-10-24T23:32:32.520+0200] {processor.py:756} INFO - Processing file /home/batata/PycharmProjects/Restitution_python_test_de/test_de/lib/python3.8/site-packages/airflow/example_dags/example_xcomargs.py for tasks to queue
[2022-10-24T23:32:32.521+0200] {logging_mixin.py:120} INFO - [2022-10-24T23:32:32.521+0200] {dagbag.py:537} INFO - Filling up the DagBag from /home/batata/PycharmProjects/Restitution_python_test_de/test_de/lib/python3.8/site-packages/airflow/example_dags/example_xcomargs.py
[2022-10-24T23:32:32.547+0200] {processor.py:766} INFO - DAG(s) dict_keys(['example_xcom_args_with_operators', 'example_xcom_args']) retrieved from /home/batata/PycharmProjects/Restitution_python_test_de/test_de/lib/python3.8/site-packages/airflow/example_dags/example_xcomargs.py
[2022-10-24T23:32:32.560+0200] {logging_mixin.py:120} INFO - [2022-10-24T23:32:32.560+0200] {dag.py:2585} INFO - Sync 2 DAGs
[2022-10-24T23:32:32.581+0200] {logging_mixin.py:120} INFO - [2022-10-24T23:32:32.580+0200] {dag.py:3336} INFO - Setting next_dagrun for example_xcom_args to None, run_after=None
[2022-10-24T23:32:32.583+0200] {logging_mixin.py:120} INFO - [2022-10-24T23:32:32.583+0200] {dag.py:3336} INFO - Setting next_dagrun for example_xcom_args_with_operators to None, run_after=None
[2022-10-24T23:32:32.606+0200] {processor.py:176} INFO - Processing /home/batata/PycharmProjects/Restitution_python_test_de/test_de/lib/python3.8/site-packages/airflow/example_dags/example_xcomargs.py took 0.089 seconds
[2022-10-24T23:33:14.941+0200] {processor.py:154} INFO - Started process (PID=19500) to work on /home/batata/PycharmProjects/Restitution_python_test_de/test_de/lib/python3.8/site-packages/airflow/example_dags/example_xcomargs.py
[2022-10-24T23:33:14.944+0200] {processor.py:756} INFO - Processing file /home/batata/PycharmProjects/Restitution_python_test_de/test_de/lib/python3.8/site-packages/airflow/example_dags/example_xcomargs.py for tasks to queue
[2022-10-24T23:33:14.945+0200] {logging_mixin.py:120} INFO - [2022-10-24T23:33:14.945+0200] {dagbag.py:537} INFO - Filling up the DagBag from /home/batata/PycharmProjects/Restitution_python_test_de/test_de/lib/python3.8/site-packages/airflow/example_dags/example_xcomargs.py
[2022-10-24T23:33:14.973+0200] {processor.py:766} INFO - DAG(s) dict_keys(['example_xcom_args', 'example_xcom_args_with_operators']) retrieved from /home/batata/PycharmProjects/Restitution_python_test_de/test_de/lib/python3.8/site-packages/airflow/example_dags/example_xcomargs.py
[2022-10-24T23:33:14.998+0200] {logging_mixin.py:120} INFO - [2022-10-24T23:33:14.998+0200] {dag.py:2585} INFO - Sync 2 DAGs
[2022-10-24T23:33:15.017+0200] {logging_mixin.py:120} INFO - [2022-10-24T23:33:15.017+0200] {dag.py:3336} INFO - Setting next_dagrun for example_xcom_args to None, run_after=None
[2022-10-24T23:33:15.019+0200] {logging_mixin.py:120} INFO - [2022-10-24T23:33:15.019+0200] {dag.py:3336} INFO - Setting next_dagrun for example_xcom_args_with_operators to None, run_after=None
[2022-10-24T23:33:15.047+0200] {processor.py:176} INFO - Processing /home/batata/PycharmProjects/Restitution_python_test_de/test_de/lib/python3.8/site-packages/airflow/example_dags/example_xcomargs.py took 0.110 seconds
[2022-10-24T23:33:56.462+0200] {processor.py:154} INFO - Started process (PID=19885) to work on /home/batata/PycharmProjects/Restitution_python_test_de/test_de/lib/python3.8/site-packages/airflow/example_dags/example_xcomargs.py
[2022-10-24T23:33:56.464+0200] {processor.py:756} INFO - Processing file /home/batata/PycharmProjects/Restitution_python_test_de/test_de/lib/python3.8/site-packages/airflow/example_dags/example_xcomargs.py for tasks to queue
[2022-10-24T23:33:56.465+0200] {logging_mixin.py:120} INFO - [2022-10-24T23:33:56.465+0200] {dagbag.py:537} INFO - Filling up the DagBag from /home/batata/PycharmProjects/Restitution_python_test_de/test_de/lib/python3.8/site-packages/airflow/example_dags/example_xcomargs.py
[2022-10-24T23:33:56.494+0200] {processor.py:766} INFO - DAG(s) dict_keys(['example_xcom_args_with_operators', 'example_xcom_args']) retrieved from /home/batata/PycharmProjects/Restitution_python_test_de/test_de/lib/python3.8/site-packages/airflow/example_dags/example_xcomargs.py
[2022-10-24T23:33:56.519+0200] {logging_mixin.py:120} INFO - [2022-10-24T23:33:56.519+0200] {dag.py:2585} INFO - Sync 2 DAGs
[2022-10-24T23:33:56.537+0200] {logging_mixin.py:120} INFO - [2022-10-24T23:33:56.537+0200] {dag.py:3336} INFO - Setting next_dagrun for example_xcom_args to None, run_after=None
[2022-10-24T23:33:56.539+0200] {logging_mixin.py:120} INFO - [2022-10-24T23:33:56.539+0200] {dag.py:3336} INFO - Setting next_dagrun for example_xcom_args_with_operators to None, run_after=None
[2022-10-24T23:33:56.562+0200] {processor.py:176} INFO - Processing /home/batata/PycharmProjects/Restitution_python_test_de/test_de/lib/python3.8/site-packages/airflow/example_dags/example_xcomargs.py took 0.103 seconds
[2022-10-24T23:34:37.298+0200] {processor.py:154} INFO - Started process (PID=20230) to work on /home/batata/PycharmProjects/Restitution_python_test_de/test_de/lib/python3.8/site-packages/airflow/example_dags/example_xcomargs.py
[2022-10-24T23:34:37.301+0200] {processor.py:756} INFO - Processing file /home/batata/PycharmProjects/Restitution_python_test_de/test_de/lib/python3.8/site-packages/airflow/example_dags/example_xcomargs.py for tasks to queue
[2022-10-24T23:34:37.306+0200] {logging_mixin.py:120} INFO - [2022-10-24T23:34:37.306+0200] {dagbag.py:537} INFO - Filling up the DagBag from /home/batata/PycharmProjects/Restitution_python_test_de/test_de/lib/python3.8/site-packages/airflow/example_dags/example_xcomargs.py
[2022-10-24T23:34:37.355+0200] {processor.py:766} INFO - DAG(s) dict_keys(['example_xcom_args_with_operators', 'example_xcom_args']) retrieved from /home/batata/PycharmProjects/Restitution_python_test_de/test_de/lib/python3.8/site-packages/airflow/example_dags/example_xcomargs.py
[2022-10-24T23:34:37.407+0200] {logging_mixin.py:120} INFO - [2022-10-24T23:34:37.407+0200] {dag.py:2585} INFO - Sync 2 DAGs
[2022-10-24T23:34:37.437+0200] {logging_mixin.py:120} INFO - [2022-10-24T23:34:37.436+0200] {dag.py:3336} INFO - Setting next_dagrun for example_xcom_args to None, run_after=None
[2022-10-24T23:34:37.441+0200] {logging_mixin.py:120} INFO - [2022-10-24T23:34:37.441+0200] {dag.py:3336} INFO - Setting next_dagrun for example_xcom_args_with_operators to None, run_after=None
[2022-10-24T23:34:37.476+0200] {processor.py:176} INFO - Processing /home/batata/PycharmProjects/Restitution_python_test_de/test_de/lib/python3.8/site-packages/airflow/example_dags/example_xcomargs.py took 0.186 seconds
[2022-10-24T23:35:18.366+0200] {processor.py:154} INFO - Started process (PID=20429) to work on /home/batata/PycharmProjects/Restitution_python_test_de/test_de/lib/python3.8/site-packages/airflow/example_dags/example_xcomargs.py
[2022-10-24T23:35:18.369+0200] {processor.py:756} INFO - Processing file /home/batata/PycharmProjects/Restitution_python_test_de/test_de/lib/python3.8/site-packages/airflow/example_dags/example_xcomargs.py for tasks to queue
[2022-10-24T23:35:18.371+0200] {logging_mixin.py:120} INFO - [2022-10-24T23:35:18.371+0200] {dagbag.py:537} INFO - Filling up the DagBag from /home/batata/PycharmProjects/Restitution_python_test_de/test_de/lib/python3.8/site-packages/airflow/example_dags/example_xcomargs.py
[2022-10-24T23:35:18.402+0200] {processor.py:766} INFO - DAG(s) dict_keys(['example_xcom_args_with_operators', 'example_xcom_args']) retrieved from /home/batata/PycharmProjects/Restitution_python_test_de/test_de/lib/python3.8/site-packages/airflow/example_dags/example_xcomargs.py
[2022-10-24T23:35:18.434+0200] {logging_mixin.py:120} INFO - [2022-10-24T23:35:18.434+0200] {dag.py:2585} INFO - Sync 2 DAGs
[2022-10-24T23:35:18.458+0200] {logging_mixin.py:120} INFO - [2022-10-24T23:35:18.458+0200] {dag.py:3336} INFO - Setting next_dagrun for example_xcom_args to None, run_after=None
[2022-10-24T23:35:18.463+0200] {logging_mixin.py:120} INFO - [2022-10-24T23:35:18.462+0200] {dag.py:3336} INFO - Setting next_dagrun for example_xcom_args_with_operators to None, run_after=None
[2022-10-24T23:35:18.494+0200] {processor.py:176} INFO - Processing /home/batata/PycharmProjects/Restitution_python_test_de/test_de/lib/python3.8/site-packages/airflow/example_dags/example_xcomargs.py took 0.132 seconds
[2022-10-24T23:36:09.022+0200] {processor.py:154} INFO - Started process (PID=20805) to work on /home/batata/PycharmProjects/Restitution_python_test_de/test_de/lib/python3.8/site-packages/airflow/example_dags/example_xcomargs.py
[2022-10-24T23:36:09.024+0200] {processor.py:756} INFO - Processing file /home/batata/PycharmProjects/Restitution_python_test_de/test_de/lib/python3.8/site-packages/airflow/example_dags/example_xcomargs.py for tasks to queue
[2022-10-24T23:36:09.025+0200] {logging_mixin.py:120} INFO - [2022-10-24T23:36:09.025+0200] {dagbag.py:537} INFO - Filling up the DagBag from /home/batata/PycharmProjects/Restitution_python_test_de/test_de/lib/python3.8/site-packages/airflow/example_dags/example_xcomargs.py
[2022-10-24T23:36:09.053+0200] {processor.py:766} INFO - DAG(s) dict_keys(['example_xcom_args', 'example_xcom_args_with_operators']) retrieved from /home/batata/PycharmProjects/Restitution_python_test_de/test_de/lib/python3.8/site-packages/airflow/example_dags/example_xcomargs.py
[2022-10-24T23:36:09.078+0200] {logging_mixin.py:120} INFO - [2022-10-24T23:36:09.078+0200] {dag.py:2585} INFO - Sync 2 DAGs
[2022-10-24T23:36:09.098+0200] {logging_mixin.py:120} INFO - [2022-10-24T23:36:09.098+0200] {dag.py:3336} INFO - Setting next_dagrun for example_xcom_args to None, run_after=None
[2022-10-24T23:36:09.103+0200] {logging_mixin.py:120} INFO - [2022-10-24T23:36:09.102+0200] {dag.py:3336} INFO - Setting next_dagrun for example_xcom_args_with_operators to None, run_after=None
[2022-10-24T23:36:09.127+0200] {processor.py:176} INFO - Processing /home/batata/PycharmProjects/Restitution_python_test_de/test_de/lib/python3.8/site-packages/airflow/example_dags/example_xcomargs.py took 0.108 seconds
[2022-10-24T23:36:49.954+0200] {processor.py:154} INFO - Started process (PID=21178) to work on /home/batata/PycharmProjects/Restitution_python_test_de/test_de/lib/python3.8/site-packages/airflow/example_dags/example_xcomargs.py
[2022-10-24T23:36:49.958+0200] {processor.py:756} INFO - Processing file /home/batata/PycharmProjects/Restitution_python_test_de/test_de/lib/python3.8/site-packages/airflow/example_dags/example_xcomargs.py for tasks to queue
[2022-10-24T23:36:49.959+0200] {logging_mixin.py:120} INFO - [2022-10-24T23:36:49.959+0200] {dagbag.py:537} INFO - Filling up the DagBag from /home/batata/PycharmProjects/Restitution_python_test_de/test_de/lib/python3.8/site-packages/airflow/example_dags/example_xcomargs.py
[2022-10-24T23:36:50.007+0200] {processor.py:766} INFO - DAG(s) dict_keys(['example_xcom_args_with_operators', 'example_xcom_args']) retrieved from /home/batata/PycharmProjects/Restitution_python_test_de/test_de/lib/python3.8/site-packages/airflow/example_dags/example_xcomargs.py
[2022-10-24T23:36:50.051+0200] {logging_mixin.py:120} INFO - [2022-10-24T23:36:50.051+0200] {dag.py:2585} INFO - Sync 2 DAGs
[2022-10-24T23:36:50.094+0200] {logging_mixin.py:120} INFO - [2022-10-24T23:36:50.094+0200] {dag.py:3336} INFO - Setting next_dagrun for example_xcom_args to None, run_after=None
[2022-10-24T23:36:50.097+0200] {logging_mixin.py:120} INFO - [2022-10-24T23:36:50.097+0200] {dag.py:3336} INFO - Setting next_dagrun for example_xcom_args_with_operators to None, run_after=None
[2022-10-24T23:36:50.136+0200] {processor.py:176} INFO - Processing /home/batata/PycharmProjects/Restitution_python_test_de/test_de/lib/python3.8/site-packages/airflow/example_dags/example_xcomargs.py took 0.187 seconds
[2022-10-24T23:37:28.859+0200] {processor.py:154} INFO - Started process (PID=21334) to work on /home/batata/PycharmProjects/Restitution_python_test_de/test_de/lib/python3.8/site-packages/airflow/example_dags/example_xcomargs.py
[2022-10-24T23:37:28.862+0200] {processor.py:756} INFO - Processing file /home/batata/PycharmProjects/Restitution_python_test_de/test_de/lib/python3.8/site-packages/airflow/example_dags/example_xcomargs.py for tasks to queue
[2022-10-24T23:37:28.862+0200] {logging_mixin.py:120} INFO - [2022-10-24T23:37:28.862+0200] {dagbag.py:537} INFO - Filling up the DagBag from /home/batata/PycharmProjects/Restitution_python_test_de/test_de/lib/python3.8/site-packages/airflow/example_dags/example_xcomargs.py
[2022-10-24T23:37:28.887+0200] {processor.py:766} INFO - DAG(s) dict_keys(['example_xcom_args_with_operators', 'example_xcom_args']) retrieved from /home/batata/PycharmProjects/Restitution_python_test_de/test_de/lib/python3.8/site-packages/airflow/example_dags/example_xcomargs.py
[2022-10-24T23:37:28.915+0200] {logging_mixin.py:120} INFO - [2022-10-24T23:37:28.915+0200] {dag.py:2585} INFO - Sync 2 DAGs
[2022-10-24T23:37:28.941+0200] {logging_mixin.py:120} INFO - [2022-10-24T23:37:28.941+0200] {dag.py:3336} INFO - Setting next_dagrun for example_xcom_args to None, run_after=None
[2022-10-24T23:37:28.944+0200] {logging_mixin.py:120} INFO - [2022-10-24T23:37:28.944+0200] {dag.py:3336} INFO - Setting next_dagrun for example_xcom_args_with_operators to None, run_after=None
[2022-10-24T23:37:28.973+0200] {processor.py:176} INFO - Processing /home/batata/PycharmProjects/Restitution_python_test_de/test_de/lib/python3.8/site-packages/airflow/example_dags/example_xcomargs.py took 0.117 seconds
