[2022-10-24T23:33:07.980+0200] {processor.py:154} INFO - Started process (PID=19462) to work on /home/batata/PycharmProjects/Restitution_python_test_de/test_de/lib/python3.8/site-packages/airflow/example_dags/example_branch_datetime_operator.py
[2022-10-24T23:33:07.981+0200] {processor.py:756} INFO - Processing file /home/batata/PycharmProjects/Restitution_python_test_de/test_de/lib/python3.8/site-packages/airflow/example_dags/example_branch_datetime_operator.py for tasks to queue
[2022-10-24T23:33:07.984+0200] {logging_mixin.py:120} INFO - [2022-10-24T23:33:07.983+0200] {dagbag.py:537} INFO - Filling up the DagBag from /home/batata/PycharmProjects/Restitution_python_test_de/test_de/lib/python3.8/site-packages/airflow/example_dags/example_branch_datetime_operator.py
[2022-10-24T23:33:08.056+0200] {processor.py:766} INFO - DAG(s) dict_keys(['example_branch_datetime_operator', 'example_branch_datetime_operator_2', 'example_branch_datetime_operator_3']) retrieved from /home/batata/PycharmProjects/Restitution_python_test_de/test_de/lib/python3.8/site-packages/airflow/example_dags/example_branch_datetime_operator.py
[2022-10-24T23:33:08.271+0200] {logging_mixin.py:120} INFO - [2022-10-24T23:33:08.270+0200] {manager.py:507} INFO - Created Permission View: can read on DAG:example_branch_datetime_operator
[2022-10-24T23:33:08.306+0200] {logging_mixin.py:120} INFO - [2022-10-24T23:33:08.306+0200] {manager.py:507} INFO - Created Permission View: can delete on DAG:example_branch_datetime_operator
[2022-10-24T23:33:08.337+0200] {logging_mixin.py:120} INFO - [2022-10-24T23:33:08.337+0200] {manager.py:507} INFO - Created Permission View: can edit on DAG:example_branch_datetime_operator
[2022-10-24T23:33:08.401+0200] {logging_mixin.py:120} INFO - [2022-10-24T23:33:08.400+0200] {manager.py:507} INFO - Created Permission View: can read on DAG:example_branch_datetime_operator_2
[2022-10-24T23:33:08.435+0200] {logging_mixin.py:120} INFO - [2022-10-24T23:33:08.435+0200] {manager.py:507} INFO - Created Permission View: can delete on DAG:example_branch_datetime_operator_2
[2022-10-24T23:33:08.465+0200] {logging_mixin.py:120} INFO - [2022-10-24T23:33:08.465+0200] {manager.py:507} INFO - Created Permission View: can edit on DAG:example_branch_datetime_operator_2
[2022-10-24T23:33:08.526+0200] {logging_mixin.py:120} INFO - [2022-10-24T23:33:08.525+0200] {manager.py:507} INFO - Created Permission View: can read on DAG:example_branch_datetime_operator_3
[2022-10-24T23:33:08.554+0200] {logging_mixin.py:120} INFO - [2022-10-24T23:33:08.553+0200] {manager.py:507} INFO - Created Permission View: can delete on DAG:example_branch_datetime_operator_3
[2022-10-24T23:33:08.578+0200] {logging_mixin.py:120} INFO - [2022-10-24T23:33:08.578+0200] {manager.py:507} INFO - Created Permission View: can edit on DAG:example_branch_datetime_operator_3
[2022-10-24T23:33:08.578+0200] {logging_mixin.py:120} INFO - [2022-10-24T23:33:08.578+0200] {dag.py:2585} INFO - Sync 3 DAGs
[2022-10-24T23:33:08.594+0200] {logging_mixin.py:120} INFO - [2022-10-24T23:33:08.594+0200] {dag.py:2606} INFO - Creating ORM DAG for example_branch_datetime_operator_2
[2022-10-24T23:33:08.595+0200] {logging_mixin.py:120} INFO - [2022-10-24T23:33:08.595+0200] {dag.py:2606} INFO - Creating ORM DAG for example_branch_datetime_operator
[2022-10-24T23:33:08.595+0200] {logging_mixin.py:120} INFO - [2022-10-24T23:33:08.595+0200] {dag.py:2606} INFO - Creating ORM DAG for example_branch_datetime_operator_3
[2022-10-24T23:33:08.609+0200] {logging_mixin.py:120} INFO - [2022-10-24T23:33:08.609+0200] {dag.py:3336} INFO - Setting next_dagrun for example_branch_datetime_operator to 2022-10-23T00:00:00+00:00, run_after=2022-10-24T00:00:00+00:00
[2022-10-24T23:33:08.611+0200] {logging_mixin.py:120} INFO - [2022-10-24T23:33:08.611+0200] {dag.py:3336} INFO - Setting next_dagrun for example_branch_datetime_operator_2 to 2022-10-23T00:00:00+00:00, run_after=2022-10-24T00:00:00+00:00
[2022-10-24T23:33:08.614+0200] {logging_mixin.py:120} INFO - [2022-10-24T23:33:08.614+0200] {dag.py:3336} INFO - Setting next_dagrun for example_branch_datetime_operator_3 to 2022-10-23T00:00:00+00:00, run_after=2022-10-24T00:00:00+00:00
[2022-10-24T23:33:08.650+0200] {processor.py:176} INFO - Processing /home/batata/PycharmProjects/Restitution_python_test_de/test_de/lib/python3.8/site-packages/airflow/example_dags/example_branch_datetime_operator.py took 0.674 seconds
[2022-10-24T23:33:49.903+0200] {processor.py:154} INFO - Started process (PID=19828) to work on /home/batata/PycharmProjects/Restitution_python_test_de/test_de/lib/python3.8/site-packages/airflow/example_dags/example_branch_datetime_operator.py
[2022-10-24T23:33:49.907+0200] {processor.py:756} INFO - Processing file /home/batata/PycharmProjects/Restitution_python_test_de/test_de/lib/python3.8/site-packages/airflow/example_dags/example_branch_datetime_operator.py for tasks to queue
[2022-10-24T23:33:49.908+0200] {logging_mixin.py:120} INFO - [2022-10-24T23:33:49.908+0200] {dagbag.py:537} INFO - Filling up the DagBag from /home/batata/PycharmProjects/Restitution_python_test_de/test_de/lib/python3.8/site-packages/airflow/example_dags/example_branch_datetime_operator.py
[2022-10-24T23:33:49.933+0200] {processor.py:766} INFO - DAG(s) dict_keys(['example_branch_datetime_operator_3', 'example_branch_datetime_operator', 'example_branch_datetime_operator_2']) retrieved from /home/batata/PycharmProjects/Restitution_python_test_de/test_de/lib/python3.8/site-packages/airflow/example_dags/example_branch_datetime_operator.py
[2022-10-24T23:33:49.959+0200] {logging_mixin.py:120} INFO - [2022-10-24T23:33:49.959+0200] {dag.py:2585} INFO - Sync 3 DAGs
[2022-10-24T23:33:49.980+0200] {logging_mixin.py:120} INFO - [2022-10-24T23:33:49.980+0200] {dag.py:3336} INFO - Setting next_dagrun for example_branch_datetime_operator to 2022-10-23T00:00:00+00:00, run_after=2022-10-24T00:00:00+00:00
[2022-10-24T23:33:49.984+0200] {logging_mixin.py:120} INFO - [2022-10-24T23:33:49.984+0200] {dag.py:3336} INFO - Setting next_dagrun for example_branch_datetime_operator_2 to 2022-10-23T00:00:00+00:00, run_after=2022-10-24T00:00:00+00:00
[2022-10-24T23:33:49.987+0200] {logging_mixin.py:120} INFO - [2022-10-24T23:33:49.987+0200] {dag.py:3336} INFO - Setting next_dagrun for example_branch_datetime_operator_3 to 2022-10-23T00:00:00+00:00, run_after=2022-10-24T00:00:00+00:00
[2022-10-24T23:33:50.012+0200] {processor.py:176} INFO - Processing /home/batata/PycharmProjects/Restitution_python_test_de/test_de/lib/python3.8/site-packages/airflow/example_dags/example_branch_datetime_operator.py took 0.113 seconds
[2022-10-24T23:34:30.603+0200] {processor.py:154} INFO - Started process (PID=20202) to work on /home/batata/PycharmProjects/Restitution_python_test_de/test_de/lib/python3.8/site-packages/airflow/example_dags/example_branch_datetime_operator.py
[2022-10-24T23:34:30.606+0200] {processor.py:756} INFO - Processing file /home/batata/PycharmProjects/Restitution_python_test_de/test_de/lib/python3.8/site-packages/airflow/example_dags/example_branch_datetime_operator.py for tasks to queue
[2022-10-24T23:34:30.607+0200] {logging_mixin.py:120} INFO - [2022-10-24T23:34:30.607+0200] {dagbag.py:537} INFO - Filling up the DagBag from /home/batata/PycharmProjects/Restitution_python_test_de/test_de/lib/python3.8/site-packages/airflow/example_dags/example_branch_datetime_operator.py
[2022-10-24T23:34:30.649+0200] {processor.py:766} INFO - DAG(s) dict_keys(['example_branch_datetime_operator', 'example_branch_datetime_operator_3', 'example_branch_datetime_operator_2']) retrieved from /home/batata/PycharmProjects/Restitution_python_test_de/test_de/lib/python3.8/site-packages/airflow/example_dags/example_branch_datetime_operator.py
[2022-10-24T23:34:30.701+0200] {logging_mixin.py:120} INFO - [2022-10-24T23:34:30.701+0200] {dag.py:2585} INFO - Sync 3 DAGs
[2022-10-24T23:34:30.732+0200] {logging_mixin.py:120} INFO - [2022-10-24T23:34:30.732+0200] {dag.py:3336} INFO - Setting next_dagrun for example_branch_datetime_operator to 2022-10-23T00:00:00+00:00, run_after=2022-10-24T00:00:00+00:00
[2022-10-24T23:34:30.738+0200] {logging_mixin.py:120} INFO - [2022-10-24T23:34:30.737+0200] {dag.py:3336} INFO - Setting next_dagrun for example_branch_datetime_operator_2 to 2022-10-23T00:00:00+00:00, run_after=2022-10-24T00:00:00+00:00
[2022-10-24T23:34:30.742+0200] {logging_mixin.py:120} INFO - [2022-10-24T23:34:30.741+0200] {dag.py:3336} INFO - Setting next_dagrun for example_branch_datetime_operator_3 to 2022-10-23T00:00:00+00:00, run_after=2022-10-24T00:00:00+00:00
[2022-10-24T23:34:30.776+0200] {processor.py:176} INFO - Processing /home/batata/PycharmProjects/Restitution_python_test_de/test_de/lib/python3.8/site-packages/airflow/example_dags/example_branch_datetime_operator.py took 0.179 seconds
[2022-10-24T23:35:10.848+0200] {processor.py:154} INFO - Started process (PID=20370) to work on /home/batata/PycharmProjects/Restitution_python_test_de/test_de/lib/python3.8/site-packages/airflow/example_dags/example_branch_datetime_operator.py
[2022-10-24T23:35:10.850+0200] {processor.py:756} INFO - Processing file /home/batata/PycharmProjects/Restitution_python_test_de/test_de/lib/python3.8/site-packages/airflow/example_dags/example_branch_datetime_operator.py for tasks to queue
[2022-10-24T23:35:10.852+0200] {logging_mixin.py:120} INFO - [2022-10-24T23:35:10.852+0200] {dagbag.py:537} INFO - Filling up the DagBag from /home/batata/PycharmProjects/Restitution_python_test_de/test_de/lib/python3.8/site-packages/airflow/example_dags/example_branch_datetime_operator.py
[2022-10-24T23:35:10.871+0200] {processor.py:766} INFO - DAG(s) dict_keys(['example_branch_datetime_operator', 'example_branch_datetime_operator_3', 'example_branch_datetime_operator_2']) retrieved from /home/batata/PycharmProjects/Restitution_python_test_de/test_de/lib/python3.8/site-packages/airflow/example_dags/example_branch_datetime_operator.py
[2022-10-24T23:35:10.899+0200] {logging_mixin.py:120} INFO - [2022-10-24T23:35:10.899+0200] {dag.py:2585} INFO - Sync 3 DAGs
[2022-10-24T23:35:10.922+0200] {logging_mixin.py:120} INFO - [2022-10-24T23:35:10.922+0200] {dag.py:3336} INFO - Setting next_dagrun for example_branch_datetime_operator to 2022-10-23T00:00:00+00:00, run_after=2022-10-24T00:00:00+00:00
[2022-10-24T23:35:10.927+0200] {logging_mixin.py:120} INFO - [2022-10-24T23:35:10.927+0200] {dag.py:3336} INFO - Setting next_dagrun for example_branch_datetime_operator_2 to 2022-10-23T00:00:00+00:00, run_after=2022-10-24T00:00:00+00:00
[2022-10-24T23:35:10.931+0200] {logging_mixin.py:120} INFO - [2022-10-24T23:35:10.931+0200] {dag.py:3336} INFO - Setting next_dagrun for example_branch_datetime_operator_3 to 2022-10-23T00:00:00+00:00, run_after=2022-10-24T00:00:00+00:00
[2022-10-24T23:35:10.962+0200] {processor.py:176} INFO - Processing /home/batata/PycharmProjects/Restitution_python_test_de/test_de/lib/python3.8/site-packages/airflow/example_dags/example_branch_datetime_operator.py took 0.118 seconds
[2022-10-24T23:35:48.509+0200] {processor.py:154} INFO - Started process (PID=20587) to work on /home/batata/PycharmProjects/Restitution_python_test_de/test_de/lib/python3.8/site-packages/airflow/example_dags/example_branch_datetime_operator.py
[2022-10-24T23:35:48.512+0200] {processor.py:756} INFO - Processing file /home/batata/PycharmProjects/Restitution_python_test_de/test_de/lib/python3.8/site-packages/airflow/example_dags/example_branch_datetime_operator.py for tasks to queue
[2022-10-24T23:35:48.516+0200] {logging_mixin.py:120} INFO - [2022-10-24T23:35:48.516+0200] {dagbag.py:537} INFO - Filling up the DagBag from /home/batata/PycharmProjects/Restitution_python_test_de/test_de/lib/python3.8/site-packages/airflow/example_dags/example_branch_datetime_operator.py
[2022-10-24T23:35:48.541+0200] {processor.py:766} INFO - DAG(s) dict_keys(['example_branch_datetime_operator_3', 'example_branch_datetime_operator', 'example_branch_datetime_operator_2']) retrieved from /home/batata/PycharmProjects/Restitution_python_test_de/test_de/lib/python3.8/site-packages/airflow/example_dags/example_branch_datetime_operator.py
[2022-10-24T23:35:48.578+0200] {logging_mixin.py:120} INFO - [2022-10-24T23:35:48.578+0200] {dag.py:2585} INFO - Sync 3 DAGs
[2022-10-24T23:35:48.609+0200] {logging_mixin.py:120} INFO - [2022-10-24T23:35:48.608+0200] {dag.py:3336} INFO - Setting next_dagrun for example_branch_datetime_operator to 2022-10-23T00:00:00+00:00, run_after=2022-10-24T00:00:00+00:00
[2022-10-24T23:35:48.614+0200] {logging_mixin.py:120} INFO - [2022-10-24T23:35:48.613+0200] {dag.py:3336} INFO - Setting next_dagrun for example_branch_datetime_operator_2 to 2022-10-23T00:00:00+00:00, run_after=2022-10-24T00:00:00+00:00
[2022-10-24T23:35:48.617+0200] {logging_mixin.py:120} INFO - [2022-10-24T23:35:48.617+0200] {dag.py:3336} INFO - Setting next_dagrun for example_branch_datetime_operator_3 to 2022-10-23T00:00:00+00:00, run_after=2022-10-24T00:00:00+00:00
[2022-10-24T23:35:48.654+0200] {processor.py:176} INFO - Processing /home/batata/PycharmProjects/Restitution_python_test_de/test_de/lib/python3.8/site-packages/airflow/example_dags/example_branch_datetime_operator.py took 0.147 seconds
[2022-10-24T23:36:43.188+0200] {processor.py:154} INFO - Started process (PID=21112) to work on /home/batata/PycharmProjects/Restitution_python_test_de/test_de/lib/python3.8/site-packages/airflow/example_dags/example_branch_datetime_operator.py
[2022-10-24T23:36:43.189+0200] {processor.py:756} INFO - Processing file /home/batata/PycharmProjects/Restitution_python_test_de/test_de/lib/python3.8/site-packages/airflow/example_dags/example_branch_datetime_operator.py for tasks to queue
[2022-10-24T23:36:43.191+0200] {logging_mixin.py:120} INFO - [2022-10-24T23:36:43.190+0200] {dagbag.py:537} INFO - Filling up the DagBag from /home/batata/PycharmProjects/Restitution_python_test_de/test_de/lib/python3.8/site-packages/airflow/example_dags/example_branch_datetime_operator.py
[2022-10-24T23:36:43.227+0200] {processor.py:766} INFO - DAG(s) dict_keys(['example_branch_datetime_operator_2', 'example_branch_datetime_operator_3', 'example_branch_datetime_operator']) retrieved from /home/batata/PycharmProjects/Restitution_python_test_de/test_de/lib/python3.8/site-packages/airflow/example_dags/example_branch_datetime_operator.py
[2022-10-24T23:36:43.334+0200] {logging_mixin.py:120} INFO - [2022-10-24T23:36:43.334+0200] {dag.py:2585} INFO - Sync 3 DAGs
[2022-10-24T23:36:43.401+0200] {logging_mixin.py:120} INFO - [2022-10-24T23:36:43.400+0200] {dag.py:3336} INFO - Setting next_dagrun for example_branch_datetime_operator to 2022-10-23T00:00:00+00:00, run_after=2022-10-24T00:00:00+00:00
[2022-10-24T23:36:43.420+0200] {logging_mixin.py:120} INFO - [2022-10-24T23:36:43.419+0200] {dag.py:3336} INFO - Setting next_dagrun for example_branch_datetime_operator_2 to 2022-10-23T00:00:00+00:00, run_after=2022-10-24T00:00:00+00:00
[2022-10-24T23:36:43.429+0200] {logging_mixin.py:120} INFO - [2022-10-24T23:36:43.429+0200] {dag.py:3336} INFO - Setting next_dagrun for example_branch_datetime_operator_3 to 2022-10-23T00:00:00+00:00, run_after=2022-10-24T00:00:00+00:00
[2022-10-24T23:36:43.579+0200] {processor.py:176} INFO - Processing /home/batata/PycharmProjects/Restitution_python_test_de/test_de/lib/python3.8/site-packages/airflow/example_dags/example_branch_datetime_operator.py took 0.395 seconds
[2022-10-24T23:37:22.360+0200] {processor.py:154} INFO - Started process (PID=21308) to work on /home/batata/PycharmProjects/Restitution_python_test_de/test_de/lib/python3.8/site-packages/airflow/example_dags/example_branch_datetime_operator.py
[2022-10-24T23:37:22.362+0200] {processor.py:756} INFO - Processing file /home/batata/PycharmProjects/Restitution_python_test_de/test_de/lib/python3.8/site-packages/airflow/example_dags/example_branch_datetime_operator.py for tasks to queue
[2022-10-24T23:37:22.363+0200] {logging_mixin.py:120} INFO - [2022-10-24T23:37:22.363+0200] {dagbag.py:537} INFO - Filling up the DagBag from /home/batata/PycharmProjects/Restitution_python_test_de/test_de/lib/python3.8/site-packages/airflow/example_dags/example_branch_datetime_operator.py
[2022-10-24T23:37:22.382+0200] {processor.py:766} INFO - DAG(s) dict_keys(['example_branch_datetime_operator_2', 'example_branch_datetime_operator_3', 'example_branch_datetime_operator']) retrieved from /home/batata/PycharmProjects/Restitution_python_test_de/test_de/lib/python3.8/site-packages/airflow/example_dags/example_branch_datetime_operator.py
[2022-10-24T23:37:22.411+0200] {logging_mixin.py:120} INFO - [2022-10-24T23:37:22.411+0200] {dag.py:2585} INFO - Sync 3 DAGs
[2022-10-24T23:37:22.435+0200] {logging_mixin.py:120} INFO - [2022-10-24T23:37:22.434+0200] {dag.py:3336} INFO - Setting next_dagrun for example_branch_datetime_operator to 2022-10-23T00:00:00+00:00, run_after=2022-10-24T00:00:00+00:00
[2022-10-24T23:37:22.440+0200] {logging_mixin.py:120} INFO - [2022-10-24T23:37:22.440+0200] {dag.py:3336} INFO - Setting next_dagrun for example_branch_datetime_operator_2 to 2022-10-23T00:00:00+00:00, run_after=2022-10-24T00:00:00+00:00
[2022-10-24T23:37:22.443+0200] {logging_mixin.py:120} INFO - [2022-10-24T23:37:22.443+0200] {dag.py:3336} INFO - Setting next_dagrun for example_branch_datetime_operator_3 to 2022-10-23T00:00:00+00:00, run_after=2022-10-24T00:00:00+00:00
[2022-10-24T23:37:22.471+0200] {processor.py:176} INFO - Processing /home/batata/PycharmProjects/Restitution_python_test_de/test_de/lib/python3.8/site-packages/airflow/example_dags/example_branch_datetime_operator.py took 0.114 seconds
[2022-10-24T23:38:00.310+0200] {processor.py:154} INFO - Started process (PID=21494) to work on /home/batata/PycharmProjects/Restitution_python_test_de/test_de/lib/python3.8/site-packages/airflow/example_dags/example_branch_datetime_operator.py
[2022-10-24T23:38:00.312+0200] {processor.py:756} INFO - Processing file /home/batata/PycharmProjects/Restitution_python_test_de/test_de/lib/python3.8/site-packages/airflow/example_dags/example_branch_datetime_operator.py for tasks to queue
[2022-10-24T23:38:00.313+0200] {logging_mixin.py:120} INFO - [2022-10-24T23:38:00.313+0200] {dagbag.py:537} INFO - Filling up the DagBag from /home/batata/PycharmProjects/Restitution_python_test_de/test_de/lib/python3.8/site-packages/airflow/example_dags/example_branch_datetime_operator.py
[2022-10-24T23:38:00.331+0200] {processor.py:766} INFO - DAG(s) dict_keys(['example_branch_datetime_operator_2', 'example_branch_datetime_operator', 'example_branch_datetime_operator_3']) retrieved from /home/batata/PycharmProjects/Restitution_python_test_de/test_de/lib/python3.8/site-packages/airflow/example_dags/example_branch_datetime_operator.py
[2022-10-24T23:38:00.358+0200] {logging_mixin.py:120} INFO - [2022-10-24T23:38:00.358+0200] {dag.py:2585} INFO - Sync 3 DAGs
[2022-10-24T23:38:00.388+0200] {logging_mixin.py:120} INFO - [2022-10-24T23:38:00.387+0200] {dag.py:3336} INFO - Setting next_dagrun for example_branch_datetime_operator to 2022-10-23T00:00:00+00:00, run_after=2022-10-24T00:00:00+00:00
[2022-10-24T23:38:00.392+0200] {logging_mixin.py:120} INFO - [2022-10-24T23:38:00.392+0200] {dag.py:3336} INFO - Setting next_dagrun for example_branch_datetime_operator_2 to 2022-10-23T00:00:00+00:00, run_after=2022-10-24T00:00:00+00:00
[2022-10-24T23:38:00.395+0200] {logging_mixin.py:120} INFO - [2022-10-24T23:38:00.395+0200] {dag.py:3336} INFO - Setting next_dagrun for example_branch_datetime_operator_3 to 2022-10-23T00:00:00+00:00, run_after=2022-10-24T00:00:00+00:00
[2022-10-24T23:38:00.424+0200] {processor.py:176} INFO - Processing /home/batata/PycharmProjects/Restitution_python_test_de/test_de/lib/python3.8/site-packages/airflow/example_dags/example_branch_datetime_operator.py took 0.117 seconds
