[2022-10-24T23:32:57.281+0200] {processor.py:154} INFO - Started process (PID=19371) to work on /home/batata/PycharmProjects/Restitution_python_test_de/test_de/lib/python3.8/site-packages/airflow/example_dags/example_complex.py
[2022-10-24T23:32:57.282+0200] {processor.py:756} INFO - Processing file /home/batata/PycharmProjects/Restitution_python_test_de/test_de/lib/python3.8/site-packages/airflow/example_dags/example_complex.py for tasks to queue
[2022-10-24T23:32:57.285+0200] {logging_mixin.py:120} INFO - [2022-10-24T23:32:57.285+0200] {dagbag.py:537} INFO - Filling up the DagBag from /home/batata/PycharmProjects/Restitution_python_test_de/test_de/lib/python3.8/site-packages/airflow/example_dags/example_complex.py
[2022-10-24T23:32:57.318+0200] {logging_mixin.py:120} INFO - [2022-10-24T23:32:57.317+0200] {taskmixin.py:205} WARNING - Dependency <Task(BashOperator): create_entry_group>, delete_entry_group already registered for DAG: example_complex
[2022-10-24T23:32:57.318+0200] {logging_mixin.py:120} INFO - [2022-10-24T23:32:57.318+0200] {taskmixin.py:205} WARNING - Dependency <Task(BashOperator): delete_entry_group>, create_entry_group already registered for DAG: example_complex
[2022-10-24T23:32:57.318+0200] {logging_mixin.py:120} INFO - [2022-10-24T23:32:57.318+0200] {taskmixin.py:205} WARNING - Dependency <Task(BashOperator): create_entry_gcs>, delete_entry already registered for DAG: example_complex
[2022-10-24T23:32:57.319+0200] {logging_mixin.py:120} INFO - [2022-10-24T23:32:57.319+0200] {taskmixin.py:205} WARNING - Dependency <Task(BashOperator): delete_entry>, create_entry_gcs already registered for DAG: example_complex
[2022-10-24T23:32:57.320+0200] {logging_mixin.py:120} INFO - [2022-10-24T23:32:57.319+0200] {taskmixin.py:205} WARNING - Dependency <Task(BashOperator): create_tag>, delete_tag already registered for DAG: example_complex
[2022-10-24T23:32:57.320+0200] {logging_mixin.py:120} INFO - [2022-10-24T23:32:57.320+0200] {taskmixin.py:205} WARNING - Dependency <Task(BashOperator): delete_tag>, create_tag already registered for DAG: example_complex
[2022-10-24T23:32:57.363+0200] {processor.py:766} INFO - DAG(s) dict_keys(['example_complex']) retrieved from /home/batata/PycharmProjects/Restitution_python_test_de/test_de/lib/python3.8/site-packages/airflow/example_dags/example_complex.py
[2022-10-24T23:32:57.653+0200] {logging_mixin.py:120} INFO - [2022-10-24T23:32:57.653+0200] {manager.py:507} INFO - Created Permission View: can read on DAG:example_complex
[2022-10-24T23:32:57.713+0200] {logging_mixin.py:120} INFO - [2022-10-24T23:32:57.713+0200] {manager.py:507} INFO - Created Permission View: can delete on DAG:example_complex
[2022-10-24T23:32:57.728+0200] {logging_mixin.py:120} INFO - [2022-10-24T23:32:57.727+0200] {manager.py:507} INFO - Created Permission View: can edit on DAG:example_complex
[2022-10-24T23:32:57.728+0200] {logging_mixin.py:120} INFO - [2022-10-24T23:32:57.728+0200] {dag.py:2585} INFO - Sync 1 DAGs
[2022-10-24T23:32:57.748+0200] {logging_mixin.py:120} INFO - [2022-10-24T23:32:57.748+0200] {dag.py:2606} INFO - Creating ORM DAG for example_complex
[2022-10-24T23:32:57.764+0200] {logging_mixin.py:120} INFO - [2022-10-24T23:32:57.764+0200] {dag.py:3336} INFO - Setting next_dagrun for example_complex to None, run_after=None
[2022-10-24T23:32:57.921+0200] {processor.py:176} INFO - Processing /home/batata/PycharmProjects/Restitution_python_test_de/test_de/lib/python3.8/site-packages/airflow/example_dags/example_complex.py took 0.644 seconds
[2022-10-24T23:33:43.584+0200] {processor.py:154} INFO - Started process (PID=19774) to work on /home/batata/PycharmProjects/Restitution_python_test_de/test_de/lib/python3.8/site-packages/airflow/example_dags/example_complex.py
[2022-10-24T23:33:43.586+0200] {processor.py:756} INFO - Processing file /home/batata/PycharmProjects/Restitution_python_test_de/test_de/lib/python3.8/site-packages/airflow/example_dags/example_complex.py for tasks to queue
[2022-10-24T23:33:43.587+0200] {logging_mixin.py:120} INFO - [2022-10-24T23:33:43.587+0200] {dagbag.py:537} INFO - Filling up the DagBag from /home/batata/PycharmProjects/Restitution_python_test_de/test_de/lib/python3.8/site-packages/airflow/example_dags/example_complex.py
[2022-10-24T23:33:43.602+0200] {logging_mixin.py:120} INFO - [2022-10-24T23:33:43.602+0200] {taskmixin.py:205} WARNING - Dependency <Task(BashOperator): create_entry_group>, delete_entry_group already registered for DAG: example_complex
[2022-10-24T23:33:43.603+0200] {logging_mixin.py:120} INFO - [2022-10-24T23:33:43.603+0200] {taskmixin.py:205} WARNING - Dependency <Task(BashOperator): delete_entry_group>, create_entry_group already registered for DAG: example_complex
[2022-10-24T23:33:43.603+0200] {logging_mixin.py:120} INFO - [2022-10-24T23:33:43.603+0200] {taskmixin.py:205} WARNING - Dependency <Task(BashOperator): create_entry_gcs>, delete_entry already registered for DAG: example_complex
[2022-10-24T23:33:43.603+0200] {logging_mixin.py:120} INFO - [2022-10-24T23:33:43.603+0200] {taskmixin.py:205} WARNING - Dependency <Task(BashOperator): delete_entry>, create_entry_gcs already registered for DAG: example_complex
[2022-10-24T23:33:43.603+0200] {logging_mixin.py:120} INFO - [2022-10-24T23:33:43.603+0200] {taskmixin.py:205} WARNING - Dependency <Task(BashOperator): create_tag>, delete_tag already registered for DAG: example_complex
[2022-10-24T23:33:43.604+0200] {logging_mixin.py:120} INFO - [2022-10-24T23:33:43.604+0200] {taskmixin.py:205} WARNING - Dependency <Task(BashOperator): delete_tag>, create_tag already registered for DAG: example_complex
[2022-10-24T23:33:43.616+0200] {processor.py:766} INFO - DAG(s) dict_keys(['example_complex']) retrieved from /home/batata/PycharmProjects/Restitution_python_test_de/test_de/lib/python3.8/site-packages/airflow/example_dags/example_complex.py
[2022-10-24T23:33:43.651+0200] {logging_mixin.py:120} INFO - [2022-10-24T23:33:43.651+0200] {dag.py:2585} INFO - Sync 1 DAGs
[2022-10-24T23:33:43.678+0200] {logging_mixin.py:120} INFO - [2022-10-24T23:33:43.677+0200] {dag.py:3336} INFO - Setting next_dagrun for example_complex to None, run_after=None
[2022-10-24T23:33:43.711+0200] {processor.py:176} INFO - Processing /home/batata/PycharmProjects/Restitution_python_test_de/test_de/lib/python3.8/site-packages/airflow/example_dags/example_complex.py took 0.134 seconds
[2022-10-24T23:34:24.442+0200] {processor.py:154} INFO - Started process (PID=20144) to work on /home/batata/PycharmProjects/Restitution_python_test_de/test_de/lib/python3.8/site-packages/airflow/example_dags/example_complex.py
[2022-10-24T23:34:24.444+0200] {processor.py:756} INFO - Processing file /home/batata/PycharmProjects/Restitution_python_test_de/test_de/lib/python3.8/site-packages/airflow/example_dags/example_complex.py for tasks to queue
[2022-10-24T23:34:24.446+0200] {logging_mixin.py:120} INFO - [2022-10-24T23:34:24.446+0200] {dagbag.py:537} INFO - Filling up the DagBag from /home/batata/PycharmProjects/Restitution_python_test_de/test_de/lib/python3.8/site-packages/airflow/example_dags/example_complex.py
[2022-10-24T23:34:24.457+0200] {logging_mixin.py:120} INFO - [2022-10-24T23:34:24.456+0200] {taskmixin.py:205} WARNING - Dependency <Task(BashOperator): create_entry_group>, delete_entry_group already registered for DAG: example_complex
[2022-10-24T23:34:24.457+0200] {logging_mixin.py:120} INFO - [2022-10-24T23:34:24.457+0200] {taskmixin.py:205} WARNING - Dependency <Task(BashOperator): delete_entry_group>, create_entry_group already registered for DAG: example_complex
[2022-10-24T23:34:24.457+0200] {logging_mixin.py:120} INFO - [2022-10-24T23:34:24.457+0200] {taskmixin.py:205} WARNING - Dependency <Task(BashOperator): create_entry_gcs>, delete_entry already registered for DAG: example_complex
[2022-10-24T23:34:24.457+0200] {logging_mixin.py:120} INFO - [2022-10-24T23:34:24.457+0200] {taskmixin.py:205} WARNING - Dependency <Task(BashOperator): delete_entry>, create_entry_gcs already registered for DAG: example_complex
[2022-10-24T23:34:24.458+0200] {logging_mixin.py:120} INFO - [2022-10-24T23:34:24.458+0200] {taskmixin.py:205} WARNING - Dependency <Task(BashOperator): create_tag>, delete_tag already registered for DAG: example_complex
[2022-10-24T23:34:24.458+0200] {logging_mixin.py:120} INFO - [2022-10-24T23:34:24.458+0200] {taskmixin.py:205} WARNING - Dependency <Task(BashOperator): delete_tag>, create_tag already registered for DAG: example_complex
[2022-10-24T23:34:24.466+0200] {processor.py:766} INFO - DAG(s) dict_keys(['example_complex']) retrieved from /home/batata/PycharmProjects/Restitution_python_test_de/test_de/lib/python3.8/site-packages/airflow/example_dags/example_complex.py
[2022-10-24T23:34:24.495+0200] {logging_mixin.py:120} INFO - [2022-10-24T23:34:24.495+0200] {dag.py:2585} INFO - Sync 1 DAGs
[2022-10-24T23:34:24.515+0200] {logging_mixin.py:120} INFO - [2022-10-24T23:34:24.515+0200] {dag.py:3336} INFO - Setting next_dagrun for example_complex to None, run_after=None
[2022-10-24T23:34:24.547+0200] {processor.py:176} INFO - Processing /home/batata/PycharmProjects/Restitution_python_test_de/test_de/lib/python3.8/site-packages/airflow/example_dags/example_complex.py took 0.107 seconds
[2022-10-24T23:35:04.300+0200] {processor.py:154} INFO - Started process (PID=20342) to work on /home/batata/PycharmProjects/Restitution_python_test_de/test_de/lib/python3.8/site-packages/airflow/example_dags/example_complex.py
[2022-10-24T23:35:04.302+0200] {processor.py:756} INFO - Processing file /home/batata/PycharmProjects/Restitution_python_test_de/test_de/lib/python3.8/site-packages/airflow/example_dags/example_complex.py for tasks to queue
[2022-10-24T23:35:04.304+0200] {logging_mixin.py:120} INFO - [2022-10-24T23:35:04.304+0200] {dagbag.py:537} INFO - Filling up the DagBag from /home/batata/PycharmProjects/Restitution_python_test_de/test_de/lib/python3.8/site-packages/airflow/example_dags/example_complex.py
[2022-10-24T23:35:04.318+0200] {logging_mixin.py:120} INFO - [2022-10-24T23:35:04.318+0200] {taskmixin.py:205} WARNING - Dependency <Task(BashOperator): create_entry_group>, delete_entry_group already registered for DAG: example_complex
[2022-10-24T23:35:04.318+0200] {logging_mixin.py:120} INFO - [2022-10-24T23:35:04.318+0200] {taskmixin.py:205} WARNING - Dependency <Task(BashOperator): delete_entry_group>, create_entry_group already registered for DAG: example_complex
[2022-10-24T23:35:04.318+0200] {logging_mixin.py:120} INFO - [2022-10-24T23:35:04.318+0200] {taskmixin.py:205} WARNING - Dependency <Task(BashOperator): create_entry_gcs>, delete_entry already registered for DAG: example_complex
[2022-10-24T23:35:04.319+0200] {logging_mixin.py:120} INFO - [2022-10-24T23:35:04.318+0200] {taskmixin.py:205} WARNING - Dependency <Task(BashOperator): delete_entry>, create_entry_gcs already registered for DAG: example_complex
[2022-10-24T23:35:04.319+0200] {logging_mixin.py:120} INFO - [2022-10-24T23:35:04.319+0200] {taskmixin.py:205} WARNING - Dependency <Task(BashOperator): create_tag>, delete_tag already registered for DAG: example_complex
[2022-10-24T23:35:04.319+0200] {logging_mixin.py:120} INFO - [2022-10-24T23:35:04.319+0200] {taskmixin.py:205} WARNING - Dependency <Task(BashOperator): delete_tag>, create_tag already registered for DAG: example_complex
[2022-10-24T23:35:04.328+0200] {processor.py:766} INFO - DAG(s) dict_keys(['example_complex']) retrieved from /home/batata/PycharmProjects/Restitution_python_test_de/test_de/lib/python3.8/site-packages/airflow/example_dags/example_complex.py
[2022-10-24T23:35:04.357+0200] {logging_mixin.py:120} INFO - [2022-10-24T23:35:04.357+0200] {dag.py:2585} INFO - Sync 1 DAGs
[2022-10-24T23:35:04.374+0200] {logging_mixin.py:120} INFO - [2022-10-24T23:35:04.374+0200] {dag.py:3336} INFO - Setting next_dagrun for example_complex to None, run_after=None
[2022-10-24T23:35:04.402+0200] {processor.py:176} INFO - Processing /home/batata/PycharmProjects/Restitution_python_test_de/test_de/lib/python3.8/site-packages/airflow/example_dags/example_complex.py took 0.106 seconds
[2022-10-24T23:35:43.206+0200] {processor.py:154} INFO - Started process (PID=20559) to work on /home/batata/PycharmProjects/Restitution_python_test_de/test_de/lib/python3.8/site-packages/airflow/example_dags/example_complex.py
[2022-10-24T23:35:43.208+0200] {processor.py:756} INFO - Processing file /home/batata/PycharmProjects/Restitution_python_test_de/test_de/lib/python3.8/site-packages/airflow/example_dags/example_complex.py for tasks to queue
[2022-10-24T23:35:43.210+0200] {logging_mixin.py:120} INFO - [2022-10-24T23:35:43.210+0200] {dagbag.py:537} INFO - Filling up the DagBag from /home/batata/PycharmProjects/Restitution_python_test_de/test_de/lib/python3.8/site-packages/airflow/example_dags/example_complex.py
[2022-10-24T23:35:43.227+0200] {logging_mixin.py:120} INFO - [2022-10-24T23:35:43.226+0200] {taskmixin.py:205} WARNING - Dependency <Task(BashOperator): create_entry_group>, delete_entry_group already registered for DAG: example_complex
[2022-10-24T23:35:43.227+0200] {logging_mixin.py:120} INFO - [2022-10-24T23:35:43.227+0200] {taskmixin.py:205} WARNING - Dependency <Task(BashOperator): delete_entry_group>, create_entry_group already registered for DAG: example_complex
[2022-10-24T23:35:43.227+0200] {logging_mixin.py:120} INFO - [2022-10-24T23:35:43.227+0200] {taskmixin.py:205} WARNING - Dependency <Task(BashOperator): create_entry_gcs>, delete_entry already registered for DAG: example_complex
[2022-10-24T23:35:43.227+0200] {logging_mixin.py:120} INFO - [2022-10-24T23:35:43.227+0200] {taskmixin.py:205} WARNING - Dependency <Task(BashOperator): delete_entry>, create_entry_gcs already registered for DAG: example_complex
[2022-10-24T23:35:43.228+0200] {logging_mixin.py:120} INFO - [2022-10-24T23:35:43.228+0200] {taskmixin.py:205} WARNING - Dependency <Task(BashOperator): create_tag>, delete_tag already registered for DAG: example_complex
[2022-10-24T23:35:43.228+0200] {logging_mixin.py:120} INFO - [2022-10-24T23:35:43.228+0200] {taskmixin.py:205} WARNING - Dependency <Task(BashOperator): delete_tag>, create_tag already registered for DAG: example_complex
[2022-10-24T23:35:43.236+0200] {processor.py:766} INFO - DAG(s) dict_keys(['example_complex']) retrieved from /home/batata/PycharmProjects/Restitution_python_test_de/test_de/lib/python3.8/site-packages/airflow/example_dags/example_complex.py
[2022-10-24T23:35:43.284+0200] {logging_mixin.py:120} INFO - [2022-10-24T23:35:43.284+0200] {dag.py:2585} INFO - Sync 1 DAGs
[2022-10-24T23:35:43.312+0200] {logging_mixin.py:120} INFO - [2022-10-24T23:35:43.312+0200] {dag.py:3336} INFO - Setting next_dagrun for example_complex to None, run_after=None
[2022-10-24T23:35:43.375+0200] {processor.py:176} INFO - Processing /home/batata/PycharmProjects/Restitution_python_test_de/test_de/lib/python3.8/site-packages/airflow/example_dags/example_complex.py took 0.175 seconds
[2022-10-24T23:36:36.630+0200] {processor.py:154} INFO - Started process (PID=21068) to work on /home/batata/PycharmProjects/Restitution_python_test_de/test_de/lib/python3.8/site-packages/airflow/example_dags/example_complex.py
[2022-10-24T23:36:36.633+0200] {processor.py:756} INFO - Processing file /home/batata/PycharmProjects/Restitution_python_test_de/test_de/lib/python3.8/site-packages/airflow/example_dags/example_complex.py for tasks to queue
[2022-10-24T23:36:36.633+0200] {logging_mixin.py:120} INFO - [2022-10-24T23:36:36.633+0200] {dagbag.py:537} INFO - Filling up the DagBag from /home/batata/PycharmProjects/Restitution_python_test_de/test_de/lib/python3.8/site-packages/airflow/example_dags/example_complex.py
[2022-10-24T23:36:36.646+0200] {logging_mixin.py:120} INFO - [2022-10-24T23:36:36.646+0200] {taskmixin.py:205} WARNING - Dependency <Task(BashOperator): create_entry_group>, delete_entry_group already registered for DAG: example_complex
[2022-10-24T23:36:36.646+0200] {logging_mixin.py:120} INFO - [2022-10-24T23:36:36.646+0200] {taskmixin.py:205} WARNING - Dependency <Task(BashOperator): delete_entry_group>, create_entry_group already registered for DAG: example_complex
[2022-10-24T23:36:36.647+0200] {logging_mixin.py:120} INFO - [2022-10-24T23:36:36.647+0200] {taskmixin.py:205} WARNING - Dependency <Task(BashOperator): create_entry_gcs>, delete_entry already registered for DAG: example_complex
[2022-10-24T23:36:36.647+0200] {logging_mixin.py:120} INFO - [2022-10-24T23:36:36.647+0200] {taskmixin.py:205} WARNING - Dependency <Task(BashOperator): delete_entry>, create_entry_gcs already registered for DAG: example_complex
[2022-10-24T23:36:36.647+0200] {logging_mixin.py:120} INFO - [2022-10-24T23:36:36.647+0200] {taskmixin.py:205} WARNING - Dependency <Task(BashOperator): create_tag>, delete_tag already registered for DAG: example_complex
[2022-10-24T23:36:36.648+0200] {logging_mixin.py:120} INFO - [2022-10-24T23:36:36.647+0200] {taskmixin.py:205} WARNING - Dependency <Task(BashOperator): delete_tag>, create_tag already registered for DAG: example_complex
[2022-10-24T23:36:36.656+0200] {processor.py:766} INFO - DAG(s) dict_keys(['example_complex']) retrieved from /home/batata/PycharmProjects/Restitution_python_test_de/test_de/lib/python3.8/site-packages/airflow/example_dags/example_complex.py
[2022-10-24T23:36:36.684+0200] {logging_mixin.py:120} INFO - [2022-10-24T23:36:36.683+0200] {dag.py:2585} INFO - Sync 1 DAGs
[2022-10-24T23:36:36.701+0200] {logging_mixin.py:120} INFO - [2022-10-24T23:36:36.701+0200] {dag.py:3336} INFO - Setting next_dagrun for example_complex to None, run_after=None
[2022-10-24T23:36:36.732+0200] {processor.py:176} INFO - Processing /home/batata/PycharmProjects/Restitution_python_test_de/test_de/lib/python3.8/site-packages/airflow/example_dags/example_complex.py took 0.108 seconds
[2022-10-24T23:37:16.053+0200] {processor.py:154} INFO - Started process (PID=21281) to work on /home/batata/PycharmProjects/Restitution_python_test_de/test_de/lib/python3.8/site-packages/airflow/example_dags/example_complex.py
[2022-10-24T23:37:16.056+0200] {processor.py:756} INFO - Processing file /home/batata/PycharmProjects/Restitution_python_test_de/test_de/lib/python3.8/site-packages/airflow/example_dags/example_complex.py for tasks to queue
[2022-10-24T23:37:16.057+0200] {logging_mixin.py:120} INFO - [2022-10-24T23:37:16.057+0200] {dagbag.py:537} INFO - Filling up the DagBag from /home/batata/PycharmProjects/Restitution_python_test_de/test_de/lib/python3.8/site-packages/airflow/example_dags/example_complex.py
[2022-10-24T23:37:16.072+0200] {logging_mixin.py:120} INFO - [2022-10-24T23:37:16.072+0200] {taskmixin.py:205} WARNING - Dependency <Task(BashOperator): create_entry_group>, delete_entry_group already registered for DAG: example_complex
[2022-10-24T23:37:16.072+0200] {logging_mixin.py:120} INFO - [2022-10-24T23:37:16.072+0200] {taskmixin.py:205} WARNING - Dependency <Task(BashOperator): delete_entry_group>, create_entry_group already registered for DAG: example_complex
[2022-10-24T23:37:16.072+0200] {logging_mixin.py:120} INFO - [2022-10-24T23:37:16.072+0200] {taskmixin.py:205} WARNING - Dependency <Task(BashOperator): create_entry_gcs>, delete_entry already registered for DAG: example_complex
[2022-10-24T23:37:16.073+0200] {logging_mixin.py:120} INFO - [2022-10-24T23:37:16.073+0200] {taskmixin.py:205} WARNING - Dependency <Task(BashOperator): delete_entry>, create_entry_gcs already registered for DAG: example_complex
[2022-10-24T23:37:16.073+0200] {logging_mixin.py:120} INFO - [2022-10-24T23:37:16.073+0200] {taskmixin.py:205} WARNING - Dependency <Task(BashOperator): create_tag>, delete_tag already registered for DAG: example_complex
[2022-10-24T23:37:16.074+0200] {logging_mixin.py:120} INFO - [2022-10-24T23:37:16.073+0200] {taskmixin.py:205} WARNING - Dependency <Task(BashOperator): delete_tag>, create_tag already registered for DAG: example_complex
[2022-10-24T23:37:16.085+0200] {processor.py:766} INFO - DAG(s) dict_keys(['example_complex']) retrieved from /home/batata/PycharmProjects/Restitution_python_test_de/test_de/lib/python3.8/site-packages/airflow/example_dags/example_complex.py
[2022-10-24T23:37:16.113+0200] {logging_mixin.py:120} INFO - [2022-10-24T23:37:16.113+0200] {dag.py:2585} INFO - Sync 1 DAGs
[2022-10-24T23:37:16.132+0200] {logging_mixin.py:120} INFO - [2022-10-24T23:37:16.132+0200] {dag.py:3336} INFO - Setting next_dagrun for example_complex to None, run_after=None
[2022-10-24T23:37:16.157+0200] {processor.py:176} INFO - Processing /home/batata/PycharmProjects/Restitution_python_test_de/test_de/lib/python3.8/site-packages/airflow/example_dags/example_complex.py took 0.107 seconds
[2022-10-24T23:37:55.032+0200] {processor.py:154} INFO - Started process (PID=21470) to work on /home/batata/PycharmProjects/Restitution_python_test_de/test_de/lib/python3.8/site-packages/airflow/example_dags/example_complex.py
[2022-10-24T23:37:55.034+0200] {processor.py:756} INFO - Processing file /home/batata/PycharmProjects/Restitution_python_test_de/test_de/lib/python3.8/site-packages/airflow/example_dags/example_complex.py for tasks to queue
[2022-10-24T23:37:55.035+0200] {logging_mixin.py:120} INFO - [2022-10-24T23:37:55.035+0200] {dagbag.py:537} INFO - Filling up the DagBag from /home/batata/PycharmProjects/Restitution_python_test_de/test_de/lib/python3.8/site-packages/airflow/example_dags/example_complex.py
[2022-10-24T23:37:55.046+0200] {logging_mixin.py:120} INFO - [2022-10-24T23:37:55.046+0200] {taskmixin.py:205} WARNING - Dependency <Task(BashOperator): create_entry_group>, delete_entry_group already registered for DAG: example_complex
[2022-10-24T23:37:55.046+0200] {logging_mixin.py:120} INFO - [2022-10-24T23:37:55.046+0200] {taskmixin.py:205} WARNING - Dependency <Task(BashOperator): delete_entry_group>, create_entry_group already registered for DAG: example_complex
[2022-10-24T23:37:55.047+0200] {logging_mixin.py:120} INFO - [2022-10-24T23:37:55.047+0200] {taskmixin.py:205} WARNING - Dependency <Task(BashOperator): create_entry_gcs>, delete_entry already registered for DAG: example_complex
[2022-10-24T23:37:55.047+0200] {logging_mixin.py:120} INFO - [2022-10-24T23:37:55.047+0200] {taskmixin.py:205} WARNING - Dependency <Task(BashOperator): delete_entry>, create_entry_gcs already registered for DAG: example_complex
[2022-10-24T23:37:55.047+0200] {logging_mixin.py:120} INFO - [2022-10-24T23:37:55.047+0200] {taskmixin.py:205} WARNING - Dependency <Task(BashOperator): create_tag>, delete_tag already registered for DAG: example_complex
[2022-10-24T23:37:55.047+0200] {logging_mixin.py:120} INFO - [2022-10-24T23:37:55.047+0200] {taskmixin.py:205} WARNING - Dependency <Task(BashOperator): delete_tag>, create_tag already registered for DAG: example_complex
[2022-10-24T23:37:55.055+0200] {processor.py:766} INFO - DAG(s) dict_keys(['example_complex']) retrieved from /home/batata/PycharmProjects/Restitution_python_test_de/test_de/lib/python3.8/site-packages/airflow/example_dags/example_complex.py
[2022-10-24T23:37:55.084+0200] {logging_mixin.py:120} INFO - [2022-10-24T23:37:55.084+0200] {dag.py:2585} INFO - Sync 1 DAGs
[2022-10-24T23:37:55.104+0200] {logging_mixin.py:120} INFO - [2022-10-24T23:37:55.104+0200] {dag.py:3336} INFO - Setting next_dagrun for example_complex to None, run_after=None
[2022-10-24T23:37:55.130+0200] {processor.py:176} INFO - Processing /home/batata/PycharmProjects/Restitution_python_test_de/test_de/lib/python3.8/site-packages/airflow/example_dags/example_complex.py took 0.101 seconds
