[2022-10-24T23:32:47.486+0200] {processor.py:154} INFO - Started process (PID=19253) to work on /home/batata/PycharmProjects/Restitution_python_test_de/test_de/lib/python3.8/site-packages/airflow/example_dags/example_kubernetes_executor.py
[2022-10-24T23:32:47.487+0200] {processor.py:756} INFO - Processing file /home/batata/PycharmProjects/Restitution_python_test_de/test_de/lib/python3.8/site-packages/airflow/example_dags/example_kubernetes_executor.py for tasks to queue
[2022-10-24T23:32:47.488+0200] {logging_mixin.py:120} INFO - [2022-10-24T23:32:47.488+0200] {dagbag.py:537} INFO - Filling up the DagBag from /home/batata/PycharmProjects/Restitution_python_test_de/test_de/lib/python3.8/site-packages/airflow/example_dags/example_kubernetes_executor.py
[2022-10-24T23:32:47.504+0200] {logging_mixin.py:120} INFO - [2022-10-24T23:32:47.504+0200] {example_kubernetes_executor.py:41} WARNING - The example_kubernetes_executor example DAG requires the kubernetes provider. Please install it with: pip install apache-airflow[cncf.kubernetes]
[2022-10-24T23:32:47.504+0200] {processor.py:768} WARNING - No viable dags retrieved from /home/batata/PycharmProjects/Restitution_python_test_de/test_de/lib/python3.8/site-packages/airflow/example_dags/example_kubernetes_executor.py
[2022-10-24T23:32:47.513+0200] {processor.py:176} INFO - Processing /home/batata/PycharmProjects/Restitution_python_test_de/test_de/lib/python3.8/site-packages/airflow/example_dags/example_kubernetes_executor.py took 0.030 seconds
[2022-10-24T23:33:35.573+0200] {processor.py:154} INFO - Started process (PID=19749) to work on /home/batata/PycharmProjects/Restitution_python_test_de/test_de/lib/python3.8/site-packages/airflow/example_dags/example_kubernetes_executor.py
[2022-10-24T23:33:35.577+0200] {processor.py:756} INFO - Processing file /home/batata/PycharmProjects/Restitution_python_test_de/test_de/lib/python3.8/site-packages/airflow/example_dags/example_kubernetes_executor.py for tasks to queue
[2022-10-24T23:33:35.580+0200] {logging_mixin.py:120} INFO - [2022-10-24T23:33:35.579+0200] {dagbag.py:537} INFO - Filling up the DagBag from /home/batata/PycharmProjects/Restitution_python_test_de/test_de/lib/python3.8/site-packages/airflow/example_dags/example_kubernetes_executor.py
[2022-10-24T23:33:35.621+0200] {logging_mixin.py:120} INFO - [2022-10-24T23:33:35.620+0200] {example_kubernetes_executor.py:41} WARNING - The example_kubernetes_executor example DAG requires the kubernetes provider. Please install it with: pip install apache-airflow[cncf.kubernetes]
[2022-10-24T23:33:35.621+0200] {processor.py:768} WARNING - No viable dags retrieved from /home/batata/PycharmProjects/Restitution_python_test_de/test_de/lib/python3.8/site-packages/airflow/example_dags/example_kubernetes_executor.py
[2022-10-24T23:33:35.640+0200] {processor.py:176} INFO - Processing /home/batata/PycharmProjects/Restitution_python_test_de/test_de/lib/python3.8/site-packages/airflow/example_dags/example_kubernetes_executor.py took 0.078 seconds
[2022-10-24T23:34:16.693+0200] {processor.py:154} INFO - Started process (PID=20082) to work on /home/batata/PycharmProjects/Restitution_python_test_de/test_de/lib/python3.8/site-packages/airflow/example_dags/example_kubernetes_executor.py
[2022-10-24T23:34:16.695+0200] {processor.py:756} INFO - Processing file /home/batata/PycharmProjects/Restitution_python_test_de/test_de/lib/python3.8/site-packages/airflow/example_dags/example_kubernetes_executor.py for tasks to queue
[2022-10-24T23:34:16.697+0200] {logging_mixin.py:120} INFO - [2022-10-24T23:34:16.697+0200] {dagbag.py:537} INFO - Filling up the DagBag from /home/batata/PycharmProjects/Restitution_python_test_de/test_de/lib/python3.8/site-packages/airflow/example_dags/example_kubernetes_executor.py
[2022-10-24T23:34:16.713+0200] {logging_mixin.py:120} INFO - [2022-10-24T23:34:16.713+0200] {example_kubernetes_executor.py:41} WARNING - The example_kubernetes_executor example DAG requires the kubernetes provider. Please install it with: pip install apache-airflow[cncf.kubernetes]
[2022-10-24T23:34:16.713+0200] {processor.py:768} WARNING - No viable dags retrieved from /home/batata/PycharmProjects/Restitution_python_test_de/test_de/lib/python3.8/site-packages/airflow/example_dags/example_kubernetes_executor.py
[2022-10-24T23:34:16.722+0200] {processor.py:176} INFO - Processing /home/batata/PycharmProjects/Restitution_python_test_de/test_de/lib/python3.8/site-packages/airflow/example_dags/example_kubernetes_executor.py took 0.032 seconds
[2022-10-24T23:34:56.610+0200] {processor.py:154} INFO - Started process (PID=20302) to work on /home/batata/PycharmProjects/Restitution_python_test_de/test_de/lib/python3.8/site-packages/airflow/example_dags/example_kubernetes_executor.py
[2022-10-24T23:34:56.611+0200] {processor.py:756} INFO - Processing file /home/batata/PycharmProjects/Restitution_python_test_de/test_de/lib/python3.8/site-packages/airflow/example_dags/example_kubernetes_executor.py for tasks to queue
[2022-10-24T23:34:56.613+0200] {logging_mixin.py:120} INFO - [2022-10-24T23:34:56.613+0200] {dagbag.py:537} INFO - Filling up the DagBag from /home/batata/PycharmProjects/Restitution_python_test_de/test_de/lib/python3.8/site-packages/airflow/example_dags/example_kubernetes_executor.py
[2022-10-24T23:34:56.629+0200] {logging_mixin.py:120} INFO - [2022-10-24T23:34:56.629+0200] {example_kubernetes_executor.py:41} WARNING - The example_kubernetes_executor example DAG requires the kubernetes provider. Please install it with: pip install apache-airflow[cncf.kubernetes]
[2022-10-24T23:34:56.629+0200] {processor.py:768} WARNING - No viable dags retrieved from /home/batata/PycharmProjects/Restitution_python_test_de/test_de/lib/python3.8/site-packages/airflow/example_dags/example_kubernetes_executor.py
[2022-10-24T23:34:56.638+0200] {processor.py:176} INFO - Processing /home/batata/PycharmProjects/Restitution_python_test_de/test_de/lib/python3.8/site-packages/airflow/example_dags/example_kubernetes_executor.py took 0.031 seconds
[2022-10-24T23:35:35.452+0200] {processor.py:154} INFO - Started process (PID=20525) to work on /home/batata/PycharmProjects/Restitution_python_test_de/test_de/lib/python3.8/site-packages/airflow/example_dags/example_kubernetes_executor.py
[2022-10-24T23:35:35.455+0200] {processor.py:756} INFO - Processing file /home/batata/PycharmProjects/Restitution_python_test_de/test_de/lib/python3.8/site-packages/airflow/example_dags/example_kubernetes_executor.py for tasks to queue
[2022-10-24T23:35:35.456+0200] {logging_mixin.py:120} INFO - [2022-10-24T23:35:35.456+0200] {dagbag.py:537} INFO - Filling up the DagBag from /home/batata/PycharmProjects/Restitution_python_test_de/test_de/lib/python3.8/site-packages/airflow/example_dags/example_kubernetes_executor.py
[2022-10-24T23:35:35.473+0200] {logging_mixin.py:120} INFO - [2022-10-24T23:35:35.472+0200] {example_kubernetes_executor.py:41} WARNING - The example_kubernetes_executor example DAG requires the kubernetes provider. Please install it with: pip install apache-airflow[cncf.kubernetes]
[2022-10-24T23:35:35.473+0200] {processor.py:768} WARNING - No viable dags retrieved from /home/batata/PycharmProjects/Restitution_python_test_de/test_de/lib/python3.8/site-packages/airflow/example_dags/example_kubernetes_executor.py
[2022-10-24T23:35:35.481+0200] {processor.py:176} INFO - Processing /home/batata/PycharmProjects/Restitution_python_test_de/test_de/lib/python3.8/site-packages/airflow/example_dags/example_kubernetes_executor.py took 0.032 seconds
[2022-10-24T23:36:30.122+0200] {processor.py:154} INFO - Started process (PID=20972) to work on /home/batata/PycharmProjects/Restitution_python_test_de/test_de/lib/python3.8/site-packages/airflow/example_dags/example_kubernetes_executor.py
[2022-10-24T23:36:30.125+0200] {processor.py:756} INFO - Processing file /home/batata/PycharmProjects/Restitution_python_test_de/test_de/lib/python3.8/site-packages/airflow/example_dags/example_kubernetes_executor.py for tasks to queue
[2022-10-24T23:36:30.126+0200] {logging_mixin.py:120} INFO - [2022-10-24T23:36:30.126+0200] {dagbag.py:537} INFO - Filling up the DagBag from /home/batata/PycharmProjects/Restitution_python_test_de/test_de/lib/python3.8/site-packages/airflow/example_dags/example_kubernetes_executor.py
[2022-10-24T23:36:30.147+0200] {logging_mixin.py:120} INFO - [2022-10-24T23:36:30.147+0200] {example_kubernetes_executor.py:41} WARNING - The example_kubernetes_executor example DAG requires the kubernetes provider. Please install it with: pip install apache-airflow[cncf.kubernetes]
[2022-10-24T23:36:30.148+0200] {processor.py:768} WARNING - No viable dags retrieved from /home/batata/PycharmProjects/Restitution_python_test_de/test_de/lib/python3.8/site-packages/airflow/example_dags/example_kubernetes_executor.py
[2022-10-24T23:36:30.157+0200] {processor.py:176} INFO - Processing /home/batata/PycharmProjects/Restitution_python_test_de/test_de/lib/python3.8/site-packages/airflow/example_dags/example_kubernetes_executor.py took 0.038 seconds
[2022-10-24T23:37:09.341+0200] {processor.py:154} INFO - Started process (PID=21252) to work on /home/batata/PycharmProjects/Restitution_python_test_de/test_de/lib/python3.8/site-packages/airflow/example_dags/example_kubernetes_executor.py
[2022-10-24T23:37:09.344+0200] {processor.py:756} INFO - Processing file /home/batata/PycharmProjects/Restitution_python_test_de/test_de/lib/python3.8/site-packages/airflow/example_dags/example_kubernetes_executor.py for tasks to queue
[2022-10-24T23:37:09.345+0200] {logging_mixin.py:120} INFO - [2022-10-24T23:37:09.345+0200] {dagbag.py:537} INFO - Filling up the DagBag from /home/batata/PycharmProjects/Restitution_python_test_de/test_de/lib/python3.8/site-packages/airflow/example_dags/example_kubernetes_executor.py
[2022-10-24T23:37:09.372+0200] {logging_mixin.py:120} INFO - [2022-10-24T23:37:09.372+0200] {example_kubernetes_executor.py:41} WARNING - The example_kubernetes_executor example DAG requires the kubernetes provider. Please install it with: pip install apache-airflow[cncf.kubernetes]
[2022-10-24T23:37:09.373+0200] {processor.py:768} WARNING - No viable dags retrieved from /home/batata/PycharmProjects/Restitution_python_test_de/test_de/lib/python3.8/site-packages/airflow/example_dags/example_kubernetes_executor.py
[2022-10-24T23:37:09.386+0200] {processor.py:176} INFO - Processing /home/batata/PycharmProjects/Restitution_python_test_de/test_de/lib/python3.8/site-packages/airflow/example_dags/example_kubernetes_executor.py took 0.049 seconds
[2022-10-24T23:37:47.321+0200] {processor.py:154} INFO - Started process (PID=21417) to work on /home/batata/PycharmProjects/Restitution_python_test_de/test_de/lib/python3.8/site-packages/airflow/example_dags/example_kubernetes_executor.py
[2022-10-24T23:37:47.324+0200] {processor.py:756} INFO - Processing file /home/batata/PycharmProjects/Restitution_python_test_de/test_de/lib/python3.8/site-packages/airflow/example_dags/example_kubernetes_executor.py for tasks to queue
[2022-10-24T23:37:47.325+0200] {logging_mixin.py:120} INFO - [2022-10-24T23:37:47.325+0200] {dagbag.py:537} INFO - Filling up the DagBag from /home/batata/PycharmProjects/Restitution_python_test_de/test_de/lib/python3.8/site-packages/airflow/example_dags/example_kubernetes_executor.py
[2022-10-24T23:37:47.342+0200] {logging_mixin.py:120} INFO - [2022-10-24T23:37:47.342+0200] {example_kubernetes_executor.py:41} WARNING - The example_kubernetes_executor example DAG requires the kubernetes provider. Please install it with: pip install apache-airflow[cncf.kubernetes]
[2022-10-24T23:37:47.342+0200] {processor.py:768} WARNING - No viable dags retrieved from /home/batata/PycharmProjects/Restitution_python_test_de/test_de/lib/python3.8/site-packages/airflow/example_dags/example_kubernetes_executor.py
[2022-10-24T23:37:47.351+0200] {processor.py:176} INFO - Processing /home/batata/PycharmProjects/Restitution_python_test_de/test_de/lib/python3.8/site-packages/airflow/example_dags/example_kubernetes_executor.py took 0.033 seconds
