[2022-10-24T23:32:35.242+0200] {processor.py:154} INFO - Started process (PID=19185) to work on /home/batata/PycharmProjects/Restitution_python_test_de/test_de/lib/python3.8/site-packages/airflow/example_dags/example_latest_only.py
[2022-10-24T23:32:35.243+0200] {processor.py:756} INFO - Processing file /home/batata/PycharmProjects/Restitution_python_test_de/test_de/lib/python3.8/site-packages/airflow/example_dags/example_latest_only.py for tasks to queue
[2022-10-24T23:32:35.244+0200] {logging_mixin.py:120} INFO - [2022-10-24T23:32:35.244+0200] {dagbag.py:537} INFO - Filling up the DagBag from /home/batata/PycharmProjects/Restitution_python_test_de/test_de/lib/python3.8/site-packages/airflow/example_dags/example_latest_only.py
[2022-10-24T23:32:35.258+0200] {processor.py:766} INFO - DAG(s) dict_keys(['latest_only']) retrieved from /home/batata/PycharmProjects/Restitution_python_test_de/test_de/lib/python3.8/site-packages/airflow/example_dags/example_latest_only.py
[2022-10-24T23:32:35.371+0200] {logging_mixin.py:120} INFO - [2022-10-24T23:32:35.370+0200] {manager.py:507} INFO - Created Permission View: can read on DAG:latest_only
[2022-10-24T23:32:35.388+0200] {logging_mixin.py:120} INFO - [2022-10-24T23:32:35.388+0200] {manager.py:507} INFO - Created Permission View: can delete on DAG:latest_only
[2022-10-24T23:32:35.399+0200] {logging_mixin.py:120} INFO - [2022-10-24T23:32:35.399+0200] {manager.py:507} INFO - Created Permission View: can edit on DAG:latest_only
[2022-10-24T23:32:35.399+0200] {logging_mixin.py:120} INFO - [2022-10-24T23:32:35.399+0200] {dag.py:2585} INFO - Sync 1 DAGs
[2022-10-24T23:32:35.412+0200] {logging_mixin.py:120} INFO - [2022-10-24T23:32:35.412+0200] {dag.py:2606} INFO - Creating ORM DAG for latest_only
[2022-10-24T23:32:35.421+0200] {logging_mixin.py:120} INFO - [2022-10-24T23:32:35.421+0200] {dag.py:3336} INFO - Setting next_dagrun for latest_only to 2022-10-24T17:32:35.420839+00:00, run_after=2022-10-24T21:32:35.420839+00:00
[2022-10-24T23:32:35.443+0200] {processor.py:176} INFO - Processing /home/batata/PycharmProjects/Restitution_python_test_de/test_de/lib/python3.8/site-packages/airflow/example_dags/example_latest_only.py took 0.207 seconds
[2022-10-24T23:32:41.205+0200] {processor.py:154} INFO - Started process (PID=19206) to work on /home/batata/PycharmProjects/Restitution_python_test_de/test_de/lib/python3.8/site-packages/airflow/example_dags/example_latest_only.py
[2022-10-24T23:32:41.206+0200] {processor.py:756} INFO - Processing file /home/batata/PycharmProjects/Restitution_python_test_de/test_de/lib/python3.8/site-packages/airflow/example_dags/example_latest_only.py for tasks to queue
[2022-10-24T23:32:41.207+0200] {logging_mixin.py:120} INFO - [2022-10-24T23:32:41.206+0200] {dagbag.py:537} INFO - Filling up the DagBag from /home/batata/PycharmProjects/Restitution_python_test_de/test_de/lib/python3.8/site-packages/airflow/example_dags/example_latest_only.py
[2022-10-24T23:32:41.224+0200] {processor.py:766} INFO - DAG(s) dict_keys(['latest_only']) retrieved from /home/batata/PycharmProjects/Restitution_python_test_de/test_de/lib/python3.8/site-packages/airflow/example_dags/example_latest_only.py
[2022-10-24T23:32:41.236+0200] {logging_mixin.py:120} INFO - [2022-10-24T23:32:41.236+0200] {dag.py:2585} INFO - Sync 1 DAGs
[2022-10-24T23:32:41.255+0200] {logging_mixin.py:120} INFO - [2022-10-24T23:32:41.254+0200] {dag.py:3336} INFO - Setting next_dagrun for latest_only to 2022-10-24T17:32:41.254629+00:00, run_after=2022-10-24T21:32:41.254629+00:00
[2022-10-24T23:32:41.276+0200] {processor.py:176} INFO - Processing /home/batata/PycharmProjects/Restitution_python_test_de/test_de/lib/python3.8/site-packages/airflow/example_dags/example_latest_only.py took 0.075 seconds
[2022-10-24T23:33:21.946+0200] {processor.py:154} INFO - Started process (PID=19598) to work on /home/batata/PycharmProjects/Restitution_python_test_de/test_de/lib/python3.8/site-packages/airflow/example_dags/example_latest_only.py
[2022-10-24T23:33:21.949+0200] {processor.py:756} INFO - Processing file /home/batata/PycharmProjects/Restitution_python_test_de/test_de/lib/python3.8/site-packages/airflow/example_dags/example_latest_only.py for tasks to queue
[2022-10-24T23:33:21.951+0200] {logging_mixin.py:120} INFO - [2022-10-24T23:33:21.951+0200] {dagbag.py:537} INFO - Filling up the DagBag from /home/batata/PycharmProjects/Restitution_python_test_de/test_de/lib/python3.8/site-packages/airflow/example_dags/example_latest_only.py
[2022-10-24T23:33:21.970+0200] {processor.py:766} INFO - DAG(s) dict_keys(['latest_only']) retrieved from /home/batata/PycharmProjects/Restitution_python_test_de/test_de/lib/python3.8/site-packages/airflow/example_dags/example_latest_only.py
[2022-10-24T23:33:22.004+0200] {logging_mixin.py:120} INFO - [2022-10-24T23:33:22.004+0200] {dag.py:2585} INFO - Sync 1 DAGs
[2022-10-24T23:33:22.037+0200] {logging_mixin.py:120} INFO - [2022-10-24T23:33:22.037+0200] {dag.py:3336} INFO - Setting next_dagrun for latest_only to 2022-10-24T17:33:22.037210+00:00, run_after=2022-10-24T21:33:22.037210+00:00
[2022-10-24T23:33:22.073+0200] {processor.py:176} INFO - Processing /home/batata/PycharmProjects/Restitution_python_test_de/test_de/lib/python3.8/site-packages/airflow/example_dags/example_latest_only.py took 0.131 seconds
[2022-10-24T23:34:06.333+0200] {processor.py:154} INFO - Started process (PID=19950) to work on /home/batata/PycharmProjects/Restitution_python_test_de/test_de/lib/python3.8/site-packages/airflow/example_dags/example_latest_only.py
[2022-10-24T23:34:06.334+0200] {processor.py:756} INFO - Processing file /home/batata/PycharmProjects/Restitution_python_test_de/test_de/lib/python3.8/site-packages/airflow/example_dags/example_latest_only.py for tasks to queue
[2022-10-24T23:34:06.335+0200] {logging_mixin.py:120} INFO - [2022-10-24T23:34:06.335+0200] {dagbag.py:537} INFO - Filling up the DagBag from /home/batata/PycharmProjects/Restitution_python_test_de/test_de/lib/python3.8/site-packages/airflow/example_dags/example_latest_only.py
[2022-10-24T23:34:06.350+0200] {processor.py:766} INFO - DAG(s) dict_keys(['latest_only']) retrieved from /home/batata/PycharmProjects/Restitution_python_test_de/test_de/lib/python3.8/site-packages/airflow/example_dags/example_latest_only.py
[2022-10-24T23:34:06.376+0200] {logging_mixin.py:120} INFO - [2022-10-24T23:34:06.376+0200] {dag.py:2585} INFO - Sync 1 DAGs
[2022-10-24T23:34:06.400+0200] {logging_mixin.py:120} INFO - [2022-10-24T23:34:06.400+0200] {dag.py:3336} INFO - Setting next_dagrun for latest_only to 2022-10-24T17:34:06.400504+00:00, run_after=2022-10-24T21:34:06.400504+00:00
[2022-10-24T23:34:06.446+0200] {processor.py:176} INFO - Processing /home/batata/PycharmProjects/Restitution_python_test_de/test_de/lib/python3.8/site-packages/airflow/example_dags/example_latest_only.py took 0.116 seconds
[2022-10-24T23:34:44.906+0200] {processor.py:154} INFO - Started process (PID=20240) to work on /home/batata/PycharmProjects/Restitution_python_test_de/test_de/lib/python3.8/site-packages/airflow/example_dags/example_latest_only.py
[2022-10-24T23:34:44.908+0200] {processor.py:756} INFO - Processing file /home/batata/PycharmProjects/Restitution_python_test_de/test_de/lib/python3.8/site-packages/airflow/example_dags/example_latest_only.py for tasks to queue
[2022-10-24T23:34:44.911+0200] {logging_mixin.py:120} INFO - [2022-10-24T23:34:44.910+0200] {dagbag.py:537} INFO - Filling up the DagBag from /home/batata/PycharmProjects/Restitution_python_test_de/test_de/lib/python3.8/site-packages/airflow/example_dags/example_latest_only.py
[2022-10-24T23:34:44.926+0200] {processor.py:766} INFO - DAG(s) dict_keys(['latest_only']) retrieved from /home/batata/PycharmProjects/Restitution_python_test_de/test_de/lib/python3.8/site-packages/airflow/example_dags/example_latest_only.py
[2022-10-24T23:34:44.955+0200] {logging_mixin.py:120} INFO - [2022-10-24T23:34:44.955+0200] {dag.py:2585} INFO - Sync 1 DAGs
[2022-10-24T23:34:44.976+0200] {logging_mixin.py:120} INFO - [2022-10-24T23:34:44.976+0200] {dag.py:3336} INFO - Setting next_dagrun for latest_only to 2022-10-24T17:34:44.976007+00:00, run_after=2022-10-24T21:34:44.976007+00:00
[2022-10-24T23:34:45.002+0200] {processor.py:176} INFO - Processing /home/batata/PycharmProjects/Restitution_python_test_de/test_de/lib/python3.8/site-packages/airflow/example_dags/example_latest_only.py took 0.099 seconds
[2022-10-24T23:35:25.066+0200] {processor.py:154} INFO - Started process (PID=20472) to work on /home/batata/PycharmProjects/Restitution_python_test_de/test_de/lib/python3.8/site-packages/airflow/example_dags/example_latest_only.py
[2022-10-24T23:35:25.068+0200] {processor.py:756} INFO - Processing file /home/batata/PycharmProjects/Restitution_python_test_de/test_de/lib/python3.8/site-packages/airflow/example_dags/example_latest_only.py for tasks to queue
[2022-10-24T23:35:25.070+0200] {logging_mixin.py:120} INFO - [2022-10-24T23:35:25.070+0200] {dagbag.py:537} INFO - Filling up the DagBag from /home/batata/PycharmProjects/Restitution_python_test_de/test_de/lib/python3.8/site-packages/airflow/example_dags/example_latest_only.py
[2022-10-24T23:35:25.085+0200] {processor.py:766} INFO - DAG(s) dict_keys(['latest_only']) retrieved from /home/batata/PycharmProjects/Restitution_python_test_de/test_de/lib/python3.8/site-packages/airflow/example_dags/example_latest_only.py
[2022-10-24T23:35:25.109+0200] {logging_mixin.py:120} INFO - [2022-10-24T23:35:25.109+0200] {dag.py:2585} INFO - Sync 1 DAGs
[2022-10-24T23:35:25.128+0200] {logging_mixin.py:120} INFO - [2022-10-24T23:35:25.128+0200] {dag.py:3336} INFO - Setting next_dagrun for latest_only to 2022-10-24T17:35:25.128130+00:00, run_after=2022-10-24T21:35:25.128130+00:00
[2022-10-24T23:35:25.156+0200] {processor.py:176} INFO - Processing /home/batata/PycharmProjects/Restitution_python_test_de/test_de/lib/python3.8/site-packages/airflow/example_dags/example_latest_only.py took 0.093 seconds
[2022-10-24T23:36:19.567+0200] {processor.py:154} INFO - Started process (PID=20918) to work on /home/batata/PycharmProjects/Restitution_python_test_de/test_de/lib/python3.8/site-packages/airflow/example_dags/example_latest_only.py
[2022-10-24T23:36:19.570+0200] {processor.py:756} INFO - Processing file /home/batata/PycharmProjects/Restitution_python_test_de/test_de/lib/python3.8/site-packages/airflow/example_dags/example_latest_only.py for tasks to queue
[2022-10-24T23:36:19.571+0200] {logging_mixin.py:120} INFO - [2022-10-24T23:36:19.570+0200] {dagbag.py:537} INFO - Filling up the DagBag from /home/batata/PycharmProjects/Restitution_python_test_de/test_de/lib/python3.8/site-packages/airflow/example_dags/example_latest_only.py
[2022-10-24T23:36:19.600+0200] {processor.py:766} INFO - DAG(s) dict_keys(['latest_only']) retrieved from /home/batata/PycharmProjects/Restitution_python_test_de/test_de/lib/python3.8/site-packages/airflow/example_dags/example_latest_only.py
[2022-10-24T23:36:19.674+0200] {logging_mixin.py:120} INFO - [2022-10-24T23:36:19.674+0200] {dag.py:2585} INFO - Sync 1 DAGs
[2022-10-24T23:36:19.715+0200] {logging_mixin.py:120} INFO - [2022-10-24T23:36:19.715+0200] {dag.py:3336} INFO - Setting next_dagrun for latest_only to 2022-10-24T17:36:19.715056+00:00, run_after=2022-10-24T21:36:19.715056+00:00
[2022-10-24T23:36:19.835+0200] {processor.py:176} INFO - Processing /home/batata/PycharmProjects/Restitution_python_test_de/test_de/lib/python3.8/site-packages/airflow/example_dags/example_latest_only.py took 0.271 seconds
[2022-10-24T23:36:58.742+0200] {processor.py:154} INFO - Started process (PID=21208) to work on /home/batata/PycharmProjects/Restitution_python_test_de/test_de/lib/python3.8/site-packages/airflow/example_dags/example_latest_only.py
[2022-10-24T23:36:58.744+0200] {processor.py:756} INFO - Processing file /home/batata/PycharmProjects/Restitution_python_test_de/test_de/lib/python3.8/site-packages/airflow/example_dags/example_latest_only.py for tasks to queue
[2022-10-24T23:36:58.745+0200] {logging_mixin.py:120} INFO - [2022-10-24T23:36:58.745+0200] {dagbag.py:537} INFO - Filling up the DagBag from /home/batata/PycharmProjects/Restitution_python_test_de/test_de/lib/python3.8/site-packages/airflow/example_dags/example_latest_only.py
[2022-10-24T23:36:58.758+0200] {processor.py:766} INFO - DAG(s) dict_keys(['latest_only']) retrieved from /home/batata/PycharmProjects/Restitution_python_test_de/test_de/lib/python3.8/site-packages/airflow/example_dags/example_latest_only.py
[2022-10-24T23:36:58.780+0200] {logging_mixin.py:120} INFO - [2022-10-24T23:36:58.780+0200] {dag.py:2585} INFO - Sync 1 DAGs
[2022-10-24T23:36:58.801+0200] {logging_mixin.py:120} INFO - [2022-10-24T23:36:58.801+0200] {dag.py:3336} INFO - Setting next_dagrun for latest_only to 2022-10-24T17:36:58.801115+00:00, run_after=2022-10-24T21:36:58.801115+00:00
[2022-10-24T23:36:58.833+0200] {processor.py:176} INFO - Processing /home/batata/PycharmProjects/Restitution_python_test_de/test_de/lib/python3.8/site-packages/airflow/example_dags/example_latest_only.py took 0.094 seconds
[2022-10-24T23:37:36.893+0200] {processor.py:154} INFO - Started process (PID=21385) to work on /home/batata/PycharmProjects/Restitution_python_test_de/test_de/lib/python3.8/site-packages/airflow/example_dags/example_latest_only.py
[2022-10-24T23:37:36.896+0200] {processor.py:756} INFO - Processing file /home/batata/PycharmProjects/Restitution_python_test_de/test_de/lib/python3.8/site-packages/airflow/example_dags/example_latest_only.py for tasks to queue
[2022-10-24T23:37:36.897+0200] {logging_mixin.py:120} INFO - [2022-10-24T23:37:36.897+0200] {dagbag.py:537} INFO - Filling up the DagBag from /home/batata/PycharmProjects/Restitution_python_test_de/test_de/lib/python3.8/site-packages/airflow/example_dags/example_latest_only.py
[2022-10-24T23:37:36.923+0200] {processor.py:766} INFO - DAG(s) dict_keys(['latest_only']) retrieved from /home/batata/PycharmProjects/Restitution_python_test_de/test_de/lib/python3.8/site-packages/airflow/example_dags/example_latest_only.py
[2022-10-24T23:37:36.955+0200] {logging_mixin.py:120} INFO - [2022-10-24T23:37:36.955+0200] {dag.py:2585} INFO - Sync 1 DAGs
[2022-10-24T23:37:36.976+0200] {logging_mixin.py:120} INFO - [2022-10-24T23:37:36.976+0200] {dag.py:3336} INFO - Setting next_dagrun for latest_only to 2022-10-24T17:37:36.976412+00:00, run_after=2022-10-24T21:37:36.976412+00:00
[2022-10-24T23:37:37.003+0200] {processor.py:176} INFO - Processing /home/batata/PycharmProjects/Restitution_python_test_de/test_de/lib/python3.8/site-packages/airflow/example_dags/example_latest_only.py took 0.115 seconds
