[2022-10-24T23:32:31.233+0200] {processor.py:154} INFO - Started process (PID=19160) to work on /home/batata/PycharmProjects/Restitution_python_test_de/test_de/lib/python3.8/site-packages/airflow/example_dags/example_external_task_marker_dag.py
[2022-10-24T23:32:31.234+0200] {processor.py:756} INFO - Processing file /home/batata/PycharmProjects/Restitution_python_test_de/test_de/lib/python3.8/site-packages/airflow/example_dags/example_external_task_marker_dag.py for tasks to queue
[2022-10-24T23:32:31.235+0200] {logging_mixin.py:120} INFO - [2022-10-24T23:32:31.235+0200] {dagbag.py:537} INFO - Filling up the DagBag from /home/batata/PycharmProjects/Restitution_python_test_de/test_de/lib/python3.8/site-packages/airflow/example_dags/example_external_task_marker_dag.py
[2022-10-24T23:32:31.251+0200] {processor.py:766} INFO - DAG(s) dict_keys(['example_external_task_marker_parent', 'example_external_task_marker_child']) retrieved from /home/batata/PycharmProjects/Restitution_python_test_de/test_de/lib/python3.8/site-packages/airflow/example_dags/example_external_task_marker_dag.py
[2022-10-24T23:32:31.366+0200] {logging_mixin.py:120} INFO - [2022-10-24T23:32:31.366+0200] {manager.py:507} INFO - Created Permission View: can read on DAG:example_external_task_marker_parent
[2022-10-24T23:32:31.380+0200] {logging_mixin.py:120} INFO - [2022-10-24T23:32:31.380+0200] {manager.py:507} INFO - Created Permission View: can delete on DAG:example_external_task_marker_parent
[2022-10-24T23:32:31.391+0200] {logging_mixin.py:120} INFO - [2022-10-24T23:32:31.391+0200] {manager.py:507} INFO - Created Permission View: can edit on DAG:example_external_task_marker_parent
[2022-10-24T23:32:31.522+0200] {logging_mixin.py:120} INFO - [2022-10-24T23:32:31.522+0200] {manager.py:507} INFO - Created Permission View: can read on DAG:example_external_task_marker_child
[2022-10-24T23:32:31.533+0200] {logging_mixin.py:120} INFO - [2022-10-24T23:32:31.533+0200] {manager.py:507} INFO - Created Permission View: can delete on DAG:example_external_task_marker_child
[2022-10-24T23:32:31.544+0200] {logging_mixin.py:120} INFO - [2022-10-24T23:32:31.544+0200] {manager.py:507} INFO - Created Permission View: can edit on DAG:example_external_task_marker_child
[2022-10-24T23:32:31.544+0200] {logging_mixin.py:120} INFO - [2022-10-24T23:32:31.544+0200] {dag.py:2585} INFO - Sync 2 DAGs
[2022-10-24T23:32:31.555+0200] {logging_mixin.py:120} INFO - [2022-10-24T23:32:31.555+0200] {dag.py:2606} INFO - Creating ORM DAG for example_external_task_marker_child
[2022-10-24T23:32:31.556+0200] {logging_mixin.py:120} INFO - [2022-10-24T23:32:31.556+0200] {dag.py:2606} INFO - Creating ORM DAG for example_external_task_marker_parent
[2022-10-24T23:32:31.564+0200] {logging_mixin.py:120} INFO - [2022-10-24T23:32:31.564+0200] {dag.py:3336} INFO - Setting next_dagrun for example_external_task_marker_child to None, run_after=None
[2022-10-24T23:32:31.564+0200] {logging_mixin.py:120} INFO - [2022-10-24T23:32:31.564+0200] {dag.py:3336} INFO - Setting next_dagrun for example_external_task_marker_parent to None, run_after=None
[2022-10-24T23:32:31.593+0200] {processor.py:176} INFO - Processing /home/batata/PycharmProjects/Restitution_python_test_de/test_de/lib/python3.8/site-packages/airflow/example_dags/example_external_task_marker_dag.py took 0.363 seconds
[2022-10-24T23:32:37.234+0200] {processor.py:154} INFO - Started process (PID=19198) to work on /home/batata/PycharmProjects/Restitution_python_test_de/test_de/lib/python3.8/site-packages/airflow/example_dags/example_external_task_marker_dag.py
[2022-10-24T23:32:37.235+0200] {processor.py:756} INFO - Processing file /home/batata/PycharmProjects/Restitution_python_test_de/test_de/lib/python3.8/site-packages/airflow/example_dags/example_external_task_marker_dag.py for tasks to queue
[2022-10-24T23:32:37.236+0200] {logging_mixin.py:120} INFO - [2022-10-24T23:32:37.235+0200] {dagbag.py:537} INFO - Filling up the DagBag from /home/batata/PycharmProjects/Restitution_python_test_de/test_de/lib/python3.8/site-packages/airflow/example_dags/example_external_task_marker_dag.py
[2022-10-24T23:32:37.257+0200] {processor.py:766} INFO - DAG(s) dict_keys(['example_external_task_marker_parent', 'example_external_task_marker_child']) retrieved from /home/batata/PycharmProjects/Restitution_python_test_de/test_de/lib/python3.8/site-packages/airflow/example_dags/example_external_task_marker_dag.py
[2022-10-24T23:32:37.273+0200] {logging_mixin.py:120} INFO - [2022-10-24T23:32:37.273+0200] {dag.py:2585} INFO - Sync 2 DAGs
[2022-10-24T23:32:37.303+0200] {logging_mixin.py:120} INFO - [2022-10-24T23:32:37.303+0200] {dag.py:3336} INFO - Setting next_dagrun for example_external_task_marker_child to None, run_after=None
[2022-10-24T23:32:37.307+0200] {logging_mixin.py:120} INFO - [2022-10-24T23:32:37.307+0200] {dag.py:3336} INFO - Setting next_dagrun for example_external_task_marker_parent to None, run_after=None
[2022-10-24T23:32:37.339+0200] {processor.py:176} INFO - Processing /home/batata/PycharmProjects/Restitution_python_test_de/test_de/lib/python3.8/site-packages/airflow/example_dags/example_external_task_marker_dag.py took 0.109 seconds
[2022-10-24T23:33:18.944+0200] {processor.py:154} INFO - Started process (PID=19543) to work on /home/batata/PycharmProjects/Restitution_python_test_de/test_de/lib/python3.8/site-packages/airflow/example_dags/example_external_task_marker_dag.py
[2022-10-24T23:33:18.948+0200] {processor.py:756} INFO - Processing file /home/batata/PycharmProjects/Restitution_python_test_de/test_de/lib/python3.8/site-packages/airflow/example_dags/example_external_task_marker_dag.py for tasks to queue
[2022-10-24T23:33:18.952+0200] {logging_mixin.py:120} INFO - [2022-10-24T23:33:18.951+0200] {dagbag.py:537} INFO - Filling up the DagBag from /home/batata/PycharmProjects/Restitution_python_test_de/test_de/lib/python3.8/site-packages/airflow/example_dags/example_external_task_marker_dag.py
[2022-10-24T23:33:18.974+0200] {processor.py:766} INFO - DAG(s) dict_keys(['example_external_task_marker_parent', 'example_external_task_marker_child']) retrieved from /home/batata/PycharmProjects/Restitution_python_test_de/test_de/lib/python3.8/site-packages/airflow/example_dags/example_external_task_marker_dag.py
[2022-10-24T23:33:19.131+0200] {logging_mixin.py:120} INFO - [2022-10-24T23:33:19.131+0200] {dag.py:2585} INFO - Sync 2 DAGs
[2022-10-24T23:33:19.154+0200] {logging_mixin.py:120} INFO - [2022-10-24T23:33:19.154+0200] {dag.py:3336} INFO - Setting next_dagrun for example_external_task_marker_child to None, run_after=None
[2022-10-24T23:33:19.157+0200] {logging_mixin.py:120} INFO - [2022-10-24T23:33:19.157+0200] {dag.py:3336} INFO - Setting next_dagrun for example_external_task_marker_parent to None, run_after=None
[2022-10-24T23:33:19.187+0200] {processor.py:176} INFO - Processing /home/batata/PycharmProjects/Restitution_python_test_de/test_de/lib/python3.8/site-packages/airflow/example_dags/example_external_task_marker_dag.py took 0.248 seconds
[2022-10-24T23:34:01.626+0200] {processor.py:154} INFO - Started process (PID=19946) to work on /home/batata/PycharmProjects/Restitution_python_test_de/test_de/lib/python3.8/site-packages/airflow/example_dags/example_external_task_marker_dag.py
[2022-10-24T23:34:01.630+0200] {processor.py:756} INFO - Processing file /home/batata/PycharmProjects/Restitution_python_test_de/test_de/lib/python3.8/site-packages/airflow/example_dags/example_external_task_marker_dag.py for tasks to queue
[2022-10-24T23:34:01.632+0200] {logging_mixin.py:120} INFO - [2022-10-24T23:34:01.632+0200] {dagbag.py:537} INFO - Filling up the DagBag from /home/batata/PycharmProjects/Restitution_python_test_de/test_de/lib/python3.8/site-packages/airflow/example_dags/example_external_task_marker_dag.py
[2022-10-24T23:34:01.661+0200] {processor.py:766} INFO - DAG(s) dict_keys(['example_external_task_marker_parent', 'example_external_task_marker_child']) retrieved from /home/batata/PycharmProjects/Restitution_python_test_de/test_de/lib/python3.8/site-packages/airflow/example_dags/example_external_task_marker_dag.py
[2022-10-24T23:34:01.852+0200] {logging_mixin.py:120} INFO - [2022-10-24T23:34:01.852+0200] {dag.py:2585} INFO - Sync 2 DAGs
[2022-10-24T23:34:01.882+0200] {logging_mixin.py:120} INFO - [2022-10-24T23:34:01.881+0200] {dag.py:3336} INFO - Setting next_dagrun for example_external_task_marker_child to None, run_after=None
[2022-10-24T23:34:01.886+0200] {logging_mixin.py:120} INFO - [2022-10-24T23:34:01.886+0200] {dag.py:3336} INFO - Setting next_dagrun for example_external_task_marker_parent to None, run_after=None
[2022-10-24T23:34:01.919+0200] {processor.py:176} INFO - Processing /home/batata/PycharmProjects/Restitution_python_test_de/test_de/lib/python3.8/site-packages/airflow/example_dags/example_external_task_marker_dag.py took 0.300 seconds
[2022-10-24T23:34:40.710+0200] {processor.py:154} INFO - Started process (PID=20235) to work on /home/batata/PycharmProjects/Restitution_python_test_de/test_de/lib/python3.8/site-packages/airflow/example_dags/example_external_task_marker_dag.py
[2022-10-24T23:34:40.714+0200] {processor.py:756} INFO - Processing file /home/batata/PycharmProjects/Restitution_python_test_de/test_de/lib/python3.8/site-packages/airflow/example_dags/example_external_task_marker_dag.py for tasks to queue
[2022-10-24T23:34:40.716+0200] {logging_mixin.py:120} INFO - [2022-10-24T23:34:40.716+0200] {dagbag.py:537} INFO - Filling up the DagBag from /home/batata/PycharmProjects/Restitution_python_test_de/test_de/lib/python3.8/site-packages/airflow/example_dags/example_external_task_marker_dag.py
[2022-10-24T23:34:40.741+0200] {processor.py:766} INFO - DAG(s) dict_keys(['example_external_task_marker_parent', 'example_external_task_marker_child']) retrieved from /home/batata/PycharmProjects/Restitution_python_test_de/test_de/lib/python3.8/site-packages/airflow/example_dags/example_external_task_marker_dag.py
[2022-10-24T23:34:40.912+0200] {logging_mixin.py:120} INFO - [2022-10-24T23:34:40.912+0200] {dag.py:2585} INFO - Sync 2 DAGs
[2022-10-24T23:34:40.947+0200] {logging_mixin.py:120} INFO - [2022-10-24T23:34:40.946+0200] {dag.py:3336} INFO - Setting next_dagrun for example_external_task_marker_child to None, run_after=None
[2022-10-24T23:34:40.951+0200] {logging_mixin.py:120} INFO - [2022-10-24T23:34:40.950+0200] {dag.py:3336} INFO - Setting next_dagrun for example_external_task_marker_parent to None, run_after=None
[2022-10-24T23:34:40.988+0200] {processor.py:176} INFO - Processing /home/batata/PycharmProjects/Restitution_python_test_de/test_de/lib/python3.8/site-packages/airflow/example_dags/example_external_task_marker_dag.py took 0.283 seconds
[2022-10-24T23:35:21.729+0200] {processor.py:154} INFO - Started process (PID=20467) to work on /home/batata/PycharmProjects/Restitution_python_test_de/test_de/lib/python3.8/site-packages/airflow/example_dags/example_external_task_marker_dag.py
[2022-10-24T23:35:21.732+0200] {processor.py:756} INFO - Processing file /home/batata/PycharmProjects/Restitution_python_test_de/test_de/lib/python3.8/site-packages/airflow/example_dags/example_external_task_marker_dag.py for tasks to queue
[2022-10-24T23:35:21.734+0200] {logging_mixin.py:120} INFO - [2022-10-24T23:35:21.734+0200] {dagbag.py:537} INFO - Filling up the DagBag from /home/batata/PycharmProjects/Restitution_python_test_de/test_de/lib/python3.8/site-packages/airflow/example_dags/example_external_task_marker_dag.py
[2022-10-24T23:35:21.765+0200] {processor.py:766} INFO - DAG(s) dict_keys(['example_external_task_marker_parent', 'example_external_task_marker_child']) retrieved from /home/batata/PycharmProjects/Restitution_python_test_de/test_de/lib/python3.8/site-packages/airflow/example_dags/example_external_task_marker_dag.py
[2022-10-24T23:35:21.870+0200] {logging_mixin.py:120} INFO - [2022-10-24T23:35:21.870+0200] {dag.py:2585} INFO - Sync 2 DAGs
[2022-10-24T23:35:21.893+0200] {logging_mixin.py:120} INFO - [2022-10-24T23:35:21.893+0200] {dag.py:3336} INFO - Setting next_dagrun for example_external_task_marker_child to None, run_after=None
[2022-10-24T23:35:21.898+0200] {logging_mixin.py:120} INFO - [2022-10-24T23:35:21.898+0200] {dag.py:3336} INFO - Setting next_dagrun for example_external_task_marker_parent to None, run_after=None
[2022-10-24T23:35:21.922+0200] {processor.py:176} INFO - Processing /home/batata/PycharmProjects/Restitution_python_test_de/test_de/lib/python3.8/site-packages/airflow/example_dags/example_external_task_marker_dag.py took 0.196 seconds
[2022-10-24T23:36:14.247+0200] {processor.py:154} INFO - Started process (PID=20876) to work on /home/batata/PycharmProjects/Restitution_python_test_de/test_de/lib/python3.8/site-packages/airflow/example_dags/example_external_task_marker_dag.py
[2022-10-24T23:36:14.259+0200] {processor.py:756} INFO - Processing file /home/batata/PycharmProjects/Restitution_python_test_de/test_de/lib/python3.8/site-packages/airflow/example_dags/example_external_task_marker_dag.py for tasks to queue
[2022-10-24T23:36:14.260+0200] {logging_mixin.py:120} INFO - [2022-10-24T23:36:14.260+0200] {dagbag.py:537} INFO - Filling up the DagBag from /home/batata/PycharmProjects/Restitution_python_test_de/test_de/lib/python3.8/site-packages/airflow/example_dags/example_external_task_marker_dag.py
[2022-10-24T23:36:14.308+0200] {processor.py:766} INFO - DAG(s) dict_keys(['example_external_task_marker_parent', 'example_external_task_marker_child']) retrieved from /home/batata/PycharmProjects/Restitution_python_test_de/test_de/lib/python3.8/site-packages/airflow/example_dags/example_external_task_marker_dag.py
[2022-10-24T23:36:14.788+0200] {logging_mixin.py:120} INFO - [2022-10-24T23:36:14.788+0200] {dag.py:2585} INFO - Sync 2 DAGs
[2022-10-24T23:36:14.829+0200] {logging_mixin.py:120} INFO - [2022-10-24T23:36:14.828+0200] {dag.py:3336} INFO - Setting next_dagrun for example_external_task_marker_child to None, run_after=None
[2022-10-24T23:36:14.835+0200] {logging_mixin.py:120} INFO - [2022-10-24T23:36:14.835+0200] {dag.py:3336} INFO - Setting next_dagrun for example_external_task_marker_parent to None, run_after=None
[2022-10-24T23:36:14.943+0200] {processor.py:176} INFO - Processing /home/batata/PycharmProjects/Restitution_python_test_de/test_de/lib/python3.8/site-packages/airflow/example_dags/example_external_task_marker_dag.py took 0.699 seconds
[2022-10-24T23:36:53.812+0200] {processor.py:154} INFO - Started process (PID=21184) to work on /home/batata/PycharmProjects/Restitution_python_test_de/test_de/lib/python3.8/site-packages/airflow/example_dags/example_external_task_marker_dag.py
[2022-10-24T23:36:53.813+0200] {processor.py:756} INFO - Processing file /home/batata/PycharmProjects/Restitution_python_test_de/test_de/lib/python3.8/site-packages/airflow/example_dags/example_external_task_marker_dag.py for tasks to queue
[2022-10-24T23:36:53.814+0200] {logging_mixin.py:120} INFO - [2022-10-24T23:36:53.814+0200] {dagbag.py:537} INFO - Filling up the DagBag from /home/batata/PycharmProjects/Restitution_python_test_de/test_de/lib/python3.8/site-packages/airflow/example_dags/example_external_task_marker_dag.py
[2022-10-24T23:36:53.830+0200] {processor.py:766} INFO - DAG(s) dict_keys(['example_external_task_marker_parent', 'example_external_task_marker_child']) retrieved from /home/batata/PycharmProjects/Restitution_python_test_de/test_de/lib/python3.8/site-packages/airflow/example_dags/example_external_task_marker_dag.py
[2022-10-24T23:36:53.941+0200] {logging_mixin.py:120} INFO - [2022-10-24T23:36:53.941+0200] {dag.py:2585} INFO - Sync 2 DAGs
[2022-10-24T23:36:53.960+0200] {logging_mixin.py:120} INFO - [2022-10-24T23:36:53.960+0200] {dag.py:3336} INFO - Setting next_dagrun for example_external_task_marker_child to None, run_after=None
[2022-10-24T23:36:53.963+0200] {logging_mixin.py:120} INFO - [2022-10-24T23:36:53.963+0200] {dag.py:3336} INFO - Setting next_dagrun for example_external_task_marker_parent to None, run_after=None
[2022-10-24T23:36:53.990+0200] {processor.py:176} INFO - Processing /home/batata/PycharmProjects/Restitution_python_test_de/test_de/lib/python3.8/site-packages/airflow/example_dags/example_external_task_marker_dag.py took 0.181 seconds
[2022-10-24T23:37:32.885+0200] {processor.py:154} INFO - Started process (PID=21357) to work on /home/batata/PycharmProjects/Restitution_python_test_de/test_de/lib/python3.8/site-packages/airflow/example_dags/example_external_task_marker_dag.py
[2022-10-24T23:37:32.888+0200] {processor.py:756} INFO - Processing file /home/batata/PycharmProjects/Restitution_python_test_de/test_de/lib/python3.8/site-packages/airflow/example_dags/example_external_task_marker_dag.py for tasks to queue
[2022-10-24T23:37:32.889+0200] {logging_mixin.py:120} INFO - [2022-10-24T23:37:32.889+0200] {dagbag.py:537} INFO - Filling up the DagBag from /home/batata/PycharmProjects/Restitution_python_test_de/test_de/lib/python3.8/site-packages/airflow/example_dags/example_external_task_marker_dag.py
[2022-10-24T23:37:32.902+0200] {processor.py:766} INFO - DAG(s) dict_keys(['example_external_task_marker_parent', 'example_external_task_marker_child']) retrieved from /home/batata/PycharmProjects/Restitution_python_test_de/test_de/lib/python3.8/site-packages/airflow/example_dags/example_external_task_marker_dag.py
[2022-10-24T23:37:32.995+0200] {logging_mixin.py:120} INFO - [2022-10-24T23:37:32.995+0200] {dag.py:2585} INFO - Sync 2 DAGs
[2022-10-24T23:37:33.014+0200] {logging_mixin.py:120} INFO - [2022-10-24T23:37:33.014+0200] {dag.py:3336} INFO - Setting next_dagrun for example_external_task_marker_child to None, run_after=None
[2022-10-24T23:37:33.017+0200] {logging_mixin.py:120} INFO - [2022-10-24T23:37:33.017+0200] {dag.py:3336} INFO - Setting next_dagrun for example_external_task_marker_parent to None, run_after=None
[2022-10-24T23:37:33.048+0200] {processor.py:176} INFO - Processing /home/batata/PycharmProjects/Restitution_python_test_de/test_de/lib/python3.8/site-packages/airflow/example_dags/example_external_task_marker_dag.py took 0.165 seconds
