[2022-10-24T23:32:50.610+0200] {processor.py:154} INFO - Started process (PID=19310) to work on /home/batata/PycharmProjects/Restitution_python_test_de/test_de/lib/python3.8/site-packages/airflow/example_dags/example_branch_labels.py
[2022-10-24T23:32:50.611+0200] {processor.py:756} INFO - Processing file /home/batata/PycharmProjects/Restitution_python_test_de/test_de/lib/python3.8/site-packages/airflow/example_dags/example_branch_labels.py for tasks to queue
[2022-10-24T23:32:50.613+0200] {logging_mixin.py:120} INFO - [2022-10-24T23:32:50.613+0200] {dagbag.py:537} INFO - Filling up the DagBag from /home/batata/PycharmProjects/Restitution_python_test_de/test_de/lib/python3.8/site-packages/airflow/example_dags/example_branch_labels.py
[2022-10-24T23:32:50.636+0200] {processor.py:766} INFO - DAG(s) dict_keys(['example_branch_labels']) retrieved from /home/batata/PycharmProjects/Restitution_python_test_de/test_de/lib/python3.8/site-packages/airflow/example_dags/example_branch_labels.py
[2022-10-24T23:32:50.816+0200] {logging_mixin.py:120} INFO - [2022-10-24T23:32:50.815+0200] {manager.py:507} INFO - Created Permission View: can read on DAG:example_branch_labels
[2022-10-24T23:32:50.836+0200] {logging_mixin.py:120} INFO - [2022-10-24T23:32:50.836+0200] {manager.py:507} INFO - Created Permission View: can delete on DAG:example_branch_labels
[2022-10-24T23:32:50.849+0200] {logging_mixin.py:120} INFO - [2022-10-24T23:32:50.849+0200] {manager.py:507} INFO - Created Permission View: can edit on DAG:example_branch_labels
[2022-10-24T23:32:50.849+0200] {logging_mixin.py:120} INFO - [2022-10-24T23:32:50.849+0200] {dag.py:2585} INFO - Sync 1 DAGs
[2022-10-24T23:32:50.866+0200] {logging_mixin.py:120} INFO - [2022-10-24T23:32:50.866+0200] {dag.py:2606} INFO - Creating ORM DAG for example_branch_labels
[2022-10-24T23:32:50.887+0200] {logging_mixin.py:120} INFO - [2022-10-24T23:32:50.886+0200] {dag.py:3336} INFO - Setting next_dagrun for example_branch_labels to 2022-10-23T00:00:00+00:00, run_after=2022-10-24T00:00:00+00:00
[2022-10-24T23:32:50.925+0200] {processor.py:176} INFO - Processing /home/batata/PycharmProjects/Restitution_python_test_de/test_de/lib/python3.8/site-packages/airflow/example_dags/example_branch_labels.py took 0.318 seconds
[2022-10-24T23:33:38.478+0200] {processor.py:154} INFO - Started process (PID=19770) to work on /home/batata/PycharmProjects/Restitution_python_test_de/test_de/lib/python3.8/site-packages/airflow/example_dags/example_branch_labels.py
[2022-10-24T23:33:38.481+0200] {processor.py:756} INFO - Processing file /home/batata/PycharmProjects/Restitution_python_test_de/test_de/lib/python3.8/site-packages/airflow/example_dags/example_branch_labels.py for tasks to queue
[2022-10-24T23:33:38.483+0200] {logging_mixin.py:120} INFO - [2022-10-24T23:33:38.483+0200] {dagbag.py:537} INFO - Filling up the DagBag from /home/batata/PycharmProjects/Restitution_python_test_de/test_de/lib/python3.8/site-packages/airflow/example_dags/example_branch_labels.py
[2022-10-24T23:33:38.503+0200] {processor.py:766} INFO - DAG(s) dict_keys(['example_branch_labels']) retrieved from /home/batata/PycharmProjects/Restitution_python_test_de/test_de/lib/python3.8/site-packages/airflow/example_dags/example_branch_labels.py
[2022-10-24T23:33:38.530+0200] {logging_mixin.py:120} INFO - [2022-10-24T23:33:38.530+0200] {dag.py:2585} INFO - Sync 1 DAGs
[2022-10-24T23:33:38.559+0200] {logging_mixin.py:120} INFO - [2022-10-24T23:33:38.558+0200] {dag.py:3336} INFO - Setting next_dagrun for example_branch_labels to 2022-10-23T00:00:00+00:00, run_after=2022-10-24T00:00:00+00:00
[2022-10-24T23:33:38.586+0200] {processor.py:176} INFO - Processing /home/batata/PycharmProjects/Restitution_python_test_de/test_de/lib/python3.8/site-packages/airflow/example_dags/example_branch_labels.py took 0.112 seconds
[2022-10-24T23:34:20.233+0200] {processor.py:154} INFO - Started process (PID=20085) to work on /home/batata/PycharmProjects/Restitution_python_test_de/test_de/lib/python3.8/site-packages/airflow/example_dags/example_branch_labels.py
[2022-10-24T23:34:20.238+0200] {processor.py:756} INFO - Processing file /home/batata/PycharmProjects/Restitution_python_test_de/test_de/lib/python3.8/site-packages/airflow/example_dags/example_branch_labels.py for tasks to queue
[2022-10-24T23:34:20.249+0200] {logging_mixin.py:120} INFO - [2022-10-24T23:34:20.249+0200] {dagbag.py:537} INFO - Filling up the DagBag from /home/batata/PycharmProjects/Restitution_python_test_de/test_de/lib/python3.8/site-packages/airflow/example_dags/example_branch_labels.py
[2022-10-24T23:34:20.287+0200] {processor.py:766} INFO - DAG(s) dict_keys(['example_branch_labels']) retrieved from /home/batata/PycharmProjects/Restitution_python_test_de/test_de/lib/python3.8/site-packages/airflow/example_dags/example_branch_labels.py
[2022-10-24T23:34:20.328+0200] {logging_mixin.py:120} INFO - [2022-10-24T23:34:20.327+0200] {dag.py:2585} INFO - Sync 1 DAGs
[2022-10-24T23:34:20.353+0200] {logging_mixin.py:120} INFO - [2022-10-24T23:34:20.353+0200] {dag.py:3336} INFO - Setting next_dagrun for example_branch_labels to 2022-10-23T00:00:00+00:00, run_after=2022-10-24T00:00:00+00:00
[2022-10-24T23:34:20.385+0200] {processor.py:176} INFO - Processing /home/batata/PycharmProjects/Restitution_python_test_de/test_de/lib/python3.8/site-packages/airflow/example_dags/example_branch_labels.py took 0.157 seconds
[2022-10-24T23:35:00.297+0200] {processor.py:154} INFO - Started process (PID=20321) to work on /home/batata/PycharmProjects/Restitution_python_test_de/test_de/lib/python3.8/site-packages/airflow/example_dags/example_branch_labels.py
[2022-10-24T23:35:00.299+0200] {processor.py:756} INFO - Processing file /home/batata/PycharmProjects/Restitution_python_test_de/test_de/lib/python3.8/site-packages/airflow/example_dags/example_branch_labels.py for tasks to queue
[2022-10-24T23:35:00.300+0200] {logging_mixin.py:120} INFO - [2022-10-24T23:35:00.300+0200] {dagbag.py:537} INFO - Filling up the DagBag from /home/batata/PycharmProjects/Restitution_python_test_de/test_de/lib/python3.8/site-packages/airflow/example_dags/example_branch_labels.py
[2022-10-24T23:35:00.314+0200] {processor.py:766} INFO - DAG(s) dict_keys(['example_branch_labels']) retrieved from /home/batata/PycharmProjects/Restitution_python_test_de/test_de/lib/python3.8/site-packages/airflow/example_dags/example_branch_labels.py
[2022-10-24T23:35:00.336+0200] {logging_mixin.py:120} INFO - [2022-10-24T23:35:00.336+0200] {dag.py:2585} INFO - Sync 1 DAGs
[2022-10-24T23:35:00.356+0200] {logging_mixin.py:120} INFO - [2022-10-24T23:35:00.356+0200] {dag.py:3336} INFO - Setting next_dagrun for example_branch_labels to 2022-10-23T00:00:00+00:00, run_after=2022-10-24T00:00:00+00:00
[2022-10-24T23:35:00.379+0200] {processor.py:176} INFO - Processing /home/batata/PycharmProjects/Restitution_python_test_de/test_de/lib/python3.8/site-packages/airflow/example_dags/example_branch_labels.py took 0.085 seconds
[2022-10-24T23:35:38.706+0200] {processor.py:154} INFO - Started process (PID=20530) to work on /home/batata/PycharmProjects/Restitution_python_test_de/test_de/lib/python3.8/site-packages/airflow/example_dags/example_branch_labels.py
[2022-10-24T23:35:38.708+0200] {processor.py:756} INFO - Processing file /home/batata/PycharmProjects/Restitution_python_test_de/test_de/lib/python3.8/site-packages/airflow/example_dags/example_branch_labels.py for tasks to queue
[2022-10-24T23:35:38.710+0200] {logging_mixin.py:120} INFO - [2022-10-24T23:35:38.710+0200] {dagbag.py:537} INFO - Filling up the DagBag from /home/batata/PycharmProjects/Restitution_python_test_de/test_de/lib/python3.8/site-packages/airflow/example_dags/example_branch_labels.py
[2022-10-24T23:35:38.728+0200] {processor.py:766} INFO - DAG(s) dict_keys(['example_branch_labels']) retrieved from /home/batata/PycharmProjects/Restitution_python_test_de/test_de/lib/python3.8/site-packages/airflow/example_dags/example_branch_labels.py
[2022-10-24T23:35:38.752+0200] {logging_mixin.py:120} INFO - [2022-10-24T23:35:38.752+0200] {dag.py:2585} INFO - Sync 1 DAGs
[2022-10-24T23:35:38.771+0200] {logging_mixin.py:120} INFO - [2022-10-24T23:35:38.771+0200] {dag.py:3336} INFO - Setting next_dagrun for example_branch_labels to 2022-10-23T00:00:00+00:00, run_after=2022-10-24T00:00:00+00:00
[2022-10-24T23:35:38.804+0200] {processor.py:176} INFO - Processing /home/batata/PycharmProjects/Restitution_python_test_de/test_de/lib/python3.8/site-packages/airflow/example_dags/example_branch_labels.py took 0.101 seconds
[2022-10-24T23:36:33.195+0200] {processor.py:154} INFO - Started process (PID=21030) to work on /home/batata/PycharmProjects/Restitution_python_test_de/test_de/lib/python3.8/site-packages/airflow/example_dags/example_branch_labels.py
[2022-10-24T23:36:33.197+0200] {processor.py:756} INFO - Processing file /home/batata/PycharmProjects/Restitution_python_test_de/test_de/lib/python3.8/site-packages/airflow/example_dags/example_branch_labels.py for tasks to queue
[2022-10-24T23:36:33.198+0200] {logging_mixin.py:120} INFO - [2022-10-24T23:36:33.198+0200] {dagbag.py:537} INFO - Filling up the DagBag from /home/batata/PycharmProjects/Restitution_python_test_de/test_de/lib/python3.8/site-packages/airflow/example_dags/example_branch_labels.py
[2022-10-24T23:36:33.215+0200] {processor.py:766} INFO - DAG(s) dict_keys(['example_branch_labels']) retrieved from /home/batata/PycharmProjects/Restitution_python_test_de/test_de/lib/python3.8/site-packages/airflow/example_dags/example_branch_labels.py
[2022-10-24T23:36:33.240+0200] {logging_mixin.py:120} INFO - [2022-10-24T23:36:33.239+0200] {dag.py:2585} INFO - Sync 1 DAGs
[2022-10-24T23:36:33.266+0200] {logging_mixin.py:120} INFO - [2022-10-24T23:36:33.266+0200] {dag.py:3336} INFO - Setting next_dagrun for example_branch_labels to 2022-10-23T00:00:00+00:00, run_after=2022-10-24T00:00:00+00:00
[2022-10-24T23:36:33.293+0200] {processor.py:176} INFO - Processing /home/batata/PycharmProjects/Restitution_python_test_de/test_de/lib/python3.8/site-packages/airflow/example_dags/example_branch_labels.py took 0.101 seconds
[2022-10-24T23:37:12.044+0200] {processor.py:154} INFO - Started process (PID=21275) to work on /home/batata/PycharmProjects/Restitution_python_test_de/test_de/lib/python3.8/site-packages/airflow/example_dags/example_branch_labels.py
[2022-10-24T23:37:12.046+0200] {processor.py:756} INFO - Processing file /home/batata/PycharmProjects/Restitution_python_test_de/test_de/lib/python3.8/site-packages/airflow/example_dags/example_branch_labels.py for tasks to queue
[2022-10-24T23:37:12.047+0200] {logging_mixin.py:120} INFO - [2022-10-24T23:37:12.047+0200] {dagbag.py:537} INFO - Filling up the DagBag from /home/batata/PycharmProjects/Restitution_python_test_de/test_de/lib/python3.8/site-packages/airflow/example_dags/example_branch_labels.py
[2022-10-24T23:37:12.062+0200] {processor.py:766} INFO - DAG(s) dict_keys(['example_branch_labels']) retrieved from /home/batata/PycharmProjects/Restitution_python_test_de/test_de/lib/python3.8/site-packages/airflow/example_dags/example_branch_labels.py
[2022-10-24T23:37:12.085+0200] {logging_mixin.py:120} INFO - [2022-10-24T23:37:12.085+0200] {dag.py:2585} INFO - Sync 1 DAGs
[2022-10-24T23:37:12.108+0200] {logging_mixin.py:120} INFO - [2022-10-24T23:37:12.107+0200] {dag.py:3336} INFO - Setting next_dagrun for example_branch_labels to 2022-10-23T00:00:00+00:00, run_after=2022-10-24T00:00:00+00:00
[2022-10-24T23:37:12.135+0200] {processor.py:176} INFO - Processing /home/batata/PycharmProjects/Restitution_python_test_de/test_de/lib/python3.8/site-packages/airflow/example_dags/example_branch_labels.py took 0.093 seconds
[2022-10-24T23:37:50.215+0200] {processor.py:154} INFO - Started process (PID=21439) to work on /home/batata/PycharmProjects/Restitution_python_test_de/test_de/lib/python3.8/site-packages/airflow/example_dags/example_branch_labels.py
[2022-10-24T23:37:50.217+0200] {processor.py:756} INFO - Processing file /home/batata/PycharmProjects/Restitution_python_test_de/test_de/lib/python3.8/site-packages/airflow/example_dags/example_branch_labels.py for tasks to queue
[2022-10-24T23:37:50.218+0200] {logging_mixin.py:120} INFO - [2022-10-24T23:37:50.218+0200] {dagbag.py:537} INFO - Filling up the DagBag from /home/batata/PycharmProjects/Restitution_python_test_de/test_de/lib/python3.8/site-packages/airflow/example_dags/example_branch_labels.py
[2022-10-24T23:37:50.233+0200] {processor.py:766} INFO - DAG(s) dict_keys(['example_branch_labels']) retrieved from /home/batata/PycharmProjects/Restitution_python_test_de/test_de/lib/python3.8/site-packages/airflow/example_dags/example_branch_labels.py
[2022-10-24T23:37:50.261+0200] {logging_mixin.py:120} INFO - [2022-10-24T23:37:50.260+0200] {dag.py:2585} INFO - Sync 1 DAGs
[2022-10-24T23:37:50.283+0200] {logging_mixin.py:120} INFO - [2022-10-24T23:37:50.283+0200] {dag.py:3336} INFO - Setting next_dagrun for example_branch_labels to 2022-10-23T00:00:00+00:00, run_after=2022-10-24T00:00:00+00:00
[2022-10-24T23:37:50.312+0200] {processor.py:176} INFO - Processing /home/batata/PycharmProjects/Restitution_python_test_de/test_de/lib/python3.8/site-packages/airflow/example_dags/example_branch_labels.py took 0.100 seconds
