[2022-10-24T23:32:24.819+0200] {processor.py:154} INFO - Started process (PID=19065) to work on /home/batata/PycharmProjects/Restitution_python_test_de/test_de/lib/python3.8/site-packages/airflow/example_dags/tutorial_dag.py
[2022-10-24T23:32:24.820+0200] {processor.py:756} INFO - Processing file /home/batata/PycharmProjects/Restitution_python_test_de/test_de/lib/python3.8/site-packages/airflow/example_dags/tutorial_dag.py for tasks to queue
[2022-10-24T23:32:24.821+0200] {logging_mixin.py:120} INFO - [2022-10-24T23:32:24.821+0200] {dagbag.py:537} INFO - Filling up the DagBag from /home/batata/PycharmProjects/Restitution_python_test_de/test_de/lib/python3.8/site-packages/airflow/example_dags/tutorial_dag.py
[2022-10-24T23:32:24.837+0200] {processor.py:766} INFO - DAG(s) dict_keys(['tutorial_dag']) retrieved from /home/batata/PycharmProjects/Restitution_python_test_de/test_de/lib/python3.8/site-packages/airflow/example_dags/tutorial_dag.py
[2022-10-24T23:32:24.965+0200] {logging_mixin.py:120} INFO - [2022-10-24T23:32:24.964+0200] {manager.py:507} INFO - Created Permission View: can read on DAG:tutorial_dag
[2022-10-24T23:32:24.980+0200] {logging_mixin.py:120} INFO - [2022-10-24T23:32:24.979+0200] {manager.py:507} INFO - Created Permission View: can delete on DAG:tutorial_dag
[2022-10-24T23:32:24.991+0200] {logging_mixin.py:120} INFO - [2022-10-24T23:32:24.990+0200] {manager.py:507} INFO - Created Permission View: can edit on DAG:tutorial_dag
[2022-10-24T23:32:24.991+0200] {logging_mixin.py:120} INFO - [2022-10-24T23:32:24.991+0200] {dag.py:2585} INFO - Sync 1 DAGs
[2022-10-24T23:32:25.001+0200] {logging_mixin.py:120} INFO - [2022-10-24T23:32:25.001+0200] {dag.py:2606} INFO - Creating ORM DAG for tutorial_dag
[2022-10-24T23:32:25.010+0200] {logging_mixin.py:120} INFO - [2022-10-24T23:32:25.010+0200] {dag.py:3336} INFO - Setting next_dagrun for tutorial_dag to None, run_after=None
[2022-10-24T23:32:25.038+0200] {processor.py:176} INFO - Processing /home/batata/PycharmProjects/Restitution_python_test_de/test_de/lib/python3.8/site-packages/airflow/example_dags/tutorial_dag.py took 0.222 seconds
[2022-10-24T23:32:32.191+0200] {processor.py:154} INFO - Started process (PID=19161) to work on /home/batata/PycharmProjects/Restitution_python_test_de/test_de/lib/python3.8/site-packages/airflow/example_dags/tutorial_dag.py
[2022-10-24T23:32:32.192+0200] {processor.py:756} INFO - Processing file /home/batata/PycharmProjects/Restitution_python_test_de/test_de/lib/python3.8/site-packages/airflow/example_dags/tutorial_dag.py for tasks to queue
[2022-10-24T23:32:32.193+0200] {logging_mixin.py:120} INFO - [2022-10-24T23:32:32.193+0200] {dagbag.py:537} INFO - Filling up the DagBag from /home/batata/PycharmProjects/Restitution_python_test_de/test_de/lib/python3.8/site-packages/airflow/example_dags/tutorial_dag.py
[2022-10-24T23:32:32.209+0200] {processor.py:766} INFO - DAG(s) dict_keys(['tutorial_dag']) retrieved from /home/batata/PycharmProjects/Restitution_python_test_de/test_de/lib/python3.8/site-packages/airflow/example_dags/tutorial_dag.py
[2022-10-24T23:32:32.221+0200] {logging_mixin.py:120} INFO - [2022-10-24T23:32:32.221+0200] {dag.py:2585} INFO - Sync 1 DAGs
[2022-10-24T23:32:32.241+0200] {logging_mixin.py:120} INFO - [2022-10-24T23:32:32.241+0200] {dag.py:3336} INFO - Setting next_dagrun for tutorial_dag to None, run_after=None
[2022-10-24T23:32:32.266+0200] {processor.py:176} INFO - Processing /home/batata/PycharmProjects/Restitution_python_test_de/test_de/lib/python3.8/site-packages/airflow/example_dags/tutorial_dag.py took 0.078 seconds
[2022-10-24T23:33:13.741+0200] {processor.py:154} INFO - Started process (PID=19499) to work on /home/batata/PycharmProjects/Restitution_python_test_de/test_de/lib/python3.8/site-packages/airflow/example_dags/tutorial_dag.py
[2022-10-24T23:33:13.744+0200] {processor.py:756} INFO - Processing file /home/batata/PycharmProjects/Restitution_python_test_de/test_de/lib/python3.8/site-packages/airflow/example_dags/tutorial_dag.py for tasks to queue
[2022-10-24T23:33:13.745+0200] {logging_mixin.py:120} INFO - [2022-10-24T23:33:13.745+0200] {dagbag.py:537} INFO - Filling up the DagBag from /home/batata/PycharmProjects/Restitution_python_test_de/test_de/lib/python3.8/site-packages/airflow/example_dags/tutorial_dag.py
[2022-10-24T23:33:13.761+0200] {processor.py:766} INFO - DAG(s) dict_keys(['tutorial_dag']) retrieved from /home/batata/PycharmProjects/Restitution_python_test_de/test_de/lib/python3.8/site-packages/airflow/example_dags/tutorial_dag.py
[2022-10-24T23:33:13.784+0200] {logging_mixin.py:120} INFO - [2022-10-24T23:33:13.784+0200] {dag.py:2585} INFO - Sync 1 DAGs
[2022-10-24T23:33:13.803+0200] {logging_mixin.py:120} INFO - [2022-10-24T23:33:13.803+0200] {dag.py:3336} INFO - Setting next_dagrun for tutorial_dag to None, run_after=None
[2022-10-24T23:33:13.829+0200] {processor.py:176} INFO - Processing /home/batata/PycharmProjects/Restitution_python_test_de/test_de/lib/python3.8/site-packages/airflow/example_dags/tutorial_dag.py took 0.091 seconds
[2022-10-24T23:33:56.147+0200] {processor.py:154} INFO - Started process (PID=19884) to work on /home/batata/PycharmProjects/Restitution_python_test_de/test_de/lib/python3.8/site-packages/airflow/example_dags/tutorial_dag.py
[2022-10-24T23:33:56.150+0200] {processor.py:756} INFO - Processing file /home/batata/PycharmProjects/Restitution_python_test_de/test_de/lib/python3.8/site-packages/airflow/example_dags/tutorial_dag.py for tasks to queue
[2022-10-24T23:33:56.151+0200] {logging_mixin.py:120} INFO - [2022-10-24T23:33:56.151+0200] {dagbag.py:537} INFO - Filling up the DagBag from /home/batata/PycharmProjects/Restitution_python_test_de/test_de/lib/python3.8/site-packages/airflow/example_dags/tutorial_dag.py
[2022-10-24T23:33:56.164+0200] {processor.py:766} INFO - DAG(s) dict_keys(['tutorial_dag']) retrieved from /home/batata/PycharmProjects/Restitution_python_test_de/test_de/lib/python3.8/site-packages/airflow/example_dags/tutorial_dag.py
[2022-10-24T23:33:56.186+0200] {logging_mixin.py:120} INFO - [2022-10-24T23:33:56.186+0200] {dag.py:2585} INFO - Sync 1 DAGs
[2022-10-24T23:33:56.205+0200] {logging_mixin.py:120} INFO - [2022-10-24T23:33:56.204+0200] {dag.py:3336} INFO - Setting next_dagrun for tutorial_dag to None, run_after=None
[2022-10-24T23:33:56.230+0200] {processor.py:176} INFO - Processing /home/batata/PycharmProjects/Restitution_python_test_de/test_de/lib/python3.8/site-packages/airflow/example_dags/tutorial_dag.py took 0.087 seconds
[2022-10-24T23:34:36.003+0200] {processor.py:154} INFO - Started process (PID=20211) to work on /home/batata/PycharmProjects/Restitution_python_test_de/test_de/lib/python3.8/site-packages/airflow/example_dags/tutorial_dag.py
[2022-10-24T23:34:36.005+0200] {processor.py:756} INFO - Processing file /home/batata/PycharmProjects/Restitution_python_test_de/test_de/lib/python3.8/site-packages/airflow/example_dags/tutorial_dag.py for tasks to queue
[2022-10-24T23:34:36.008+0200] {logging_mixin.py:120} INFO - [2022-10-24T23:34:36.007+0200] {dagbag.py:537} INFO - Filling up the DagBag from /home/batata/PycharmProjects/Restitution_python_test_de/test_de/lib/python3.8/site-packages/airflow/example_dags/tutorial_dag.py
[2022-10-24T23:34:36.027+0200] {processor.py:766} INFO - DAG(s) dict_keys(['tutorial_dag']) retrieved from /home/batata/PycharmProjects/Restitution_python_test_de/test_de/lib/python3.8/site-packages/airflow/example_dags/tutorial_dag.py
[2022-10-24T23:34:36.054+0200] {logging_mixin.py:120} INFO - [2022-10-24T23:34:36.053+0200] {dag.py:2585} INFO - Sync 1 DAGs
[2022-10-24T23:34:36.072+0200] {logging_mixin.py:120} INFO - [2022-10-24T23:34:36.071+0200] {dag.py:3336} INFO - Setting next_dagrun for tutorial_dag to None, run_after=None
[2022-10-24T23:34:36.096+0200] {processor.py:176} INFO - Processing /home/batata/PycharmProjects/Restitution_python_test_de/test_de/lib/python3.8/site-packages/airflow/example_dags/tutorial_dag.py took 0.097 seconds
[2022-10-24T23:35:17.124+0200] {processor.py:154} INFO - Started process (PID=20428) to work on /home/batata/PycharmProjects/Restitution_python_test_de/test_de/lib/python3.8/site-packages/airflow/example_dags/tutorial_dag.py
[2022-10-24T23:35:17.125+0200] {processor.py:756} INFO - Processing file /home/batata/PycharmProjects/Restitution_python_test_de/test_de/lib/python3.8/site-packages/airflow/example_dags/tutorial_dag.py for tasks to queue
[2022-10-24T23:35:17.126+0200] {logging_mixin.py:120} INFO - [2022-10-24T23:35:17.126+0200] {dagbag.py:537} INFO - Filling up the DagBag from /home/batata/PycharmProjects/Restitution_python_test_de/test_de/lib/python3.8/site-packages/airflow/example_dags/tutorial_dag.py
[2022-10-24T23:35:17.144+0200] {processor.py:766} INFO - DAG(s) dict_keys(['tutorial_dag']) retrieved from /home/batata/PycharmProjects/Restitution_python_test_de/test_de/lib/python3.8/site-packages/airflow/example_dags/tutorial_dag.py
[2022-10-24T23:35:17.173+0200] {logging_mixin.py:120} INFO - [2022-10-24T23:35:17.172+0200] {dag.py:2585} INFO - Sync 1 DAGs
[2022-10-24T23:35:17.199+0200] {logging_mixin.py:120} INFO - [2022-10-24T23:35:17.198+0200] {dag.py:3336} INFO - Setting next_dagrun for tutorial_dag to None, run_after=None
[2022-10-24T23:35:17.227+0200] {processor.py:176} INFO - Processing /home/batata/PycharmProjects/Restitution_python_test_de/test_de/lib/python3.8/site-packages/airflow/example_dags/tutorial_dag.py took 0.106 seconds
[2022-10-24T23:36:07.860+0200] {processor.py:154} INFO - Started process (PID=20791) to work on /home/batata/PycharmProjects/Restitution_python_test_de/test_de/lib/python3.8/site-packages/airflow/example_dags/tutorial_dag.py
[2022-10-24T23:36:07.862+0200] {processor.py:756} INFO - Processing file /home/batata/PycharmProjects/Restitution_python_test_de/test_de/lib/python3.8/site-packages/airflow/example_dags/tutorial_dag.py for tasks to queue
[2022-10-24T23:36:07.863+0200] {logging_mixin.py:120} INFO - [2022-10-24T23:36:07.863+0200] {dagbag.py:537} INFO - Filling up the DagBag from /home/batata/PycharmProjects/Restitution_python_test_de/test_de/lib/python3.8/site-packages/airflow/example_dags/tutorial_dag.py
[2022-10-24T23:36:07.878+0200] {processor.py:766} INFO - DAG(s) dict_keys(['tutorial_dag']) retrieved from /home/batata/PycharmProjects/Restitution_python_test_de/test_de/lib/python3.8/site-packages/airflow/example_dags/tutorial_dag.py
[2022-10-24T23:36:07.902+0200] {logging_mixin.py:120} INFO - [2022-10-24T23:36:07.901+0200] {dag.py:2585} INFO - Sync 1 DAGs
[2022-10-24T23:36:07.921+0200] {logging_mixin.py:120} INFO - [2022-10-24T23:36:07.920+0200] {dag.py:3336} INFO - Setting next_dagrun for tutorial_dag to None, run_after=None
[2022-10-24T23:36:07.953+0200] {processor.py:176} INFO - Processing /home/batata/PycharmProjects/Restitution_python_test_de/test_de/lib/python3.8/site-packages/airflow/example_dags/tutorial_dag.py took 0.096 seconds
[2022-10-24T23:36:49.685+0200] {processor.py:154} INFO - Started process (PID=21177) to work on /home/batata/PycharmProjects/Restitution_python_test_de/test_de/lib/python3.8/site-packages/airflow/example_dags/tutorial_dag.py
[2022-10-24T23:36:49.688+0200] {processor.py:756} INFO - Processing file /home/batata/PycharmProjects/Restitution_python_test_de/test_de/lib/python3.8/site-packages/airflow/example_dags/tutorial_dag.py for tasks to queue
[2022-10-24T23:36:49.691+0200] {logging_mixin.py:120} INFO - [2022-10-24T23:36:49.690+0200] {dagbag.py:537} INFO - Filling up the DagBag from /home/batata/PycharmProjects/Restitution_python_test_de/test_de/lib/python3.8/site-packages/airflow/example_dags/tutorial_dag.py
[2022-10-24T23:36:49.713+0200] {processor.py:766} INFO - DAG(s) dict_keys(['tutorial_dag']) retrieved from /home/batata/PycharmProjects/Restitution_python_test_de/test_de/lib/python3.8/site-packages/airflow/example_dags/tutorial_dag.py
[2022-10-24T23:36:49.750+0200] {logging_mixin.py:120} INFO - [2022-10-24T23:36:49.750+0200] {dag.py:2585} INFO - Sync 1 DAGs
[2022-10-24T23:36:49.782+0200] {logging_mixin.py:120} INFO - [2022-10-24T23:36:49.782+0200] {dag.py:3336} INFO - Setting next_dagrun for tutorial_dag to None, run_after=None
[2022-10-24T23:36:49.831+0200] {processor.py:176} INFO - Processing /home/batata/PycharmProjects/Restitution_python_test_de/test_de/lib/python3.8/site-packages/airflow/example_dags/tutorial_dag.py took 0.150 seconds
[2022-10-24T23:37:27.623+0200] {processor.py:154} INFO - Started process (PID=21333) to work on /home/batata/PycharmProjects/Restitution_python_test_de/test_de/lib/python3.8/site-packages/airflow/example_dags/tutorial_dag.py
[2022-10-24T23:37:27.625+0200] {processor.py:756} INFO - Processing file /home/batata/PycharmProjects/Restitution_python_test_de/test_de/lib/python3.8/site-packages/airflow/example_dags/tutorial_dag.py for tasks to queue
[2022-10-24T23:37:27.627+0200] {logging_mixin.py:120} INFO - [2022-10-24T23:37:27.626+0200] {dagbag.py:537} INFO - Filling up the DagBag from /home/batata/PycharmProjects/Restitution_python_test_de/test_de/lib/python3.8/site-packages/airflow/example_dags/tutorial_dag.py
[2022-10-24T23:37:27.646+0200] {processor.py:766} INFO - DAG(s) dict_keys(['tutorial_dag']) retrieved from /home/batata/PycharmProjects/Restitution_python_test_de/test_de/lib/python3.8/site-packages/airflow/example_dags/tutorial_dag.py
[2022-10-24T23:37:27.674+0200] {logging_mixin.py:120} INFO - [2022-10-24T23:37:27.673+0200] {dag.py:2585} INFO - Sync 1 DAGs
[2022-10-24T23:37:27.694+0200] {logging_mixin.py:120} INFO - [2022-10-24T23:37:27.694+0200] {dag.py:3336} INFO - Setting next_dagrun for tutorial_dag to None, run_after=None
[2022-10-24T23:37:27.724+0200] {processor.py:176} INFO - Processing /home/batata/PycharmProjects/Restitution_python_test_de/test_de/lib/python3.8/site-packages/airflow/example_dags/tutorial_dag.py took 0.104 seconds
