[2022-10-24T23:32:22.578+0200] {processor.py:154} INFO - Started process (PID=19047) to work on /home/batata/PycharmProjects/Restitution_python_test_de/test_de/lib/python3.8/site-packages/airflow/example_dags/tutorial_taskflow_api.py
[2022-10-24T23:32:22.578+0200] {processor.py:756} INFO - Processing file /home/batata/PycharmProjects/Restitution_python_test_de/test_de/lib/python3.8/site-packages/airflow/example_dags/tutorial_taskflow_api.py for tasks to queue
[2022-10-24T23:32:22.580+0200] {logging_mixin.py:120} INFO - [2022-10-24T23:32:22.579+0200] {dagbag.py:537} INFO - Filling up the DagBag from /home/batata/PycharmProjects/Restitution_python_test_de/test_de/lib/python3.8/site-packages/airflow/example_dags/tutorial_taskflow_api.py
[2022-10-24T23:32:22.604+0200] {processor.py:766} INFO - DAG(s) dict_keys(['tutorial_taskflow_api']) retrieved from /home/batata/PycharmProjects/Restitution_python_test_de/test_de/lib/python3.8/site-packages/airflow/example_dags/tutorial_taskflow_api.py
[2022-10-24T23:32:22.723+0200] {logging_mixin.py:120} INFO - [2022-10-24T23:32:22.723+0200] {manager.py:507} INFO - Created Permission View: can read on DAG:tutorial_taskflow_api
[2022-10-24T23:32:22.751+0200] {logging_mixin.py:120} INFO - [2022-10-24T23:32:22.751+0200] {manager.py:507} INFO - Created Permission View: can delete on DAG:tutorial_taskflow_api
[2022-10-24T23:32:22.773+0200] {logging_mixin.py:120} INFO - [2022-10-24T23:32:22.772+0200] {manager.py:507} INFO - Created Permission View: can edit on DAG:tutorial_taskflow_api
[2022-10-24T23:32:22.774+0200] {logging_mixin.py:120} INFO - [2022-10-24T23:32:22.774+0200] {dag.py:2585} INFO - Sync 1 DAGs
[2022-10-24T23:32:22.800+0200] {logging_mixin.py:120} INFO - [2022-10-24T23:32:22.800+0200] {dag.py:2606} INFO - Creating ORM DAG for tutorial_taskflow_api
[2022-10-24T23:32:22.821+0200] {logging_mixin.py:120} INFO - [2022-10-24T23:32:22.821+0200] {dag.py:3336} INFO - Setting next_dagrun for tutorial_taskflow_api to None, run_after=None
[2022-10-24T23:32:22.869+0200] {processor.py:176} INFO - Processing /home/batata/PycharmProjects/Restitution_python_test_de/test_de/lib/python3.8/site-packages/airflow/example_dags/tutorial_taskflow_api.py took 0.294 seconds
[2022-10-24T23:32:29.862+0200] {processor.py:154} INFO - Started process (PID=19128) to work on /home/batata/PycharmProjects/Restitution_python_test_de/test_de/lib/python3.8/site-packages/airflow/example_dags/tutorial_taskflow_api.py
[2022-10-24T23:32:29.863+0200] {processor.py:756} INFO - Processing file /home/batata/PycharmProjects/Restitution_python_test_de/test_de/lib/python3.8/site-packages/airflow/example_dags/tutorial_taskflow_api.py for tasks to queue
[2022-10-24T23:32:29.863+0200] {logging_mixin.py:120} INFO - [2022-10-24T23:32:29.863+0200] {dagbag.py:537} INFO - Filling up the DagBag from /home/batata/PycharmProjects/Restitution_python_test_de/test_de/lib/python3.8/site-packages/airflow/example_dags/tutorial_taskflow_api.py
[2022-10-24T23:32:29.886+0200] {processor.py:766} INFO - DAG(s) dict_keys(['tutorial_taskflow_api']) retrieved from /home/batata/PycharmProjects/Restitution_python_test_de/test_de/lib/python3.8/site-packages/airflow/example_dags/tutorial_taskflow_api.py
[2022-10-24T23:32:29.898+0200] {logging_mixin.py:120} INFO - [2022-10-24T23:32:29.898+0200] {dag.py:2585} INFO - Sync 1 DAGs
[2022-10-24T23:32:29.918+0200] {logging_mixin.py:120} INFO - [2022-10-24T23:32:29.918+0200] {dag.py:3336} INFO - Setting next_dagrun for tutorial_taskflow_api to None, run_after=None
[2022-10-24T23:32:29.943+0200] {processor.py:176} INFO - Processing /home/batata/PycharmProjects/Restitution_python_test_de/test_de/lib/python3.8/site-packages/airflow/example_dags/tutorial_taskflow_api.py took 0.085 seconds
[2022-10-24T23:33:11.512+0200] {processor.py:154} INFO - Started process (PID=19495) to work on /home/batata/PycharmProjects/Restitution_python_test_de/test_de/lib/python3.8/site-packages/airflow/example_dags/tutorial_taskflow_api.py
[2022-10-24T23:33:11.516+0200] {processor.py:756} INFO - Processing file /home/batata/PycharmProjects/Restitution_python_test_de/test_de/lib/python3.8/site-packages/airflow/example_dags/tutorial_taskflow_api.py for tasks to queue
[2022-10-24T23:33:11.518+0200] {logging_mixin.py:120} INFO - [2022-10-24T23:33:11.518+0200] {dagbag.py:537} INFO - Filling up the DagBag from /home/batata/PycharmProjects/Restitution_python_test_de/test_de/lib/python3.8/site-packages/airflow/example_dags/tutorial_taskflow_api.py
[2022-10-24T23:33:11.551+0200] {processor.py:766} INFO - DAG(s) dict_keys(['tutorial_taskflow_api']) retrieved from /home/batata/PycharmProjects/Restitution_python_test_de/test_de/lib/python3.8/site-packages/airflow/example_dags/tutorial_taskflow_api.py
[2022-10-24T23:33:11.585+0200] {logging_mixin.py:120} INFO - [2022-10-24T23:33:11.584+0200] {dag.py:2585} INFO - Sync 1 DAGs
[2022-10-24T23:33:11.615+0200] {logging_mixin.py:120} INFO - [2022-10-24T23:33:11.614+0200] {dag.py:3336} INFO - Setting next_dagrun for tutorial_taskflow_api to None, run_after=None
[2022-10-24T23:33:11.651+0200] {processor.py:176} INFO - Processing /home/batata/PycharmProjects/Restitution_python_test_de/test_de/lib/python3.8/site-packages/airflow/example_dags/tutorial_taskflow_api.py took 0.145 seconds
[2022-10-24T23:33:53.612+0200] {processor.py:154} INFO - Started process (PID=19849) to work on /home/batata/PycharmProjects/Restitution_python_test_de/test_de/lib/python3.8/site-packages/airflow/example_dags/tutorial_taskflow_api.py
[2022-10-24T23:33:53.614+0200] {processor.py:756} INFO - Processing file /home/batata/PycharmProjects/Restitution_python_test_de/test_de/lib/python3.8/site-packages/airflow/example_dags/tutorial_taskflow_api.py for tasks to queue
[2022-10-24T23:33:53.616+0200] {logging_mixin.py:120} INFO - [2022-10-24T23:33:53.615+0200] {dagbag.py:537} INFO - Filling up the DagBag from /home/batata/PycharmProjects/Restitution_python_test_de/test_de/lib/python3.8/site-packages/airflow/example_dags/tutorial_taskflow_api.py
[2022-10-24T23:33:53.639+0200] {processor.py:766} INFO - DAG(s) dict_keys(['tutorial_taskflow_api']) retrieved from /home/batata/PycharmProjects/Restitution_python_test_de/test_de/lib/python3.8/site-packages/airflow/example_dags/tutorial_taskflow_api.py
[2022-10-24T23:33:53.662+0200] {logging_mixin.py:120} INFO - [2022-10-24T23:33:53.662+0200] {dag.py:2585} INFO - Sync 1 DAGs
[2022-10-24T23:33:53.680+0200] {logging_mixin.py:120} INFO - [2022-10-24T23:33:53.680+0200] {dag.py:3336} INFO - Setting next_dagrun for tutorial_taskflow_api to None, run_after=None
[2022-10-24T23:33:53.705+0200] {processor.py:176} INFO - Processing /home/batata/PycharmProjects/Restitution_python_test_de/test_de/lib/python3.8/site-packages/airflow/example_dags/tutorial_taskflow_api.py took 0.097 seconds
[2022-10-24T23:34:33.452+0200] {processor.py:154} INFO - Started process (PID=20209) to work on /home/batata/PycharmProjects/Restitution_python_test_de/test_de/lib/python3.8/site-packages/airflow/example_dags/tutorial_taskflow_api.py
[2022-10-24T23:34:33.454+0200] {processor.py:756} INFO - Processing file /home/batata/PycharmProjects/Restitution_python_test_de/test_de/lib/python3.8/site-packages/airflow/example_dags/tutorial_taskflow_api.py for tasks to queue
[2022-10-24T23:34:33.456+0200] {logging_mixin.py:120} INFO - [2022-10-24T23:34:33.456+0200] {dagbag.py:537} INFO - Filling up the DagBag from /home/batata/PycharmProjects/Restitution_python_test_de/test_de/lib/python3.8/site-packages/airflow/example_dags/tutorial_taskflow_api.py
[2022-10-24T23:34:33.480+0200] {processor.py:766} INFO - DAG(s) dict_keys(['tutorial_taskflow_api']) retrieved from /home/batata/PycharmProjects/Restitution_python_test_de/test_de/lib/python3.8/site-packages/airflow/example_dags/tutorial_taskflow_api.py
[2022-10-24T23:34:33.503+0200] {logging_mixin.py:120} INFO - [2022-10-24T23:34:33.503+0200] {dag.py:2585} INFO - Sync 1 DAGs
[2022-10-24T23:34:33.522+0200] {logging_mixin.py:120} INFO - [2022-10-24T23:34:33.521+0200] {dag.py:3336} INFO - Setting next_dagrun for tutorial_taskflow_api to None, run_after=None
[2022-10-24T23:34:33.550+0200] {processor.py:176} INFO - Processing /home/batata/PycharmProjects/Restitution_python_test_de/test_de/lib/python3.8/site-packages/airflow/example_dags/tutorial_taskflow_api.py took 0.101 seconds
[2022-10-24T23:35:14.600+0200] {processor.py:154} INFO - Started process (PID=20389) to work on /home/batata/PycharmProjects/Restitution_python_test_de/test_de/lib/python3.8/site-packages/airflow/example_dags/tutorial_taskflow_api.py
[2022-10-24T23:35:14.602+0200] {processor.py:756} INFO - Processing file /home/batata/PycharmProjects/Restitution_python_test_de/test_de/lib/python3.8/site-packages/airflow/example_dags/tutorial_taskflow_api.py for tasks to queue
[2022-10-24T23:35:14.604+0200] {logging_mixin.py:120} INFO - [2022-10-24T23:35:14.603+0200] {dagbag.py:537} INFO - Filling up the DagBag from /home/batata/PycharmProjects/Restitution_python_test_de/test_de/lib/python3.8/site-packages/airflow/example_dags/tutorial_taskflow_api.py
[2022-10-24T23:35:14.624+0200] {processor.py:766} INFO - DAG(s) dict_keys(['tutorial_taskflow_api']) retrieved from /home/batata/PycharmProjects/Restitution_python_test_de/test_de/lib/python3.8/site-packages/airflow/example_dags/tutorial_taskflow_api.py
[2022-10-24T23:35:14.646+0200] {logging_mixin.py:120} INFO - [2022-10-24T23:35:14.646+0200] {dag.py:2585} INFO - Sync 1 DAGs
[2022-10-24T23:35:14.665+0200] {logging_mixin.py:120} INFO - [2022-10-24T23:35:14.665+0200] {dag.py:3336} INFO - Setting next_dagrun for tutorial_taskflow_api to None, run_after=None
[2022-10-24T23:35:14.692+0200] {processor.py:176} INFO - Processing /home/batata/PycharmProjects/Restitution_python_test_de/test_de/lib/python3.8/site-packages/airflow/example_dags/tutorial_taskflow_api.py took 0.095 seconds
[2022-10-24T23:36:05.339+0200] {processor.py:154} INFO - Started process (PID=20738) to work on /home/batata/PycharmProjects/Restitution_python_test_de/test_de/lib/python3.8/site-packages/airflow/example_dags/tutorial_taskflow_api.py
[2022-10-24T23:36:05.343+0200] {processor.py:756} INFO - Processing file /home/batata/PycharmProjects/Restitution_python_test_de/test_de/lib/python3.8/site-packages/airflow/example_dags/tutorial_taskflow_api.py for tasks to queue
[2022-10-24T23:36:05.345+0200] {logging_mixin.py:120} INFO - [2022-10-24T23:36:05.345+0200] {dagbag.py:537} INFO - Filling up the DagBag from /home/batata/PycharmProjects/Restitution_python_test_de/test_de/lib/python3.8/site-packages/airflow/example_dags/tutorial_taskflow_api.py
[2022-10-24T23:36:05.380+0200] {processor.py:766} INFO - DAG(s) dict_keys(['tutorial_taskflow_api']) retrieved from /home/batata/PycharmProjects/Restitution_python_test_de/test_de/lib/python3.8/site-packages/airflow/example_dags/tutorial_taskflow_api.py
[2022-10-24T23:36:05.412+0200] {logging_mixin.py:120} INFO - [2022-10-24T23:36:05.412+0200] {dag.py:2585} INFO - Sync 1 DAGs
[2022-10-24T23:36:05.442+0200] {logging_mixin.py:120} INFO - [2022-10-24T23:36:05.442+0200] {dag.py:3336} INFO - Setting next_dagrun for tutorial_taskflow_api to None, run_after=None
[2022-10-24T23:36:05.486+0200] {processor.py:176} INFO - Processing /home/batata/PycharmProjects/Restitution_python_test_de/test_de/lib/python3.8/site-packages/airflow/example_dags/tutorial_taskflow_api.py took 0.150 seconds
[2022-10-24T23:36:47.211+0200] {processor.py:154} INFO - Started process (PID=21168) to work on /home/batata/PycharmProjects/Restitution_python_test_de/test_de/lib/python3.8/site-packages/airflow/example_dags/tutorial_taskflow_api.py
[2022-10-24T23:36:47.214+0200] {processor.py:756} INFO - Processing file /home/batata/PycharmProjects/Restitution_python_test_de/test_de/lib/python3.8/site-packages/airflow/example_dags/tutorial_taskflow_api.py for tasks to queue
[2022-10-24T23:36:47.215+0200] {logging_mixin.py:120} INFO - [2022-10-24T23:36:47.215+0200] {dagbag.py:537} INFO - Filling up the DagBag from /home/batata/PycharmProjects/Restitution_python_test_de/test_de/lib/python3.8/site-packages/airflow/example_dags/tutorial_taskflow_api.py
[2022-10-24T23:36:47.249+0200] {processor.py:766} INFO - DAG(s) dict_keys(['tutorial_taskflow_api']) retrieved from /home/batata/PycharmProjects/Restitution_python_test_de/test_de/lib/python3.8/site-packages/airflow/example_dags/tutorial_taskflow_api.py
[2022-10-24T23:36:47.289+0200] {logging_mixin.py:120} INFO - [2022-10-24T23:36:47.288+0200] {dag.py:2585} INFO - Sync 1 DAGs
[2022-10-24T23:36:47.325+0200] {logging_mixin.py:120} INFO - [2022-10-24T23:36:47.325+0200] {dag.py:3336} INFO - Setting next_dagrun for tutorial_taskflow_api to None, run_after=None
[2022-10-24T23:36:47.362+0200] {processor.py:176} INFO - Processing /home/batata/PycharmProjects/Restitution_python_test_de/test_de/lib/python3.8/site-packages/airflow/example_dags/tutorial_taskflow_api.py took 0.154 seconds
[2022-10-24T23:37:25.803+0200] {processor.py:154} INFO - Started process (PID=21327) to work on /home/batata/PycharmProjects/Restitution_python_test_de/test_de/lib/python3.8/site-packages/airflow/example_dags/tutorial_taskflow_api.py
[2022-10-24T23:37:25.806+0200] {processor.py:756} INFO - Processing file /home/batata/PycharmProjects/Restitution_python_test_de/test_de/lib/python3.8/site-packages/airflow/example_dags/tutorial_taskflow_api.py for tasks to queue
[2022-10-24T23:37:25.807+0200] {logging_mixin.py:120} INFO - [2022-10-24T23:37:25.807+0200] {dagbag.py:537} INFO - Filling up the DagBag from /home/batata/PycharmProjects/Restitution_python_test_de/test_de/lib/python3.8/site-packages/airflow/example_dags/tutorial_taskflow_api.py
[2022-10-24T23:37:25.831+0200] {processor.py:766} INFO - DAG(s) dict_keys(['tutorial_taskflow_api']) retrieved from /home/batata/PycharmProjects/Restitution_python_test_de/test_de/lib/python3.8/site-packages/airflow/example_dags/tutorial_taskflow_api.py
[2022-10-24T23:37:25.870+0200] {logging_mixin.py:120} INFO - [2022-10-24T23:37:25.870+0200] {dag.py:2585} INFO - Sync 1 DAGs
[2022-10-24T23:37:25.897+0200] {logging_mixin.py:120} INFO - [2022-10-24T23:37:25.896+0200] {dag.py:3336} INFO - Setting next_dagrun for tutorial_taskflow_api to None, run_after=None
[2022-10-24T23:37:25.927+0200] {processor.py:176} INFO - Processing /home/batata/PycharmProjects/Restitution_python_test_de/test_de/lib/python3.8/site-packages/airflow/example_dags/tutorial_taskflow_api.py took 0.126 seconds
[2022-10-24T23:38:03.076+0200] {processor.py:154} INFO - Started process (PID=21498) to work on /home/batata/PycharmProjects/Restitution_python_test_de/test_de/lib/python3.8/site-packages/airflow/example_dags/tutorial_taskflow_api.py
[2022-10-24T23:38:03.077+0200] {processor.py:756} INFO - Processing file /home/batata/PycharmProjects/Restitution_python_test_de/test_de/lib/python3.8/site-packages/airflow/example_dags/tutorial_taskflow_api.py for tasks to queue
[2022-10-24T23:38:03.079+0200] {logging_mixin.py:120} INFO - [2022-10-24T23:38:03.078+0200] {dagbag.py:537} INFO - Filling up the DagBag from /home/batata/PycharmProjects/Restitution_python_test_de/test_de/lib/python3.8/site-packages/airflow/example_dags/tutorial_taskflow_api.py
[2022-10-24T23:38:03.117+0200] {processor.py:766} INFO - DAG(s) dict_keys(['tutorial_taskflow_api']) retrieved from /home/batata/PycharmProjects/Restitution_python_test_de/test_de/lib/python3.8/site-packages/airflow/example_dags/tutorial_taskflow_api.py
[2022-10-24T23:38:03.150+0200] {logging_mixin.py:120} INFO - [2022-10-24T23:38:03.150+0200] {dag.py:2585} INFO - Sync 1 DAGs
[2022-10-24T23:38:03.182+0200] {logging_mixin.py:120} INFO - [2022-10-24T23:38:03.182+0200] {dag.py:3336} INFO - Setting next_dagrun for tutorial_taskflow_api to None, run_after=None
[2022-10-24T23:38:03.228+0200] {processor.py:176} INFO - Processing /home/batata/PycharmProjects/Restitution_python_test_de/test_de/lib/python3.8/site-packages/airflow/example_dags/tutorial_taskflow_api.py took 0.159 seconds
