[2022-10-24T23:32:19.841+0200] {processor.py:154} INFO - Started process (PID=19019) to work on /home/batata/PycharmProjects/Restitution_python_test_de/test_de/lib/python3.8/site-packages/airflow/example_dags/tutorial.py
[2022-10-24T23:32:19.842+0200] {processor.py:756} INFO - Processing file /home/batata/PycharmProjects/Restitution_python_test_de/test_de/lib/python3.8/site-packages/airflow/example_dags/tutorial.py for tasks to queue
[2022-10-24T23:32:19.843+0200] {logging_mixin.py:120} INFO - [2022-10-24T23:32:19.843+0200] {dagbag.py:537} INFO - Filling up the DagBag from /home/batata/PycharmProjects/Restitution_python_test_de/test_de/lib/python3.8/site-packages/airflow/example_dags/tutorial.py
[2022-10-24T23:32:19.861+0200] {processor.py:766} INFO - DAG(s) dict_keys(['tutorial']) retrieved from /home/batata/PycharmProjects/Restitution_python_test_de/test_de/lib/python3.8/site-packages/airflow/example_dags/tutorial.py
[2022-10-24T23:32:19.978+0200] {logging_mixin.py:120} INFO - [2022-10-24T23:32:19.978+0200] {manager.py:507} INFO - Created Permission View: can read on DAG:tutorial
[2022-10-24T23:32:20.006+0200] {logging_mixin.py:120} INFO - [2022-10-24T23:32:20.005+0200] {manager.py:507} INFO - Created Permission View: can delete on DAG:tutorial
[2022-10-24T23:32:20.027+0200] {logging_mixin.py:120} INFO - [2022-10-24T23:32:20.027+0200] {manager.py:507} INFO - Created Permission View: can edit on DAG:tutorial
[2022-10-24T23:32:20.027+0200] {logging_mixin.py:120} INFO - [2022-10-24T23:32:20.027+0200] {dag.py:2585} INFO - Sync 1 DAGs
[2022-10-24T23:32:20.037+0200] {logging_mixin.py:120} INFO - [2022-10-24T23:32:20.037+0200] {dag.py:2606} INFO - Creating ORM DAG for tutorial
[2022-10-24T23:32:20.045+0200] {logging_mixin.py:120} INFO - [2022-10-24T23:32:20.045+0200] {dag.py:3336} INFO - Setting next_dagrun for tutorial to 2022-10-23T21:32:20.044839+00:00, run_after=2022-10-24T21:32:20.044839+00:00
[2022-10-24T23:32:20.070+0200] {processor.py:176} INFO - Processing /home/batata/PycharmProjects/Restitution_python_test_de/test_de/lib/python3.8/site-packages/airflow/example_dags/tutorial.py took 0.232 seconds
[2022-10-24T23:32:27.564+0200] {processor.py:154} INFO - Started process (PID=19103) to work on /home/batata/PycharmProjects/Restitution_python_test_de/test_de/lib/python3.8/site-packages/airflow/example_dags/tutorial.py
[2022-10-24T23:32:27.565+0200] {processor.py:756} INFO - Processing file /home/batata/PycharmProjects/Restitution_python_test_de/test_de/lib/python3.8/site-packages/airflow/example_dags/tutorial.py for tasks to queue
[2022-10-24T23:32:27.566+0200] {logging_mixin.py:120} INFO - [2022-10-24T23:32:27.566+0200] {dagbag.py:537} INFO - Filling up the DagBag from /home/batata/PycharmProjects/Restitution_python_test_de/test_de/lib/python3.8/site-packages/airflow/example_dags/tutorial.py
[2022-10-24T23:32:27.585+0200] {processor.py:766} INFO - DAG(s) dict_keys(['tutorial']) retrieved from /home/batata/PycharmProjects/Restitution_python_test_de/test_de/lib/python3.8/site-packages/airflow/example_dags/tutorial.py
[2022-10-24T23:32:27.599+0200] {logging_mixin.py:120} INFO - [2022-10-24T23:32:27.599+0200] {dag.py:2585} INFO - Sync 1 DAGs
[2022-10-24T23:32:27.620+0200] {logging_mixin.py:120} INFO - [2022-10-24T23:32:27.620+0200] {dag.py:3336} INFO - Setting next_dagrun for tutorial to 2022-10-23T21:32:27.620506+00:00, run_after=2022-10-24T21:32:27.620506+00:00
[2022-10-24T23:32:27.649+0200] {processor.py:176} INFO - Processing /home/batata/PycharmProjects/Restitution_python_test_de/test_de/lib/python3.8/site-packages/airflow/example_dags/tutorial.py took 0.088 seconds
[2022-10-24T23:33:09.739+0200] {processor.py:154} INFO - Started process (PID=19475) to work on /home/batata/PycharmProjects/Restitution_python_test_de/test_de/lib/python3.8/site-packages/airflow/example_dags/tutorial.py
[2022-10-24T23:33:09.741+0200] {processor.py:756} INFO - Processing file /home/batata/PycharmProjects/Restitution_python_test_de/test_de/lib/python3.8/site-packages/airflow/example_dags/tutorial.py for tasks to queue
[2022-10-24T23:33:09.742+0200] {logging_mixin.py:120} INFO - [2022-10-24T23:33:09.742+0200] {dagbag.py:537} INFO - Filling up the DagBag from /home/batata/PycharmProjects/Restitution_python_test_de/test_de/lib/python3.8/site-packages/airflow/example_dags/tutorial.py
[2022-10-24T23:33:09.755+0200] {processor.py:766} INFO - DAG(s) dict_keys(['tutorial']) retrieved from /home/batata/PycharmProjects/Restitution_python_test_de/test_de/lib/python3.8/site-packages/airflow/example_dags/tutorial.py
[2022-10-24T23:33:09.777+0200] {logging_mixin.py:120} INFO - [2022-10-24T23:33:09.777+0200] {dag.py:2585} INFO - Sync 1 DAGs
[2022-10-24T23:33:09.796+0200] {logging_mixin.py:120} INFO - [2022-10-24T23:33:09.796+0200] {dag.py:3336} INFO - Setting next_dagrun for tutorial to 2022-10-23T21:33:09.796567+00:00, run_after=2022-10-24T21:33:09.796567+00:00
[2022-10-24T23:33:09.821+0200] {processor.py:176} INFO - Processing /home/batata/PycharmProjects/Restitution_python_test_de/test_de/lib/python3.8/site-packages/airflow/example_dags/tutorial.py took 0.085 seconds
[2022-10-24T23:33:51.164+0200] {processor.py:154} INFO - Started process (PID=19846) to work on /home/batata/PycharmProjects/Restitution_python_test_de/test_de/lib/python3.8/site-packages/airflow/example_dags/tutorial.py
[2022-10-24T23:33:51.167+0200] {processor.py:756} INFO - Processing file /home/batata/PycharmProjects/Restitution_python_test_de/test_de/lib/python3.8/site-packages/airflow/example_dags/tutorial.py for tasks to queue
[2022-10-24T23:33:51.169+0200] {logging_mixin.py:120} INFO - [2022-10-24T23:33:51.168+0200] {dagbag.py:537} INFO - Filling up the DagBag from /home/batata/PycharmProjects/Restitution_python_test_de/test_de/lib/python3.8/site-packages/airflow/example_dags/tutorial.py
[2022-10-24T23:33:51.185+0200] {processor.py:766} INFO - DAG(s) dict_keys(['tutorial']) retrieved from /home/batata/PycharmProjects/Restitution_python_test_de/test_de/lib/python3.8/site-packages/airflow/example_dags/tutorial.py
[2022-10-24T23:33:51.214+0200] {logging_mixin.py:120} INFO - [2022-10-24T23:33:51.214+0200] {dag.py:2585} INFO - Sync 1 DAGs
[2022-10-24T23:33:51.233+0200] {logging_mixin.py:120} INFO - [2022-10-24T23:33:51.233+0200] {dag.py:3336} INFO - Setting next_dagrun for tutorial to 2022-10-23T21:33:51.233495+00:00, run_after=2022-10-24T21:33:51.233495+00:00
[2022-10-24T23:33:51.263+0200] {processor.py:176} INFO - Processing /home/batata/PycharmProjects/Restitution_python_test_de/test_de/lib/python3.8/site-packages/airflow/example_dags/tutorial.py took 0.102 seconds
[2022-10-24T23:34:31.839+0200] {processor.py:154} INFO - Started process (PID=20204) to work on /home/batata/PycharmProjects/Restitution_python_test_de/test_de/lib/python3.8/site-packages/airflow/example_dags/tutorial.py
[2022-10-24T23:34:31.842+0200] {processor.py:756} INFO - Processing file /home/batata/PycharmProjects/Restitution_python_test_de/test_de/lib/python3.8/site-packages/airflow/example_dags/tutorial.py for tasks to queue
[2022-10-24T23:34:31.843+0200] {logging_mixin.py:120} INFO - [2022-10-24T23:34:31.843+0200] {dagbag.py:537} INFO - Filling up the DagBag from /home/batata/PycharmProjects/Restitution_python_test_de/test_de/lib/python3.8/site-packages/airflow/example_dags/tutorial.py
[2022-10-24T23:34:31.860+0200] {processor.py:766} INFO - DAG(s) dict_keys(['tutorial']) retrieved from /home/batata/PycharmProjects/Restitution_python_test_de/test_de/lib/python3.8/site-packages/airflow/example_dags/tutorial.py
[2022-10-24T23:34:31.889+0200] {logging_mixin.py:120} INFO - [2022-10-24T23:34:31.889+0200] {dag.py:2585} INFO - Sync 1 DAGs
[2022-10-24T23:34:31.916+0200] {logging_mixin.py:120} INFO - [2022-10-24T23:34:31.916+0200] {dag.py:3336} INFO - Setting next_dagrun for tutorial to 2022-10-23T21:34:31.916026+00:00, run_after=2022-10-24T21:34:31.916026+00:00
[2022-10-24T23:34:31.952+0200] {processor.py:176} INFO - Processing /home/batata/PycharmProjects/Restitution_python_test_de/test_de/lib/python3.8/site-packages/airflow/example_dags/tutorial.py took 0.116 seconds
[2022-10-24T23:35:12.091+0200] {processor.py:154} INFO - Started process (PID=20371) to work on /home/batata/PycharmProjects/Restitution_python_test_de/test_de/lib/python3.8/site-packages/airflow/example_dags/tutorial.py
[2022-10-24T23:35:12.093+0200] {processor.py:756} INFO - Processing file /home/batata/PycharmProjects/Restitution_python_test_de/test_de/lib/python3.8/site-packages/airflow/example_dags/tutorial.py for tasks to queue
[2022-10-24T23:35:12.094+0200] {logging_mixin.py:120} INFO - [2022-10-24T23:35:12.094+0200] {dagbag.py:537} INFO - Filling up the DagBag from /home/batata/PycharmProjects/Restitution_python_test_de/test_de/lib/python3.8/site-packages/airflow/example_dags/tutorial.py
[2022-10-24T23:35:12.109+0200] {processor.py:766} INFO - DAG(s) dict_keys(['tutorial']) retrieved from /home/batata/PycharmProjects/Restitution_python_test_de/test_de/lib/python3.8/site-packages/airflow/example_dags/tutorial.py
[2022-10-24T23:35:12.134+0200] {logging_mixin.py:120} INFO - [2022-10-24T23:35:12.134+0200] {dag.py:2585} INFO - Sync 1 DAGs
[2022-10-24T23:35:12.152+0200] {logging_mixin.py:120} INFO - [2022-10-24T23:35:12.152+0200] {dag.py:3336} INFO - Setting next_dagrun for tutorial to 2022-10-23T21:35:12.152505+00:00, run_after=2022-10-24T21:35:12.152505+00:00
[2022-10-24T23:35:12.180+0200] {processor.py:176} INFO - Processing /home/batata/PycharmProjects/Restitution_python_test_de/test_de/lib/python3.8/site-packages/airflow/example_dags/tutorial.py took 0.092 seconds
[2022-10-24T23:35:49.766+0200] {processor.py:154} INFO - Started process (PID=20589) to work on /home/batata/PycharmProjects/Restitution_python_test_de/test_de/lib/python3.8/site-packages/airflow/example_dags/tutorial.py
[2022-10-24T23:35:49.769+0200] {processor.py:756} INFO - Processing file /home/batata/PycharmProjects/Restitution_python_test_de/test_de/lib/python3.8/site-packages/airflow/example_dags/tutorial.py for tasks to queue
[2022-10-24T23:35:49.771+0200] {logging_mixin.py:120} INFO - [2022-10-24T23:35:49.771+0200] {dagbag.py:537} INFO - Filling up the DagBag from /home/batata/PycharmProjects/Restitution_python_test_de/test_de/lib/python3.8/site-packages/airflow/example_dags/tutorial.py
[2022-10-24T23:35:49.791+0200] {processor.py:766} INFO - DAG(s) dict_keys(['tutorial']) retrieved from /home/batata/PycharmProjects/Restitution_python_test_de/test_de/lib/python3.8/site-packages/airflow/example_dags/tutorial.py
[2022-10-24T23:35:49.830+0200] {logging_mixin.py:120} INFO - [2022-10-24T23:35:49.830+0200] {dag.py:2585} INFO - Sync 1 DAGs
[2022-10-24T23:35:49.861+0200] {logging_mixin.py:120} INFO - [2022-10-24T23:35:49.861+0200] {dag.py:3336} INFO - Setting next_dagrun for tutorial to 2022-10-23T21:35:49.861308+00:00, run_after=2022-10-24T21:35:49.861308+00:00
[2022-10-24T23:35:49.897+0200] {processor.py:176} INFO - Processing /home/batata/PycharmProjects/Restitution_python_test_de/test_de/lib/python3.8/site-packages/airflow/example_dags/tutorial.py took 0.135 seconds
[2022-10-24T23:36:02.917+0200] {processor.py:154} INFO - Started process (PID=20731) to work on /home/batata/PycharmProjects/Restitution_python_test_de/test_de/lib/python3.8/site-packages/airflow/example_dags/tutorial.py
[2022-10-24T23:36:02.917+0200] {processor.py:756} INFO - Processing file /home/batata/PycharmProjects/Restitution_python_test_de/test_de/lib/python3.8/site-packages/airflow/example_dags/tutorial.py for tasks to queue
[2022-10-24T23:36:02.918+0200] {logging_mixin.py:120} INFO - [2022-10-24T23:36:02.918+0200] {dagbag.py:537} INFO - Filling up the DagBag from /home/batata/PycharmProjects/Restitution_python_test_de/test_de/lib/python3.8/site-packages/airflow/example_dags/tutorial.py
[2022-10-24T23:36:02.934+0200] {processor.py:766} INFO - DAG(s) dict_keys(['tutorial']) retrieved from /home/batata/PycharmProjects/Restitution_python_test_de/test_de/lib/python3.8/site-packages/airflow/example_dags/tutorial.py
[2022-10-24T23:36:02.956+0200] {logging_mixin.py:120} INFO - [2022-10-24T23:36:02.956+0200] {dag.py:2585} INFO - Sync 1 DAGs
[2022-10-24T23:36:02.975+0200] {logging_mixin.py:120} INFO - [2022-10-24T23:36:02.975+0200] {dag.py:3336} INFO - Setting next_dagrun for tutorial to 2022-10-23T21:36:02.975108+00:00, run_after=2022-10-24T21:36:02.975108+00:00
[2022-10-24T23:36:03.001+0200] {processor.py:176} INFO - Processing /home/batata/PycharmProjects/Restitution_python_test_de/test_de/lib/python3.8/site-packages/airflow/example_dags/tutorial.py took 0.087 seconds
[2022-10-24T23:36:44.683+0200] {processor.py:154} INFO - Started process (PID=21119) to work on /home/batata/PycharmProjects/Restitution_python_test_de/test_de/lib/python3.8/site-packages/airflow/example_dags/tutorial.py
[2022-10-24T23:36:44.686+0200] {processor.py:756} INFO - Processing file /home/batata/PycharmProjects/Restitution_python_test_de/test_de/lib/python3.8/site-packages/airflow/example_dags/tutorial.py for tasks to queue
[2022-10-24T23:36:44.687+0200] {logging_mixin.py:120} INFO - [2022-10-24T23:36:44.687+0200] {dagbag.py:537} INFO - Filling up the DagBag from /home/batata/PycharmProjects/Restitution_python_test_de/test_de/lib/python3.8/site-packages/airflow/example_dags/tutorial.py
[2022-10-24T23:36:44.703+0200] {processor.py:766} INFO - DAG(s) dict_keys(['tutorial']) retrieved from /home/batata/PycharmProjects/Restitution_python_test_de/test_de/lib/python3.8/site-packages/airflow/example_dags/tutorial.py
[2022-10-24T23:36:44.728+0200] {logging_mixin.py:120} INFO - [2022-10-24T23:36:44.728+0200] {dag.py:2585} INFO - Sync 1 DAGs
[2022-10-24T23:36:44.747+0200] {logging_mixin.py:120} INFO - [2022-10-24T23:36:44.747+0200] {dag.py:3336} INFO - Setting next_dagrun for tutorial to 2022-10-23T21:36:44.747380+00:00, run_after=2022-10-24T21:36:44.747380+00:00
[2022-10-24T23:36:44.779+0200] {processor.py:176} INFO - Processing /home/batata/PycharmProjects/Restitution_python_test_de/test_de/lib/python3.8/site-packages/airflow/example_dags/tutorial.py took 0.099 seconds
[2022-10-24T23:37:23.605+0200] {processor.py:154} INFO - Started process (PID=21309) to work on /home/batata/PycharmProjects/Restitution_python_test_de/test_de/lib/python3.8/site-packages/airflow/example_dags/tutorial.py
[2022-10-24T23:37:23.607+0200] {processor.py:756} INFO - Processing file /home/batata/PycharmProjects/Restitution_python_test_de/test_de/lib/python3.8/site-packages/airflow/example_dags/tutorial.py for tasks to queue
[2022-10-24T23:37:23.608+0200] {logging_mixin.py:120} INFO - [2022-10-24T23:37:23.608+0200] {dagbag.py:537} INFO - Filling up the DagBag from /home/batata/PycharmProjects/Restitution_python_test_de/test_de/lib/python3.8/site-packages/airflow/example_dags/tutorial.py
[2022-10-24T23:37:23.622+0200] {processor.py:766} INFO - DAG(s) dict_keys(['tutorial']) retrieved from /home/batata/PycharmProjects/Restitution_python_test_de/test_de/lib/python3.8/site-packages/airflow/example_dags/tutorial.py
[2022-10-24T23:37:23.647+0200] {logging_mixin.py:120} INFO - [2022-10-24T23:37:23.647+0200] {dag.py:2585} INFO - Sync 1 DAGs
[2022-10-24T23:37:23.671+0200] {logging_mixin.py:120} INFO - [2022-10-24T23:37:23.671+0200] {dag.py:3336} INFO - Setting next_dagrun for tutorial to 2022-10-23T21:37:23.670784+00:00, run_after=2022-10-24T21:37:23.670784+00:00
[2022-10-24T23:37:23.698+0200] {processor.py:176} INFO - Processing /home/batata/PycharmProjects/Restitution_python_test_de/test_de/lib/python3.8/site-packages/airflow/example_dags/tutorial.py took 0.096 seconds
[2022-10-24T23:38:01.549+0200] {processor.py:154} INFO - Started process (PID=21495) to work on /home/batata/PycharmProjects/Restitution_python_test_de/test_de/lib/python3.8/site-packages/airflow/example_dags/tutorial.py
[2022-10-24T23:38:01.552+0200] {processor.py:756} INFO - Processing file /home/batata/PycharmProjects/Restitution_python_test_de/test_de/lib/python3.8/site-packages/airflow/example_dags/tutorial.py for tasks to queue
[2022-10-24T23:38:01.553+0200] {logging_mixin.py:120} INFO - [2022-10-24T23:38:01.553+0200] {dagbag.py:537} INFO - Filling up the DagBag from /home/batata/PycharmProjects/Restitution_python_test_de/test_de/lib/python3.8/site-packages/airflow/example_dags/tutorial.py
[2022-10-24T23:38:01.571+0200] {processor.py:766} INFO - DAG(s) dict_keys(['tutorial']) retrieved from /home/batata/PycharmProjects/Restitution_python_test_de/test_de/lib/python3.8/site-packages/airflow/example_dags/tutorial.py
[2022-10-24T23:38:01.604+0200] {logging_mixin.py:120} INFO - [2022-10-24T23:38:01.604+0200] {dag.py:2585} INFO - Sync 1 DAGs
[2022-10-24T23:38:01.634+0200] {logging_mixin.py:120} INFO - [2022-10-24T23:38:01.634+0200] {dag.py:3336} INFO - Setting next_dagrun for tutorial to 2022-10-23T21:38:01.633988+00:00, run_after=2022-10-24T21:38:01.633988+00:00
[2022-10-24T23:38:01.670+0200] {processor.py:176} INFO - Processing /home/batata/PycharmProjects/Restitution_python_test_de/test_de/lib/python3.8/site-packages/airflow/example_dags/tutorial.py took 0.127 seconds
