[2022-10-24T23:32:23.946+0200] {processor.py:154} INFO - Started process (PID=19048) to work on /home/batata/PycharmProjects/Restitution_python_test_de/test_de/lib/python3.8/site-packages/airflow/example_dags/tutorial_taskflow_api_virtualenv.py
[2022-10-24T23:32:23.947+0200] {processor.py:756} INFO - Processing file /home/batata/PycharmProjects/Restitution_python_test_de/test_de/lib/python3.8/site-packages/airflow/example_dags/tutorial_taskflow_api_virtualenv.py for tasks to queue
[2022-10-24T23:32:23.948+0200] {logging_mixin.py:120} INFO - [2022-10-24T23:32:23.948+0200] {dagbag.py:537} INFO - Filling up the DagBag from /home/batata/PycharmProjects/Restitution_python_test_de/test_de/lib/python3.8/site-packages/airflow/example_dags/tutorial_taskflow_api_virtualenv.py
[2022-10-24T23:32:23.972+0200] {processor.py:766} INFO - DAG(s) dict_keys(['tutorial_taskflow_api_virtualenv']) retrieved from /home/batata/PycharmProjects/Restitution_python_test_de/test_de/lib/python3.8/site-packages/airflow/example_dags/tutorial_taskflow_api_virtualenv.py
[2022-10-24T23:32:24.087+0200] {logging_mixin.py:120} INFO - [2022-10-24T23:32:24.087+0200] {manager.py:507} INFO - Created Permission View: can read on DAG:tutorial_taskflow_api_virtualenv
[2022-10-24T23:32:24.105+0200] {logging_mixin.py:120} INFO - [2022-10-24T23:32:24.105+0200] {manager.py:507} INFO - Created Permission View: can delete on DAG:tutorial_taskflow_api_virtualenv
[2022-10-24T23:32:24.120+0200] {logging_mixin.py:120} INFO - [2022-10-24T23:32:24.120+0200] {manager.py:507} INFO - Created Permission View: can edit on DAG:tutorial_taskflow_api_virtualenv
[2022-10-24T23:32:24.120+0200] {logging_mixin.py:120} INFO - [2022-10-24T23:32:24.120+0200] {dag.py:2585} INFO - Sync 1 DAGs
[2022-10-24T23:32:24.131+0200] {logging_mixin.py:120} INFO - [2022-10-24T23:32:24.131+0200] {dag.py:2606} INFO - Creating ORM DAG for tutorial_taskflow_api_virtualenv
[2022-10-24T23:32:24.141+0200] {logging_mixin.py:120} INFO - [2022-10-24T23:32:24.141+0200] {dag.py:3336} INFO - Setting next_dagrun for tutorial_taskflow_api_virtualenv to None, run_after=None
[2022-10-24T23:32:24.163+0200] {processor.py:176} INFO - Processing /home/batata/PycharmProjects/Restitution_python_test_de/test_de/lib/python3.8/site-packages/airflow/example_dags/tutorial_taskflow_api_virtualenv.py took 0.220 seconds
[2022-10-24T23:32:31.053+0200] {processor.py:154} INFO - Started process (PID=19159) to work on /home/batata/PycharmProjects/Restitution_python_test_de/test_de/lib/python3.8/site-packages/airflow/example_dags/tutorial_taskflow_api_virtualenv.py
[2022-10-24T23:32:31.054+0200] {processor.py:756} INFO - Processing file /home/batata/PycharmProjects/Restitution_python_test_de/test_de/lib/python3.8/site-packages/airflow/example_dags/tutorial_taskflow_api_virtualenv.py for tasks to queue
[2022-10-24T23:32:31.055+0200] {logging_mixin.py:120} INFO - [2022-10-24T23:32:31.055+0200] {dagbag.py:537} INFO - Filling up the DagBag from /home/batata/PycharmProjects/Restitution_python_test_de/test_de/lib/python3.8/site-packages/airflow/example_dags/tutorial_taskflow_api_virtualenv.py
[2022-10-24T23:32:31.079+0200] {processor.py:766} INFO - DAG(s) dict_keys(['tutorial_taskflow_api_virtualenv']) retrieved from /home/batata/PycharmProjects/Restitution_python_test_de/test_de/lib/python3.8/site-packages/airflow/example_dags/tutorial_taskflow_api_virtualenv.py
[2022-10-24T23:32:31.091+0200] {logging_mixin.py:120} INFO - [2022-10-24T23:32:31.091+0200] {dag.py:2585} INFO - Sync 1 DAGs
[2022-10-24T23:32:31.111+0200] {logging_mixin.py:120} INFO - [2022-10-24T23:32:31.111+0200] {dag.py:3336} INFO - Setting next_dagrun for tutorial_taskflow_api_virtualenv to None, run_after=None
[2022-10-24T23:32:31.139+0200] {processor.py:176} INFO - Processing /home/batata/PycharmProjects/Restitution_python_test_de/test_de/lib/python3.8/site-packages/airflow/example_dags/tutorial_taskflow_api_virtualenv.py took 0.088 seconds
[2022-10-24T23:33:12.777+0200] {processor.py:154} INFO - Started process (PID=19496) to work on /home/batata/PycharmProjects/Restitution_python_test_de/test_de/lib/python3.8/site-packages/airflow/example_dags/tutorial_taskflow_api_virtualenv.py
[2022-10-24T23:33:12.779+0200] {processor.py:756} INFO - Processing file /home/batata/PycharmProjects/Restitution_python_test_de/test_de/lib/python3.8/site-packages/airflow/example_dags/tutorial_taskflow_api_virtualenv.py for tasks to queue
[2022-10-24T23:33:12.781+0200] {logging_mixin.py:120} INFO - [2022-10-24T23:33:12.781+0200] {dagbag.py:537} INFO - Filling up the DagBag from /home/batata/PycharmProjects/Restitution_python_test_de/test_de/lib/python3.8/site-packages/airflow/example_dags/tutorial_taskflow_api_virtualenv.py
[2022-10-24T23:33:12.806+0200] {processor.py:766} INFO - DAG(s) dict_keys(['tutorial_taskflow_api_virtualenv']) retrieved from /home/batata/PycharmProjects/Restitution_python_test_de/test_de/lib/python3.8/site-packages/airflow/example_dags/tutorial_taskflow_api_virtualenv.py
[2022-10-24T23:33:12.828+0200] {logging_mixin.py:120} INFO - [2022-10-24T23:33:12.828+0200] {dag.py:2585} INFO - Sync 1 DAGs
[2022-10-24T23:33:12.847+0200] {logging_mixin.py:120} INFO - [2022-10-24T23:33:12.847+0200] {dag.py:3336} INFO - Setting next_dagrun for tutorial_taskflow_api_virtualenv to None, run_after=None
[2022-10-24T23:33:12.874+0200] {processor.py:176} INFO - Processing /home/batata/PycharmProjects/Restitution_python_test_de/test_de/lib/python3.8/site-packages/airflow/example_dags/tutorial_taskflow_api_virtualenv.py took 0.100 seconds
[2022-10-24T23:33:54.873+0200] {processor.py:154} INFO - Started process (PID=19866) to work on /home/batata/PycharmProjects/Restitution_python_test_de/test_de/lib/python3.8/site-packages/airflow/example_dags/tutorial_taskflow_api_virtualenv.py
[2022-10-24T23:33:54.875+0200] {processor.py:756} INFO - Processing file /home/batata/PycharmProjects/Restitution_python_test_de/test_de/lib/python3.8/site-packages/airflow/example_dags/tutorial_taskflow_api_virtualenv.py for tasks to queue
[2022-10-24T23:33:54.877+0200] {logging_mixin.py:120} INFO - [2022-10-24T23:33:54.877+0200] {dagbag.py:537} INFO - Filling up the DagBag from /home/batata/PycharmProjects/Restitution_python_test_de/test_de/lib/python3.8/site-packages/airflow/example_dags/tutorial_taskflow_api_virtualenv.py
[2022-10-24T23:33:54.905+0200] {processor.py:766} INFO - DAG(s) dict_keys(['tutorial_taskflow_api_virtualenv']) retrieved from /home/batata/PycharmProjects/Restitution_python_test_de/test_de/lib/python3.8/site-packages/airflow/example_dags/tutorial_taskflow_api_virtualenv.py
[2022-10-24T23:33:54.929+0200] {logging_mixin.py:120} INFO - [2022-10-24T23:33:54.928+0200] {dag.py:2585} INFO - Sync 1 DAGs
[2022-10-24T23:33:54.946+0200] {logging_mixin.py:120} INFO - [2022-10-24T23:33:54.946+0200] {dag.py:3336} INFO - Setting next_dagrun for tutorial_taskflow_api_virtualenv to None, run_after=None
[2022-10-24T23:33:54.972+0200] {processor.py:176} INFO - Processing /home/batata/PycharmProjects/Restitution_python_test_de/test_de/lib/python3.8/site-packages/airflow/example_dags/tutorial_taskflow_api_virtualenv.py took 0.103 seconds
[2022-10-24T23:34:34.735+0200] {processor.py:154} INFO - Started process (PID=20210) to work on /home/batata/PycharmProjects/Restitution_python_test_de/test_de/lib/python3.8/site-packages/airflow/example_dags/tutorial_taskflow_api_virtualenv.py
[2022-10-24T23:34:34.738+0200] {processor.py:756} INFO - Processing file /home/batata/PycharmProjects/Restitution_python_test_de/test_de/lib/python3.8/site-packages/airflow/example_dags/tutorial_taskflow_api_virtualenv.py for tasks to queue
[2022-10-24T23:34:34.740+0200] {logging_mixin.py:120} INFO - [2022-10-24T23:34:34.740+0200] {dagbag.py:537} INFO - Filling up the DagBag from /home/batata/PycharmProjects/Restitution_python_test_de/test_de/lib/python3.8/site-packages/airflow/example_dags/tutorial_taskflow_api_virtualenv.py
[2022-10-24T23:34:34.772+0200] {processor.py:766} INFO - DAG(s) dict_keys(['tutorial_taskflow_api_virtualenv']) retrieved from /home/batata/PycharmProjects/Restitution_python_test_de/test_de/lib/python3.8/site-packages/airflow/example_dags/tutorial_taskflow_api_virtualenv.py
[2022-10-24T23:34:34.801+0200] {logging_mixin.py:120} INFO - [2022-10-24T23:34:34.801+0200] {dag.py:2585} INFO - Sync 1 DAGs
[2022-10-24T23:34:34.820+0200] {logging_mixin.py:120} INFO - [2022-10-24T23:34:34.820+0200] {dag.py:3336} INFO - Setting next_dagrun for tutorial_taskflow_api_virtualenv to None, run_after=None
[2022-10-24T23:34:34.849+0200] {processor.py:176} INFO - Processing /home/batata/PycharmProjects/Restitution_python_test_de/test_de/lib/python3.8/site-packages/airflow/example_dags/tutorial_taskflow_api_virtualenv.py took 0.118 seconds
[2022-10-24T23:35:15.871+0200] {processor.py:154} INFO - Started process (PID=20407) to work on /home/batata/PycharmProjects/Restitution_python_test_de/test_de/lib/python3.8/site-packages/airflow/example_dags/tutorial_taskflow_api_virtualenv.py
[2022-10-24T23:35:15.873+0200] {processor.py:756} INFO - Processing file /home/batata/PycharmProjects/Restitution_python_test_de/test_de/lib/python3.8/site-packages/airflow/example_dags/tutorial_taskflow_api_virtualenv.py for tasks to queue
[2022-10-24T23:35:15.875+0200] {logging_mixin.py:120} INFO - [2022-10-24T23:35:15.875+0200] {dagbag.py:537} INFO - Filling up the DagBag from /home/batata/PycharmProjects/Restitution_python_test_de/test_de/lib/python3.8/site-packages/airflow/example_dags/tutorial_taskflow_api_virtualenv.py
[2022-10-24T23:35:15.901+0200] {processor.py:766} INFO - DAG(s) dict_keys(['tutorial_taskflow_api_virtualenv']) retrieved from /home/batata/PycharmProjects/Restitution_python_test_de/test_de/lib/python3.8/site-packages/airflow/example_dags/tutorial_taskflow_api_virtualenv.py
[2022-10-24T23:35:15.925+0200] {logging_mixin.py:120} INFO - [2022-10-24T23:35:15.925+0200] {dag.py:2585} INFO - Sync 1 DAGs
[2022-10-24T23:35:15.944+0200] {logging_mixin.py:120} INFO - [2022-10-24T23:35:15.943+0200] {dag.py:3336} INFO - Setting next_dagrun for tutorial_taskflow_api_virtualenv to None, run_after=None
[2022-10-24T23:35:15.976+0200] {processor.py:176} INFO - Processing /home/batata/PycharmProjects/Restitution_python_test_de/test_de/lib/python3.8/site-packages/airflow/example_dags/tutorial_taskflow_api_virtualenv.py took 0.109 seconds
[2022-10-24T23:36:06.601+0200] {processor.py:154} INFO - Started process (PID=20754) to work on /home/batata/PycharmProjects/Restitution_python_test_de/test_de/lib/python3.8/site-packages/airflow/example_dags/tutorial_taskflow_api_virtualenv.py
[2022-10-24T23:36:06.603+0200] {processor.py:756} INFO - Processing file /home/batata/PycharmProjects/Restitution_python_test_de/test_de/lib/python3.8/site-packages/airflow/example_dags/tutorial_taskflow_api_virtualenv.py for tasks to queue
[2022-10-24T23:36:06.604+0200] {logging_mixin.py:120} INFO - [2022-10-24T23:36:06.604+0200] {dagbag.py:537} INFO - Filling up the DagBag from /home/batata/PycharmProjects/Restitution_python_test_de/test_de/lib/python3.8/site-packages/airflow/example_dags/tutorial_taskflow_api_virtualenv.py
[2022-10-24T23:36:06.631+0200] {processor.py:766} INFO - DAG(s) dict_keys(['tutorial_taskflow_api_virtualenv']) retrieved from /home/batata/PycharmProjects/Restitution_python_test_de/test_de/lib/python3.8/site-packages/airflow/example_dags/tutorial_taskflow_api_virtualenv.py
[2022-10-24T23:36:06.653+0200] {logging_mixin.py:120} INFO - [2022-10-24T23:36:06.653+0200] {dag.py:2585} INFO - Sync 1 DAGs
[2022-10-24T23:36:06.670+0200] {logging_mixin.py:120} INFO - [2022-10-24T23:36:06.670+0200] {dag.py:3336} INFO - Setting next_dagrun for tutorial_taskflow_api_virtualenv to None, run_after=None
[2022-10-24T23:36:06.698+0200] {processor.py:176} INFO - Processing /home/batata/PycharmProjects/Restitution_python_test_de/test_de/lib/python3.8/site-packages/airflow/example_dags/tutorial_taskflow_api_virtualenv.py took 0.100 seconds
[2022-10-24T23:36:48.440+0200] {processor.py:154} INFO - Started process (PID=21176) to work on /home/batata/PycharmProjects/Restitution_python_test_de/test_de/lib/python3.8/site-packages/airflow/example_dags/tutorial_taskflow_api_virtualenv.py
[2022-10-24T23:36:48.443+0200] {processor.py:756} INFO - Processing file /home/batata/PycharmProjects/Restitution_python_test_de/test_de/lib/python3.8/site-packages/airflow/example_dags/tutorial_taskflow_api_virtualenv.py for tasks to queue
[2022-10-24T23:36:48.444+0200] {logging_mixin.py:120} INFO - [2022-10-24T23:36:48.443+0200] {dagbag.py:537} INFO - Filling up the DagBag from /home/batata/PycharmProjects/Restitution_python_test_de/test_de/lib/python3.8/site-packages/airflow/example_dags/tutorial_taskflow_api_virtualenv.py
[2022-10-24T23:36:48.471+0200] {processor.py:766} INFO - DAG(s) dict_keys(['tutorial_taskflow_api_virtualenv']) retrieved from /home/batata/PycharmProjects/Restitution_python_test_de/test_de/lib/python3.8/site-packages/airflow/example_dags/tutorial_taskflow_api_virtualenv.py
[2022-10-24T23:36:48.497+0200] {logging_mixin.py:120} INFO - [2022-10-24T23:36:48.497+0200] {dag.py:2585} INFO - Sync 1 DAGs
[2022-10-24T23:36:48.522+0200] {logging_mixin.py:120} INFO - [2022-10-24T23:36:48.522+0200] {dag.py:3336} INFO - Setting next_dagrun for tutorial_taskflow_api_virtualenv to None, run_after=None
[2022-10-24T23:36:48.548+0200] {processor.py:176} INFO - Processing /home/batata/PycharmProjects/Restitution_python_test_de/test_de/lib/python3.8/site-packages/airflow/example_dags/tutorial_taskflow_api_virtualenv.py took 0.111 seconds
[2022-10-24T23:37:26.361+0200] {processor.py:154} INFO - Started process (PID=21332) to work on /home/batata/PycharmProjects/Restitution_python_test_de/test_de/lib/python3.8/site-packages/airflow/example_dags/tutorial_taskflow_api_virtualenv.py
[2022-10-24T23:37:26.363+0200] {processor.py:756} INFO - Processing file /home/batata/PycharmProjects/Restitution_python_test_de/test_de/lib/python3.8/site-packages/airflow/example_dags/tutorial_taskflow_api_virtualenv.py for tasks to queue
[2022-10-24T23:37:26.364+0200] {logging_mixin.py:120} INFO - [2022-10-24T23:37:26.364+0200] {dagbag.py:537} INFO - Filling up the DagBag from /home/batata/PycharmProjects/Restitution_python_test_de/test_de/lib/python3.8/site-packages/airflow/example_dags/tutorial_taskflow_api_virtualenv.py
[2022-10-24T23:37:26.386+0200] {processor.py:766} INFO - DAG(s) dict_keys(['tutorial_taskflow_api_virtualenv']) retrieved from /home/batata/PycharmProjects/Restitution_python_test_de/test_de/lib/python3.8/site-packages/airflow/example_dags/tutorial_taskflow_api_virtualenv.py
[2022-10-24T23:37:26.410+0200] {logging_mixin.py:120} INFO - [2022-10-24T23:37:26.410+0200] {dag.py:2585} INFO - Sync 1 DAGs
[2022-10-24T23:37:26.431+0200] {logging_mixin.py:120} INFO - [2022-10-24T23:37:26.430+0200] {dag.py:3336} INFO - Setting next_dagrun for tutorial_taskflow_api_virtualenv to None, run_after=None
[2022-10-24T23:37:26.457+0200] {processor.py:176} INFO - Processing /home/batata/PycharmProjects/Restitution_python_test_de/test_de/lib/python3.8/site-packages/airflow/example_dags/tutorial_taskflow_api_virtualenv.py took 0.098 seconds
