[2022-10-24T23:32:27.614+0200] {processor.py:154} INFO - Started process (PID=19104) to work on /home/batata/PycharmProjects/Restitution_python_test_de/test_de/lib/python3.8/site-packages/airflow/example_dags/plugins/workday.py
[2022-10-24T23:32:27.615+0200] {processor.py:756} INFO - Processing file /home/batata/PycharmProjects/Restitution_python_test_de/test_de/lib/python3.8/site-packages/airflow/example_dags/plugins/workday.py for tasks to queue
[2022-10-24T23:32:27.616+0200] {logging_mixin.py:120} INFO - [2022-10-24T23:32:27.616+0200] {dagbag.py:537} INFO - Filling up the DagBag from /home/batata/PycharmProjects/Restitution_python_test_de/test_de/lib/python3.8/site-packages/airflow/example_dags/plugins/workday.py
[2022-10-24T23:32:27.617+0200] {processor.py:768} WARNING - No viable dags retrieved from /home/batata/PycharmProjects/Restitution_python_test_de/test_de/lib/python3.8/site-packages/airflow/example_dags/plugins/workday.py
[2022-10-24T23:32:27.628+0200] {processor.py:176} INFO - Processing /home/batata/PycharmProjects/Restitution_python_test_de/test_de/lib/python3.8/site-packages/airflow/example_dags/plugins/workday.py took 0.017 seconds
[2022-10-24T23:32:33.665+0200] {processor.py:154} INFO - Started process (PID=19164) to work on /home/batata/PycharmProjects/Restitution_python_test_de/test_de/lib/python3.8/site-packages/airflow/example_dags/plugins/workday.py
[2022-10-24T23:32:33.666+0200] {processor.py:756} INFO - Processing file /home/batata/PycharmProjects/Restitution_python_test_de/test_de/lib/python3.8/site-packages/airflow/example_dags/plugins/workday.py for tasks to queue
[2022-10-24T23:32:33.666+0200] {logging_mixin.py:120} INFO - [2022-10-24T23:32:33.666+0200] {dagbag.py:537} INFO - Filling up the DagBag from /home/batata/PycharmProjects/Restitution_python_test_de/test_de/lib/python3.8/site-packages/airflow/example_dags/plugins/workday.py
[2022-10-24T23:32:33.668+0200] {processor.py:768} WARNING - No viable dags retrieved from /home/batata/PycharmProjects/Restitution_python_test_de/test_de/lib/python3.8/site-packages/airflow/example_dags/plugins/workday.py
[2022-10-24T23:32:33.676+0200] {processor.py:176} INFO - Processing /home/batata/PycharmProjects/Restitution_python_test_de/test_de/lib/python3.8/site-packages/airflow/example_dags/plugins/workday.py took 0.014 seconds
[2022-10-24T23:33:16.221+0200] {processor.py:154} INFO - Started process (PID=19525) to work on /home/batata/PycharmProjects/Restitution_python_test_de/test_de/lib/python3.8/site-packages/airflow/example_dags/plugins/workday.py
[2022-10-24T23:33:16.224+0200] {processor.py:756} INFO - Processing file /home/batata/PycharmProjects/Restitution_python_test_de/test_de/lib/python3.8/site-packages/airflow/example_dags/plugins/workday.py for tasks to queue
[2022-10-24T23:33:16.225+0200] {logging_mixin.py:120} INFO - [2022-10-24T23:33:16.225+0200] {dagbag.py:537} INFO - Filling up the DagBag from /home/batata/PycharmProjects/Restitution_python_test_de/test_de/lib/python3.8/site-packages/airflow/example_dags/plugins/workday.py
[2022-10-24T23:33:16.226+0200] {processor.py:768} WARNING - No viable dags retrieved from /home/batata/PycharmProjects/Restitution_python_test_de/test_de/lib/python3.8/site-packages/airflow/example_dags/plugins/workday.py
[2022-10-24T23:33:16.235+0200] {processor.py:176} INFO - Processing /home/batata/PycharmProjects/Restitution_python_test_de/test_de/lib/python3.8/site-packages/airflow/example_dags/plugins/workday.py took 0.016 seconds
[2022-10-24T23:33:58.026+0200] {processor.py:154} INFO - Started process (PID=19908) to work on /home/batata/PycharmProjects/Restitution_python_test_de/test_de/lib/python3.8/site-packages/airflow/example_dags/plugins/workday.py
[2022-10-24T23:33:58.030+0200] {processor.py:756} INFO - Processing file /home/batata/PycharmProjects/Restitution_python_test_de/test_de/lib/python3.8/site-packages/airflow/example_dags/plugins/workday.py for tasks to queue
[2022-10-24T23:33:58.034+0200] {logging_mixin.py:120} INFO - [2022-10-24T23:33:58.034+0200] {dagbag.py:537} INFO - Filling up the DagBag from /home/batata/PycharmProjects/Restitution_python_test_de/test_de/lib/python3.8/site-packages/airflow/example_dags/plugins/workday.py
[2022-10-24T23:33:58.038+0200] {processor.py:768} WARNING - No viable dags retrieved from /home/batata/PycharmProjects/Restitution_python_test_de/test_de/lib/python3.8/site-packages/airflow/example_dags/plugins/workday.py
[2022-10-24T23:33:58.055+0200] {processor.py:176} INFO - Processing /home/batata/PycharmProjects/Restitution_python_test_de/test_de/lib/python3.8/site-packages/airflow/example_dags/plugins/workday.py took 0.034 seconds
[2022-10-24T23:34:38.048+0200] {processor.py:154} INFO - Started process (PID=20231) to work on /home/batata/PycharmProjects/Restitution_python_test_de/test_de/lib/python3.8/site-packages/airflow/example_dags/plugins/workday.py
[2022-10-24T23:34:38.050+0200] {processor.py:756} INFO - Processing file /home/batata/PycharmProjects/Restitution_python_test_de/test_de/lib/python3.8/site-packages/airflow/example_dags/plugins/workday.py for tasks to queue
[2022-10-24T23:34:38.052+0200] {logging_mixin.py:120} INFO - [2022-10-24T23:34:38.051+0200] {dagbag.py:537} INFO - Filling up the DagBag from /home/batata/PycharmProjects/Restitution_python_test_de/test_de/lib/python3.8/site-packages/airflow/example_dags/plugins/workday.py
[2022-10-24T23:34:38.053+0200] {processor.py:768} WARNING - No viable dags retrieved from /home/batata/PycharmProjects/Restitution_python_test_de/test_de/lib/python3.8/site-packages/airflow/example_dags/plugins/workday.py
[2022-10-24T23:34:38.061+0200] {processor.py:176} INFO - Processing /home/batata/PycharmProjects/Restitution_python_test_de/test_de/lib/python3.8/site-packages/airflow/example_dags/plugins/workday.py took 0.016 seconds
[2022-10-24T23:35:19.625+0200] {processor.py:154} INFO - Started process (PID=20446) to work on /home/batata/PycharmProjects/Restitution_python_test_de/test_de/lib/python3.8/site-packages/airflow/example_dags/plugins/workday.py
[2022-10-24T23:35:19.628+0200] {processor.py:756} INFO - Processing file /home/batata/PycharmProjects/Restitution_python_test_de/test_de/lib/python3.8/site-packages/airflow/example_dags/plugins/workday.py for tasks to queue
[2022-10-24T23:35:19.631+0200] {logging_mixin.py:120} INFO - [2022-10-24T23:35:19.630+0200] {dagbag.py:537} INFO - Filling up the DagBag from /home/batata/PycharmProjects/Restitution_python_test_de/test_de/lib/python3.8/site-packages/airflow/example_dags/plugins/workday.py
[2022-10-24T23:35:19.632+0200] {processor.py:768} WARNING - No viable dags retrieved from /home/batata/PycharmProjects/Restitution_python_test_de/test_de/lib/python3.8/site-packages/airflow/example_dags/plugins/workday.py
[2022-10-24T23:35:19.645+0200] {processor.py:176} INFO - Processing /home/batata/PycharmProjects/Restitution_python_test_de/test_de/lib/python3.8/site-packages/airflow/example_dags/plugins/workday.py took 0.023 seconds
[2022-10-24T23:36:10.265+0200] {processor.py:154} INFO - Started process (PID=20819) to work on /home/batata/PycharmProjects/Restitution_python_test_de/test_de/lib/python3.8/site-packages/airflow/example_dags/plugins/workday.py
[2022-10-24T23:36:10.268+0200] {processor.py:756} INFO - Processing file /home/batata/PycharmProjects/Restitution_python_test_de/test_de/lib/python3.8/site-packages/airflow/example_dags/plugins/workday.py for tasks to queue
[2022-10-24T23:36:10.269+0200] {logging_mixin.py:120} INFO - [2022-10-24T23:36:10.269+0200] {dagbag.py:537} INFO - Filling up the DagBag from /home/batata/PycharmProjects/Restitution_python_test_de/test_de/lib/python3.8/site-packages/airflow/example_dags/plugins/workday.py
[2022-10-24T23:36:10.271+0200] {processor.py:768} WARNING - No viable dags retrieved from /home/batata/PycharmProjects/Restitution_python_test_de/test_de/lib/python3.8/site-packages/airflow/example_dags/plugins/workday.py
[2022-10-24T23:36:10.283+0200] {processor.py:176} INFO - Processing /home/batata/PycharmProjects/Restitution_python_test_de/test_de/lib/python3.8/site-packages/airflow/example_dags/plugins/workday.py took 0.021 seconds
[2022-10-24T23:36:51.204+0200] {processor.py:154} INFO - Started process (PID=21180) to work on /home/batata/PycharmProjects/Restitution_python_test_de/test_de/lib/python3.8/site-packages/airflow/example_dags/plugins/workday.py
[2022-10-24T23:36:51.207+0200] {processor.py:756} INFO - Processing file /home/batata/PycharmProjects/Restitution_python_test_de/test_de/lib/python3.8/site-packages/airflow/example_dags/plugins/workday.py for tasks to queue
[2022-10-24T23:36:51.207+0200] {logging_mixin.py:120} INFO - [2022-10-24T23:36:51.207+0200] {dagbag.py:537} INFO - Filling up the DagBag from /home/batata/PycharmProjects/Restitution_python_test_de/test_de/lib/python3.8/site-packages/airflow/example_dags/plugins/workday.py
[2022-10-24T23:36:51.209+0200] {processor.py:768} WARNING - No viable dags retrieved from /home/batata/PycharmProjects/Restitution_python_test_de/test_de/lib/python3.8/site-packages/airflow/example_dags/plugins/workday.py
[2022-10-24T23:36:51.219+0200] {processor.py:176} INFO - Processing /home/batata/PycharmProjects/Restitution_python_test_de/test_de/lib/python3.8/site-packages/airflow/example_dags/plugins/workday.py took 0.018 seconds
[2022-10-24T23:37:30.106+0200] {processor.py:154} INFO - Started process (PID=21335) to work on /home/batata/PycharmProjects/Restitution_python_test_de/test_de/lib/python3.8/site-packages/airflow/example_dags/plugins/workday.py
[2022-10-24T23:37:30.109+0200] {processor.py:756} INFO - Processing file /home/batata/PycharmProjects/Restitution_python_test_de/test_de/lib/python3.8/site-packages/airflow/example_dags/plugins/workday.py for tasks to queue
[2022-10-24T23:37:30.110+0200] {logging_mixin.py:120} INFO - [2022-10-24T23:37:30.110+0200] {dagbag.py:537} INFO - Filling up the DagBag from /home/batata/PycharmProjects/Restitution_python_test_de/test_de/lib/python3.8/site-packages/airflow/example_dags/plugins/workday.py
[2022-10-24T23:37:30.112+0200] {processor.py:768} WARNING - No viable dags retrieved from /home/batata/PycharmProjects/Restitution_python_test_de/test_de/lib/python3.8/site-packages/airflow/example_dags/plugins/workday.py
[2022-10-24T23:37:30.122+0200] {processor.py:176} INFO - Processing /home/batata/PycharmProjects/Restitution_python_test_de/test_de/lib/python3.8/site-packages/airflow/example_dags/plugins/workday.py took 0.020 seconds
