[2022-10-24T23:32:28.754+0200] {processor.py:154} INFO - Started process (PID=19113) to work on /home/batata/PycharmProjects/Restitution_python_test_de/test_de/lib/python3.8/site-packages/airflow/example_dags/subdags/subdag.py
[2022-10-24T23:32:28.755+0200] {processor.py:756} INFO - Processing file /home/batata/PycharmProjects/Restitution_python_test_de/test_de/lib/python3.8/site-packages/airflow/example_dags/subdags/subdag.py for tasks to queue
[2022-10-24T23:32:28.756+0200] {logging_mixin.py:120} INFO - [2022-10-24T23:32:28.756+0200] {dagbag.py:537} INFO - Filling up the DagBag from /home/batata/PycharmProjects/Restitution_python_test_de/test_de/lib/python3.8/site-packages/airflow/example_dags/subdags/subdag.py
[2022-10-24T23:32:28.762+0200] {processor.py:768} WARNING - No viable dags retrieved from /home/batata/PycharmProjects/Restitution_python_test_de/test_de/lib/python3.8/site-packages/airflow/example_dags/subdags/subdag.py
[2022-10-24T23:32:28.771+0200] {processor.py:176} INFO - Processing /home/batata/PycharmProjects/Restitution_python_test_de/test_de/lib/python3.8/site-packages/airflow/example_dags/subdags/subdag.py took 0.020 seconds
[2022-10-24T23:32:34.822+0200] {processor.py:154} INFO - Started process (PID=19182) to work on /home/batata/PycharmProjects/Restitution_python_test_de/test_de/lib/python3.8/site-packages/airflow/example_dags/subdags/subdag.py
[2022-10-24T23:32:34.823+0200] {processor.py:756} INFO - Processing file /home/batata/PycharmProjects/Restitution_python_test_de/test_de/lib/python3.8/site-packages/airflow/example_dags/subdags/subdag.py for tasks to queue
[2022-10-24T23:32:34.824+0200] {logging_mixin.py:120} INFO - [2022-10-24T23:32:34.824+0200] {dagbag.py:537} INFO - Filling up the DagBag from /home/batata/PycharmProjects/Restitution_python_test_de/test_de/lib/python3.8/site-packages/airflow/example_dags/subdags/subdag.py
[2022-10-24T23:32:34.829+0200] {processor.py:768} WARNING - No viable dags retrieved from /home/batata/PycharmProjects/Restitution_python_test_de/test_de/lib/python3.8/site-packages/airflow/example_dags/subdags/subdag.py
[2022-10-24T23:32:34.842+0200] {processor.py:176} INFO - Processing /home/batata/PycharmProjects/Restitution_python_test_de/test_de/lib/python3.8/site-packages/airflow/example_dags/subdags/subdag.py took 0.024 seconds
[2022-10-24T23:33:17.367+0200] {processor.py:154} INFO - Started process (PID=19541) to work on /home/batata/PycharmProjects/Restitution_python_test_de/test_de/lib/python3.8/site-packages/airflow/example_dags/subdags/subdag.py
[2022-10-24T23:33:17.370+0200] {processor.py:756} INFO - Processing file /home/batata/PycharmProjects/Restitution_python_test_de/test_de/lib/python3.8/site-packages/airflow/example_dags/subdags/subdag.py for tasks to queue
[2022-10-24T23:33:17.372+0200] {logging_mixin.py:120} INFO - [2022-10-24T23:33:17.372+0200] {dagbag.py:537} INFO - Filling up the DagBag from /home/batata/PycharmProjects/Restitution_python_test_de/test_de/lib/python3.8/site-packages/airflow/example_dags/subdags/subdag.py
[2022-10-24T23:33:17.377+0200] {processor.py:768} WARNING - No viable dags retrieved from /home/batata/PycharmProjects/Restitution_python_test_de/test_de/lib/python3.8/site-packages/airflow/example_dags/subdags/subdag.py
[2022-10-24T23:33:17.388+0200] {processor.py:176} INFO - Processing /home/batata/PycharmProjects/Restitution_python_test_de/test_de/lib/python3.8/site-packages/airflow/example_dags/subdags/subdag.py took 0.024 seconds
[2022-10-24T23:33:59.179+0200] {processor.py:154} INFO - Started process (PID=19925) to work on /home/batata/PycharmProjects/Restitution_python_test_de/test_de/lib/python3.8/site-packages/airflow/example_dags/subdags/subdag.py
[2022-10-24T23:33:59.181+0200] {processor.py:756} INFO - Processing file /home/batata/PycharmProjects/Restitution_python_test_de/test_de/lib/python3.8/site-packages/airflow/example_dags/subdags/subdag.py for tasks to queue
[2022-10-24T23:33:59.182+0200] {logging_mixin.py:120} INFO - [2022-10-24T23:33:59.182+0200] {dagbag.py:537} INFO - Filling up the DagBag from /home/batata/PycharmProjects/Restitution_python_test_de/test_de/lib/python3.8/site-packages/airflow/example_dags/subdags/subdag.py
[2022-10-24T23:33:59.186+0200] {processor.py:768} WARNING - No viable dags retrieved from /home/batata/PycharmProjects/Restitution_python_test_de/test_de/lib/python3.8/site-packages/airflow/example_dags/subdags/subdag.py
[2022-10-24T23:33:59.194+0200] {processor.py:176} INFO - Processing /home/batata/PycharmProjects/Restitution_python_test_de/test_de/lib/python3.8/site-packages/airflow/example_dags/subdags/subdag.py took 0.018 seconds
[2022-10-24T23:34:38.386+0200] {processor.py:154} INFO - Started process (PID=20232) to work on /home/batata/PycharmProjects/Restitution_python_test_de/test_de/lib/python3.8/site-packages/airflow/example_dags/subdags/subdag.py
[2022-10-24T23:34:38.388+0200] {processor.py:756} INFO - Processing file /home/batata/PycharmProjects/Restitution_python_test_de/test_de/lib/python3.8/site-packages/airflow/example_dags/subdags/subdag.py for tasks to queue
[2022-10-24T23:34:38.389+0200] {logging_mixin.py:120} INFO - [2022-10-24T23:34:38.389+0200] {dagbag.py:537} INFO - Filling up the DagBag from /home/batata/PycharmProjects/Restitution_python_test_de/test_de/lib/python3.8/site-packages/airflow/example_dags/subdags/subdag.py
[2022-10-24T23:34:38.393+0200] {processor.py:768} WARNING - No viable dags retrieved from /home/batata/PycharmProjects/Restitution_python_test_de/test_de/lib/python3.8/site-packages/airflow/example_dags/subdags/subdag.py
[2022-10-24T23:34:38.401+0200] {processor.py:176} INFO - Processing /home/batata/PycharmProjects/Restitution_python_test_de/test_de/lib/python3.8/site-packages/airflow/example_dags/subdags/subdag.py took 0.017 seconds
[2022-10-24T23:35:19.864+0200] {processor.py:154} INFO - Started process (PID=20447) to work on /home/batata/PycharmProjects/Restitution_python_test_de/test_de/lib/python3.8/site-packages/airflow/example_dags/subdags/subdag.py
[2022-10-24T23:35:19.867+0200] {processor.py:756} INFO - Processing file /home/batata/PycharmProjects/Restitution_python_test_de/test_de/lib/python3.8/site-packages/airflow/example_dags/subdags/subdag.py for tasks to queue
[2022-10-24T23:35:19.870+0200] {logging_mixin.py:120} INFO - [2022-10-24T23:35:19.869+0200] {dagbag.py:537} INFO - Filling up the DagBag from /home/batata/PycharmProjects/Restitution_python_test_de/test_de/lib/python3.8/site-packages/airflow/example_dags/subdags/subdag.py
[2022-10-24T23:35:19.875+0200] {processor.py:768} WARNING - No viable dags retrieved from /home/batata/PycharmProjects/Restitution_python_test_de/test_de/lib/python3.8/site-packages/airflow/example_dags/subdags/subdag.py
[2022-10-24T23:35:19.890+0200] {processor.py:176} INFO - Processing /home/batata/PycharmProjects/Restitution_python_test_de/test_de/lib/python3.8/site-packages/airflow/example_dags/subdags/subdag.py took 0.029 seconds
[2022-10-24T23:36:11.436+0200] {processor.py:154} INFO - Started process (PID=20825) to work on /home/batata/PycharmProjects/Restitution_python_test_de/test_de/lib/python3.8/site-packages/airflow/example_dags/subdags/subdag.py
[2022-10-24T23:36:11.439+0200] {processor.py:756} INFO - Processing file /home/batata/PycharmProjects/Restitution_python_test_de/test_de/lib/python3.8/site-packages/airflow/example_dags/subdags/subdag.py for tasks to queue
[2022-10-24T23:36:11.440+0200] {logging_mixin.py:120} INFO - [2022-10-24T23:36:11.440+0200] {dagbag.py:537} INFO - Filling up the DagBag from /home/batata/PycharmProjects/Restitution_python_test_de/test_de/lib/python3.8/site-packages/airflow/example_dags/subdags/subdag.py
[2022-10-24T23:36:11.457+0200] {processor.py:768} WARNING - No viable dags retrieved from /home/batata/PycharmProjects/Restitution_python_test_de/test_de/lib/python3.8/site-packages/airflow/example_dags/subdags/subdag.py
[2022-10-24T23:36:11.491+0200] {processor.py:176} INFO - Processing /home/batata/PycharmProjects/Restitution_python_test_de/test_de/lib/python3.8/site-packages/airflow/example_dags/subdags/subdag.py took 0.072 seconds
[2022-10-24T23:36:52.364+0200] {processor.py:154} INFO - Started process (PID=21182) to work on /home/batata/PycharmProjects/Restitution_python_test_de/test_de/lib/python3.8/site-packages/airflow/example_dags/subdags/subdag.py
[2022-10-24T23:36:52.367+0200] {processor.py:756} INFO - Processing file /home/batata/PycharmProjects/Restitution_python_test_de/test_de/lib/python3.8/site-packages/airflow/example_dags/subdags/subdag.py for tasks to queue
[2022-10-24T23:36:52.367+0200] {logging_mixin.py:120} INFO - [2022-10-24T23:36:52.367+0200] {dagbag.py:537} INFO - Filling up the DagBag from /home/batata/PycharmProjects/Restitution_python_test_de/test_de/lib/python3.8/site-packages/airflow/example_dags/subdags/subdag.py
[2022-10-24T23:36:52.371+0200] {processor.py:768} WARNING - No viable dags retrieved from /home/batata/PycharmProjects/Restitution_python_test_de/test_de/lib/python3.8/site-packages/airflow/example_dags/subdags/subdag.py
[2022-10-24T23:36:52.381+0200] {processor.py:176} INFO - Processing /home/batata/PycharmProjects/Restitution_python_test_de/test_de/lib/python3.8/site-packages/airflow/example_dags/subdags/subdag.py took 0.020 seconds
[2022-10-24T23:37:31.242+0200] {processor.py:154} INFO - Started process (PID=21355) to work on /home/batata/PycharmProjects/Restitution_python_test_de/test_de/lib/python3.8/site-packages/airflow/example_dags/subdags/subdag.py
[2022-10-24T23:37:31.244+0200] {processor.py:756} INFO - Processing file /home/batata/PycharmProjects/Restitution_python_test_de/test_de/lib/python3.8/site-packages/airflow/example_dags/subdags/subdag.py for tasks to queue
[2022-10-24T23:37:31.245+0200] {logging_mixin.py:120} INFO - [2022-10-24T23:37:31.245+0200] {dagbag.py:537} INFO - Filling up the DagBag from /home/batata/PycharmProjects/Restitution_python_test_de/test_de/lib/python3.8/site-packages/airflow/example_dags/subdags/subdag.py
[2022-10-24T23:37:31.248+0200] {processor.py:768} WARNING - No viable dags retrieved from /home/batata/PycharmProjects/Restitution_python_test_de/test_de/lib/python3.8/site-packages/airflow/example_dags/subdags/subdag.py
[2022-10-24T23:37:31.257+0200] {processor.py:176} INFO - Processing /home/batata/PycharmProjects/Restitution_python_test_de/test_de/lib/python3.8/site-packages/airflow/example_dags/subdags/subdag.py took 0.018 seconds
